Log file open, 02/24/20 17:05:29
LogWindows: Failed to load 'aqProf.dll' (GetLastError=126)
LogWindows: File 'aqProf.dll' does not exist
LogWindows: Failed to load 'VtuneApi.dll' (GetLastError=126)
LogWindows: File 'VtuneApi.dll' does not exist
LogWindows: Failed to load 'VtuneApi32e.dll' (GetLastError=126)
LogWindows: File 'VtuneApi32e.dll' does not exist
LogConsoleResponse: Display: Failed to find resolution value strings in scalability ini. Falling back to default.
LogInit: Display: Running engine for game: BookPractice
LogPakFile: Registered encryption key '00000000000000000000000000000000': 0 pak files mounted, 0 remain pending
LogPlatformFile: Not using cached read wrapper
LogTaskGraph: Started task graph with 5 named threads and 35 total threads with 3 sets of task threads.
LogStats: Stats thread started at 0.414995
LogD3D11RHI: Loaded GFSDK_Aftermath_Lib.x64.dll
LogICUInternationalization: ICU TimeZone Detection - Raw Offset: +9:00, Platform Override: ''
LogPluginManager: Mounting plugin Paper2D
LogPluginManager: Mounting plugin AISupport
LogPluginManager: Mounting plugin LightPropagationVolume
LogPluginManager: Mounting plugin ActorLayerUtilities
LogPluginManager: Mounting plugin AnimationSharing
LogPluginManager: Mounting plugin CLionSourceCodeAccess
LogPluginManager: Mounting plugin CodeLiteSourceCodeAccess
LogPluginManager: Mounting plugin GitSourceControl
LogPluginManager: Mounting plugin KDevelopSourceCodeAccess
LogPluginManager: Mounting plugin NullSourceCodeAccess
LogPluginManager: Mounting plugin PerforceSourceControl
LogPluginManager: Mounting plugin SubversionSourceControl
LogPluginManager: Mounting plugin UObjectPlugin
LogPluginManager: Mounting plugin VisualStudioCodeSourceCodeAccess
LogPluginManager: Mounting plugin VisualStudioSourceCodeAccess
LogPluginManager: Mounting plugin XCodeSourceCodeAccess
LogPluginManager: Mounting plugin AssetManagerEditor
LogPluginManager: Mounting plugin CryptoKeys
LogPluginManager: Mounting plugin DataValidation
LogPluginManager: Mounting plugin FacialAnimation
LogPluginManager: Mounting plugin GameplayTagsEditor
LogPluginManager: Mounting plugin MacGraphicsSwitching
LogPluginManager: Mounting plugin MaterialAnalyzer
LogPluginManager: Mounting plugin MobileLauncherProfileWizard
LogPluginManager: Mounting plugin PluginBrowser
LogPluginManager: Mounting plugin SpeedTreeImporter
LogPluginManager: Mounting plugin DatasmithContent
LogPluginManager: Mounting plugin VariantManagerContent
LogPluginManager: Mounting plugin AlembicImporter
LogPluginManager: Mounting plugin AppleImageUtils
LogPluginManager: Mounting plugin AppleVision
LogPluginManager: Mounting plugin BackChannel
LogPluginManager: Mounting plugin CharacterAI
LogPluginManager: Mounting plugin GeometryCache
LogPluginManager: Mounting plugin HTML5Networking
LogPluginManager: Mounting plugin ProxyLODPlugin
LogPluginManager: Mounting plugin SkeletalReduction
LogPluginManager: Mounting plugin MagicLeap
LogPluginManager: Mounting plugin MagicLeapMedia
LogPluginManager: Mounting plugin AndroidMedia
LogPluginManager: Mounting plugin AvfMedia
LogPluginManager: Mounting plugin ImgMedia
LogPluginManager: Mounting plugin LinearTimecode
LogPluginManager: Mounting plugin MediaCompositing
LogPluginManager: Mounting plugin MediaPlayerEditor
LogPluginManager: Mounting plugin WebMMedia
LogPluginManager: Mounting plugin WmfMedia
LogPluginManager: Mounting plugin TcpMessaging
LogPluginManager: Mounting plugin UdpMessaging
LogPluginManager: Mounting plugin ActorSequence
LogPluginManager: Mounting plugin LevelSequenceEditor
LogPluginManager: Mounting plugin MatineeToLevelSequence
LogPluginManager: Mounting plugin NetcodeUnitTest
LogPluginManager: Mounting plugin NUTUnrealEngine4
LogPluginManager: Mounting plugin OnlineSubsystemGooglePlay
LogPluginManager: Mounting plugin OnlineSubsystemIOS
LogPluginManager: Mounting plugin OnlineSubsystem
LogPluginManager: Mounting plugin OnlineSubsystemNull
LogPluginManager: Mounting plugin OnlineSubsystemUtils
LogPluginManager: Mounting plugin LauncherChunkInstaller
LogPluginManager: Mounting plugin AndroidDeviceProfileSelector
LogPluginManager: Mounting plugin AndroidMoviePlayer
LogPluginManager: Mounting plugin AndroidPermission
LogPluginManager: Mounting plugin AppleMoviePlayer
LogPluginManager: Mounting plugin ArchVisCharacter
LogPluginManager: Mounting plugin AudioCapture
LogPluginManager: Mounting plugin CableComponent
LogPluginManager: Mounting plugin CustomMeshComponent
LogPluginManager: Mounting plugin EditableMesh
LogPluginManager: Mounting plugin ExampleDeviceProfileSelector
LogPluginManager: Mounting plugin Firebase
LogPluginManager: Mounting plugin GoogleCloudMessaging
LogPluginManager: Mounting plugin IOSDeviceProfileSelector
LogPluginManager: Mounting plugin LinuxDeviceProfileSelector
LogPluginManager: Mounting plugin LocationServicesBPLibrary
LogPluginManager: Mounting plugin MobilePatchingUtils
LogPluginManager: Mounting plugin OculusVR
LogPluginManager: Mounting plugin PhysXVehicles
LogPluginManager: Mounting plugin ProceduralMeshComponent
LogPluginManager: Mounting plugin RuntimePhysXCooking
LogPluginManager: Mounting plugin SignificanceManager
LogPluginManager: Mounting plugin SteamVR
LogPluginManager: Mounting plugin WebMMoviePlayer
LogPluginManager: Mounting plugin WindowsMoviePlayer
LogInit: Using libcurl 7.55.1-DEV
LogInit:  - built for x86_64-pc-win32
LogInit:  - supports SSL with OpenSSL/1.1.1
LogInit:  - supports HTTP deflate (compression) using libz 1.2.8
LogInit:  - other features:
LogInit:      CURL_VERSION_SSL
LogInit:      CURL_VERSION_LIBZ
LogInit:      CURL_VERSION_IPV6
LogInit:      CURL_VERSION_ASYNCHDNS
LogInit:      CURL_VERSION_LARGEFILE
LogInit:      CURL_VERSION_IDN
LogInit:  CurlRequestOptions (configurable via config and command line):
LogInit:  - bVerifyPeer = true  - Libcurl will verify peer certificate
LogInit:  - bUseHttpProxy = false  - Libcurl will NOT use HTTP proxy
LogInit:  - bDontReuseConnections = false  - Libcurl will reuse connections
LogInit:  - MaxHostConnections = 16  - Libcurl will limit the number of connections to a host
LogInit:  - LocalHostAddr = Default
LogInit:  - BufferSize = 65536
LogInit: WinSock: version 1.1 (2.2), MaxSocks=32767, MaxUdp=65467
LogInit: Build: ++UE4+Release-4.22-CL-7053642
LogInit: Engine Version: 4.22.3-7053642+++UE4+Release-4.22
LogInit: Compatible Engine Version: 4.22.0-5660361+++UE4+Release-4.22
LogInit: Net CL: 5660361
LogInit: OS: Windows 10 (Release 1903) (), CPU: Intel(R) Core(TM) i7-9750H CPU @ 2.60GHz, GPU: Intel(R) UHD Graphics 630
LogInit: Compiled (64-bit): Jun 18 2019 03:09:11
LogInit: Compiled with Visual C++: 19.16.27025.01
LogInit: Build Configuration: Development
LogInit: Branch Name: ++UE4+Release-4.22
LogInit: Command Line: 
LogInit: Base Directory: C:/Program Files/Epic Games/UE_4.22/Engine/Binaries/Win64/
LogInit: Installed Engine Build: 1
LogDevObjectVersion: Number of dev versions registered: 23
LogDevObjectVersion:   Dev-Blueprints (B0D832E4-1F89-4F0D-ACCF-7EB736FD4AA2): 10
LogDevObjectVersion:   Dev-Build (E1C64328-A22C-4D53-A36C-8E866417BD8C): 0
LogDevObjectVersion:   Dev-Core (375EC13C-06E4-48FB-B500-84F0262A717E): 3
LogDevObjectVersion:   Dev-Editor (E4B068ED-F494-42E9-A231-DA0B2E46BB41): 30
LogDevObjectVersion:   Dev-Framework (CFFC743F-43B0-4480-9391-14DF171D2073): 35
LogDevObjectVersion:   Dev-Mobile (B02B49B5-BB20-44E9-A304-32B752E40360): 2
LogDevObjectVersion:   Dev-Networking (A4E4105C-59A1-49B5-A7C5-40C4547EDFEE): 0
LogDevObjectVersion:   Dev-Online (39C831C9-5AE6-47DC-9A44-9C173E1C8E7C): 0
LogDevObjectVersion:   Dev-Physics (78F01B33-EBEA-4F98-B9B4-84EACCB95AA2): 0
LogDevObjectVersion:   Dev-Platform (6631380F-2D4D-43E0-8009-CF276956A95A): 0
LogDevObjectVersion:   Dev-Rendering (12F88B9F-8875-4AFC-A67C-D90C383ABD29): 28
LogDevObjectVersion:   Dev-Sequencer (7B5AE74C-D270-4C10-A958-57980B212A5A): 11
LogDevObjectVersion:   Dev-VR (D7296918-1DD6-4BDD-9DE2-64A83CC13884): 2
LogDevObjectVersion:   Dev-LoadTimes (C2A15278-BFE7-4AFE-6C17-90FF531DF755): 1
LogDevObjectVersion:   Private-Geometry (6EACA3D4-40EC-4CC1-B786-8BED09428FC5): 3
LogDevObjectVersion:   Dev-AnimPhys (29E575DD-E0A3-4627-9D10-D276232CDCEA): 17
LogDevObjectVersion:   Dev-Anim (AF43A65D-7FD3-4947-9873-3E8ED9C1BB05): 2
LogDevObjectVersion:   Dev-ReflectionCapture (6B266CEC-1EC7-4B8F-A30B-E4D90942FC07): 1
LogDevObjectVersion:   Dev-Automation (0DF73D61-A23F-47EA-B727-89E90C41499A): 1
LogDevObjectVersion:   FortniteMain (601D1886-AC64-4F84-AA16-D3DE0DEAC7D6): 25
LogDevObjectVersion:   Dev-Enterprise (9DFFBCD6-494F-0158-E221-12823C92A888): 6
LogDevObjectVersion:   Dev-Niagara (F2AED0AC-9AFE-416F-8664-AA7FFA26D6FC): 1
LogDevObjectVersion:   Dev-Destruction (174F1F0B-B4C6-45A5-B13F-2EE8D0FB917D): 2
LogInit: Presizing for max 16777216 objects, including 0 objects not considered by GC, pre-allocating 0 bytes for permanent pool.
LogInit: Object subsystem initialized
LogConfig: Setting CVar [[con.DebugEarlyDefault:1]]
LogConfig: Setting CVar [[r.setres:1280x720]]
[2020.02.24-08.05.29:657][  0]LogConfig: Setting CVar [[r.VSync:0]]
[2020.02.24-08.05.29:657][  0]LogConfig: Setting CVar [[r.RHICmdBypass:0]]
[2020.02.24-08.05.29:657][  0]LogConfig: Applying CVar settings from Section [/Script/Engine.RendererSettings] File [C:/Users/wonji/Desktop/UnrealProjects/UnrealBook/BookPractice/Saved/Config/Windows/Engine.ini]
[2020.02.24-08.05.29:657][  0]LogConfig: Setting CVar [[r.GPUCrashDebugging:0]]
[2020.02.24-08.05.29:657][  0]LogConfig: Applying CVar settings from Section [/Script/Engine.RendererOverrideSettings] File [C:/Users/wonji/Desktop/UnrealProjects/UnrealBook/BookPractice/Saved/Config/Windows/Engine.ini]
[2020.02.24-08.05.29:657][  0]LogConfig: Applying CVar settings from Section [/Script/Engine.StreamingSettings] File [C:/Users/wonji/Desktop/UnrealProjects/UnrealBook/BookPractice/Saved/Config/Windows/Engine.ini]
[2020.02.24-08.05.29:657][  0]LogConfig: Setting CVar [[s.MinBulkDataSizeForAsyncLoading:131072]]
[2020.02.24-08.05.29:657][  0]LogConfig: Setting CVar [[s.AsyncLoadingThreadEnabled:0]]
[2020.02.24-08.05.29:657][  0]LogConfig: Setting CVar [[s.EventDrivenLoaderEnabled:1]]
[2020.02.24-08.05.29:657][  0]LogConfig: Setting CVar [[s.WarnIfTimeLimitExceeded:0]]
[2020.02.24-08.05.29:657][  0]LogConfig: Setting CVar [[s.TimeLimitExceededMultiplier:1.5]]
[2020.02.24-08.05.29:657][  0]LogConfig: Setting CVar [[s.TimeLimitExceededMinTime:0.005]]
[2020.02.24-08.05.29:657][  0]LogConfig: Setting CVar [[s.UseBackgroundLevelStreaming:1]]
[2020.02.24-08.05.29:657][  0]LogConfig: Setting CVar [[s.PriorityAsyncLoadingExtraTime:15.0]]
[2020.02.24-08.05.29:657][  0]LogConfig: Setting CVar [[s.LevelStreamingActorsUpdateTimeLimit:5.0]]
[2020.02.24-08.05.29:658][  0]LogConfig: Setting CVar [[s.PriorityLevelStreamingActorsUpdateExtraTime:5.0]]
[2020.02.24-08.05.29:658][  0]LogConfig: Setting CVar [[s.LevelStreamingComponentsRegistrationGranularity:10]]
[2020.02.24-08.05.29:658][  0]LogConfig: Setting CVar [[s.UnregisterComponentsTimeLimit:1.0]]
[2020.02.24-08.05.29:658][  0]LogConfig: Setting CVar [[s.LevelStreamingComponentsUnregistrationGranularity:5]]
[2020.02.24-08.05.29:658][  0]LogConfig: Applying CVar settings from Section [/Script/Engine.GarbageCollectionSettings] File [C:/Users/wonji/Desktop/UnrealProjects/UnrealBook/BookPractice/Saved/Config/Windows/Engine.ini]
[2020.02.24-08.05.29:658][  0]LogConfig: Setting CVar [[gc.MaxObjectsNotConsideredByGC:1]]
[2020.02.24-08.05.29:658][  0]LogConfig: Setting CVar [[gc.SizeOfPermanentObjectPool:0]]
[2020.02.24-08.05.29:658][  0]LogConfig: Setting CVar [[gc.FlushStreamingOnGC:0]]
[2020.02.24-08.05.29:658][  0]LogConfig: Setting CVar [[gc.NumRetriesBeforeForcingGC:10]]
[2020.02.24-08.05.29:658][  0]LogConfig: Setting CVar [[gc.AllowParallelGC:1]]
[2020.02.24-08.05.29:658][  0]LogConfig: Setting CVar [[gc.TimeBetweenPurgingPendingKillObjects:61.1]]
[2020.02.24-08.05.29:658][  0]LogConfig: Setting CVar [[gc.MaxObjectsInEditor:16777216]]
[2020.02.24-08.05.29:658][  0]LogConfig: Setting CVar [[gc.IncrementalBeginDestroyEnabled:1]]
[2020.02.24-08.05.29:658][  0]LogConfig: Setting CVar [[gc.CreateGCClusters:1]]
[2020.02.24-08.05.29:658][  0]LogConfig: Setting CVar [[gc.MinGCClusterSize:5]]
[2020.02.24-08.05.29:658][  0]LogConfig: Setting CVar [[gc.ActorClusteringEnabled:0]]
[2020.02.24-08.05.29:658][  0]LogConfig: Setting CVar [[gc.BlueprintClusteringEnabled:0]]
[2020.02.24-08.05.29:658][  0]LogConfig: Setting CVar [[gc.UseDisregardForGCOnDedicatedServers:0]]
[2020.02.24-08.05.29:658][  0]LogConfig: Applying CVar settings from Section [/Script/Engine.NetworkSettings] File [C:/Users/wonji/Desktop/UnrealProjects/UnrealBook/BookPractice/Saved/Config/Windows/Engine.ini]
[2020.02.24-08.05.29:658][  0]LogConfig: Applying CVar settings from Section [/Script/UnrealEd.CookerSettings] File [C:/Users/wonji/Desktop/UnrealProjects/UnrealBook/BookPractice/Saved/Config/Windows/Engine.ini]
[2020.02.24-08.05.29:667][  0]LogConfig: Applying CVar settings from Section [ViewDistanceQuality@3] File [C:/Users/wonji/Desktop/UnrealProjects/UnrealBook/BookPractice/Saved/Config/Windows/Scalability.ini]
[2020.02.24-08.05.29:667][  0]LogConfig: Setting CVar [[r.SkeletalMeshLODBias:0]]
[2020.02.24-08.05.29:667][  0]LogConfig: Setting CVar [[r.ViewDistanceScale:1.0]]
[2020.02.24-08.05.29:667][  0]LogConfig: Applying CVar settings from Section [AntiAliasingQuality@3] File [C:/Users/wonji/Desktop/UnrealProjects/UnrealBook/BookPractice/Saved/Config/Windows/Scalability.ini]
[2020.02.24-08.05.29:667][  0]LogConfig: Setting CVar [[r.PostProcessAAQuality:4]]
[2020.02.24-08.05.29:667][  0]LogConfig: Applying CVar settings from Section [ShadowQuality@3] File [C:/Users/wonji/Desktop/UnrealProjects/UnrealBook/BookPractice/Saved/Config/Windows/Scalability.ini]
[2020.02.24-08.05.29:667][  0]LogConfig: Setting CVar [[r.LightFunctionQuality:1]]
[2020.02.24-08.05.29:667][  0]LogConfig: Setting CVar [[r.ShadowQuality:5]]
[2020.02.24-08.05.29:667][  0]LogConfig: Setting CVar [[r.Shadow.CSM.MaxCascades:10]]
[2020.02.24-08.05.29:667][  0]LogConfig: Setting CVar [[r.Shadow.MaxResolution:2048]]
[2020.02.24-08.05.29:667][  0]LogConfig: Setting CVar [[r.Shadow.MaxCSMResolution:2048]]
[2020.02.24-08.05.29:667][  0]LogConfig: Setting CVar [[r.Shadow.RadiusThreshold:0.01]]
[2020.02.24-08.05.29:667][  0]LogConfig: Setting CVar [[r.Shadow.DistanceScale:1.0]]
[2020.02.24-08.05.29:667][  0]LogConfig: Setting CVar [[r.Shadow.CSM.TransitionScale:1.0]]
[2020.02.24-08.05.29:667][  0]LogConfig: Setting CVar [[r.Shadow.PreShadowResolutionFactor:1.0]]
[2020.02.24-08.05.29:667][  0]LogConfig: Setting CVar [[r.DistanceFieldShadowing:1]]
[2020.02.24-08.05.29:667][  0]LogConfig: Setting CVar [[r.DistanceFieldAO:1]]
[2020.02.24-08.05.29:667][  0]LogConfig: Setting CVar [[r.AOQuality:2]]
[2020.02.24-08.05.29:667][  0]LogConfig: Setting CVar [[r.VolumetricFog:1]]
[2020.02.24-08.05.29:667][  0]LogConfig: Setting CVar [[r.VolumetricFog.GridPixelSize:8]]
[2020.02.24-08.05.29:667][  0]LogConfig: Setting CVar [[r.VolumetricFog.GridSizeZ:128]]
[2020.02.24-08.05.29:667][  0]LogConfig: Setting CVar [[r.VolumetricFog.HistoryMissSupersampleCount:4]]
[2020.02.24-08.05.29:667][  0]LogConfig: Setting CVar [[r.LightMaxDrawDistanceScale:1]]
[2020.02.24-08.05.29:667][  0]LogConfig: Setting CVar [[r.CapsuleShadows:1]]
[2020.02.24-08.05.29:667][  0]LogConfig: Applying CVar settings from Section [PostProcessQuality@3] File [C:/Users/wonji/Desktop/UnrealProjects/UnrealBook/BookPractice/Saved/Config/Windows/Scalability.ini]
[2020.02.24-08.05.29:668][  0]LogConfig: Setting CVar [[r.MotionBlurQuality:4]]
[2020.02.24-08.05.29:668][  0]LogConfig: Setting CVar [[r.AmbientOcclusionMipLevelFactor:0.4]]
[2020.02.24-08.05.29:668][  0]LogConfig: Setting CVar [[r.AmbientOcclusionMaxQuality:100]]
[2020.02.24-08.05.29:668][  0]LogConfig: Setting CVar [[r.AmbientOcclusionLevels:-1]]
[2020.02.24-08.05.29:668][  0]LogConfig: Setting CVar [[r.AmbientOcclusionRadiusScale:1.0]]
[2020.02.24-08.05.29:668][  0]LogConfig: Setting CVar [[r.DepthOfFieldQuality:2]]
[2020.02.24-08.05.29:668][  0]LogConfig: Setting CVar [[r.RenderTargetPoolMin:400]]
[2020.02.24-08.05.29:668][  0]LogConfig: Setting CVar [[r.LensFlareQuality:2]]
[2020.02.24-08.05.29:668][  0]LogConfig: Setting CVar [[r.SceneColorFringeQuality:1]]
[2020.02.24-08.05.29:668][  0]LogConfig: Setting CVar [[r.EyeAdaptationQuality:2]]
[2020.02.24-08.05.29:668][  0]LogConfig: Setting CVar [[r.BloomQuality:5]]
[2020.02.24-08.05.29:668][  0]LogConfig: Setting CVar [[r.FastBlurThreshold:100]]
[2020.02.24-08.05.29:668][  0]LogConfig: Setting CVar [[r.Upscale.Quality:3]]
[2020.02.24-08.05.29:668][  0]LogConfig: Setting CVar [[r.Tonemapper.GrainQuantization:1]]
[2020.02.24-08.05.29:668][  0]LogConfig: Setting CVar [[r.LightShaftQuality:1]]
[2020.02.24-08.05.29:668][  0]LogConfig: Setting CVar [[r.Filter.SizeScale:1]]
[2020.02.24-08.05.29:668][  0]LogConfig: Setting CVar [[r.Tonemapper.Quality:5]]
[2020.02.24-08.05.29:668][  0]LogConfig: Setting CVar [[r.DOF.Gather.AccumulatorQuality:1        ; higher gathering accumulator quality]]
[2020.02.24-08.05.29:668][  0]LogConfig: Setting CVar [[r.DOF.Gather.PostfilterMethod:1          ; Median3x3 postfilering method]]
[2020.02.24-08.05.29:668][  0]LogConfig: Setting CVar [[r.DOF.Gather.EnableBokehSettings:0       ; no bokeh simulation when gathering]]
[2020.02.24-08.05.29:668][  0]LogConfig: Setting CVar [[r.DOF.Gather.RingCount:4                 ; medium number of samples when gathering]]
[2020.02.24-08.05.29:668][  0]LogConfig: Setting CVar [[r.DOF.Scatter.ForegroundCompositing:1    ; additive foreground scattering]]
[2020.02.24-08.05.29:668][  0]LogConfig: Setting CVar [[r.DOF.Scatter.BackgroundCompositing:2    ; additive background scattering]]
[2020.02.24-08.05.29:668][  0]LogConfig: Setting CVar [[r.DOF.Scatter.EnableBokehSettings:1      ; bokeh simulation when scattering]]
[2020.02.24-08.05.29:668][  0]LogConfig: Setting CVar [[r.DOF.Scatter.MaxSpriteRatio:0.1         ; only a maximum of 10% of scattered bokeh]]
[2020.02.24-08.05.29:668][  0]LogConfig: Setting CVar [[r.DOF.Recombine.Quality:1                ; cheap slight out of focus]]
[2020.02.24-08.05.29:668][  0]LogConfig: Setting CVar [[r.DOF.Recombine.EnableBokehSettings:0    ; no bokeh simulation on slight out of focus]]
[2020.02.24-08.05.29:668][  0]LogConfig: Setting CVar [[r.DOF.TemporalAAQuality:1                ; more stable temporal accumulation]]
[2020.02.24-08.05.29:668][  0]LogConfig: Setting CVar [[r.DOF.Kernel.MaxForegroundRadius:0.025]]
[2020.02.24-08.05.29:668][  0]LogConfig: Setting CVar [[r.DOF.Kernel.MaxBackgroundRadius:0.025]]
[2020.02.24-08.05.29:669][  0]LogConfig: Applying CVar settings from Section [TextureQuality@3] File [C:/Users/wonji/Desktop/UnrealProjects/UnrealBook/BookPractice/Saved/Config/Windows/Scalability.ini]
[2020.02.24-08.05.29:669][  0]LogConfig: Setting CVar [[r.Streaming.MipBias:0]]
[2020.02.24-08.05.29:669][  0]LogConfig: Setting CVar [[r.Streaming.AmortizeCPUToGPUCopy:0]]
[2020.02.24-08.05.29:669][  0]LogConfig: Setting CVar [[r.Streaming.MaxNumTexturesToStreamPerFrame:0]]
[2020.02.24-08.05.29:669][  0]LogConfig: Setting CVar [[r.Streaming.Boost:1]]
[2020.02.24-08.05.29:669][  0]LogConfig: Setting CVar [[r.MaxAnisotropy:8]]
[2020.02.24-08.05.29:669][  0]LogConfig: Setting CVar [[r.Streaming.LimitPoolSizeToVRAM:0]]
[2020.02.24-08.05.29:669][  0]LogConfig: Setting CVar [[r.Streaming.PoolSize:1000]]
[2020.02.24-08.05.29:669][  0]LogConfig: Setting CVar [[r.Streaming.MaxEffectiveScreenSize:0]]
[2020.02.24-08.05.29:669][  0]LogConfig: Applying CVar settings from Section [EffectsQuality@3] File [C:/Users/wonji/Desktop/UnrealProjects/UnrealBook/BookPractice/Saved/Config/Windows/Scalability.ini]
[2020.02.24-08.05.29:669][  0]LogConfig: Setting CVar [[r.TranslucencyLightingVolumeDim:64]]
[2020.02.24-08.05.29:669][  0]LogConfig: Setting CVar [[r.RefractionQuality:2]]
[2020.02.24-08.05.29:669][  0]LogConfig: Setting CVar [[r.SSR.Quality:3]]
[2020.02.24-08.05.29:669][  0]LogConfig: Setting CVar [[r.SceneColorFormat:4]]
[2020.02.24-08.05.29:669][  0]LogConfig: Setting CVar [[r.DetailMode:2]]
[2020.02.24-08.05.29:669][  0]LogConfig: Setting CVar [[r.TranslucencyVolumeBlur:1]]
[2020.02.24-08.05.29:669][  0]LogConfig: Setting CVar [[r.MaterialQualityLevel:1 ; High quality]]
[2020.02.24-08.05.29:669][  0]LogConfig: Setting CVar [[r.SSS.Scale:1]]
[2020.02.24-08.05.29:669][  0]LogConfig: Setting CVar [[r.SSS.SampleSet:2]]
[2020.02.24-08.05.29:669][  0]LogConfig: Setting CVar [[r.SSS.Quality:1]]
[2020.02.24-08.05.29:669][  0]LogConfig: Setting CVar [[r.SSS.HalfRes:1]]
[2020.02.24-08.05.29:669][  0]LogConfig: Setting CVar [[r.EmitterSpawnRateScale:1.0]]
[2020.02.24-08.05.29:669][  0]LogConfig: Setting CVar [[r.ParticleLightQuality:2]]
[2020.02.24-08.05.29:669][  0]LogConfig: Applying CVar settings from Section [FoliageQuality@3] File [C:/Users/wonji/Desktop/UnrealProjects/UnrealBook/BookPractice/Saved/Config/Windows/Scalability.ini]
[2020.02.24-08.05.29:669][  0]LogConfig: Setting CVar [[foliage.DensityScale:1.0]]
[2020.02.24-08.05.29:669][  0]LogConfig: Setting CVar [[grass.DensityScale:1.0]]
[2020.02.24-08.05.29:669][  0]LogInit: Selected Device Profile: [Windows]
[2020.02.24-08.05.29:669][  0]LogInit: Applying CVar settings loaded from the selected device profile: [Windows]
[2020.02.24-08.05.29:707][  0]LogHAL: Display: Platform has ~ 16 GB [17073135616 / 17179869184 / 16], which maps to Larger [LargestMinGB=32, LargerMinGB=12, DefaultMinGB=8, SmallerMinGB=6, SmallestMinGB=0)
[2020.02.24-08.05.29:707][  0]LogConfig: Setting CVar [[r.Vulkan.UseRealUBs:0		; Required until we fix HLR fall-out]]
[2020.02.24-08.05.29:707][  0]LogInit: Going up to parent DeviceProfile []
[2020.02.24-08.05.29:707][  0]LogConfig: Applying CVar settings from Section [ViewDistanceQuality@3] File [C:/Users/wonji/Desktop/UnrealProjects/UnrealBook/BookPractice/Saved/Config/Windows/Scalability.ini]
[2020.02.24-08.05.29:707][  0]LogConfig: Setting CVar [[r.SkeletalMeshLODBias:0]]
[2020.02.24-08.05.29:707][  0]LogConfig: Setting CVar [[r.ViewDistanceScale:1.0]]
[2020.02.24-08.05.29:707][  0]LogConfig: Applying CVar settings from Section [AntiAliasingQuality@3] File [C:/Users/wonji/Desktop/UnrealProjects/UnrealBook/BookPractice/Saved/Config/Windows/Scalability.ini]
[2020.02.24-08.05.29:707][  0]LogConfig: Setting CVar [[r.PostProcessAAQuality:4]]
[2020.02.24-08.05.29:707][  0]LogConfig: Applying CVar settings from Section [ShadowQuality@3] File [C:/Users/wonji/Desktop/UnrealProjects/UnrealBook/BookPractice/Saved/Config/Windows/Scalability.ini]
[2020.02.24-08.05.29:707][  0]LogConfig: Setting CVar [[r.LightFunctionQuality:1]]
[2020.02.24-08.05.29:707][  0]LogConfig: Setting CVar [[r.ShadowQuality:5]]
[2020.02.24-08.05.29:708][  0]LogConfig: Setting CVar [[r.Shadow.CSM.MaxCascades:10]]
[2020.02.24-08.05.29:708][  0]LogConfig: Setting CVar [[r.Shadow.MaxResolution:2048]]
[2020.02.24-08.05.29:708][  0]LogConfig: Setting CVar [[r.Shadow.MaxCSMResolution:2048]]
[2020.02.24-08.05.29:708][  0]LogConfig: Setting CVar [[r.Shadow.RadiusThreshold:0.01]]
[2020.02.24-08.05.29:708][  0]LogConfig: Setting CVar [[r.Shadow.DistanceScale:1.0]]
[2020.02.24-08.05.29:708][  0]LogConfig: Setting CVar [[r.Shadow.CSM.TransitionScale:1.0]]
[2020.02.24-08.05.29:708][  0]LogConfig: Setting CVar [[r.Shadow.PreShadowResolutionFactor:1.0]]
[2020.02.24-08.05.29:708][  0]LogConfig: Setting CVar [[r.DistanceFieldShadowing:1]]
[2020.02.24-08.05.29:708][  0]LogConfig: Setting CVar [[r.DistanceFieldAO:1]]
[2020.02.24-08.05.29:708][  0]LogConfig: Setting CVar [[r.AOQuality:2]]
[2020.02.24-08.05.29:708][  0]LogConfig: Setting CVar [[r.VolumetricFog:1]]
[2020.02.24-08.05.29:708][  0]LogConfig: Setting CVar [[r.VolumetricFog.GridPixelSize:8]]
[2020.02.24-08.05.29:708][  0]LogConfig: Setting CVar [[r.VolumetricFog.GridSizeZ:128]]
[2020.02.24-08.05.29:708][  0]LogConfig: Setting CVar [[r.VolumetricFog.HistoryMissSupersampleCount:4]]
[2020.02.24-08.05.29:708][  0]LogConfig: Setting CVar [[r.LightMaxDrawDistanceScale:1]]
[2020.02.24-08.05.29:708][  0]LogConfig: Setting CVar [[r.CapsuleShadows:1]]
[2020.02.24-08.05.29:708][  0]LogConfig: Applying CVar settings from Section [PostProcessQuality@3] File [C:/Users/wonji/Desktop/UnrealProjects/UnrealBook/BookPractice/Saved/Config/Windows/Scalability.ini]
[2020.02.24-08.05.29:708][  0]LogConfig: Setting CVar [[r.MotionBlurQuality:4]]
[2020.02.24-08.05.29:708][  0]LogConfig: Setting CVar [[r.AmbientOcclusionMipLevelFactor:0.4]]
[2020.02.24-08.05.29:708][  0]LogConfig: Setting CVar [[r.AmbientOcclusionMaxQuality:100]]
[2020.02.24-08.05.29:708][  0]LogConfig: Setting CVar [[r.AmbientOcclusionLevels:-1]]
[2020.02.24-08.05.29:708][  0]LogConfig: Setting CVar [[r.AmbientOcclusionRadiusScale:1.0]]
[2020.02.24-08.05.29:708][  0]LogConfig: Setting CVar [[r.DepthOfFieldQuality:2]]
[2020.02.24-08.05.29:708][  0]LogConfig: Setting CVar [[r.RenderTargetPoolMin:400]]
[2020.02.24-08.05.29:708][  0]LogConfig: Setting CVar [[r.LensFlareQuality:2]]
[2020.02.24-08.05.29:708][  0]LogConfig: Setting CVar [[r.SceneColorFringeQuality:1]]
[2020.02.24-08.05.29:708][  0]LogConfig: Setting CVar [[r.EyeAdaptationQuality:2]]
[2020.02.24-08.05.29:708][  0]LogConfig: Setting CVar [[r.BloomQuality:5]]
[2020.02.24-08.05.29:708][  0]LogConfig: Setting CVar [[r.FastBlurThreshold:100]]
[2020.02.24-08.05.29:708][  0]LogConfig: Setting CVar [[r.Upscale.Quality:3]]
[2020.02.24-08.05.29:708][  0]LogConfig: Setting CVar [[r.Tonemapper.GrainQuantization:1]]
[2020.02.24-08.05.29:708][  0]LogConfig: Setting CVar [[r.LightShaftQuality:1]]
[2020.02.24-08.05.29:708][  0]LogConfig: Setting CVar [[r.Filter.SizeScale:1]]
[2020.02.24-08.05.29:708][  0]LogConfig: Setting CVar [[r.Tonemapper.Quality:5]]
[2020.02.24-08.05.29:708][  0]LogConfig: Setting CVar [[r.DOF.Gather.AccumulatorQuality:1        ; higher gathering accumulator quality]]
[2020.02.24-08.05.29:708][  0]LogConfig: Setting CVar [[r.DOF.Gather.PostfilterMethod:1          ; Median3x3 postfilering method]]
[2020.02.24-08.05.29:708][  0]LogConfig: Setting CVar [[r.DOF.Gather.EnableBokehSettings:0       ; no bokeh simulation when gathering]]
[2020.02.24-08.05.29:708][  0]LogConfig: Setting CVar [[r.DOF.Gather.RingCount:4                 ; medium number of samples when gathering]]
[2020.02.24-08.05.29:708][  0]LogConfig: Setting CVar [[r.DOF.Scatter.ForegroundCompositing:1    ; additive foreground scattering]]
[2020.02.24-08.05.29:708][  0]LogConfig: Setting CVar [[r.DOF.Scatter.BackgroundCompositing:2    ; additive background scattering]]
[2020.02.24-08.05.29:708][  0]LogConfig: Setting CVar [[r.DOF.Scatter.EnableBokehSettings:1      ; bokeh simulation when scattering]]
[2020.02.24-08.05.29:708][  0]LogConfig: Setting CVar [[r.DOF.Scatter.MaxSpriteRatio:0.1         ; only a maximum of 10% of scattered bokeh]]
[2020.02.24-08.05.29:708][  0]LogConfig: Setting CVar [[r.DOF.Recombine.Quality:1                ; cheap slight out of focus]]
[2020.02.24-08.05.29:708][  0]LogConfig: Setting CVar [[r.DOF.Recombine.EnableBokehSettings:0    ; no bokeh simulation on slight out of focus]]
[2020.02.24-08.05.29:708][  0]LogConfig: Setting CVar [[r.DOF.TemporalAAQuality:1                ; more stable temporal accumulation]]
[2020.02.24-08.05.29:708][  0]LogConfig: Setting CVar [[r.DOF.Kernel.MaxForegroundRadius:0.025]]
[2020.02.24-08.05.29:708][  0]LogConfig: Setting CVar [[r.DOF.Kernel.MaxBackgroundRadius:0.025]]
[2020.02.24-08.05.29:708][  0]LogConfig: Applying CVar settings from Section [TextureQuality@3] File [C:/Users/wonji/Desktop/UnrealProjects/UnrealBook/BookPractice/Saved/Config/Windows/Scalability.ini]
[2020.02.24-08.05.29:708][  0]LogConfig: Setting CVar [[r.Streaming.MipBias:0]]
[2020.02.24-08.05.29:708][  0]LogConfig: Setting CVar [[r.Streaming.AmortizeCPUToGPUCopy:0]]
[2020.02.24-08.05.29:708][  0]LogConfig: Setting CVar [[r.Streaming.MaxNumTexturesToStreamPerFrame:0]]
[2020.02.24-08.05.29:708][  0]LogConfig: Setting CVar [[r.Streaming.Boost:1]]
[2020.02.24-08.05.29:708][  0]LogConfig: Setting CVar [[r.MaxAnisotropy:8]]
[2020.02.24-08.05.29:708][  0]LogConfig: Setting CVar [[r.Streaming.LimitPoolSizeToVRAM:0]]
[2020.02.24-08.05.29:708][  0]LogConfig: Setting CVar [[r.Streaming.PoolSize:1000]]
[2020.02.24-08.05.29:708][  0]LogConfig: Setting CVar [[r.Streaming.MaxEffectiveScreenSize:0]]
[2020.02.24-08.05.29:708][  0]LogConfig: Applying CVar settings from Section [EffectsQuality@3] File [C:/Users/wonji/Desktop/UnrealProjects/UnrealBook/BookPractice/Saved/Config/Windows/Scalability.ini]
[2020.02.24-08.05.29:708][  0]LogConfig: Setting CVar [[r.TranslucencyLightingVolumeDim:64]]
[2020.02.24-08.05.29:708][  0]LogConfig: Setting CVar [[r.RefractionQuality:2]]
[2020.02.24-08.05.29:708][  0]LogConfig: Setting CVar [[r.SSR.Quality:3]]
[2020.02.24-08.05.29:708][  0]LogConfig: Setting CVar [[r.SceneColorFormat:4]]
[2020.02.24-08.05.29:708][  0]LogConfig: Setting CVar [[r.DetailMode:2]]
[2020.02.24-08.05.29:708][  0]LogConfig: Setting CVar [[r.TranslucencyVolumeBlur:1]]
[2020.02.24-08.05.29:708][  0]LogConfig: Setting CVar [[r.MaterialQualityLevel:1 ; High quality]]
[2020.02.24-08.05.29:708][  0]LogConfig: Setting CVar [[r.SSS.Scale:1]]
[2020.02.24-08.05.29:708][  0]LogConfig: Setting CVar [[r.SSS.SampleSet:2]]
[2020.02.24-08.05.29:708][  0]LogConfig: Setting CVar [[r.SSS.Quality:1]]
[2020.02.24-08.05.29:708][  0]LogConfig: Setting CVar [[r.SSS.HalfRes:1]]
[2020.02.24-08.05.29:708][  0]LogConfig: Setting CVar [[r.EmitterSpawnRateScale:1.0]]
[2020.02.24-08.05.29:708][  0]LogConfig: Setting CVar [[r.ParticleLightQuality:2]]
[2020.02.24-08.05.29:708][  0]LogConfig: Applying CVar settings from Section [FoliageQuality@3] File [C:/Users/wonji/Desktop/UnrealProjects/UnrealBook/BookPractice/Saved/Config/Windows/Scalability.ini]
[2020.02.24-08.05.29:708][  0]LogConfig: Setting CVar [[foliage.DensityScale:1.0]]
[2020.02.24-08.05.29:708][  0]LogConfig: Setting CVar [[grass.DensityScale:1.0]]
[2020.02.24-08.05.29:708][  0]LogConfig: Applying CVar settings from Section [Startup] File [../../../Engine/Config/ConsoleVariables.ini]
[2020.02.24-08.05.29:712][  0]LogConfig: Setting CVar [[net.UseAdaptiveNetUpdateFrequency:0]]
[2020.02.24-08.05.29:713][  0]LogConfig: Setting CVar [[p.chaos.AllowCreatePhysxBodies:1]]
[2020.02.24-08.05.29:713][  0]LogConfig: Applying CVar settings from Section [ConsoleVariables] File [C:/Users/wonji/Desktop/UnrealProjects/UnrealBook/BookPractice/Saved/Config/Windows/Engine.ini]
[2020.02.24-08.05.29:713][  0]LogInit: Computer: LAPTOP-1UG54T2R
[2020.02.24-08.05.29:713][  0]LogInit: User: wonji
[2020.02.24-08.05.29:713][  0]LogInit: CPU Page size=4096, Cores=6
[2020.02.24-08.05.29:713][  0]LogInit: High frequency timer resolution =10.000000 MHz
[2020.02.24-08.05.29:713][  0]LogMemory: Memory total: Physical=15.9GB (16GB approx)
[2020.02.24-08.05.29:713][  0]LogMemory: Platform Memory Stats for Windows
[2020.02.24-08.05.29:713][  0]LogMemory: Process Physical Memory: 98.03 MB used, 98.03 MB peak
[2020.02.24-08.05.29:713][  0]LogMemory: Process Virtual Memory: 93.37 MB used, 93.37 MB peak
[2020.02.24-08.05.29:713][  0]LogMemory: Physical Memory: 6811.23 MB used,  9470.98 MB free, 16282.21 MB total
[2020.02.24-08.05.29:713][  0]LogMemory: Virtual Memory: 4664.21 MB used,  134213064.00 MB free, 134217728.00 MB total
[2020.02.24-08.05.29:812][  0]LogInit: Using OS detected language (ko-KR).
[2020.02.24-08.05.29:812][  0]LogInit: Using OS detected locale (ko-KR).
[2020.02.24-08.05.29:813][  0]LogTextLocalizationManager: No specific localization for 'ko-KR' exists, so the 'ko' localization will be used.
[2020.02.24-08.05.29:938][  0]LogInit: Setting process to per monitor DPI aware
[2020.02.24-08.05.30:042][  0]LogSlate: New Slate User Created.  User Index 0, Is Virtual User: 0
[2020.02.24-08.05.30:042][  0]LogSlate: Slate User Registered.  User Index 0, Is Virtual User: 0
[2020.02.24-08.05.32:012][  0]LogHMD: Failed to initialize OpenVR with code 110
[2020.02.24-08.05.32:012][  0]LogD3D11RHI: D3D11 adapters:
[2020.02.24-08.05.32:084][  0]LogD3D11RHI:    0. 'NVIDIA GeForce RTX 2080 with Max-Q Design' (Feature Level 11_0)
[2020.02.24-08.05.32:084][  0]LogD3D11RHI:       8010/0/8141 MB DedicatedVideo/DedicatedSystem/SharedSystem, Outputs:2, VendorId:0x10de
[2020.02.24-08.05.32:110][  0]LogD3D11RHI:    1. 'Intel(R) UHD Graphics 630' (Feature Level 11_0)
[2020.02.24-08.05.32:110][  0]LogD3D11RHI:       128/0/8141 MB DedicatedVideo/DedicatedSystem/SharedSystem, Outputs:0, VendorId:0x8086
[2020.02.24-08.05.32:112][  0]LogD3D11RHI:    2. 'Microsoft Basic Render Driver' (Feature Level 11_0)
[2020.02.24-08.05.32:112][  0]LogD3D11RHI:       0/0/8141 MB DedicatedVideo/DedicatedSystem/SharedSystem, Outputs:0, VendorId:0x1414
[2020.02.24-08.05.32:112][  0]LogD3D11RHI: Chosen D3D11 Adapter: 0
[2020.02.24-08.05.32:142][  0]LogD3D11RHI: Creating new Direct3DDevice
[2020.02.24-08.05.32:142][  0]LogD3D11RHI:     GPU DeviceId: 0x1e90 (for the marketing name, search the web for "GPU Device Id")
[2020.02.24-08.05.32:142][  0]LogWindows: EnumDisplayDevices:
[2020.02.24-08.05.32:143][  0]LogWindows:    0. 'Intel(R) UHD Graphics 630' (P:1 D:1)
[2020.02.24-08.05.32:143][  0]LogWindows:    1. 'Intel(R) UHD Graphics 630' (P:0 D:0)
[2020.02.24-08.05.32:143][  0]LogWindows:    2. 'Intel(R) UHD Graphics 630' (P:0 D:0)
[2020.02.24-08.05.32:143][  0]LogWindows:    3. 'NVIDIA GeForce RTX 2080 with Max-Q Design' (P:0 D:1)
[2020.02.24-08.05.32:143][  0]LogWindows:    4. 'NVIDIA GeForce RTX 2080 with Max-Q Design' (P:0 D:0)
[2020.02.24-08.05.32:144][  0]LogWindows:    5. 'NVIDIA GeForce RTX 2080 with Max-Q Design' (P:0 D:0)
[2020.02.24-08.05.32:144][  0]LogWindows:    6. 'NVIDIA GeForce RTX 2080 with Max-Q Design' (P:0 D:0)
[2020.02.24-08.05.32:144][  0]LogWindows: DebugString: PrimaryIsNotTheChoosenAdapter PrimaryIsNotTheChoosenAdapter PrimaryIsNotTheChoosenAdapter FoundDriverCount:4 
[2020.02.24-08.05.32:144][  0]LogD3D11RHI:     Adapter Name: NVIDIA GeForce RTX 2080 with Max-Q Design
[2020.02.24-08.05.32:144][  0]LogD3D11RHI:   Driver Version: 425.45 (internal:25.21.14.2545, unified:425.45)
[2020.02.24-08.05.32:144][  0]LogD3D11RHI:      Driver Date: 4-23-2019
[2020.02.24-08.05.32:144][  0]LogRHI: Texture pool is 5607 MB (70% of 8010 MB)
[2020.02.24-08.05.32:187][  0]LogD3D11RHI: Async texture creation enabled
[2020.02.24-08.05.32:191][  0]LogRendererCore: FGlobalReadBuffer::InitRHI
[2020.02.24-08.05.32:191][  0]LogRendererCore: FGlobalReadBuffer::InitRHI
[2020.02.24-08.05.32:191][  0]LogRendererCore: FGlobalReadBuffer::InitRHI
[2020.02.24-08.05.32:200][  0]LogD3D11RHI: GPU Timing Frequency: 1000.000000 (Debug: 2 1)
[2020.02.24-08.05.32:514][  0]LogTemp: Display: Module 'AllDesktopTargetPlatform' loaded TargetPlatform 'AllDesktop'
[2020.02.24-08.05.32:530][  0]LogTemp: Display: Module 'MacClientTargetPlatform' loaded TargetPlatform 'MacClient'
[2020.02.24-08.05.32:543][  0]LogTemp: Display: Module 'MacNoEditorTargetPlatform' loaded TargetPlatform 'MacNoEditor'
[2020.02.24-08.05.32:556][  0]LogTemp: Display: Module 'MacServerTargetPlatform' loaded TargetPlatform 'MacServer'
[2020.02.24-08.05.32:572][  0]LogTemp: Display: Module 'MacTargetPlatform' loaded TargetPlatform 'Mac'
[2020.02.24-08.05.32:586][  0]LogTemp: Display: Module 'WindowsClientTargetPlatform' loaded TargetPlatform 'WindowsClient'
[2020.02.24-08.05.32:599][  0]LogTemp: Display: Module 'WindowsNoEditorTargetPlatform' loaded TargetPlatform 'WindowsNoEditor'
[2020.02.24-08.05.32:612][  0]LogTemp: Display: Module 'WindowsServerTargetPlatform' loaded TargetPlatform 'WindowsServer'
[2020.02.24-08.05.32:619][  0]LogTemp: Display: Module 'WindowsTargetPlatform' loaded TargetPlatform 'Windows'
[2020.02.24-08.05.32:696][  0]LogTemp: Display: Module 'AndroidTargetPlatform' loaded TargetPlatform 'Android'
[2020.02.24-08.05.32:696][  0]LogTemp: Display: Module 'AndroidTargetPlatform' loaded TargetPlatform 'Android_ASTC'
[2020.02.24-08.05.32:696][  0]LogTemp: Display: Module 'AndroidTargetPlatform' loaded TargetPlatform 'Android_ATC'
[2020.02.24-08.05.32:696][  0]LogTemp: Display: Module 'AndroidTargetPlatform' loaded TargetPlatform 'Android_DXT'
[2020.02.24-08.05.32:696][  0]LogTemp: Display: Module 'AndroidTargetPlatform' loaded TargetPlatform 'Android_ETC1'
[2020.02.24-08.05.32:696][  0]LogTemp: Display: Module 'AndroidTargetPlatform' loaded TargetPlatform 'Android_ETC1a'
[2020.02.24-08.05.32:696][  0]LogTemp: Display: Module 'AndroidTargetPlatform' loaded TargetPlatform 'Android_ETC2'
[2020.02.24-08.05.32:696][  0]LogTemp: Display: Module 'AndroidTargetPlatform' loaded TargetPlatform 'Android_PVRTC'
[2020.02.24-08.05.32:696][  0]LogTemp: Display: Module 'AndroidTargetPlatform' loaded TargetPlatform 'AndroidClient'
[2020.02.24-08.05.32:696][  0]LogTemp: Display: Module 'AndroidTargetPlatform' loaded TargetPlatform 'Android_ASTCClient'
[2020.02.24-08.05.32:696][  0]LogTemp: Display: Module 'AndroidTargetPlatform' loaded TargetPlatform 'Android_ATCClient'
[2020.02.24-08.05.32:696][  0]LogTemp: Display: Module 'AndroidTargetPlatform' loaded TargetPlatform 'Android_DXTClient'
[2020.02.24-08.05.32:696][  0]LogTemp: Display: Module 'AndroidTargetPlatform' loaded TargetPlatform 'Android_ETC1Client'
[2020.02.24-08.05.32:696][  0]LogTemp: Display: Module 'AndroidTargetPlatform' loaded TargetPlatform 'Android_ETC1aClient'
[2020.02.24-08.05.32:696][  0]LogTemp: Display: Module 'AndroidTargetPlatform' loaded TargetPlatform 'Android_ETC2Client'
[2020.02.24-08.05.32:696][  0]LogTemp: Display: Module 'AndroidTargetPlatform' loaded TargetPlatform 'Android_PVRTCClient'
[2020.02.24-08.05.32:696][  0]LogTemp: Display: Module 'AndroidTargetPlatform' loaded TargetPlatform 'Android_Multi'
[2020.02.24-08.05.32:696][  0]LogTemp: Display: Module 'AndroidTargetPlatform' loaded TargetPlatform 'Android_MultiClient'
[2020.02.24-08.05.32:698][  0]LogTemp: Display: Module 'HTML5TargetPlatform' loaded TargetPlatform 'HTML5'
[2020.02.24-08.05.32:761][  0]LogTemp: Display: Module 'IOSTargetPlatform' loaded TargetPlatform 'IOSClient'
[2020.02.24-08.05.32:761][  0]LogTemp: Display: Module 'IOSTargetPlatform' loaded TargetPlatform 'IOS'
[2020.02.24-08.05.32:799][  0]LogTemp: Display: Module 'TVOSTargetPlatform' loaded TargetPlatform 'TVOSClient'
[2020.02.24-08.05.32:799][  0]LogTemp: Display: Module 'TVOSTargetPlatform' loaded TargetPlatform 'TVOS'
[2020.02.24-08.05.32:810][  0]LogTemp: Display: Module 'LinuxClientTargetPlatform' loaded TargetPlatform 'LinuxClient'
[2020.02.24-08.05.32:821][  0]LogTemp: Display: Module 'LinuxNoEditorTargetPlatform' loaded TargetPlatform 'LinuxNoEditor'
[2020.02.24-08.05.32:831][  0]LogTemp: Display: Module 'LinuxServerTargetPlatform' loaded TargetPlatform 'LinuxServer'
[2020.02.24-08.05.32:850][  0]LogTemp: Display: Module 'LinuxTargetPlatform' loaded TargetPlatform 'Linux'
[2020.02.24-08.05.32:891][  0]LogTemp: Display: Module 'LuminTargetPlatform' loaded TargetPlatform 'Lumin'
[2020.02.24-08.05.32:891][  0]LogTemp: Display: Module 'LuminTargetPlatform' loaded TargetPlatform 'LuminClient'
[2020.02.24-08.05.32:891][  0]LogTargetPlatformManager: Display: Building Assets For Windows
[2020.02.24-08.05.32:925][  0]LogAudioDebug: Display: Lib vorbis DLL was dynamically loaded.
[2020.02.24-08.05.33:048][  0]LogShaderCompilers: Guid format shader working directory is -31 characters bigger than the processId version (../../../../../../Users/wonji/Desktop/UnrealProjects/UnrealBook/BookPractice/Intermediate/Shaders/WorkingDirectory/16820/).
[2020.02.24-08.05.33:048][  0]LogShaderCompilers: Cleaned the shader compiler working directory 'C:/Users/wonji/AppData/Local/Temp/UnrealShaderWorkingDir/ADFA15FB4EE282630B8A20AD12EF60C6/'.
[2020.02.24-08.05.33:051][  0]LogXGEController: Cleaning working directory: C:/Users/wonji/AppData/Local/Temp/UnrealXGEWorkingDir/
[2020.02.24-08.05.33:051][  0]LogXGEController: Cannot use XGE Controller as Incredibuild is not installed on this machine.
[2020.02.24-08.05.33:051][  0]LogShaderCompilers: Cannot use XGE Shader Compiler as Incredibuild is not installed on this machine.
[2020.02.24-08.05.33:051][  0]LogShaderCompilers: Display: Using Local Shader Compiler.
[2020.02.24-08.05.34:847][  0]LogDerivedDataCache: Display: Max Cache Size: 512 MB
[2020.02.24-08.05.34:895][  0]LogDerivedDataCache: Loaded boot cache 0.05s 77MB C:/Users/wonji/AppData/Local/UnrealEngine/4.22/DerivedDataCache/Boot.ddc.
[2020.02.24-08.05.34:895][  0]LogDerivedDataCache: Display: Loaded Boot cache: C:/Users/wonji/AppData/Local/UnrealEngine/4.22/DerivedDataCache/Boot.ddc
[2020.02.24-08.05.34:895][  0]LogDerivedDataCache: FDerivedDataBackendGraph:  Pak pak cache file ../../../../../../Users/wonji/Desktop/UnrealProjects/UnrealBook/BookPractice/DerivedDataCache/DDC.ddp not found, will not use a pak cache.
[2020.02.24-08.05.34:895][  0]LogDerivedDataCache: Unable to find inner node Pak for hierarchical cache Hierarchy.
[2020.02.24-08.05.34:895][  0]LogDerivedDataCache: FDerivedDataBackendGraph:  CompressedPak pak cache file ../../../../../../Users/wonji/Desktop/UnrealProjects/UnrealBook/BookPractice/DerivedDataCache/Compressed.ddp not found, will not use a pak cache.
[2020.02.24-08.05.34:895][  0]LogDerivedDataCache: Unable to find inner node CompressedPak for hierarchical cache Hierarchy.
[2020.02.24-08.05.34:918][  0]LogDerivedDataCache: Display: Pak cache opened for reading ../../../Engine/DerivedDataCache/Compressed.ddp.
[2020.02.24-08.05.34:918][  0]LogDerivedDataCache: FDerivedDataBackendGraph:  EnterprisePak pak cache file ../../../Enterprise/DerivedDataCache/Compressed.ddp not found, will not use a pak cache.
[2020.02.24-08.05.34:918][  0]LogDerivedDataCache: Unable to find inner node EnterprisePak for hierarchical cache Hierarchy.
[2020.02.24-08.05.34:930][  0]LogDerivedDataCache: Using Local data cache path C:/Users/wonji/AppData/Local/UnrealEngine/Common/DerivedDataCache: Writable
[2020.02.24-08.05.34:930][  0]LogDerivedDataCache: Shared data cache path not found in *engine.ini, will not use an Shared cache.
[2020.02.24-08.05.34:930][  0]LogDerivedDataCache: Unable to find inner node Shared for hierarchical cache Hierarchy.
[2020.02.24-08.05.34:951][  0]LogMaterial: Verifying Global Shaders for PCD3D_SM5
[2020.02.24-08.05.34:953][  0]LogSlate: Using FreeType 2.6.0
[2020.02.24-08.05.34:959][  0]LogSlate: SlateFontServices - WITH_FREETYPE: 1, WITH_HARFBUZZ: 1
[2020.02.24-08.05.35:166][  0]LogAssetRegistry: FAssetRegistry took 0.0317 seconds to start up
[2020.02.24-08.05.35:460][  0]LogInit: Selected Device Profile: [Windows]
[2020.02.24-08.05.35:663][  0]LogMeshReduction: Using QuadricMeshReduction for automatic static mesh reduction
[2020.02.24-08.05.35:663][  0]LogMeshReduction: Using SimplygonMeshReduction for automatic skeletal mesh reduction
[2020.02.24-08.05.35:664][  0]LogMeshReduction: Using ProxyLODMeshReduction for automatic mesh merging
[2020.02.24-08.05.35:664][  0]LogMeshReduction: No distributed automatic mesh merging module available
[2020.02.24-08.05.35:664][  0]LogMeshMerging: No distributed automatic mesh merging module available
[2020.02.24-08.05.35:703][  0]LogNetVersion: BookPractice 1.0.0, NetCL: 5660361, EngineNetVer: 10, GameNetVer: 0 (Checksum: 3270002839)
[2020.02.24-08.05.36:598][  0]LogPackageLocalizationCache: Processed 10 localized package path(s) for 1 prioritized culture(s) in 0.041604 seconds
[2020.02.24-08.05.36:603][  0]LogUObjectArray: 42205 objects as part of root set at end of initial load.
[2020.02.24-08.05.36:603][  0]LogUObjectAllocator: 7325032 out of 0 bytes used by permanent object pool.
[2020.02.24-08.05.36:603][  0]LogUObjectArray: CloseDisregardForGC: 0/0 objects in disregard for GC pool
[2020.02.24-08.05.38:745][  0]LogTcpMessaging: Initializing TcpMessaging bridge
[2020.02.24-08.05.38:758][  0]LogUdpMessaging: Initializing bridge on interface 0.0.0.0:0 to multicast group 230.0.0.1:6666.
[2020.02.24-08.05.39:568][  0]SourceControl: 소스 컨트롤이 꺼져 있습니다.
[2020.02.24-08.05.39:568][  0]SourceControl: 소스 컨트롤이 꺼져 있습니다.
[2020.02.24-08.05.39:570][  0]SourceControl: 소스 컨트롤이 꺼져 있습니다.
[2020.02.24-08.05.39:571][  0]SourceControl: 소스 컨트롤이 꺼져 있습니다.
[2020.02.24-08.05.39:654][  0]LogAndroidPermission: UAndroidPermissionCallbackProxy::GetInstance
[2020.02.24-08.05.39:728][  0]LogOcInput: OculusInput pre-init called
[2020.02.24-08.05.40:423][  0]LogEngine: Initializing Engine...
[2020.02.24-08.05.40:424][  0]LogHMD: Failed to initialize OpenVR with code 110
[2020.02.24-08.05.40:425][  0]LogStats: UGameplayTagsManager::InitializeManager -  0.000 s
[2020.02.24-08.05.40:864][  0]LogInit: Initializing FReadOnlyCVARCache
[2020.02.24-08.05.40:879][  0]LogAIModule: Creating AISystem for world Untitled
[2020.02.24-08.05.40:932][  0]LogInit: XAudio2 using 'Speakers(Realtek(R) Audio)' : 2 channels at 48 kHz using 32 bits per sample (channel mask 0x3)
[2020.02.24-08.05.41:082][  0]LogInit: FAudioDevice initialized.
[2020.02.24-08.05.41:082][  0]LogNetVersion: Set ProjectVersion to 1.0.0.0. Version Checksum will be recalculated on next use.
[2020.02.24-08.05.41:124][  0]LogDerivedDataCache: Saved boot cache 0.04s 77MB C:/Users/wonji/AppData/Local/UnrealEngine/4.22/DerivedDataCache/Boot.ddc.
[2020.02.24-08.05.41:133][  0]LogInit: Texture streaming: Enabled
[2020.02.24-08.05.41:152][  0]LogEngineSessionManager: EngineSessionManager initialized
[2020.02.24-08.05.41:152][  0]LogEngineSessionManager: EngineSessionManager sent abnormal shutdown report. Type=Crashed, SessionId={A2E52B1A-4A50-1123-7D06-21A832FF28C8}
[2020.02.24-08.05.41:176][  0]LogInit: Transaction tracking system initialized
[2020.02.24-08.05.41:206][  0]BlueprintLog: New page: 에디터 로드
[2020.02.24-08.05.41:297][  0]LocalizationService: 현지화 서비스가 비활성화되었습니다.
[2020.02.24-08.05.41:782][  0]LogCook: Display: Max memory allowance for cook 16384mb min free memory 0mb
[2020.02.24-08.05.41:782][  0]LogCook: Display: Mobile HDR setting 1
[2020.02.24-08.05.42:060][  0]LogFileCache: Scanning file cache for directory 'C:/Users/wonji/Desktop/UnrealProjects/UnrealBook/BookPractice/Content/' took 0.05s
[2020.02.24-08.05.42:060][  0]SourceControl: 소스 컨트롤이 꺼져 있습니다.
[2020.02.24-08.05.42:060][  0]Cmd: MAP LOAD FILE="../../../../../../Users/wonji/Desktop/UnrealProjects/UnrealBook/BookPractice/Content/ThirdPersonCPP/Maps/step3.umap" TEMPLATE=0 SHOWPROGRESS=1 FEATURELEVEL=3
[2020.02.24-08.05.42:068][  0]LightingResults: New page: 라이팅 빌드
[2020.02.24-08.05.42:073][  0]MapCheck: New page: 맵 체크
[2020.02.24-08.05.42:073][  0]LightingResults: New page: 라이팅 빌드
[2020.02.24-08.05.42:105][  0]LogUObjectHash: Compacting FUObjectHashTables data took   1.93ms
[2020.02.24-08.05.42:433][  0]LogAIModule: Creating AISystem for world step3
[2020.02.24-08.05.42:443][  0]LogEditorServer: Finished looking for orphan Actors (0.000 secs)
[2020.02.24-08.05.42:474][  0]LogUObjectHash: Compacting FUObjectHashTables data took   1.65ms
[2020.02.24-08.05.42:474][  0]Cmd: MAP CHECKDEP NOCLEARLOG
[2020.02.24-08.05.42:475][  0]MapCheck: 맵 체크 완료: 오류 0 회, 경고 0 회, 소요 시간 0.144ms.
[2020.02.24-08.05.42:475][  0]LogFileHelpers: Loading map 'step3' took 0.415
[2020.02.24-08.05.42:655][  0]LogSlate: Updating window title bar state: overlay mode, drag disabled, window buttons hidden, title bar hidden
[2020.02.24-08.05.42:663][  0]LogSlate: Updating window title bar state: overlay mode, drag disabled, window buttons hidden, title bar hidden
[2020.02.24-08.05.42:669][  0]LogSlate: Updating window title bar state: overlay mode, drag disabled, window buttons hidden, title bar hidden
[2020.02.24-08.05.42:675][  0]LogSlate: Updating window title bar state: overlay mode, drag disabled, window buttons hidden, title bar hidden
[2020.02.24-08.05.42:687][  0]LogCollectionManager: Loaded 0 collections in 0.001969 seconds
[2020.02.24-08.05.42:703][  0]LogFileCache: Scanning file cache for directory 'C:/Users/wonji/Desktop/UnrealProjects/UnrealBook/BookPractice/Saved/Collections/' took 0.01s
[2020.02.24-08.05.42:703][  0]LogFileCache: Scanning file cache for directory 'C:/Users/wonji/Desktop/UnrealProjects/UnrealBook/BookPractice/Content/Developers/wonji/Collections/' took 0.00s
[2020.02.24-08.05.42:703][  0]LogFileCache: Scanning file cache for directory 'C:/Users/wonji/Desktop/UnrealProjects/UnrealBook/BookPractice/Content/Collections/' took 0.00s
[2020.02.24-08.05.42:703][  0]LogCollectionManager: Rebuilt the GUID cache for 0 collections in 0.000000 seconds
[2020.02.24-08.05.42:711][  0]LogContentBrowser: Native class hierarchy populated in 0.0075 seconds. Added 2752 classes and 664 folders.
[2020.02.24-08.05.42:717][  0]LogContentBrowser: Native class hierarchy updated for 'WidgetCarousel' in 0.0003 seconds. Added 0 classes and 0 folders.
[2020.02.24-08.05.42:723][  0]LogPakFile: Registered encryption key '00000000000000000000000000000000': 0 pak files mounted, 0 remain pending
[2020.02.24-08.05.42:728][  0]LogPakFile: Registered encryption key '00000000000000000000000000000000': 0 pak files mounted, 0 remain pending
[2020.02.24-08.05.42:741][  0]LogPakFile: Registered encryption key '00000000000000000000000000000000': 0 pak files mounted, 0 remain pending
[2020.02.24-08.05.42:746][  0]LogPakFile: Registered encryption key '00000000000000000000000000000000': 0 pak files mounted, 0 remain pending
[2020.02.24-08.05.42:750][  0]LogPakFile: Registered encryption key '00000000000000000000000000000000': 0 pak files mounted, 0 remain pending
[2020.02.24-08.05.42:754][  0]LogPakFile: Registered encryption key '00000000000000000000000000000000': 0 pak files mounted, 0 remain pending
[2020.02.24-08.05.42:758][  0]LogPakFile: Registered encryption key '00000000000000000000000000000000': 0 pak files mounted, 0 remain pending
[2020.02.24-08.05.42:762][  0]LogPakFile: Registered encryption key '00000000000000000000000000000000': 0 pak files mounted, 0 remain pending
[2020.02.24-08.05.42:767][  0]LogPakFile: Registered encryption key '00000000000000000000000000000000': 0 pak files mounted, 0 remain pending
[2020.02.24-08.05.42:772][  0]LogPakFile: Registered encryption key '00000000000000000000000000000000': 0 pak files mounted, 0 remain pending
[2020.02.24-08.05.42:777][  0]LogPakFile: Registered encryption key '00000000000000000000000000000000': 0 pak files mounted, 0 remain pending
[2020.02.24-08.05.42:781][  0]LogPakFile: Registered encryption key '00000000000000000000000000000000': 0 pak files mounted, 0 remain pending
[2020.02.24-08.05.42:786][  0]LogPakFile: Registered encryption key '00000000000000000000000000000000': 0 pak files mounted, 0 remain pending
[2020.02.24-08.05.42:790][  0]LogPakFile: Registered encryption key '00000000000000000000000000000000': 0 pak files mounted, 0 remain pending
[2020.02.24-08.05.42:793][  0]LogPakFile: Registered encryption key '00000000000000000000000000000000': 0 pak files mounted, 0 remain pending
[2020.02.24-08.05.42:797][  0]LogPakFile: Registered encryption key '00000000000000000000000000000000': 0 pak files mounted, 0 remain pending
[2020.02.24-08.05.42:820][  0]LogPakFile: Registered encryption key '00000000000000000000000000000000': 0 pak files mounted, 0 remain pending
[2020.02.24-08.05.42:825][  0]LogPakFile: Registered encryption key '00000000000000000000000000000000': 0 pak files mounted, 0 remain pending
[2020.02.24-08.05.42:829][  0]LogPakFile: Registered encryption key '00000000000000000000000000000000': 0 pak files mounted, 0 remain pending
[2020.02.24-08.05.42:834][  0]LogPakFile: Registered encryption key '00000000000000000000000000000000': 0 pak files mounted, 0 remain pending
[2020.02.24-08.05.42:838][  0]LogPakFile: Registered encryption key '00000000000000000000000000000000': 0 pak files mounted, 0 remain pending
[2020.02.24-08.05.42:843][  0]LogPakFile: Registered encryption key '00000000000000000000000000000000': 0 pak files mounted, 0 remain pending
[2020.02.24-08.05.42:847][  0]LogPakFile: Registered encryption key '00000000000000000000000000000000': 0 pak files mounted, 0 remain pending
[2020.02.24-08.05.42:851][  0]LogPakFile: Registered encryption key '00000000000000000000000000000000': 0 pak files mounted, 0 remain pending
[2020.02.24-08.05.42:856][  0]LogPakFile: Registered encryption key '00000000000000000000000000000000': 0 pak files mounted, 0 remain pending
[2020.02.24-08.05.42:860][  0]LogPakFile: Registered encryption key '00000000000000000000000000000000': 0 pak files mounted, 0 remain pending
[2020.02.24-08.05.42:964][  0]LogContentBrowser: Native class hierarchy updated for 'AddContentDialog' in 0.0004 seconds. Added 0 classes and 0 folders.
[2020.02.24-08.05.42:971][  0]LogContentBrowser: Native class hierarchy updated for 'SceneOutliner' in 0.0003 seconds. Added 1 classes and 2 folders.
[2020.02.24-08.05.43:037][  0]LogSlate: Took 0.006045 seconds to synchronously load lazily loaded font '../../../Engine/Content/Slate/Fonts/Roboto-Regular.ttf' (155K)
[2020.02.24-08.05.43:045][  0]LogSlate: Took 0.006404 seconds to synchronously load lazily loaded font '../../../Engine/Content/Editor/Slate/Fonts/NanumGothic.ttf' (4243K)
[2020.02.24-08.05.43:052][  0]LogSlate: Took 0.006602 seconds to synchronously load lazily loaded font '../../../Engine/Content/Editor/Slate/Fonts/NanumGothicBold.ttf' (4188K)
[2020.02.24-08.05.43:056][  0]LogSlate: Took 0.004125 seconds to synchronously load lazily loaded font '../../../Engine/Content/Slate/Fonts/Roboto-Bold.ttf' (160K)
[2020.02.24-08.05.43:065][  0]LogSlate: Took 0.004902 seconds to synchronously load lazily loaded font '../../../Engine/Content/Editor/Slate/Fonts/FontAwesome.ttf' (139K)
[2020.02.24-08.05.43:071][  0]LogSlate: Took 0.005611 seconds to synchronously load lazily loaded font '../../../Engine/Content/Slate/Fonts/DroidSansMono.ttf' (77K)
[2020.02.24-08.05.43:115][  0]LogSlate: Took 0.006679 seconds to synchronously load lazily loaded font '../../../Engine/Content/Editor/Slate/Fonts/NanumGothicExtraBold.ttf' (4074K)
[2020.02.24-08.05.43:326][  0]LogRenderer: Reallocating scene render targets to support 1208x572 Format 10 NumSamples 1 (Frame:1).
[2020.02.24-08.05.43:508][  0]LogContentBrowser: Native class hierarchy updated for 'HierarchicalLODOutliner' in 0.0004 seconds. Added 0 classes and 0 folders.
[2020.02.24-08.05.43:508][  0]LogLoad: (Engine Initialization) Total time: 17.02 seconds
[2020.02.24-08.05.43:508][  0]LogLoad: (Engine Initialization) Total Blueprint compile time: 0.00 seconds
[2020.02.24-08.05.43:575][  0]LogAssetRegistry: Asset discovery search completed in 8.4312 seconds
[2020.02.24-08.05.43:577][  0]LogCollectionManager: Rebuilt the object cache for 0 collections in 0.000000 seconds (found 0 objects)
[2020.02.24-08.05.43:577][  0]LogCollectionManager: Fixed up redirectors for 0 collections in 0.000140 seconds (updated 0 objects)
[2020.02.24-08.05.43:578][  0]LogContentStreaming: Texture pool size now 1000 MB
[2020.02.24-08.09.45:881][938]LogSlate: FSceneViewport::OnFocusLost() reason 0
[2020.02.24-08.09.46:037][938]Candidate modules for hot reload:
[2020.02.24-08.09.46:038][938]  BookPractice
[2020.02.24-08.09.46:038][938]Launching UnrealBuildTool... [C:/Program Files/Epic Games/UE_4.22/Engine/Binaries/DotNET/UnrealBuildTool.exe  -ModuleWithSuffix=BookPractice,9914 Win64 Development -TargetType=Editor -Project="C:/Users/wonji/Desktop/UnrealProjects/UnrealBook/BookPractice/BookPractice.uproject" "C:/Users/wonji/Desktop/UnrealProjects/UnrealBook/BookPractice/BookPractice.uproject"  -IgnoreJunk]
[2020.02.24-08.09.46:040][938]Warning: Starting HotReload took  0.0s.
[2020.02.24-08.10.11:654][473]CompilerResultsLog: New page: 컴파일 - 2020. 2. 25. 오전 2:10:11
[2020.02.24-08.10.11:655][473]CompilerResultsLog: Using 'git status' to determine working set for adaptive non-unity build (C:\Users\wonji\Desktop\UnrealProjects\UnrealBook).
[2020.02.24-08.10.11:655][473]CompilerResultsLog: Creating makefile for BookPracticeEditor (ini files are newer than makefile)
[2020.02.24-08.10.11:655][473]CompilerResultsLog: Parsing headers for BookPracticeEditor
[2020.02.24-08.10.11:655][473]CompilerResultsLog:   Running UnrealHeaderTool "C:\Users\wonji\Desktop\UnrealProjects\UnrealBook\BookPractice\BookPractice.uproject" "C:\Users\wonji\Desktop\UnrealProjects\UnrealBook\BookPractice\Intermediate\Build\Win64\BookPracticeEditor\Development\BookPracticeEditor.uhtmanifest" -LogCmds="loginit warning, logexit warning, logdatabase error" -Unattended -WarningsAsErrors -installed
[2020.02.24-08.10.11:655][473]CompilerResultsLog: Reflection code generated for BookPracticeEditor in 17.2070806 seconds
[2020.02.24-08.10.11:655][473]CompilerResultsLog: Using Visual Studio 2019 14.24.28314 toolchain (C:\Program Files (x86)\Microsoft Visual Studio\2019\Community\VC\Tools\MSVC\14.24.28314) and Windows 10.0.18362.0 SDK (C:\Program Files (x86)\Windows Kits\10).
[2020.02.24-08.10.11:656][473]CompilerResultsLog: Building 4 actions with 12 processes...
[2020.02.24-08.10.11:656][473]CompilerResultsLog:   [1/4] ABCharacter.cpp
[2020.02.24-08.10.11:656][473]CompilerResultsLog:   [2/4] UE4Editor-BookPractice-9914.lib
[2020.02.24-08.10.11:656][473]CompilerResultsLog:      C:\Users\wonji\Desktop\UnrealProjects\UnrealBook\BookPractice\Intermediate\Build\Win64\UE4Editor\Development\BookPractice\UE4Editor-BookPractice-9914.lib ???̺귯?? ?? C:\Users\wonji\Desktop\UnrealProjects\UnrealBook\BookPractice\Intermediate\Build\Win64\UE4Editor\Development\BookPractice\UE4Editor-BookPractice-9914.exp ??ü?? ?????ϰ? ?ֽ??ϴ?.
[2020.02.24-08.10.11:663][473]LogSlate: Took 0.007242 seconds to synchronously load lazily loaded font '../../../Engine/Content/Slate/Fonts/DroidSansFallback.ttf' (3848K)
[2020.02.24-08.10.11:664][473]LogSlate: Warning: Legacy localized fallback font '../../../Engine/Content/Slate/Fonts/../../Editor/Slate/Fonts/NanumGothic.ttf' was requested. Font: '../../../Engine/Content/Slate/Fonts/DroidSansFallback.ttf', Character: 'ϰ (U+03f0)'
Legacy localized fallback fonts were deprecated in 4.22 and will be removed in a future version!
Please update your composite fonts to use localized sub-font families: https://docs.unrealengine.com/en-US/Engine/UMG/UserGuide/Fonts/Overview
[2020.02.24-08.10.11:666][473]LogSlate: Took 0.001969 seconds to synchronously load lazily loaded font '../../../Engine/Content/Slate/Fonts/../../Editor/Slate/Fonts/NanumGothic.ttf' (4243K)
[2020.02.24-08.10.11:666][473]LogSlate: Last resort fallback font was requested. Font: '../../../Engine/Content/Slate/Fonts/DroidSansFallback.ttf', Character: 'ϰ (U+03f0)'
[2020.02.24-08.10.11:674][473]LogSlate: Took 0.006248 seconds to synchronously load lazily loaded font '../../../Engine/Content/SlateDebug/Fonts/LastResort.ttf' (5269K)
[2020.02.24-08.10.11:675][473]CompilerResultsLog:   [3/4] UE4Editor-BookPractice-9914.dll
[2020.02.24-08.10.11:675][473]CompilerResultsLog:      C:\Users\wonji\Desktop\UnrealProjects\UnrealBook\BookPractice\Intermediate\Build\Win64\UE4Editor\Development\BookPractice\UE4Editor-BookPractice-9914.suppressed.lib ???̺귯?? ?? C:\Users\wonji\Desktop\UnrealProjects\UnrealBook\BookPractice\Intermediate\Build\Win64\UE4Editor\Development\BookPractice\UE4Editor-BookPractice-9914.suppressed.exp ??ü?? ?????ϰ? ?ֽ??ϴ?.
[2020.02.24-08.10.11:676][473]CompilerResultsLog:   [4/4] BookPracticeEditor.target
[2020.02.24-08.10.11:676][473]CompilerResultsLog: Total time in Parallel executor: 5.98 seconds
[2020.02.24-08.10.11:676][473]CompilerResultsLog: Total execution time: 25.53 seconds
[2020.02.24-08.10.11:676][473]LogMainFrame: MainFrame: Module compiling took 25.642 seconds
[2020.02.24-08.10.11:699][473]LogUObjectHash: Compacting FUObjectHashTables data took   0.62ms
[2020.02.24-08.10.11:727][473]LogClass: ABCharacterData HotReload.
[2020.02.24-08.10.11:732][473]LogHotReload: Re-instancing ABCharacter after hot-reload.
[2020.02.24-08.10.11:804][473]LogContentBrowser: Native class hierarchy updated for 'BookPractice' in 0.0004 seconds. Added 19 classes and 2 folders.
[2020.02.24-08.10.11:806][473]Display: HotReload successful (5 functions remapped  1 scriptstructs remapped)
[2020.02.24-08.10.12:011][473]LogUObjectHash: Compacting FUObjectHashTables data took   1.33ms
[2020.02.24-08.10.12:021][473]LogContentBrowser: Native class hierarchy populated in 0.0067 seconds. Added 2753 classes and 666 folders.
[2020.02.24-08.10.12:022][473]Display: HotReload took 26.0s.
[2020.02.24-08.10.14:207][604]LogTemp: Repeating last play command: 선택된 뷰포트
[2020.02.24-08.10.14:224][604]LogBlueprintUserMessages: Early PlayInEditor Detection: Level '/Game/ThirdPersonCPP/Maps/step3.step3:PersistentLevel' has LevelScriptBlueprint '/Game/ThirdPersonCPP/Maps/step3.step3:PersistentLevel.step3' with GeneratedClass '/Game/ThirdPersonCPP/Maps/step3.step3_C' with ClassGeneratedBy '/Game/ThirdPersonCPP/Maps/step3.step3:PersistentLevel.step3'
[2020.02.24-08.10.14:225][604]LogPlayLevel: PlayLevel: No blueprints needed recompiling
[2020.02.24-08.10.14:225][604]PIE: New page: PIE 세션: step3 (2020. 2. 25. 오전 2:10:14)
[2020.02.24-08.10.14:238][604]LogPlayLevel: Creating play world package: /Game/ThirdPersonCPP/Maps/UEDPIE_0_step3
[2020.02.24-08.10.14:241][604]LogPlayLevel: PIE: StaticDuplicateObject took: (0.003142s)
[2020.02.24-08.10.14:241][604]LogAIModule: Creating AISystem for world step3
[2020.02.24-08.10.14:241][604]LogPlayLevel: PIE: World Init took: (0.000948s)
[2020.02.24-08.10.14:241][604]LogPlayLevel: PIE: Created PIE world by copying editor world from /Game/ThirdPersonCPP/Maps/step3.step3 to /Game/ThirdPersonCPP/Maps/UEDPIE_0_step3.step3 (0.004639s)
[2020.02.24-08.10.14:266][604]LogUObjectHash: Compacting FUObjectHashTables data took   0.90ms
[2020.02.24-08.10.14:268][604]BookPractice: Warning: UABGameInstance::Init(17)DropExp of Level 20 ABCharacter : 105
[2020.02.24-08.10.14:272][604]LogInit: XAudio2 using 'Speakers(Realtek(R) Audio)' : 2 channels at 48 kHz using 32 bits per sample (channel mask 0x3)
[2020.02.24-08.10.14:283][604]LogInit: FAudioDevice initialized.
[2020.02.24-08.10.14:321][604]LogLoad: Game class is 'ABGameMode'
[2020.02.24-08.10.14:323][604]LogWorld: Bringing World /Game/ThirdPersonCPP/Maps/UEDPIE_0_step3.step3 up for play (max tick rate 60) at 2020.02.24-17.10.14
[2020.02.24-08.10.14:324][604]BookPractice: Warning: AFountain::PostInitializeComponents(72)
[2020.02.24-08.10.14:325][604]LogWorld: Bringing up level for play took: 0.002094
[2020.02.24-08.10.14:338][604]BookPractice: Warning: AABPlayerController::PostInitializeComponents(9)
[2020.02.24-08.10.14:339][604]BookPractice: Warning: AABGameMode::PostLogin(14)PostLogin Begin
[2020.02.24-08.10.14:406][604]LogContentBrowser: Native class hierarchy updated for 'MovieSceneCapture' in 0.0006 seconds. Added 20 classes and 0 folders.
[2020.02.24-08.10.14:407][604]BookPractice: Warning: AABPlayerController::OnPossess(13)
[2020.02.24-08.10.14:407][604]BookPractice: Warning: AABGameMode::PostLogin(16)PostLogin End
[2020.02.24-08.10.14:408][604]BookPractice: Warning: AFountain::BeginPlay(52)
[2020.02.24-08.10.14:408][604]BookPractice: Warning: AFountain::BeginPlay(53)ActorName : Fountain1, ID : 0, Location X : 100.000
[2020.02.24-08.10.14:408][604]LogOutputDevice: Warning: 

Script Stack (0 frames):

[2020.02.24-08.10.14:409][604]LogWindows: Windows GetLastError: 작업을 완료했습니다. (0)
[2020.02.24-08.10.19:034][604]LogWindows: Error: === Critical error: ===
[2020.02.24-08.10.19:034][604]LogWindows: Error: 
[2020.02.24-08.10.19:034][604]LogWindows: Error: Assertion failed: (Index >= 0) & (Index < ArrayNum) [File:C:\Program Files\Epic Games\UE_4.22\Engine\Source\Runtime\Core\Public\Containers/Array.h] [Line: 611] 
[2020.02.24-08.10.19:034][604]LogWindows: Error: Array index out of bounds: 0 from an array of size 0
[2020.02.24-08.10.19:034][604]LogWindows: Error: 
[2020.02.24-08.10.19:034][604]LogWindows: Error: 
[2020.02.24-08.10.19:034][604]LogWindows: Error: [Callstack] 0x00007ffc5584a839 KERNELBASE.dll!UnknownFunction []
[2020.02.24-08.10.19:034][604]LogWindows: Error: [Callstack] 0x00007ffbf7be1f37 UE4Editor-Core.dll!ReportAssert() [d:\build\++ue4\sync\engine\source\runtime\core\private\windows\windowsplatformcrashcontext.cpp:553]
[2020.02.24-08.10.19:034][604]LogWindows: Error: [Callstack] 0x00007ffbf7be46e7 UE4Editor-Core.dll!FWindowsErrorOutputDevice::Serialize() [d:\build\++ue4\sync\engine\source\runtime\core\private\windows\windowserroroutputdevice.cpp:79]
[2020.02.24-08.10.19:034][604]LogWindows: Error: [Callstack] 0x00007ffbf79f7d1a UE4Editor-Core.dll!FOutputDevice::LogfImpl() [d:\build\++ue4\sync\engine\source\runtime\core\private\misc\outputdevice.cpp:71]
[2020.02.24-08.10.19:034][604]LogWindows: Error: [Callstack] 0x00007ffbf797fe33 UE4Editor-Core.dll!AssertFailedImplV() [d:\build\++ue4\sync\engine\source\runtime\core\private\misc\assertionmacros.cpp:101]
[2020.02.24-08.10.19:034][604]LogWindows: Error: [Callstack] 0x00007ffbf79804d0 UE4Editor-Core.dll!FDebug::CheckVerifyFailedImpl() [d:\build\++ue4\sync\engine\source\runtime\core\private\misc\assertionmacros.cpp:439]
[2020.02.24-08.10.19:034][604]LogWindows: Error: [Callstack] 0x00007ffc3335d3e8 UE4Editor-BookPractice-9914.dll!DispatchCheckVerify<void,<lambda_41f2787e0759d3ae36997c8ef9651f74> >() [C:\Program Files\Epic Games\UE_4.22\Engine\Source\Runtime\Core\Public\Misc\AssertionMacros.h:162]
[2020.02.24-08.10.19:034][604]LogWindows: Error: [Callstack] 0x00007ffc3333c976 UE4Editor-BookPractice-9914.dll!AABCharacter::BeginPlay() [C:\Users\wonji\Desktop\UnrealProjects\UnrealBook\BookPractice\Source\BookPractice\private\ABCharacter.cpp:80]
[2020.02.24-08.10.19:034][604]LogWindows: Error: [Callstack] 0x00007ffbec631af6 UE4Editor-Engine.dll!AActor::DispatchBeginPlay() [d:\build\++ue4\sync\engine\source\runtime\engine\private\actor.cpp:3343]
[2020.02.24-08.10.19:034][604]LogWindows: Error: [Callstack] 0x00007ffbed74cb99 UE4Editor-Engine.dll!AWorldSettings::NotifyBeginPlay() [d:\build\++ue4\sync\engine\source\runtime\engine\private\worldsettings.cpp:253]
[2020.02.24-08.10.19:034][604]LogWindows: Error: [Callstack] 0x00007ffbeccb2911 UE4Editor-Engine.dll!AGameStateBase::HandleBeginPlay() [d:\build\++ue4\sync\engine\source\runtime\engine\private\gamestatebase.cpp:177]
[2020.02.24-08.10.19:034][604]LogWindows: Error: [Callstack] 0x00007ffbed70754e UE4Editor-Engine.dll!UWorld::BeginPlay() [d:\build\++ue4\sync\engine\source\runtime\engine\private\world.cpp:3948]
[2020.02.24-08.10.19:034][604]LogWindows: Error: [Callstack] 0x00007ffbecc799af UE4Editor-Engine.dll!UGameInstance::StartPlayInEditorGameInstance() [d:\build\++ue4\sync\engine\source\runtime\engine\private\gameinstance.cpp:413]
[2020.02.24-08.10.19:034][604]LogWindows: Error: [Callstack] 0x00007ffbeaedbe44 UE4Editor-UnrealEd.dll!UEditorEngine::CreatePIEGameInstance() [d:\build\++ue4\sync\engine\source\editor\unrealed\private\playlevel.cpp:3341]
[2020.02.24-08.10.19:034][604]LogWindows: Error: [Callstack] 0x00007ffbeaefb044 UE4Editor-UnrealEd.dll!UEditorEngine::PlayInEditor() [d:\build\++ue4\sync\engine\source\editor\unrealed\private\playlevel.cpp:2466]
[2020.02.24-08.10.19:034][604]LogWindows: Error: [Callstack] 0x00007ffbeaf1319f UE4Editor-UnrealEd.dll!UEditorEngine::StartQueuedPlayMapRequest() [d:\build\++ue4\sync\engine\source\editor\unrealed\private\playlevel.cpp:1280]
[2020.02.24-08.10.19:034][604]LogWindows: Error: [Callstack] 0x00007ffbea9efc4a UE4Editor-UnrealEd.dll!UEditorEngine::Tick() [d:\build\++ue4\sync\engine\source\editor\unrealed\private\editorengine.cpp:1532]
[2020.02.24-08.10.19:034][604]LogWindows: Error: [Callstack] 0x00007ffbeb20d396 UE4Editor-UnrealEd.dll!UUnrealEdEngine::Tick() [d:\build\++ue4\sync\engine\source\editor\unrealed\private\unrealedengine.cpp:403]
[2020.02.24-08.10.19:034][604]LogWindows: Error: [Callstack] 0x00007ff6767e6bb1 UE4Editor.exe!FEngineLoop::Tick() [d:\build\++ue4\sync\engine\source\runtime\launch\private\launchengineloop.cpp:3967]
[2020.02.24-08.10.19:034][604]LogWindows: Error: [Callstack] 0x00007ff6767f554c UE4Editor.exe!GuardedMain() [d:\build\++ue4\sync\engine\source\runtime\launch\private\launch.cpp:168]
[2020.02.24-08.10.19:034][604]LogWindows: Error: [Callstack] 0x00007ff6767f55ca UE4Editor.exe!GuardedMainWrapper() [d:\build\++ue4\sync\engine\source\runtime\launch\private\windows\launchwindows.cpp:145]
[2020.02.24-08.10.19:034][604]LogWindows: Error: [Callstack] 0x00007ff67680316c UE4Editor.exe!WinMain() [d:\build\++ue4\sync\engine\source\runtime\launch\private\windows\launchwindows.cpp:275]
[2020.02.24-08.10.19:034][604]LogWindows: Error: [Callstack] 0x00007ff676805b8e UE4Editor.exe!__scrt_common_main_seh() [d:\agent\_work\3\s\src\vctools\crt\vcstartup\src\startup\exe_common.inl:288]
[2020.02.24-08.10.19:034][604]LogWindows: Error: [Callstack] 0x00007ffc57887bd4 KERNEL32.DLL!UnknownFunction []
[2020.02.24-08.10.19:034][604]LogWindows: Error: [Callstack] 0x00007ffc57b0ced1 ntdll.dll!UnknownFunction []
[2020.02.24-08.10.19:034][604]LogWindows: Error: 
[2020.02.24-08.10.19:050][604]LogExit: Executing StaticShutdownAfterError
[2020.02.24-08.10.19:051][604]LogWindows: FPlatformMisc::RequestExit(1)
[2020.02.24-08.10.19:053][604]Log file closed, 02/24/20 17:10:19
