Log file open, 02/24/20 16:30:50
LogWindows: Failed to load 'aqProf.dll' (GetLastError=126)
LogWindows: File 'aqProf.dll' does not exist
LogWindows: Failed to load 'VtuneApi.dll' (GetLastError=126)
LogWindows: File 'VtuneApi.dll' does not exist
LogWindows: Failed to load 'VtuneApi32e.dll' (GetLastError=126)
LogWindows: File 'VtuneApi32e.dll' does not exist
LogConsoleResponse: Display: Failed to find resolution value strings in scalability ini. Falling back to default.
LogInit: Display: Running engine for game: BookPractice
LogPakFile: Registered encryption key '00000000000000000000000000000000': 0 pak files mounted, 0 remain pending
LogPlatformFile: Not using cached read wrapper
LogTaskGraph: Started task graph with 5 named threads and 35 total threads with 3 sets of task threads.
LogStats: Stats thread started at 0.966858
LogD3D11RHI: Loaded GFSDK_Aftermath_Lib.x64.dll
LogICUInternationalization: ICU TimeZone Detection - Raw Offset: +9:00, Platform Override: ''
LogPluginManager: Mounting plugin Paper2D
LogPluginManager: Mounting plugin AISupport
LogPluginManager: Mounting plugin LightPropagationVolume
LogPluginManager: Mounting plugin ActorLayerUtilities
LogPluginManager: Mounting plugin AnimationSharing
LogPluginManager: Mounting plugin CLionSourceCodeAccess
LogPluginManager: Mounting plugin CodeLiteSourceCodeAccess
LogPluginManager: Mounting plugin GitSourceControl
LogPluginManager: Mounting plugin KDevelopSourceCodeAccess
LogPluginManager: Mounting plugin NullSourceCodeAccess
LogPluginManager: Mounting plugin PerforceSourceControl
LogPluginManager: Mounting plugin SubversionSourceControl
LogPluginManager: Mounting plugin UObjectPlugin
LogPluginManager: Mounting plugin VisualStudioCodeSourceCodeAccess
LogPluginManager: Mounting plugin VisualStudioSourceCodeAccess
LogPluginManager: Mounting plugin XCodeSourceCodeAccess
LogPluginManager: Mounting plugin AssetManagerEditor
LogPluginManager: Mounting plugin CryptoKeys
LogPluginManager: Mounting plugin DataValidation
LogPluginManager: Mounting plugin FacialAnimation
LogPluginManager: Mounting plugin GameplayTagsEditor
LogPluginManager: Mounting plugin MacGraphicsSwitching
LogPluginManager: Mounting plugin MaterialAnalyzer
LogPluginManager: Mounting plugin MobileLauncherProfileWizard
LogPluginManager: Mounting plugin PluginBrowser
LogPluginManager: Mounting plugin SpeedTreeImporter
LogPluginManager: Mounting plugin DatasmithContent
LogPluginManager: Mounting plugin VariantManagerContent
LogPluginManager: Mounting plugin AlembicImporter
LogPluginManager: Mounting plugin AppleImageUtils
LogPluginManager: Mounting plugin AppleVision
LogPluginManager: Mounting plugin BackChannel
LogPluginManager: Mounting plugin CharacterAI
LogPluginManager: Mounting plugin GeometryCache
LogPluginManager: Mounting plugin HTML5Networking
LogPluginManager: Mounting plugin ProxyLODPlugin
LogPluginManager: Mounting plugin SkeletalReduction
LogPluginManager: Mounting plugin MagicLeap
LogPluginManager: Mounting plugin MagicLeapMedia
LogPluginManager: Mounting plugin AndroidMedia
LogPluginManager: Mounting plugin AvfMedia
LogPluginManager: Mounting plugin ImgMedia
LogPluginManager: Mounting plugin LinearTimecode
LogPluginManager: Mounting plugin MediaCompositing
LogPluginManager: Mounting plugin MediaPlayerEditor
LogPluginManager: Mounting plugin WebMMedia
LogPluginManager: Mounting plugin WmfMedia
LogPluginManager: Mounting plugin TcpMessaging
LogPluginManager: Mounting plugin UdpMessaging
LogPluginManager: Mounting plugin ActorSequence
LogPluginManager: Mounting plugin LevelSequenceEditor
LogPluginManager: Mounting plugin MatineeToLevelSequence
LogPluginManager: Mounting plugin NetcodeUnitTest
LogPluginManager: Mounting plugin NUTUnrealEngine4
LogPluginManager: Mounting plugin OnlineSubsystemGooglePlay
LogPluginManager: Mounting plugin OnlineSubsystemIOS
LogPluginManager: Mounting plugin OnlineSubsystem
LogPluginManager: Mounting plugin OnlineSubsystemNull
LogPluginManager: Mounting plugin OnlineSubsystemUtils
LogPluginManager: Mounting plugin LauncherChunkInstaller
LogPluginManager: Mounting plugin AndroidDeviceProfileSelector
LogPluginManager: Mounting plugin AndroidMoviePlayer
LogPluginManager: Mounting plugin AndroidPermission
LogPluginManager: Mounting plugin AppleMoviePlayer
LogPluginManager: Mounting plugin ArchVisCharacter
LogPluginManager: Mounting plugin AudioCapture
LogPluginManager: Mounting plugin CableComponent
LogPluginManager: Mounting plugin CustomMeshComponent
LogPluginManager: Mounting plugin EditableMesh
LogPluginManager: Mounting plugin ExampleDeviceProfileSelector
LogPluginManager: Mounting plugin Firebase
LogPluginManager: Mounting plugin GoogleCloudMessaging
LogPluginManager: Mounting plugin IOSDeviceProfileSelector
LogPluginManager: Mounting plugin LinuxDeviceProfileSelector
LogPluginManager: Mounting plugin LocationServicesBPLibrary
LogPluginManager: Mounting plugin MobilePatchingUtils
LogPluginManager: Mounting plugin OculusVR
LogPluginManager: Mounting plugin PhysXVehicles
LogPluginManager: Mounting plugin ProceduralMeshComponent
LogPluginManager: Mounting plugin RuntimePhysXCooking
LogPluginManager: Mounting plugin SignificanceManager
LogPluginManager: Mounting plugin SteamVR
LogPluginManager: Mounting plugin WebMMoviePlayer
LogPluginManager: Mounting plugin WindowsMoviePlayer
LogInit: Using libcurl 7.55.1-DEV
LogInit:  - built for x86_64-pc-win32
LogInit:  - supports SSL with OpenSSL/1.1.1
LogInit:  - supports HTTP deflate (compression) using libz 1.2.8
LogInit:  - other features:
LogInit:      CURL_VERSION_SSL
LogInit:      CURL_VERSION_LIBZ
LogInit:      CURL_VERSION_IPV6
LogInit:      CURL_VERSION_ASYNCHDNS
LogInit:      CURL_VERSION_LARGEFILE
LogInit:      CURL_VERSION_IDN
LogInit:  CurlRequestOptions (configurable via config and command line):
LogInit:  - bVerifyPeer = true  - Libcurl will verify peer certificate
LogInit:  - bUseHttpProxy = false  - Libcurl will NOT use HTTP proxy
LogInit:  - bDontReuseConnections = false  - Libcurl will reuse connections
LogInit:  - MaxHostConnections = 16  - Libcurl will limit the number of connections to a host
LogInit:  - LocalHostAddr = Default
LogInit:  - BufferSize = 65536
LogInit: WinSock: version 1.1 (2.2), MaxSocks=32767, MaxUdp=65467
LogInit: Build: ++UE4+Release-4.22-CL-7053642
LogInit: Engine Version: 4.22.3-7053642+++UE4+Release-4.22
LogInit: Compatible Engine Version: 4.22.0-5660361+++UE4+Release-4.22
LogInit: Net CL: 5660361
LogInit: OS: Windows 10 (Release 1903) (), CPU: Intel(R) Core(TM) i7-9750H CPU @ 2.60GHz, GPU: Intel(R) UHD Graphics 630
LogInit: Compiled (64-bit): Jun 18 2019 03:09:11
LogInit: Compiled with Visual C++: 19.16.27025.01
LogInit: Build Configuration: Development
LogInit: Branch Name: ++UE4+Release-4.22
LogInit: Command Line: 
LogInit: Base Directory: C:/Program Files/Epic Games/UE_4.22/Engine/Binaries/Win64/
LogInit: Installed Engine Build: 1
LogDevObjectVersion: Number of dev versions registered: 23
LogDevObjectVersion:   Dev-Blueprints (B0D832E4-1F89-4F0D-ACCF-7EB736FD4AA2): 10
LogDevObjectVersion:   Dev-Build (E1C64328-A22C-4D53-A36C-8E866417BD8C): 0
LogDevObjectVersion:   Dev-Core (375EC13C-06E4-48FB-B500-84F0262A717E): 3
LogDevObjectVersion:   Dev-Editor (E4B068ED-F494-42E9-A231-DA0B2E46BB41): 30
LogDevObjectVersion:   Dev-Framework (CFFC743F-43B0-4480-9391-14DF171D2073): 35
LogDevObjectVersion:   Dev-Mobile (B02B49B5-BB20-44E9-A304-32B752E40360): 2
LogDevObjectVersion:   Dev-Networking (A4E4105C-59A1-49B5-A7C5-40C4547EDFEE): 0
LogDevObjectVersion:   Dev-Online (39C831C9-5AE6-47DC-9A44-9C173E1C8E7C): 0
LogDevObjectVersion:   Dev-Physics (78F01B33-EBEA-4F98-B9B4-84EACCB95AA2): 0
LogDevObjectVersion:   Dev-Platform (6631380F-2D4D-43E0-8009-CF276956A95A): 0
LogDevObjectVersion:   Dev-Rendering (12F88B9F-8875-4AFC-A67C-D90C383ABD29): 28
LogDevObjectVersion:   Dev-Sequencer (7B5AE74C-D270-4C10-A958-57980B212A5A): 11
LogDevObjectVersion:   Dev-VR (D7296918-1DD6-4BDD-9DE2-64A83CC13884): 2
LogDevObjectVersion:   Dev-LoadTimes (C2A15278-BFE7-4AFE-6C17-90FF531DF755): 1
LogDevObjectVersion:   Private-Geometry (6EACA3D4-40EC-4CC1-B786-8BED09428FC5): 3
LogDevObjectVersion:   Dev-AnimPhys (29E575DD-E0A3-4627-9D10-D276232CDCEA): 17
LogDevObjectVersion:   Dev-Anim (AF43A65D-7FD3-4947-9873-3E8ED9C1BB05): 2
LogDevObjectVersion:   Dev-ReflectionCapture (6B266CEC-1EC7-4B8F-A30B-E4D90942FC07): 1
LogDevObjectVersion:   Dev-Automation (0DF73D61-A23F-47EA-B727-89E90C41499A): 1
LogDevObjectVersion:   FortniteMain (601D1886-AC64-4F84-AA16-D3DE0DEAC7D6): 25
LogDevObjectVersion:   Dev-Enterprise (9DFFBCD6-494F-0158-E221-12823C92A888): 6
LogDevObjectVersion:   Dev-Niagara (F2AED0AC-9AFE-416F-8664-AA7FFA26D6FC): 1
LogDevObjectVersion:   Dev-Destruction (174F1F0B-B4C6-45A5-B13F-2EE8D0FB917D): 2
LogInit: Presizing for max 16777216 objects, including 0 objects not considered by GC, pre-allocating 0 bytes for permanent pool.
LogInit: Object subsystem initialized
LogConfig: Setting CVar [[con.DebugEarlyDefault:1]]
LogConfig: Setting CVar [[r.setres:1280x720]]
[2020.02.24-07.30.51:165][  0]LogConfig: Setting CVar [[r.VSync:0]]
[2020.02.24-07.30.51:165][  0]LogConfig: Setting CVar [[r.RHICmdBypass:0]]
[2020.02.24-07.30.51:165][  0]LogConfig: Applying CVar settings from Section [/Script/Engine.RendererSettings] File [C:/Users/wonji/Desktop/UnrealProjects/UnrealBook/BookPractice/Saved/Config/Windows/Engine.ini]
[2020.02.24-07.30.51:165][  0]LogConfig: Setting CVar [[r.GPUCrashDebugging:0]]
[2020.02.24-07.30.51:165][  0]LogConfig: Applying CVar settings from Section [/Script/Engine.RendererOverrideSettings] File [C:/Users/wonji/Desktop/UnrealProjects/UnrealBook/BookPractice/Saved/Config/Windows/Engine.ini]
[2020.02.24-07.30.51:165][  0]LogConfig: Applying CVar settings from Section [/Script/Engine.StreamingSettings] File [C:/Users/wonji/Desktop/UnrealProjects/UnrealBook/BookPractice/Saved/Config/Windows/Engine.ini]
[2020.02.24-07.30.51:165][  0]LogConfig: Setting CVar [[s.MinBulkDataSizeForAsyncLoading:131072]]
[2020.02.24-07.30.51:165][  0]LogConfig: Setting CVar [[s.AsyncLoadingThreadEnabled:0]]
[2020.02.24-07.30.51:165][  0]LogConfig: Setting CVar [[s.EventDrivenLoaderEnabled:1]]
[2020.02.24-07.30.51:165][  0]LogConfig: Setting CVar [[s.WarnIfTimeLimitExceeded:0]]
[2020.02.24-07.30.51:165][  0]LogConfig: Setting CVar [[s.TimeLimitExceededMultiplier:1.5]]
[2020.02.24-07.30.51:165][  0]LogConfig: Setting CVar [[s.TimeLimitExceededMinTime:0.005]]
[2020.02.24-07.30.51:165][  0]LogConfig: Setting CVar [[s.UseBackgroundLevelStreaming:1]]
[2020.02.24-07.30.51:165][  0]LogConfig: Setting CVar [[s.PriorityAsyncLoadingExtraTime:15.0]]
[2020.02.24-07.30.51:165][  0]LogConfig: Setting CVar [[s.LevelStreamingActorsUpdateTimeLimit:5.0]]
[2020.02.24-07.30.51:165][  0]LogConfig: Setting CVar [[s.PriorityLevelStreamingActorsUpdateExtraTime:5.0]]
[2020.02.24-07.30.51:165][  0]LogConfig: Setting CVar [[s.LevelStreamingComponentsRegistrationGranularity:10]]
[2020.02.24-07.30.51:165][  0]LogConfig: Setting CVar [[s.UnregisterComponentsTimeLimit:1.0]]
[2020.02.24-07.30.51:165][  0]LogConfig: Setting CVar [[s.LevelStreamingComponentsUnregistrationGranularity:5]]
[2020.02.24-07.30.51:165][  0]LogConfig: Applying CVar settings from Section [/Script/Engine.GarbageCollectionSettings] File [C:/Users/wonji/Desktop/UnrealProjects/UnrealBook/BookPractice/Saved/Config/Windows/Engine.ini]
[2020.02.24-07.30.51:165][  0]LogConfig: Setting CVar [[gc.MaxObjectsNotConsideredByGC:1]]
[2020.02.24-07.30.51:165][  0]LogConfig: Setting CVar [[gc.SizeOfPermanentObjectPool:0]]
[2020.02.24-07.30.51:165][  0]LogConfig: Setting CVar [[gc.FlushStreamingOnGC:0]]
[2020.02.24-07.30.51:165][  0]LogConfig: Setting CVar [[gc.NumRetriesBeforeForcingGC:10]]
[2020.02.24-07.30.51:165][  0]LogConfig: Setting CVar [[gc.AllowParallelGC:1]]
[2020.02.24-07.30.51:165][  0]LogConfig: Setting CVar [[gc.TimeBetweenPurgingPendingKillObjects:61.1]]
[2020.02.24-07.30.51:165][  0]LogConfig: Setting CVar [[gc.MaxObjectsInEditor:16777216]]
[2020.02.24-07.30.51:165][  0]LogConfig: Setting CVar [[gc.IncrementalBeginDestroyEnabled:1]]
[2020.02.24-07.30.51:165][  0]LogConfig: Setting CVar [[gc.CreateGCClusters:1]]
[2020.02.24-07.30.51:165][  0]LogConfig: Setting CVar [[gc.MinGCClusterSize:5]]
[2020.02.24-07.30.51:165][  0]LogConfig: Setting CVar [[gc.ActorClusteringEnabled:0]]
[2020.02.24-07.30.51:165][  0]LogConfig: Setting CVar [[gc.BlueprintClusteringEnabled:0]]
[2020.02.24-07.30.51:165][  0]LogConfig: Setting CVar [[gc.UseDisregardForGCOnDedicatedServers:0]]
[2020.02.24-07.30.51:165][  0]LogConfig: Applying CVar settings from Section [/Script/Engine.NetworkSettings] File [C:/Users/wonji/Desktop/UnrealProjects/UnrealBook/BookPractice/Saved/Config/Windows/Engine.ini]
[2020.02.24-07.30.51:165][  0]LogConfig: Applying CVar settings from Section [/Script/UnrealEd.CookerSettings] File [C:/Users/wonji/Desktop/UnrealProjects/UnrealBook/BookPractice/Saved/Config/Windows/Engine.ini]
[2020.02.24-07.30.51:172][  0]LogConfig: Applying CVar settings from Section [ViewDistanceQuality@3] File [C:/Users/wonji/Desktop/UnrealProjects/UnrealBook/BookPractice/Saved/Config/Windows/Scalability.ini]
[2020.02.24-07.30.51:172][  0]LogConfig: Setting CVar [[r.SkeletalMeshLODBias:0]]
[2020.02.24-07.30.51:172][  0]LogConfig: Setting CVar [[r.ViewDistanceScale:1.0]]
[2020.02.24-07.30.51:172][  0]LogConfig: Applying CVar settings from Section [AntiAliasingQuality@3] File [C:/Users/wonji/Desktop/UnrealProjects/UnrealBook/BookPractice/Saved/Config/Windows/Scalability.ini]
[2020.02.24-07.30.51:172][  0]LogConfig: Setting CVar [[r.PostProcessAAQuality:4]]
[2020.02.24-07.30.51:172][  0]LogConfig: Applying CVar settings from Section [ShadowQuality@3] File [C:/Users/wonji/Desktop/UnrealProjects/UnrealBook/BookPractice/Saved/Config/Windows/Scalability.ini]
[2020.02.24-07.30.51:172][  0]LogConfig: Setting CVar [[r.LightFunctionQuality:1]]
[2020.02.24-07.30.51:172][  0]LogConfig: Setting CVar [[r.ShadowQuality:5]]
[2020.02.24-07.30.51:172][  0]LogConfig: Setting CVar [[r.Shadow.CSM.MaxCascades:10]]
[2020.02.24-07.30.51:172][  0]LogConfig: Setting CVar [[r.Shadow.MaxResolution:2048]]
[2020.02.24-07.30.51:172][  0]LogConfig: Setting CVar [[r.Shadow.MaxCSMResolution:2048]]
[2020.02.24-07.30.51:172][  0]LogConfig: Setting CVar [[r.Shadow.RadiusThreshold:0.01]]
[2020.02.24-07.30.51:172][  0]LogConfig: Setting CVar [[r.Shadow.DistanceScale:1.0]]
[2020.02.24-07.30.51:172][  0]LogConfig: Setting CVar [[r.Shadow.CSM.TransitionScale:1.0]]
[2020.02.24-07.30.51:172][  0]LogConfig: Setting CVar [[r.Shadow.PreShadowResolutionFactor:1.0]]
[2020.02.24-07.30.51:172][  0]LogConfig: Setting CVar [[r.DistanceFieldShadowing:1]]
[2020.02.24-07.30.51:172][  0]LogConfig: Setting CVar [[r.DistanceFieldAO:1]]
[2020.02.24-07.30.51:172][  0]LogConfig: Setting CVar [[r.AOQuality:2]]
[2020.02.24-07.30.51:172][  0]LogConfig: Setting CVar [[r.VolumetricFog:1]]
[2020.02.24-07.30.51:172][  0]LogConfig: Setting CVar [[r.VolumetricFog.GridPixelSize:8]]
[2020.02.24-07.30.51:172][  0]LogConfig: Setting CVar [[r.VolumetricFog.GridSizeZ:128]]
[2020.02.24-07.30.51:172][  0]LogConfig: Setting CVar [[r.VolumetricFog.HistoryMissSupersampleCount:4]]
[2020.02.24-07.30.51:172][  0]LogConfig: Setting CVar [[r.LightMaxDrawDistanceScale:1]]
[2020.02.24-07.30.51:172][  0]LogConfig: Setting CVar [[r.CapsuleShadows:1]]
[2020.02.24-07.30.51:172][  0]LogConfig: Applying CVar settings from Section [PostProcessQuality@3] File [C:/Users/wonji/Desktop/UnrealProjects/UnrealBook/BookPractice/Saved/Config/Windows/Scalability.ini]
[2020.02.24-07.30.51:172][  0]LogConfig: Setting CVar [[r.MotionBlurQuality:4]]
[2020.02.24-07.30.51:172][  0]LogConfig: Setting CVar [[r.AmbientOcclusionMipLevelFactor:0.4]]
[2020.02.24-07.30.51:172][  0]LogConfig: Setting CVar [[r.AmbientOcclusionMaxQuality:100]]
[2020.02.24-07.30.51:172][  0]LogConfig: Setting CVar [[r.AmbientOcclusionLevels:-1]]
[2020.02.24-07.30.51:172][  0]LogConfig: Setting CVar [[r.AmbientOcclusionRadiusScale:1.0]]
[2020.02.24-07.30.51:172][  0]LogConfig: Setting CVar [[r.DepthOfFieldQuality:2]]
[2020.02.24-07.30.51:172][  0]LogConfig: Setting CVar [[r.RenderTargetPoolMin:400]]
[2020.02.24-07.30.51:172][  0]LogConfig: Setting CVar [[r.LensFlareQuality:2]]
[2020.02.24-07.30.51:172][  0]LogConfig: Setting CVar [[r.SceneColorFringeQuality:1]]
[2020.02.24-07.30.51:172][  0]LogConfig: Setting CVar [[r.EyeAdaptationQuality:2]]
[2020.02.24-07.30.51:172][  0]LogConfig: Setting CVar [[r.BloomQuality:5]]
[2020.02.24-07.30.51:172][  0]LogConfig: Setting CVar [[r.FastBlurThreshold:100]]
[2020.02.24-07.30.51:172][  0]LogConfig: Setting CVar [[r.Upscale.Quality:3]]
[2020.02.24-07.30.51:172][  0]LogConfig: Setting CVar [[r.Tonemapper.GrainQuantization:1]]
[2020.02.24-07.30.51:172][  0]LogConfig: Setting CVar [[r.LightShaftQuality:1]]
[2020.02.24-07.30.51:173][  0]LogConfig: Setting CVar [[r.Filter.SizeScale:1]]
[2020.02.24-07.30.51:173][  0]LogConfig: Setting CVar [[r.Tonemapper.Quality:5]]
[2020.02.24-07.30.51:173][  0]LogConfig: Setting CVar [[r.DOF.Gather.AccumulatorQuality:1        ; higher gathering accumulator quality]]
[2020.02.24-07.30.51:173][  0]LogConfig: Setting CVar [[r.DOF.Gather.PostfilterMethod:1          ; Median3x3 postfilering method]]
[2020.02.24-07.30.51:173][  0]LogConfig: Setting CVar [[r.DOF.Gather.EnableBokehSettings:0       ; no bokeh simulation when gathering]]
[2020.02.24-07.30.51:173][  0]LogConfig: Setting CVar [[r.DOF.Gather.RingCount:4                 ; medium number of samples when gathering]]
[2020.02.24-07.30.51:173][  0]LogConfig: Setting CVar [[r.DOF.Scatter.ForegroundCompositing:1    ; additive foreground scattering]]
[2020.02.24-07.30.51:173][  0]LogConfig: Setting CVar [[r.DOF.Scatter.BackgroundCompositing:2    ; additive background scattering]]
[2020.02.24-07.30.51:173][  0]LogConfig: Setting CVar [[r.DOF.Scatter.EnableBokehSettings:1      ; bokeh simulation when scattering]]
[2020.02.24-07.30.51:173][  0]LogConfig: Setting CVar [[r.DOF.Scatter.MaxSpriteRatio:0.1         ; only a maximum of 10% of scattered bokeh]]
[2020.02.24-07.30.51:173][  0]LogConfig: Setting CVar [[r.DOF.Recombine.Quality:1                ; cheap slight out of focus]]
[2020.02.24-07.30.51:173][  0]LogConfig: Setting CVar [[r.DOF.Recombine.EnableBokehSettings:0    ; no bokeh simulation on slight out of focus]]
[2020.02.24-07.30.51:173][  0]LogConfig: Setting CVar [[r.DOF.TemporalAAQuality:1                ; more stable temporal accumulation]]
[2020.02.24-07.30.51:173][  0]LogConfig: Setting CVar [[r.DOF.Kernel.MaxForegroundRadius:0.025]]
[2020.02.24-07.30.51:173][  0]LogConfig: Setting CVar [[r.DOF.Kernel.MaxBackgroundRadius:0.025]]
[2020.02.24-07.30.51:173][  0]LogConfig: Applying CVar settings from Section [TextureQuality@3] File [C:/Users/wonji/Desktop/UnrealProjects/UnrealBook/BookPractice/Saved/Config/Windows/Scalability.ini]
[2020.02.24-07.30.51:173][  0]LogConfig: Setting CVar [[r.Streaming.MipBias:0]]
[2020.02.24-07.30.51:173][  0]LogConfig: Setting CVar [[r.Streaming.AmortizeCPUToGPUCopy:0]]
[2020.02.24-07.30.51:173][  0]LogConfig: Setting CVar [[r.Streaming.MaxNumTexturesToStreamPerFrame:0]]
[2020.02.24-07.30.51:173][  0]LogConfig: Setting CVar [[r.Streaming.Boost:1]]
[2020.02.24-07.30.51:173][  0]LogConfig: Setting CVar [[r.MaxAnisotropy:8]]
[2020.02.24-07.30.51:173][  0]LogConfig: Setting CVar [[r.Streaming.LimitPoolSizeToVRAM:0]]
[2020.02.24-07.30.51:173][  0]LogConfig: Setting CVar [[r.Streaming.PoolSize:1000]]
[2020.02.24-07.30.51:173][  0]LogConfig: Setting CVar [[r.Streaming.MaxEffectiveScreenSize:0]]
[2020.02.24-07.30.51:173][  0]LogConfig: Applying CVar settings from Section [EffectsQuality@3] File [C:/Users/wonji/Desktop/UnrealProjects/UnrealBook/BookPractice/Saved/Config/Windows/Scalability.ini]
[2020.02.24-07.30.51:173][  0]LogConfig: Setting CVar [[r.TranslucencyLightingVolumeDim:64]]
[2020.02.24-07.30.51:173][  0]LogConfig: Setting CVar [[r.RefractionQuality:2]]
[2020.02.24-07.30.51:173][  0]LogConfig: Setting CVar [[r.SSR.Quality:3]]
[2020.02.24-07.30.51:173][  0]LogConfig: Setting CVar [[r.SceneColorFormat:4]]
[2020.02.24-07.30.51:173][  0]LogConfig: Setting CVar [[r.DetailMode:2]]
[2020.02.24-07.30.51:173][  0]LogConfig: Setting CVar [[r.TranslucencyVolumeBlur:1]]
[2020.02.24-07.30.51:173][  0]LogConfig: Setting CVar [[r.MaterialQualityLevel:1 ; High quality]]
[2020.02.24-07.30.51:173][  0]LogConfig: Setting CVar [[r.SSS.Scale:1]]
[2020.02.24-07.30.51:173][  0]LogConfig: Setting CVar [[r.SSS.SampleSet:2]]
[2020.02.24-07.30.51:173][  0]LogConfig: Setting CVar [[r.SSS.Quality:1]]
[2020.02.24-07.30.51:173][  0]LogConfig: Setting CVar [[r.SSS.HalfRes:1]]
[2020.02.24-07.30.51:173][  0]LogConfig: Setting CVar [[r.EmitterSpawnRateScale:1.0]]
[2020.02.24-07.30.51:173][  0]LogConfig: Setting CVar [[r.ParticleLightQuality:2]]
[2020.02.24-07.30.51:173][  0]LogConfig: Applying CVar settings from Section [FoliageQuality@3] File [C:/Users/wonji/Desktop/UnrealProjects/UnrealBook/BookPractice/Saved/Config/Windows/Scalability.ini]
[2020.02.24-07.30.51:173][  0]LogConfig: Setting CVar [[foliage.DensityScale:1.0]]
[2020.02.24-07.30.51:173][  0]LogConfig: Setting CVar [[grass.DensityScale:1.0]]
[2020.02.24-07.30.51:174][  0]LogInit: Selected Device Profile: [Windows]
[2020.02.24-07.30.51:174][  0]LogInit: Applying CVar settings loaded from the selected device profile: [Windows]
[2020.02.24-07.30.51:199][  0]LogHAL: Display: Platform has ~ 16 GB [17073135616 / 17179869184 / 16], which maps to Larger [LargestMinGB=32, LargerMinGB=12, DefaultMinGB=8, SmallerMinGB=6, SmallestMinGB=0)
[2020.02.24-07.30.51:199][  0]LogConfig: Setting CVar [[r.Vulkan.UseRealUBs:0		; Required until we fix HLR fall-out]]
[2020.02.24-07.30.51:200][  0]LogInit: Going up to parent DeviceProfile []
[2020.02.24-07.30.51:200][  0]LogConfig: Applying CVar settings from Section [ViewDistanceQuality@3] File [C:/Users/wonji/Desktop/UnrealProjects/UnrealBook/BookPractice/Saved/Config/Windows/Scalability.ini]
[2020.02.24-07.30.51:200][  0]LogConfig: Setting CVar [[r.SkeletalMeshLODBias:0]]
[2020.02.24-07.30.51:200][  0]LogConfig: Setting CVar [[r.ViewDistanceScale:1.0]]
[2020.02.24-07.30.51:200][  0]LogConfig: Applying CVar settings from Section [AntiAliasingQuality@3] File [C:/Users/wonji/Desktop/UnrealProjects/UnrealBook/BookPractice/Saved/Config/Windows/Scalability.ini]
[2020.02.24-07.30.51:200][  0]LogConfig: Setting CVar [[r.PostProcessAAQuality:4]]
[2020.02.24-07.30.51:200][  0]LogConfig: Applying CVar settings from Section [ShadowQuality@3] File [C:/Users/wonji/Desktop/UnrealProjects/UnrealBook/BookPractice/Saved/Config/Windows/Scalability.ini]
[2020.02.24-07.30.51:200][  0]LogConfig: Setting CVar [[r.LightFunctionQuality:1]]
[2020.02.24-07.30.51:200][  0]LogConfig: Setting CVar [[r.ShadowQuality:5]]
[2020.02.24-07.30.51:200][  0]LogConfig: Setting CVar [[r.Shadow.CSM.MaxCascades:10]]
[2020.02.24-07.30.51:200][  0]LogConfig: Setting CVar [[r.Shadow.MaxResolution:2048]]
[2020.02.24-07.30.51:200][  0]LogConfig: Setting CVar [[r.Shadow.MaxCSMResolution:2048]]
[2020.02.24-07.30.51:200][  0]LogConfig: Setting CVar [[r.Shadow.RadiusThreshold:0.01]]
[2020.02.24-07.30.51:200][  0]LogConfig: Setting CVar [[r.Shadow.DistanceScale:1.0]]
[2020.02.24-07.30.51:200][  0]LogConfig: Setting CVar [[r.Shadow.CSM.TransitionScale:1.0]]
[2020.02.24-07.30.51:200][  0]LogConfig: Setting CVar [[r.Shadow.PreShadowResolutionFactor:1.0]]
[2020.02.24-07.30.51:200][  0]LogConfig: Setting CVar [[r.DistanceFieldShadowing:1]]
[2020.02.24-07.30.51:200][  0]LogConfig: Setting CVar [[r.DistanceFieldAO:1]]
[2020.02.24-07.30.51:200][  0]LogConfig: Setting CVar [[r.AOQuality:2]]
[2020.02.24-07.30.51:200][  0]LogConfig: Setting CVar [[r.VolumetricFog:1]]
[2020.02.24-07.30.51:200][  0]LogConfig: Setting CVar [[r.VolumetricFog.GridPixelSize:8]]
[2020.02.24-07.30.51:200][  0]LogConfig: Setting CVar [[r.VolumetricFog.GridSizeZ:128]]
[2020.02.24-07.30.51:200][  0]LogConfig: Setting CVar [[r.VolumetricFog.HistoryMissSupersampleCount:4]]
[2020.02.24-07.30.51:200][  0]LogConfig: Setting CVar [[r.LightMaxDrawDistanceScale:1]]
[2020.02.24-07.30.51:200][  0]LogConfig: Setting CVar [[r.CapsuleShadows:1]]
[2020.02.24-07.30.51:200][  0]LogConfig: Applying CVar settings from Section [PostProcessQuality@3] File [C:/Users/wonji/Desktop/UnrealProjects/UnrealBook/BookPractice/Saved/Config/Windows/Scalability.ini]
[2020.02.24-07.30.51:200][  0]LogConfig: Setting CVar [[r.MotionBlurQuality:4]]
[2020.02.24-07.30.51:200][  0]LogConfig: Setting CVar [[r.AmbientOcclusionMipLevelFactor:0.4]]
[2020.02.24-07.30.51:200][  0]LogConfig: Setting CVar [[r.AmbientOcclusionMaxQuality:100]]
[2020.02.24-07.30.51:200][  0]LogConfig: Setting CVar [[r.AmbientOcclusionLevels:-1]]
[2020.02.24-07.30.51:200][  0]LogConfig: Setting CVar [[r.AmbientOcclusionRadiusScale:1.0]]
[2020.02.24-07.30.51:200][  0]LogConfig: Setting CVar [[r.DepthOfFieldQuality:2]]
[2020.02.24-07.30.51:200][  0]LogConfig: Setting CVar [[r.RenderTargetPoolMin:400]]
[2020.02.24-07.30.51:200][  0]LogConfig: Setting CVar [[r.LensFlareQuality:2]]
[2020.02.24-07.30.51:200][  0]LogConfig: Setting CVar [[r.SceneColorFringeQuality:1]]
[2020.02.24-07.30.51:200][  0]LogConfig: Setting CVar [[r.EyeAdaptationQuality:2]]
[2020.02.24-07.30.51:200][  0]LogConfig: Setting CVar [[r.BloomQuality:5]]
[2020.02.24-07.30.51:200][  0]LogConfig: Setting CVar [[r.FastBlurThreshold:100]]
[2020.02.24-07.30.51:200][  0]LogConfig: Setting CVar [[r.Upscale.Quality:3]]
[2020.02.24-07.30.51:200][  0]LogConfig: Setting CVar [[r.Tonemapper.GrainQuantization:1]]
[2020.02.24-07.30.51:200][  0]LogConfig: Setting CVar [[r.LightShaftQuality:1]]
[2020.02.24-07.30.51:200][  0]LogConfig: Setting CVar [[r.Filter.SizeScale:1]]
[2020.02.24-07.30.51:200][  0]LogConfig: Setting CVar [[r.Tonemapper.Quality:5]]
[2020.02.24-07.30.51:200][  0]LogConfig: Setting CVar [[r.DOF.Gather.AccumulatorQuality:1        ; higher gathering accumulator quality]]
[2020.02.24-07.30.51:201][  0]LogConfig: Setting CVar [[r.DOF.Gather.PostfilterMethod:1          ; Median3x3 postfilering method]]
[2020.02.24-07.30.51:201][  0]LogConfig: Setting CVar [[r.DOF.Gather.EnableBokehSettings:0       ; no bokeh simulation when gathering]]
[2020.02.24-07.30.51:201][  0]LogConfig: Setting CVar [[r.DOF.Gather.RingCount:4                 ; medium number of samples when gathering]]
[2020.02.24-07.30.51:201][  0]LogConfig: Setting CVar [[r.DOF.Scatter.ForegroundCompositing:1    ; additive foreground scattering]]
[2020.02.24-07.30.51:201][  0]LogConfig: Setting CVar [[r.DOF.Scatter.BackgroundCompositing:2    ; additive background scattering]]
[2020.02.24-07.30.51:201][  0]LogConfig: Setting CVar [[r.DOF.Scatter.EnableBokehSettings:1      ; bokeh simulation when scattering]]
[2020.02.24-07.30.51:201][  0]LogConfig: Setting CVar [[r.DOF.Scatter.MaxSpriteRatio:0.1         ; only a maximum of 10% of scattered bokeh]]
[2020.02.24-07.30.51:201][  0]LogConfig: Setting CVar [[r.DOF.Recombine.Quality:1                ; cheap slight out of focus]]
[2020.02.24-07.30.51:201][  0]LogConfig: Setting CVar [[r.DOF.Recombine.EnableBokehSettings:0    ; no bokeh simulation on slight out of focus]]
[2020.02.24-07.30.51:201][  0]LogConfig: Setting CVar [[r.DOF.TemporalAAQuality:1                ; more stable temporal accumulation]]
[2020.02.24-07.30.51:201][  0]LogConfig: Setting CVar [[r.DOF.Kernel.MaxForegroundRadius:0.025]]
[2020.02.24-07.30.51:201][  0]LogConfig: Setting CVar [[r.DOF.Kernel.MaxBackgroundRadius:0.025]]
[2020.02.24-07.30.51:201][  0]LogConfig: Applying CVar settings from Section [TextureQuality@3] File [C:/Users/wonji/Desktop/UnrealProjects/UnrealBook/BookPractice/Saved/Config/Windows/Scalability.ini]
[2020.02.24-07.30.51:201][  0]LogConfig: Setting CVar [[r.Streaming.MipBias:0]]
[2020.02.24-07.30.51:201][  0]LogConfig: Setting CVar [[r.Streaming.AmortizeCPUToGPUCopy:0]]
[2020.02.24-07.30.51:201][  0]LogConfig: Setting CVar [[r.Streaming.MaxNumTexturesToStreamPerFrame:0]]
[2020.02.24-07.30.51:201][  0]LogConfig: Setting CVar [[r.Streaming.Boost:1]]
[2020.02.24-07.30.51:201][  0]LogConfig: Setting CVar [[r.MaxAnisotropy:8]]
[2020.02.24-07.30.51:201][  0]LogConfig: Setting CVar [[r.Streaming.LimitPoolSizeToVRAM:0]]
[2020.02.24-07.30.51:201][  0]LogConfig: Setting CVar [[r.Streaming.PoolSize:1000]]
[2020.02.24-07.30.51:201][  0]LogConfig: Setting CVar [[r.Streaming.MaxEffectiveScreenSize:0]]
[2020.02.24-07.30.51:201][  0]LogConfig: Applying CVar settings from Section [EffectsQuality@3] File [C:/Users/wonji/Desktop/UnrealProjects/UnrealBook/BookPractice/Saved/Config/Windows/Scalability.ini]
[2020.02.24-07.30.51:201][  0]LogConfig: Setting CVar [[r.TranslucencyLightingVolumeDim:64]]
[2020.02.24-07.30.51:201][  0]LogConfig: Setting CVar [[r.RefractionQuality:2]]
[2020.02.24-07.30.51:201][  0]LogConfig: Setting CVar [[r.SSR.Quality:3]]
[2020.02.24-07.30.51:201][  0]LogConfig: Setting CVar [[r.SceneColorFormat:4]]
[2020.02.24-07.30.51:201][  0]LogConfig: Setting CVar [[r.DetailMode:2]]
[2020.02.24-07.30.51:201][  0]LogConfig: Setting CVar [[r.TranslucencyVolumeBlur:1]]
[2020.02.24-07.30.51:201][  0]LogConfig: Setting CVar [[r.MaterialQualityLevel:1 ; High quality]]
[2020.02.24-07.30.51:201][  0]LogConfig: Setting CVar [[r.SSS.Scale:1]]
[2020.02.24-07.30.51:201][  0]LogConfig: Setting CVar [[r.SSS.SampleSet:2]]
[2020.02.24-07.30.51:201][  0]LogConfig: Setting CVar [[r.SSS.Quality:1]]
[2020.02.24-07.30.51:201][  0]LogConfig: Setting CVar [[r.SSS.HalfRes:1]]
[2020.02.24-07.30.51:201][  0]LogConfig: Setting CVar [[r.EmitterSpawnRateScale:1.0]]
[2020.02.24-07.30.51:201][  0]LogConfig: Setting CVar [[r.ParticleLightQuality:2]]
[2020.02.24-07.30.51:201][  0]LogConfig: Applying CVar settings from Section [FoliageQuality@3] File [C:/Users/wonji/Desktop/UnrealProjects/UnrealBook/BookPractice/Saved/Config/Windows/Scalability.ini]
[2020.02.24-07.30.51:201][  0]LogConfig: Setting CVar [[foliage.DensityScale:1.0]]
[2020.02.24-07.30.51:201][  0]LogConfig: Setting CVar [[grass.DensityScale:1.0]]
[2020.02.24-07.30.51:201][  0]LogConfig: Applying CVar settings from Section [Startup] File [../../../Engine/Config/ConsoleVariables.ini]
[2020.02.24-07.30.51:205][  0]LogConfig: Setting CVar [[net.UseAdaptiveNetUpdateFrequency:0]]
[2020.02.24-07.30.51:205][  0]LogConfig: Setting CVar [[p.chaos.AllowCreatePhysxBodies:1]]
[2020.02.24-07.30.51:205][  0]LogConfig: Applying CVar settings from Section [ConsoleVariables] File [C:/Users/wonji/Desktop/UnrealProjects/UnrealBook/BookPractice/Saved/Config/Windows/Engine.ini]
[2020.02.24-07.30.51:205][  0]LogInit: Computer: LAPTOP-1UG54T2R
[2020.02.24-07.30.51:206][  0]LogInit: User: wonji
[2020.02.24-07.30.51:206][  0]LogInit: CPU Page size=4096, Cores=6
[2020.02.24-07.30.51:206][  0]LogInit: High frequency timer resolution =10.000000 MHz
[2020.02.24-07.30.51:206][  0]LogMemory: Memory total: Physical=15.9GB (16GB approx)
[2020.02.24-07.30.51:206][  0]LogMemory: Platform Memory Stats for Windows
[2020.02.24-07.30.51:206][  0]LogMemory: Process Physical Memory: 101.20 MB used, 101.21 MB peak
[2020.02.24-07.30.51:206][  0]LogMemory: Process Virtual Memory: 93.29 MB used, 93.29 MB peak
[2020.02.24-07.30.51:206][  0]LogMemory: Physical Memory: 5670.27 MB used,  10611.95 MB free, 16282.21 MB total
[2020.02.24-07.30.51:206][  0]LogMemory: Virtual Memory: 4664.77 MB used,  134213064.00 MB free, 134217728.00 MB total
[2020.02.24-07.30.51:450][  0]LogInit: Using OS detected language (ko-KR).
[2020.02.24-07.30.51:450][  0]LogInit: Using OS detected locale (ko-KR).
[2020.02.24-07.30.51:451][  0]LogTextLocalizationManager: No specific localization for 'ko-KR' exists, so the 'ko' localization will be used.
[2020.02.24-07.30.51:659][  0]LogInit: Setting process to per monitor DPI aware
[2020.02.24-07.30.51:755][  0]LogSlate: New Slate User Created.  User Index 0, Is Virtual User: 0
[2020.02.24-07.30.51:755][  0]LogSlate: Slate User Registered.  User Index 0, Is Virtual User: 0
[2020.02.24-07.30.54:547][  0]LogHMD: Failed to initialize OpenVR with code 110
[2020.02.24-07.30.54:547][  0]LogD3D11RHI: D3D11 adapters:
[2020.02.24-07.30.54:661][  0]LogD3D11RHI:    0. 'NVIDIA GeForce RTX 2080 with Max-Q Design' (Feature Level 11_0)
[2020.02.24-07.30.54:661][  0]LogD3D11RHI:       8010/0/8141 MB DedicatedVideo/DedicatedSystem/SharedSystem, Outputs:2, VendorId:0x10de
[2020.02.24-07.30.54:706][  0]LogD3D11RHI:    1. 'Intel(R) UHD Graphics 630' (Feature Level 11_0)
[2020.02.24-07.30.54:706][  0]LogD3D11RHI:       128/0/8141 MB DedicatedVideo/DedicatedSystem/SharedSystem, Outputs:0, VendorId:0x8086
[2020.02.24-07.30.54:726][  0]LogD3D11RHI:    2. 'Microsoft Basic Render Driver' (Feature Level 11_0)
[2020.02.24-07.30.54:726][  0]LogD3D11RHI:       0/0/8141 MB DedicatedVideo/DedicatedSystem/SharedSystem, Outputs:0, VendorId:0x1414
[2020.02.24-07.30.54:726][  0]LogD3D11RHI: Chosen D3D11 Adapter: 0
[2020.02.24-07.30.54:758][  0]LogD3D11RHI: Creating new Direct3DDevice
[2020.02.24-07.30.54:758][  0]LogD3D11RHI:     GPU DeviceId: 0x1e90 (for the marketing name, search the web for "GPU Device Id")
[2020.02.24-07.30.54:759][  0]LogWindows: EnumDisplayDevices:
[2020.02.24-07.30.54:759][  0]LogWindows:    0. 'Intel(R) UHD Graphics 630' (P:1 D:1)
[2020.02.24-07.30.54:759][  0]LogWindows:    1. 'Intel(R) UHD Graphics 630' (P:0 D:0)
[2020.02.24-07.30.54:759][  0]LogWindows:    2. 'Intel(R) UHD Graphics 630' (P:0 D:0)
[2020.02.24-07.30.54:759][  0]LogWindows:    3. 'NVIDIA GeForce RTX 2080 with Max-Q Design' (P:0 D:1)
[2020.02.24-07.30.54:760][  0]LogWindows:    4. 'NVIDIA GeForce RTX 2080 with Max-Q Design' (P:0 D:0)
[2020.02.24-07.30.54:760][  0]LogWindows:    5. 'NVIDIA GeForce RTX 2080 with Max-Q Design' (P:0 D:0)
[2020.02.24-07.30.54:760][  0]LogWindows:    6. 'NVIDIA GeForce RTX 2080 with Max-Q Design' (P:0 D:0)
[2020.02.24-07.30.54:760][  0]LogWindows: DebugString: PrimaryIsNotTheChoosenAdapter PrimaryIsNotTheChoosenAdapter PrimaryIsNotTheChoosenAdapter FoundDriverCount:4 
[2020.02.24-07.30.54:760][  0]LogD3D11RHI:     Adapter Name: NVIDIA GeForce RTX 2080 with Max-Q Design
[2020.02.24-07.30.54:760][  0]LogD3D11RHI:   Driver Version: 425.45 (internal:25.21.14.2545, unified:425.45)
[2020.02.24-07.30.54:760][  0]LogD3D11RHI:      Driver Date: 4-23-2019
[2020.02.24-07.30.54:760][  0]LogRHI: Texture pool is 5607 MB (70% of 8010 MB)
[2020.02.24-07.30.54:813][  0]LogD3D11RHI: Async texture creation enabled
[2020.02.24-07.30.54:823][  0]LogRendererCore: FGlobalReadBuffer::InitRHI
[2020.02.24-07.30.54:824][  0]LogRendererCore: FGlobalReadBuffer::InitRHI
[2020.02.24-07.30.54:824][  0]LogRendererCore: FGlobalReadBuffer::InitRHI
[2020.02.24-07.30.54:838][  0]LogD3D11RHI: GPU Timing Frequency: 1000.000000 (Debug: 2 2)
[2020.02.24-07.30.55:413][  0]LogTemp: Display: Module 'AllDesktopTargetPlatform' loaded TargetPlatform 'AllDesktop'
[2020.02.24-07.30.55:429][  0]LogTemp: Display: Module 'MacClientTargetPlatform' loaded TargetPlatform 'MacClient'
[2020.02.24-07.30.55:444][  0]LogTemp: Display: Module 'MacNoEditorTargetPlatform' loaded TargetPlatform 'MacNoEditor'
[2020.02.24-07.30.55:459][  0]LogTemp: Display: Module 'MacServerTargetPlatform' loaded TargetPlatform 'MacServer'
[2020.02.24-07.30.55:480][  0]LogTemp: Display: Module 'MacTargetPlatform' loaded TargetPlatform 'Mac'
[2020.02.24-07.30.55:520][  0]LogTemp: Display: Module 'WindowsClientTargetPlatform' loaded TargetPlatform 'WindowsClient'
[2020.02.24-07.30.55:536][  0]LogTemp: Display: Module 'WindowsNoEditorTargetPlatform' loaded TargetPlatform 'WindowsNoEditor'
[2020.02.24-07.30.55:553][  0]LogTemp: Display: Module 'WindowsServerTargetPlatform' loaded TargetPlatform 'WindowsServer'
[2020.02.24-07.30.55:561][  0]LogTemp: Display: Module 'WindowsTargetPlatform' loaded TargetPlatform 'Windows'
[2020.02.24-07.30.55:642][  0]LogTemp: Display: Module 'AndroidTargetPlatform' loaded TargetPlatform 'Android'
[2020.02.24-07.30.55:642][  0]LogTemp: Display: Module 'AndroidTargetPlatform' loaded TargetPlatform 'Android_ASTC'
[2020.02.24-07.30.55:642][  0]LogTemp: Display: Module 'AndroidTargetPlatform' loaded TargetPlatform 'Android_ATC'
[2020.02.24-07.30.55:642][  0]LogTemp: Display: Module 'AndroidTargetPlatform' loaded TargetPlatform 'Android_DXT'
[2020.02.24-07.30.55:643][  0]LogTemp: Display: Module 'AndroidTargetPlatform' loaded TargetPlatform 'Android_ETC1'
[2020.02.24-07.30.55:643][  0]LogTemp: Display: Module 'AndroidTargetPlatform' loaded TargetPlatform 'Android_ETC1a'
[2020.02.24-07.30.55:643][  0]LogTemp: Display: Module 'AndroidTargetPlatform' loaded TargetPlatform 'Android_ETC2'
[2020.02.24-07.30.55:643][  0]LogTemp: Display: Module 'AndroidTargetPlatform' loaded TargetPlatform 'Android_PVRTC'
[2020.02.24-07.30.55:643][  0]LogTemp: Display: Module 'AndroidTargetPlatform' loaded TargetPlatform 'AndroidClient'
[2020.02.24-07.30.55:643][  0]LogTemp: Display: Module 'AndroidTargetPlatform' loaded TargetPlatform 'Android_ASTCClient'
[2020.02.24-07.30.55:643][  0]LogTemp: Display: Module 'AndroidTargetPlatform' loaded TargetPlatform 'Android_ATCClient'
[2020.02.24-07.30.55:643][  0]LogTemp: Display: Module 'AndroidTargetPlatform' loaded TargetPlatform 'Android_DXTClient'
[2020.02.24-07.30.55:643][  0]LogTemp: Display: Module 'AndroidTargetPlatform' loaded TargetPlatform 'Android_ETC1Client'
[2020.02.24-07.30.55:643][  0]LogTemp: Display: Module 'AndroidTargetPlatform' loaded TargetPlatform 'Android_ETC1aClient'
[2020.02.24-07.30.55:643][  0]LogTemp: Display: Module 'AndroidTargetPlatform' loaded TargetPlatform 'Android_ETC2Client'
[2020.02.24-07.30.55:643][  0]LogTemp: Display: Module 'AndroidTargetPlatform' loaded TargetPlatform 'Android_PVRTCClient'
[2020.02.24-07.30.55:643][  0]LogTemp: Display: Module 'AndroidTargetPlatform' loaded TargetPlatform 'Android_Multi'
[2020.02.24-07.30.55:643][  0]LogTemp: Display: Module 'AndroidTargetPlatform' loaded TargetPlatform 'Android_MultiClient'
[2020.02.24-07.30.55:650][  0]LogTemp: Display: Module 'HTML5TargetPlatform' loaded TargetPlatform 'HTML5'
[2020.02.24-07.30.55:708][  0]LogTemp: Display: Module 'IOSTargetPlatform' loaded TargetPlatform 'IOSClient'
[2020.02.24-07.30.55:708][  0]LogTemp: Display: Module 'IOSTargetPlatform' loaded TargetPlatform 'IOS'
[2020.02.24-07.30.55:731][  0]LogTemp: Display: Module 'TVOSTargetPlatform' loaded TargetPlatform 'TVOSClient'
[2020.02.24-07.30.55:731][  0]LogTemp: Display: Module 'TVOSTargetPlatform' loaded TargetPlatform 'TVOS'
[2020.02.24-07.30.55:744][  0]LogTemp: Display: Module 'LinuxClientTargetPlatform' loaded TargetPlatform 'LinuxClient'
[2020.02.24-07.30.55:757][  0]LogTemp: Display: Module 'LinuxNoEditorTargetPlatform' loaded TargetPlatform 'LinuxNoEditor'
[2020.02.24-07.30.55:769][  0]LogTemp: Display: Module 'LinuxServerTargetPlatform' loaded TargetPlatform 'LinuxServer'
[2020.02.24-07.30.55:792][  0]LogTemp: Display: Module 'LinuxTargetPlatform' loaded TargetPlatform 'Linux'
[2020.02.24-07.30.55:851][  0]LogTemp: Display: Module 'LuminTargetPlatform' loaded TargetPlatform 'Lumin'
[2020.02.24-07.30.55:851][  0]LogTemp: Display: Module 'LuminTargetPlatform' loaded TargetPlatform 'LuminClient'
[2020.02.24-07.30.55:851][  0]LogTargetPlatformManager: Display: Building Assets For Windows
[2020.02.24-07.30.55:888][  0]LogAudioDebug: Display: Lib vorbis DLL was dynamically loaded.
[2020.02.24-07.30.56:018][  0]LogShaderCompilers: Guid format shader working directory is -30 characters bigger than the processId version (../../../../../../Users/wonji/Desktop/UnrealProjects/UnrealBook/BookPractice/Intermediate/Shaders/WorkingDirectory/6000/).
[2020.02.24-07.30.56:018][  0]LogShaderCompilers: Cleaned the shader compiler working directory 'C:/Users/wonji/AppData/Local/Temp/UnrealShaderWorkingDir/3C7DDA524E002B086A14F09CD404B524/'.
[2020.02.24-07.30.56:022][  0]LogXGEController: Cleaning working directory: C:/Users/wonji/AppData/Local/Temp/UnrealXGEWorkingDir/
[2020.02.24-07.30.56:022][  0]LogXGEController: Cannot use XGE Controller as Incredibuild is not installed on this machine.
[2020.02.24-07.30.56:022][  0]LogShaderCompilers: Cannot use XGE Shader Compiler as Incredibuild is not installed on this machine.
[2020.02.24-07.30.56:022][  0]LogShaderCompilers: Display: Using Local Shader Compiler.
[2020.02.24-07.30.58:353][  0]LogDerivedDataCache: Display: Max Cache Size: 512 MB
[2020.02.24-07.30.58:475][  0]LogDerivedDataCache: Loaded boot cache 0.12s 77MB C:/Users/wonji/AppData/Local/UnrealEngine/4.22/DerivedDataCache/Boot.ddc.
[2020.02.24-07.30.58:475][  0]LogDerivedDataCache: Display: Loaded Boot cache: C:/Users/wonji/AppData/Local/UnrealEngine/4.22/DerivedDataCache/Boot.ddc
[2020.02.24-07.30.58:475][  0]LogDerivedDataCache: FDerivedDataBackendGraph:  Pak pak cache file ../../../../../../Users/wonji/Desktop/UnrealProjects/UnrealBook/BookPractice/DerivedDataCache/DDC.ddp not found, will not use a pak cache.
[2020.02.24-07.30.58:475][  0]LogDerivedDataCache: Unable to find inner node Pak for hierarchical cache Hierarchy.
[2020.02.24-07.30.58:475][  0]LogDerivedDataCache: FDerivedDataBackendGraph:  CompressedPak pak cache file ../../../../../../Users/wonji/Desktop/UnrealProjects/UnrealBook/BookPractice/DerivedDataCache/Compressed.ddp not found, will not use a pak cache.
[2020.02.24-07.30.58:475][  0]LogDerivedDataCache: Unable to find inner node CompressedPak for hierarchical cache Hierarchy.
[2020.02.24-07.30.58:502][  0]LogDerivedDataCache: Display: Pak cache opened for reading ../../../Engine/DerivedDataCache/Compressed.ddp.
[2020.02.24-07.30.58:502][  0]LogDerivedDataCache: FDerivedDataBackendGraph:  EnterprisePak pak cache file ../../../Enterprise/DerivedDataCache/Compressed.ddp not found, will not use a pak cache.
[2020.02.24-07.30.58:502][  0]LogDerivedDataCache: Unable to find inner node EnterprisePak for hierarchical cache Hierarchy.
[2020.02.24-07.30.58:514][  0]LogDerivedDataCache: Using Local data cache path C:/Users/wonji/AppData/Local/UnrealEngine/Common/DerivedDataCache: Writable
[2020.02.24-07.30.58:514][  0]LogDerivedDataCache: Shared data cache path not found in *engine.ini, will not use an Shared cache.
[2020.02.24-07.30.58:514][  0]LogDerivedDataCache: Unable to find inner node Shared for hierarchical cache Hierarchy.
[2020.02.24-07.30.58:543][  0]LogMaterial: Verifying Global Shaders for PCD3D_SM5
[2020.02.24-07.30.58:551][  0]LogSlate: Using FreeType 2.6.0
[2020.02.24-07.30.58:560][  0]LogSlate: SlateFontServices - WITH_FREETYPE: 1, WITH_HARFBUZZ: 1
[2020.02.24-07.30.58:845][  0]LogAssetRegistry: FAssetRegistry took 0.0353 seconds to start up
[2020.02.24-07.30.59:219][  0]LogInit: Selected Device Profile: [Windows]
[2020.02.24-07.30.59:529][  0]LogMeshReduction: Using QuadricMeshReduction for automatic static mesh reduction
[2020.02.24-07.30.59:529][  0]LogMeshReduction: Using SimplygonMeshReduction for automatic skeletal mesh reduction
[2020.02.24-07.30.59:529][  0]LogMeshReduction: Using ProxyLODMeshReduction for automatic mesh merging
[2020.02.24-07.30.59:529][  0]LogMeshReduction: No distributed automatic mesh merging module available
[2020.02.24-07.30.59:529][  0]LogMeshMerging: No distributed automatic mesh merging module available
[2020.02.24-07.30.59:574][  0]LogNetVersion: BookPractice 1.0.0, NetCL: 5660361, EngineNetVer: 10, GameNetVer: 0 (Checksum: 3270002839)
[2020.02.24-07.31.00:697][  0]LogPackageLocalizationCache: Processed 10 localized package path(s) for 1 prioritized culture(s) in 0.059295 seconds
[2020.02.24-07.31.00:710][  0]LogUObjectArray: 42205 objects as part of root set at end of initial load.
[2020.02.24-07.31.00:710][  0]LogUObjectAllocator: 7325032 out of 0 bytes used by permanent object pool.
[2020.02.24-07.31.00:710][  0]LogUObjectArray: CloseDisregardForGC: 0/0 objects in disregard for GC pool
[2020.02.24-07.31.03:825][  0]LogTcpMessaging: Initializing TcpMessaging bridge
[2020.02.24-07.31.03:843][  0]LogUdpMessaging: Initializing bridge on interface 0.0.0.0:0 to multicast group 230.0.0.1:6666.
[2020.02.24-07.31.05:120][  0]SourceControl: 소스 컨트롤이 꺼져 있습니다.
[2020.02.24-07.31.05:121][  0]SourceControl: 소스 컨트롤이 꺼져 있습니다.
[2020.02.24-07.31.05:129][  0]SourceControl: 소스 컨트롤이 꺼져 있습니다.
[2020.02.24-07.31.05:133][  0]SourceControl: 소스 컨트롤이 꺼져 있습니다.
[2020.02.24-07.31.05:340][  0]LogAndroidPermission: UAndroidPermissionCallbackProxy::GetInstance
[2020.02.24-07.31.05:457][  0]LogOcInput: OculusInput pre-init called
[2020.02.24-07.31.06:210][  0]LogEngine: Initializing Engine...
[2020.02.24-07.31.06:212][  0]LogHMD: Failed to initialize OpenVR with code 110
[2020.02.24-07.31.06:213][  0]LogStats: UGameplayTagsManager::InitializeManager -  0.001 s
[2020.02.24-07.31.06:619][  0]LogInit: Initializing FReadOnlyCVARCache
[2020.02.24-07.31.06:666][  0]LogAIModule: Creating AISystem for world Untitled
[2020.02.24-07.31.06:689][  0]LogInit: XAudio2 using 'Speakers(Realtek(R) Audio)' : 2 channels at 48 kHz using 32 bits per sample (channel mask 0x3)
[2020.02.24-07.31.06:709][  0]LogInit: FAudioDevice initialized.
[2020.02.24-07.31.06:709][  0]LogNetVersion: Set ProjectVersion to 1.0.0.0. Version Checksum will be recalculated on next use.
[2020.02.24-07.31.06:839][  0]LogDerivedDataCache: Saved boot cache 0.13s 77MB C:/Users/wonji/AppData/Local/UnrealEngine/4.22/DerivedDataCache/Boot.ddc.
[2020.02.24-07.31.06:847][  0]LogInit: Texture streaming: Enabled
[2020.02.24-07.31.06:880][  0]LogEngineSessionManager: EngineSessionManager initialized
[2020.02.24-07.31.06:911][  0]LogInit: Transaction tracking system initialized
[2020.02.24-07.31.06:972][  0]BlueprintLog: New page: 에디터 로드
[2020.02.24-07.31.07:174][  0]LocalizationService: 현지화 서비스가 비활성화되었습니다.
[2020.02.24-07.31.07:892][  0]LogCook: Display: Max memory allowance for cook 16384mb min free memory 0mb
[2020.02.24-07.31.07:892][  0]LogCook: Display: Mobile HDR setting 1
[2020.02.24-07.31.08:350][  0]LogFileCache: Scanning file cache for directory 'C:/Users/wonji/Desktop/UnrealProjects/UnrealBook/BookPractice/Content/' took 0.03s
[2020.02.24-07.31.08:350][  0]SourceControl: 소스 컨트롤이 꺼져 있습니다.
[2020.02.24-07.31.08:351][  0]Cmd: MAP LOAD FILE="../../../../../../Users/wonji/Desktop/UnrealProjects/UnrealBook/BookPractice/Content/ThirdPersonCPP/Maps/step3.umap" TEMPLATE=0 SHOWPROGRESS=1 FEATURELEVEL=3
[2020.02.24-07.31.08:357][  0]LightingResults: New page: 라이팅 빌드
[2020.02.24-07.31.08:364][  0]MapCheck: New page: 맵 체크
[2020.02.24-07.31.08:364][  0]LightingResults: New page: 라이팅 빌드
[2020.02.24-07.31.08:399][  0]LogUObjectHash: Compacting FUObjectHashTables data took   1.70ms
[2020.02.24-07.31.08:777][  0]LogAIModule: Creating AISystem for world step3
[2020.02.24-07.31.08:804][  0]LogEditorServer: Finished looking for orphan Actors (0.000 secs)
[2020.02.24-07.31.08:832][  0]LogUObjectHash: Compacting FUObjectHashTables data took   1.55ms
[2020.02.24-07.31.08:832][  0]Cmd: MAP CHECKDEP NOCLEARLOG
[2020.02.24-07.31.08:833][  0]MapCheck: 맵 체크 완료: 오류 0 회, 경고 0 회, 소요 시간 0.107ms.
[2020.02.24-07.31.08:833][  0]LogFileHelpers: Loading map 'step3' took 0.482
[2020.02.24-07.31.09:045][  0]LogSlate: Updating window title bar state: overlay mode, drag disabled, window buttons hidden, title bar hidden
[2020.02.24-07.31.09:052][  0]LogSlate: Updating window title bar state: overlay mode, drag disabled, window buttons hidden, title bar hidden
[2020.02.24-07.31.09:058][  0]LogSlate: Updating window title bar state: overlay mode, drag disabled, window buttons hidden, title bar hidden
[2020.02.24-07.31.09:064][  0]LogSlate: Updating window title bar state: overlay mode, drag disabled, window buttons hidden, title bar hidden
[2020.02.24-07.31.09:086][  0]LogCollectionManager: Loaded 0 collections in 0.002125 seconds
[2020.02.24-07.31.09:128][  0]LogFileCache: Scanning file cache for directory 'C:/Users/wonji/Desktop/UnrealProjects/UnrealBook/BookPractice/Saved/Collections/' took 0.01s
[2020.02.24-07.31.09:128][  0]LogFileCache: Scanning file cache for directory 'C:/Users/wonji/Desktop/UnrealProjects/UnrealBook/BookPractice/Content/Developers/wonji/Collections/' took 0.01s
[2020.02.24-07.31.09:128][  0]LogFileCache: Scanning file cache for directory 'C:/Users/wonji/Desktop/UnrealProjects/UnrealBook/BookPractice/Content/Collections/' took 0.00s
[2020.02.24-07.31.09:128][  0]LogCollectionManager: Rebuilt the GUID cache for 0 collections in 0.000000 seconds
[2020.02.24-07.31.09:141][  0]LogContentBrowser: Native class hierarchy populated in 0.0117 seconds. Added 2752 classes and 664 folders.
[2020.02.24-07.31.09:157][  0]LogContentBrowser: Native class hierarchy updated for 'WidgetCarousel' in 0.0004 seconds. Added 0 classes and 0 folders.
[2020.02.24-07.31.09:165][  0]LogPakFile: Registered encryption key '00000000000000000000000000000000': 0 pak files mounted, 0 remain pending
[2020.02.24-07.31.09:172][  0]LogPakFile: Registered encryption key '00000000000000000000000000000000': 0 pak files mounted, 0 remain pending
[2020.02.24-07.31.09:187][  0]LogPakFile: Registered encryption key '00000000000000000000000000000000': 0 pak files mounted, 0 remain pending
[2020.02.24-07.31.09:193][  0]LogPakFile: Registered encryption key '00000000000000000000000000000000': 0 pak files mounted, 0 remain pending
[2020.02.24-07.31.09:200][  0]LogPakFile: Registered encryption key '00000000000000000000000000000000': 0 pak files mounted, 0 remain pending
[2020.02.24-07.31.09:207][  0]LogPakFile: Registered encryption key '00000000000000000000000000000000': 0 pak files mounted, 0 remain pending
[2020.02.24-07.31.09:212][  0]LogPakFile: Registered encryption key '00000000000000000000000000000000': 0 pak files mounted, 0 remain pending
[2020.02.24-07.31.09:217][  0]LogPakFile: Registered encryption key '00000000000000000000000000000000': 0 pak files mounted, 0 remain pending
[2020.02.24-07.31.09:223][  0]LogPakFile: Registered encryption key '00000000000000000000000000000000': 0 pak files mounted, 0 remain pending
[2020.02.24-07.31.09:230][  0]LogPakFile: Registered encryption key '00000000000000000000000000000000': 0 pak files mounted, 0 remain pending
[2020.02.24-07.31.09:235][  0]LogPakFile: Registered encryption key '00000000000000000000000000000000': 0 pak files mounted, 0 remain pending
[2020.02.24-07.31.09:245][  0]LogPakFile: Registered encryption key '00000000000000000000000000000000': 0 pak files mounted, 0 remain pending
[2020.02.24-07.31.09:250][  0]LogPakFile: Registered encryption key '00000000000000000000000000000000': 0 pak files mounted, 0 remain pending
[2020.02.24-07.31.09:256][  0]LogPakFile: Registered encryption key '00000000000000000000000000000000': 0 pak files mounted, 0 remain pending
[2020.02.24-07.31.09:261][  0]LogPakFile: Registered encryption key '00000000000000000000000000000000': 0 pak files mounted, 0 remain pending
[2020.02.24-07.31.09:267][  0]LogPakFile: Registered encryption key '00000000000000000000000000000000': 0 pak files mounted, 0 remain pending
[2020.02.24-07.31.09:300][  0]LogPakFile: Registered encryption key '00000000000000000000000000000000': 0 pak files mounted, 0 remain pending
[2020.02.24-07.31.09:305][  0]LogPakFile: Registered encryption key '00000000000000000000000000000000': 0 pak files mounted, 0 remain pending
[2020.02.24-07.31.09:310][  0]LogPakFile: Registered encryption key '00000000000000000000000000000000': 0 pak files mounted, 0 remain pending
[2020.02.24-07.31.09:316][  0]LogPakFile: Registered encryption key '00000000000000000000000000000000': 0 pak files mounted, 0 remain pending
[2020.02.24-07.31.09:322][  0]LogPakFile: Registered encryption key '00000000000000000000000000000000': 0 pak files mounted, 0 remain pending
[2020.02.24-07.31.09:327][  0]LogPakFile: Registered encryption key '00000000000000000000000000000000': 0 pak files mounted, 0 remain pending
[2020.02.24-07.31.09:335][  0]LogPakFile: Registered encryption key '00000000000000000000000000000000': 0 pak files mounted, 0 remain pending
[2020.02.24-07.31.09:340][  0]LogPakFile: Registered encryption key '00000000000000000000000000000000': 0 pak files mounted, 0 remain pending
[2020.02.24-07.31.09:345][  0]LogPakFile: Registered encryption key '00000000000000000000000000000000': 0 pak files mounted, 0 remain pending
[2020.02.24-07.31.09:350][  0]LogPakFile: Registered encryption key '00000000000000000000000000000000': 0 pak files mounted, 0 remain pending
[2020.02.24-07.31.09:477][  0]LogContentBrowser: Native class hierarchy updated for 'AddContentDialog' in 0.0004 seconds. Added 0 classes and 0 folders.
[2020.02.24-07.31.09:492][  0]LogContentBrowser: Native class hierarchy updated for 'SceneOutliner' in 0.0003 seconds. Added 1 classes and 2 folders.
[2020.02.24-07.31.09:630][  0]LogSlate: Took 0.007450 seconds to synchronously load lazily loaded font '../../../Engine/Content/Slate/Fonts/Roboto-Regular.ttf' (155K)
[2020.02.24-07.31.09:650][  0]LogSlate: Took 0.019090 seconds to synchronously load lazily loaded font '../../../Engine/Content/Editor/Slate/Fonts/NanumGothic.ttf' (4243K)
[2020.02.24-07.31.09:659][  0]LogSlate: Took 0.007575 seconds to synchronously load lazily loaded font '../../../Engine/Content/Editor/Slate/Fonts/NanumGothicBold.ttf' (4188K)
[2020.02.24-07.31.09:662][  0]LogSlate: Took 0.004406 seconds to synchronously load lazily loaded font '../../../Engine/Content/Slate/Fonts/Roboto-Bold.ttf' (160K)
[2020.02.24-07.31.09:670][  0]LogSlate: Took 0.004877 seconds to synchronously load lazily loaded font '../../../Engine/Content/Editor/Slate/Fonts/FontAwesome.ttf' (139K)
[2020.02.24-07.31.09:676][  0]LogSlate: Took 0.005092 seconds to synchronously load lazily loaded font '../../../Engine/Content/Slate/Fonts/DroidSansMono.ttf' (77K)
[2020.02.24-07.31.09:717][  0]LogSlate: Took 0.008547 seconds to synchronously load lazily loaded font '../../../Engine/Content/Editor/Slate/Fonts/NanumGothicExtraBold.ttf' (4074K)
[2020.02.24-07.31.09:901][  0]LogRenderer: Reallocating scene render targets to support 1208x572 Format 10 NumSamples 1 (Frame:1).
[2020.02.24-07.31.10:033][  0]LogContentBrowser: Native class hierarchy updated for 'HierarchicalLODOutliner' in 0.0003 seconds. Added 0 classes and 0 folders.
[2020.02.24-07.31.10:033][  0]LogLoad: (Engine Initialization) Total time: 23.55 seconds
[2020.02.24-07.31.10:033][  0]LogLoad: (Engine Initialization) Total Blueprint compile time: 0.00 seconds
[2020.02.24-07.31.10:097][  0]LogAssetRegistry: Asset discovery search completed in 11.2743 seconds
[2020.02.24-07.31.10:099][  0]LogCollectionManager: Rebuilt the object cache for 0 collections in 0.000000 seconds (found 0 objects)
[2020.02.24-07.31.10:099][  0]LogCollectionManager: Fixed up redirectors for 0 collections in 0.000147 seconds (updated 0 objects)
[2020.02.24-07.31.10:102][  0]LogContentStreaming: Texture pool size now 1000 MB
[2020.02.24-07.33.34:263][623]LogSlate: FSceneViewport::OnFocusLost() reason 0
[2020.02.24-07.33.34:329][627]LogTemp: Repeating last play command: 선택된 뷰포트
[2020.02.24-07.33.34:344][627]LogBlueprintUserMessages: Early PlayInEditor Detection: Level '/Game/ThirdPersonCPP/Maps/step3.step3:PersistentLevel' has LevelScriptBlueprint '/Game/ThirdPersonCPP/Maps/step3.step3:PersistentLevel.step3' with GeneratedClass '/Game/ThirdPersonCPP/Maps/step3.step3_C' with ClassGeneratedBy '/Game/ThirdPersonCPP/Maps/step3.step3:PersistentLevel.step3'
[2020.02.24-07.33.34:344][627]LogPlayLevel: PlayLevel: No blueprints needed recompiling
[2020.02.24-07.33.34:344][627]PIE: New page: PIE 세션: step3 (2020. 2. 25. 오전 1:33:34)
[2020.02.24-07.33.34:357][627]LogPlayLevel: Creating play world package: /Game/ThirdPersonCPP/Maps/UEDPIE_0_step3
[2020.02.24-07.33.34:360][627]LogPlayLevel: PIE: StaticDuplicateObject took: (0.003203s)
[2020.02.24-07.33.34:361][627]LogAIModule: Creating AISystem for world step3
[2020.02.24-07.33.34:361][627]LogPlayLevel: PIE: World Init took: (0.000584s)
[2020.02.24-07.33.34:361][627]LogPlayLevel: PIE: Created PIE world by copying editor world from /Game/ThirdPersonCPP/Maps/step3.step3 to /Game/ThirdPersonCPP/Maps/UEDPIE_0_step3.step3 (0.004255s)
[2020.02.24-07.33.34:386][627]LogUObjectHash: Compacting FUObjectHashTables data took   0.96ms
[2020.02.24-07.33.34:387][627]BookPractice: Warning: UABGameInstance::Init(17)DropExp of Level 20 ABCharacter : 105
[2020.02.24-07.33.34:392][627]LogInit: XAudio2 using 'Speakers(Realtek(R) Audio)' : 2 channels at 48 kHz using 32 bits per sample (channel mask 0x3)
[2020.02.24-07.33.34:403][627]LogInit: FAudioDevice initialized.
[2020.02.24-07.33.34:445][627]LogLoad: Game class is 'ABGameMode'
[2020.02.24-07.33.34:447][627]LogWorld: Bringing World /Game/ThirdPersonCPP/Maps/UEDPIE_0_step3.step3 up for play (max tick rate 60) at 2020.02.24-16.33.34
[2020.02.24-07.33.34:447][627]BookPractice: Warning: AFountain::PostInitializeComponents(72)
[2020.02.24-07.33.34:449][627]LogWorld: Bringing up level for play took: 0.002734
[2020.02.24-07.33.34:461][627]BookPractice: Warning: AABPlayerController::PostInitializeComponents(9)
[2020.02.24-07.33.34:461][627]BookPractice: Warning: AABGameMode::PostLogin(14)PostLogin Begin
[2020.02.24-07.33.34:468][627]LogContentBrowser: Native class hierarchy updated for 'MovieSceneCapture' in 0.0004 seconds. Added 20 classes and 0 folders.
[2020.02.24-07.33.34:469][627]BookPractice: Warning: AABPlayerController::OnPossess(13)
[2020.02.24-07.33.34:469][627]BookPractice: Warning: AABGameMode::PostLogin(16)PostLogin End
[2020.02.24-07.33.34:469][627]BookPractice: Warning: AFountain::BeginPlay(52)
[2020.02.24-07.33.34:469][627]BookPractice: Warning: AFountain::BeginPlay(53)ActorName : Fountain1, ID : 0, Location X : 100.000
[2020.02.24-07.33.34:470][627]PIE: /Game/ThirdPersonCPP/Maps/UEDPIE_0_step3 에 대한 에디터에서 플레이 시작 시간: 0.393
[2020.02.24-07.33.34:470][627]LogBlueprintUserMessages: Late PlayInEditor Detection: Level '/Game/ThirdPersonCPP/Maps/step3.step3:PersistentLevel' has LevelScriptBlueprint '/Game/ThirdPersonCPP/Maps/step3.step3:PersistentLevel.step3' with GeneratedClass '/Game/ThirdPersonCPP/Maps/step3.step3_C' with ClassGeneratedBy '/Game/ThirdPersonCPP/Maps/step3.step3:PersistentLevel.step3'
[2020.02.24-07.33.35:085][663]LogBlueprintUserMessages: Early EndPlayMap Detection: Level '/Game/ThirdPersonCPP/Maps/step3.step3:PersistentLevel' has LevelScriptBlueprint '/Game/ThirdPersonCPP/Maps/step3.step3:PersistentLevel.step3' with GeneratedClass '/Game/ThirdPersonCPP/Maps/step3.step3_C' with ClassGeneratedBy '/Game/ThirdPersonCPP/Maps/step3.step3:PersistentLevel.step3'
[2020.02.24-07.33.35:086][663]LogSlate: Updating window title bar state: overlay mode, drag disabled, window buttons hidden, title bar hidden
[2020.02.24-07.33.35:086][663]BookPractice: Warning: AFountain::EndPlay(67)
[2020.02.24-07.33.35:115][663]LogPlayLevel: Display: Shutting down PIE online subsystems
[2020.02.24-07.33.35:115][663]LogBlueprintUserMessages: Late EndPlayMap Detection: Level '/Game/ThirdPersonCPP/Maps/step3.step3:PersistentLevel' has LevelScriptBlueprint '/Game/ThirdPersonCPP/Maps/step3.step3:PersistentLevel.step3' with GeneratedClass '/Game/ThirdPersonCPP/Maps/step3.step3_C' with ClassGeneratedBy '/Game/ThirdPersonCPP/Maps/step3.step3:PersistentLevel.step3'
[2020.02.24-07.33.35:142][663]LogSlate: Updating window title bar state: overlay mode, drag disabled, window buttons hidden, title bar hidden
[2020.02.24-07.33.35:145][663]LogUObjectHash: Compacting FUObjectHashTables data took   1.30ms
[2020.02.24-07.33.35:192][666]LogPlayLevel: Display: Destroying online subsystem :Context_1
[2020.02.24-07.33.38:926][890]LogSlate: FSceneViewport::OnFocusLost() reason 0
[2020.02.24-07.33.38:993][894]LogTemp: Repeating last play command: 선택된 뷰포트
[2020.02.24-07.33.39:007][894]LogBlueprintUserMessages: Early PlayInEditor Detection: Level '/Game/ThirdPersonCPP/Maps/step3.step3:PersistentLevel' has LevelScriptBlueprint '/Game/ThirdPersonCPP/Maps/step3.step3:PersistentLevel.step3' with GeneratedClass '/Game/ThirdPersonCPP/Maps/step3.step3_C' with ClassGeneratedBy '/Game/ThirdPersonCPP/Maps/step3.step3:PersistentLevel.step3'
[2020.02.24-07.33.39:008][894]LogPlayLevel: PlayLevel: No blueprints needed recompiling
[2020.02.24-07.33.39:008][894]PIE: New page: PIE 세션: step3 (2020. 2. 25. 오전 1:33:39)
[2020.02.24-07.33.39:008][894]LogPlayLevel: Creating play world package: /Game/ThirdPersonCPP/Maps/UEDPIE_0_step3
[2020.02.24-07.33.39:011][894]LogPlayLevel: PIE: StaticDuplicateObject took: (0.002576s)
[2020.02.24-07.33.39:011][894]LogAIModule: Creating AISystem for world step3
[2020.02.24-07.33.39:012][894]LogPlayLevel: PIE: World Init took: (0.000722s)
[2020.02.24-07.33.39:012][894]LogPlayLevel: PIE: Created PIE world by copying editor world from /Game/ThirdPersonCPP/Maps/step3.step3 to /Game/ThirdPersonCPP/Maps/UEDPIE_0_step3.step3 (0.003586s)
[2020.02.24-07.33.39:037][894]LogUObjectHash: Compacting FUObjectHashTables data took   0.83ms
[2020.02.24-07.33.39:037][894]BookPractice: Warning: UABGameInstance::Init(17)DropExp of Level 20 ABCharacter : 105
[2020.02.24-07.33.39:041][894]LogInit: XAudio2 using 'Speakers(Realtek(R) Audio)' : 2 channels at 48 kHz using 32 bits per sample (channel mask 0x3)
[2020.02.24-07.33.39:051][894]LogInit: FAudioDevice initialized.
[2020.02.24-07.33.39:081][894]LogLoad: Game class is 'ABGameMode'
[2020.02.24-07.33.39:082][894]LogWorld: Bringing World /Game/ThirdPersonCPP/Maps/UEDPIE_0_step3.step3 up for play (max tick rate 60) at 2020.02.24-16.33.39
[2020.02.24-07.33.39:083][894]BookPractice: Warning: AFountain::PostInitializeComponents(72)
[2020.02.24-07.33.39:083][894]LogWorld: Bringing up level for play took: 0.001651
[2020.02.24-07.33.39:095][894]BookPractice: Warning: AABPlayerController::PostInitializeComponents(9)
[2020.02.24-07.33.39:095][894]BookPractice: Warning: AABGameMode::PostLogin(14)PostLogin Begin
[2020.02.24-07.33.39:096][894]BookPractice: Warning: AABPlayerController::OnPossess(13)
[2020.02.24-07.33.39:097][894]BookPractice: Warning: AABGameMode::PostLogin(16)PostLogin End
[2020.02.24-07.33.39:097][894]BookPractice: Warning: AFountain::BeginPlay(52)
[2020.02.24-07.33.39:097][894]BookPractice: Warning: AFountain::BeginPlay(53)ActorName : Fountain1, ID : 0, Location X : 100.000
[2020.02.24-07.33.39:097][894]PIE: /Game/ThirdPersonCPP/Maps/UEDPIE_0_step3 에 대한 에디터에서 플레이 시작 시간: 1.021
[2020.02.24-07.33.39:098][894]LogBlueprintUserMessages: Late PlayInEditor Detection: Level '/Game/ThirdPersonCPP/Maps/step3.step3:PersistentLevel' has LevelScriptBlueprint '/Game/ThirdPersonCPP/Maps/step3.step3:PersistentLevel.step3' with GeneratedClass '/Game/ThirdPersonCPP/Maps/step3.step3_C' with ClassGeneratedBy '/Game/ThirdPersonCPP/Maps/step3.step3:PersistentLevel.step3'
[2020.02.24-07.33.43:391][151]BookPractice: Warning: AABCharacter::PostInitializeComponents::<lambda_87b9b326c17fd29d18e96f4f30199875>::operator ()(249)ONNextAttackCheck
[2020.02.24-07.33.43:524][159]BookPractice: Warning: AABItemBox::OnCharacterOverlap(61)
[2020.02.24-07.33.43:741][172]BookPractice: Warning: AABCharacter::PostInitializeComponents::<lambda_87b9b326c17fd29d18e96f4f30199875>::operator ()(249)ONNextAttackCheck
[2020.02.24-07.33.44:357][209]BookPractice: Warning: AABCharacter::PostInitializeComponents::<lambda_87b9b326c17fd29d18e96f4f30199875>::operator ()(249)ONNextAttackCheck
[2020.02.24-07.33.47:524][399]BookPractice: Warning: AABCharacter::PostInitializeComponents::<lambda_87b9b326c17fd29d18e96f4f30199875>::operator ()(249)ONNextAttackCheck
[2020.02.24-07.33.47:690][409]BookPractice: Warning: AABCharacter::AttackCheck(324)Hit Actor Name: ABCharacter_1
[2020.02.24-07.33.47:690][409]BookPractice: Warning: AABCharacter::TakeDamage(334)Actor : ABCharacter_1 took Damage : 10.000000
[2020.02.24-07.33.47:858][419]BookPractice: Warning: AABCharacter::AttackCheck(324)Hit Actor Name: ABCharacter_0
[2020.02.24-07.33.47:858][419]BookPractice: Warning: AABCharacter::TakeDamage(334)Actor : ABCharacter_0 took Damage : 10.000000
[2020.02.24-07.33.47:874][420]BookPractice: Warning: AABCharacter::PostInitializeComponents::<lambda_87b9b326c17fd29d18e96f4f30199875>::operator ()(249)ONNextAttackCheck
[2020.02.24-07.33.48:074][432]BookPractice: Warning: AABCharacter::PostInitializeComponents::<lambda_87b9b326c17fd29d18e96f4f30199875>::operator ()(249)ONNextAttackCheck
[2020.02.24-07.33.48:490][457]BookPractice: Warning: AABCharacter::PostInitializeComponents::<lambda_87b9b326c17fd29d18e96f4f30199875>::operator ()(249)ONNextAttackCheck
[2020.02.24-07.33.50:090][553]BookPractice: Warning: AABCharacter::PostInitializeComponents::<lambda_87b9b326c17fd29d18e96f4f30199875>::operator ()(249)ONNextAttackCheck
[2020.02.24-07.33.50:440][574]BookPractice: Warning: AABCharacter::PostInitializeComponents::<lambda_87b9b326c17fd29d18e96f4f30199875>::operator ()(249)ONNextAttackCheck
[2020.02.24-07.33.51:057][611]BookPractice: Warning: AABCharacter::PostInitializeComponents::<lambda_87b9b326c17fd29d18e96f4f30199875>::operator ()(249)ONNextAttackCheck
[2020.02.24-07.33.54:624][825]BookPractice: Warning: AABCharacter::PostInitializeComponents::<lambda_87b9b326c17fd29d18e96f4f30199875>::operator ()(249)ONNextAttackCheck
[2020.02.24-07.33.54:975][846]BookPractice: Warning: AABCharacter::PostInitializeComponents::<lambda_87b9b326c17fd29d18e96f4f30199875>::operator ()(249)ONNextAttackCheck
[2020.02.24-07.33.55:591][883]BookPractice: Warning: AABCharacter::PostInitializeComponents::<lambda_87b9b326c17fd29d18e96f4f30199875>::operator ()(249)ONNextAttackCheck
[2020.02.24-07.33.56:608][944]BookPractice: Warning: AABCharacter::AttackCheck(324)Hit Actor Name: ABCharacter_0
[2020.02.24-07.33.56:608][944]BookPractice: Warning: AABCharacter::TakeDamage(334)Actor : ABCharacter_0 took Damage : 10.000000
[2020.02.24-07.33.56:825][957]BookPractice: Warning: AABCharacter::PostInitializeComponents::<lambda_87b9b326c17fd29d18e96f4f30199875>::operator ()(249)ONNextAttackCheck
[2020.02.24-07.33.57:707][ 10]BookPractice: Warning: AABCharacter::AttackCheck(324)Hit Actor Name: ABCharacter_1
[2020.02.24-07.33.57:707][ 10]BookPractice: Warning: AABCharacter::TakeDamage(334)Actor : ABCharacter_1 took Damage : 10.000000
[2020.02.24-07.33.57:925][ 23]BookPractice: Warning: AABCharacter::PostInitializeComponents::<lambda_87b9b326c17fd29d18e96f4f30199875>::operator ()(249)ONNextAttackCheck
[2020.02.24-07.33.58:108][ 34]BookPractice: Warning: AABCharacter::AttackCheck(324)Hit Actor Name: ABCharacter_0
[2020.02.24-07.33.58:108][ 34]BookPractice: Warning: AABCharacter::TakeDamage(334)Actor : ABCharacter_0 took Damage : 10.000000
[2020.02.24-07.33.58:274][ 44]BookPractice: Warning: AABCharacter::PostInitializeComponents::<lambda_87b9b326c17fd29d18e96f4f30199875>::operator ()(249)ONNextAttackCheck
[2020.02.24-07.33.58:324][ 47]BookPractice: Warning: AABCharacter::PostInitializeComponents::<lambda_87b9b326c17fd29d18e96f4f30199875>::operator ()(249)ONNextAttackCheck
[2020.02.24-07.33.58:891][ 81]BookPractice: Warning: AABCharacter::PostInitializeComponents::<lambda_87b9b326c17fd29d18e96f4f30199875>::operator ()(249)ONNextAttackCheck
[2020.02.24-07.33.59:875][140]BookPractice: Warning: AABCharacter::AttackCheck(324)Hit Actor Name: ABCharacter_1
[2020.02.24-07.33.59:875][140]BookPractice: Warning: AABCharacter::TakeDamage(334)Actor : ABCharacter_1 took Damage : 10.000000
[2020.02.24-07.34.00:141][156]BookPractice: Warning: AABCharacter::AttackCheck(324)Hit Actor Name: ABCharacter_0
[2020.02.24-07.34.00:141][156]BookPractice: Warning: AABCharacter::TakeDamage(334)Actor : ABCharacter_0 took Damage : 10.000000
[2020.02.24-07.34.00:358][169]BookPractice: Warning: AABCharacter::PostInitializeComponents::<lambda_87b9b326c17fd29d18e96f4f30199875>::operator ()(249)ONNextAttackCheck
[2020.02.24-07.34.01:108][214]BookPractice: Warning: AABCharacter::AttackCheck(324)Hit Actor Name: ABCharacter_1
[2020.02.24-07.34.01:109][214]BookPractice: Warning: AABCharacter::TakeDamage(334)Actor : ABCharacter_1 took Damage : 10.000000
[2020.02.24-07.34.01:324][227]BookPractice: Warning: AABCharacter::PostInitializeComponents::<lambda_87b9b326c17fd29d18e96f4f30199875>::operator ()(249)ONNextAttackCheck
[2020.02.24-07.34.01:491][237]BookPractice: Warning: AABCharacter::AttackCheck(324)Hit Actor Name: ABCharacter_1
[2020.02.24-07.34.01:491][237]BookPractice: Warning: AABCharacter::TakeDamage(334)Actor : ABCharacter_1 took Damage : 10.000000
[2020.02.24-07.34.01:642][246]BookPractice: Warning: AABCharacter::AttackCheck(324)Hit Actor Name: ABCharacter_0
[2020.02.24-07.34.01:642][246]BookPractice: Warning: AABCharacter::TakeDamage(334)Actor : ABCharacter_0 took Damage : 10.000000
[2020.02.24-07.34.01:674][248]BookPractice: Warning: AABCharacter::PostInitializeComponents::<lambda_87b9b326c17fd29d18e96f4f30199875>::operator ()(249)ONNextAttackCheck
[2020.02.24-07.34.01:843][258]BookPractice: Warning: AABCharacter::AttackCheck(324)Hit Actor Name: ABCharacter_1
[2020.02.24-07.34.01:843][258]BookPractice: Warning: AABCharacter::TakeDamage(334)Actor : ABCharacter_1 took Damage : 10.000000
[2020.02.24-07.34.01:857][259]BookPractice: Warning: AABCharacter::PostInitializeComponents::<lambda_87b9b326c17fd29d18e96f4f30199875>::operator ()(249)ONNextAttackCheck
[2020.02.24-07.34.02:291][285]BookPractice: Warning: AABCharacter::PostInitializeComponents::<lambda_87b9b326c17fd29d18e96f4f30199875>::operator ()(249)ONNextAttackCheck
[2020.02.24-07.34.03:141][336]BookPractice: Warning: AABCharacter::AttackCheck(324)Hit Actor Name: ABCharacter_0
[2020.02.24-07.34.03:141][336]BookPractice: Warning: AABCharacter::TakeDamage(334)Actor : ABCharacter_0 took Damage : 10.000000
[2020.02.24-07.34.03:274][344]BookPractice: Warning: AABCharacter::AttackCheck(324)Hit Actor Name: ABCharacter_1
[2020.02.24-07.34.03:275][344]BookPractice: Warning: AABCharacter::TakeDamage(334)Actor : ABCharacter_1 took Damage : 10.000000
[2020.02.24-07.34.03:358][349]BookPractice: Warning: AABCharacter::PostInitializeComponents::<lambda_87b9b326c17fd29d18e96f4f30199875>::operator ()(249)ONNextAttackCheck
[2020.02.24-07.34.04:441][414]BookPractice: Warning: AABCharacter::AttackCheck(324)Hit Actor Name: ABCharacter_1
[2020.02.24-07.34.04:442][414]BookPractice: Warning: AABCharacter::TakeDamage(334)Actor : ABCharacter_1 took Damage : 10.000000
[2020.02.24-07.34.04:641][426]BookPractice: Warning: AABCharacter::AttackCheck(324)Hit Actor Name: ABCharacter_0
[2020.02.24-07.34.04:641][426]BookPractice: Warning: AABCharacter::TakeDamage(334)Actor : ABCharacter_0 took Damage : 10.000000
[2020.02.24-07.34.04:658][427]BookPractice: Warning: AABCharacter::PostInitializeComponents::<lambda_87b9b326c17fd29d18e96f4f30199875>::operator ()(249)ONNextAttackCheck
[2020.02.24-07.34.04:824][437]BookPractice: Warning: AABCharacter::AttackCheck(324)Hit Actor Name: ABCharacter_1
[2020.02.24-07.34.04:824][437]BookPractice: Warning: AABCharacter::TakeDamage(334)Actor : ABCharacter_1 took Damage : 10.000000
[2020.02.24-07.34.04:858][439]BookPractice: Warning: AABCharacter::PostInitializeComponents::<lambda_87b9b326c17fd29d18e96f4f30199875>::operator ()(249)ONNextAttackCheck
[2020.02.24-07.34.05:008][448]BookPractice: Warning: AABCharacter::PostInitializeComponents::<lambda_87b9b326c17fd29d18e96f4f30199875>::operator ()(249)ONNextAttackCheck
[2020.02.24-07.34.05:174][458]BookPractice: Warning: AABCharacter::AttackCheck(324)Hit Actor Name: ABCharacter_1
[2020.02.24-07.34.05:174][458]BookPractice: Warning: AABCharacter::TakeDamage(334)Actor : ABCharacter_1 took Damage : 10.000000
[2020.02.24-07.34.05:175][458]BookPractice: Warning: AABCharacter::PostInitializeComponents::<lambda_7925e746903048c72da57b0f35e0ed50>::operator ()(260)OnHPIsZero
[2020.02.24-07.34.05:625][485]BookPractice: Warning: AABCharacter::PostInitializeComponents::<lambda_87b9b326c17fd29d18e96f4f30199875>::operator ()(249)ONNextAttackCheck
[2020.02.24-07.34.05:925][503]BookPractice: Error: UABAnimInstance::PlayAttackMontage(36)ASSERTION: '!IsDead'
[2020.02.24-07.34.05:926][503]BookPractice: Error: UABAnimInstance::JumpToAttackMontageSection(41)ASSERTION: '!IsDead'
[2020.02.24-07.34.07:843][618]LogBlueprintUserMessages: Early EndPlayMap Detection: Level '/Game/ThirdPersonCPP/Maps/step3.step3:PersistentLevel' has LevelScriptBlueprint '/Game/ThirdPersonCPP/Maps/step3.step3:PersistentLevel.step3' with GeneratedClass '/Game/ThirdPersonCPP/Maps/step3.step3_C' with ClassGeneratedBy '/Game/ThirdPersonCPP/Maps/step3.step3:PersistentLevel.step3'
[2020.02.24-07.34.07:844][618]LogSlate: Updating window title bar state: overlay mode, drag disabled, window buttons hidden, title bar hidden
[2020.02.24-07.34.07:845][618]BookPractice: Warning: AFountain::EndPlay(67)
[2020.02.24-07.34.07:884][618]LogPlayLevel: Display: Shutting down PIE online subsystems
[2020.02.24-07.34.07:885][618]LogBlueprintUserMessages: Late EndPlayMap Detection: Level '/Game/ThirdPersonCPP/Maps/step3.step3:PersistentLevel' has LevelScriptBlueprint '/Game/ThirdPersonCPP/Maps/step3.step3:PersistentLevel.step3' with GeneratedClass '/Game/ThirdPersonCPP/Maps/step3.step3_C' with ClassGeneratedBy '/Game/ThirdPersonCPP/Maps/step3.step3:PersistentLevel.step3'
[2020.02.24-07.34.07:950][618]LogSlate: Updating window title bar state: overlay mode, drag disabled, window buttons hidden, title bar hidden
[2020.02.24-07.34.07:953][618]LogUObjectHash: Compacting FUObjectHashTables data took   1.07ms
[2020.02.24-07.34.07:971][619]LogPlayLevel: Display: Destroying online subsystem :Context_2
[2020.02.24-07.34.21:746][445]LogSlate: FSceneViewport::OnFocusLost() reason 0
[2020.02.24-07.34.21:773][445]LogSlate: Took 0.008299 seconds to synchronously load lazily loaded font '../../../Engine/Content/Slate/Fonts/Roboto-Light.ttf' (167K)
[2020.02.24-07.34.36:131][307]BookPractice: Warning: AFountain::PostInitializeComponents(72)
[2020.02.24-07.34.36:148][308]BookPractice: Warning: AABPawn::PostInitializeComponents(75)
[2020.02.24-07.34.36:174][309]BookPractice: Error: UABCharacterStatComponent::SetNewLevel(43)ASSERTION: 'nullptr != ABGameInstance'
[2020.02.24-07.34.42:249][674]LogSlate: Took 0.000197 seconds to synchronously load lazily loaded font '../../../Engine/Content/Slate/Fonts/Roboto-Light.ttf' (167K)
[2020.02.24-07.34.42:256][674]LogAssetEditorManager: Opening Asset editor for Class /Script/BookPractice.ABCharacter
[2020.02.24-07.56.24:101][787]Candidate modules for hot reload:
[2020.02.24-07.56.24:101][787]  BookPractice
[2020.02.24-07.56.24:102][787]Launching UnrealBuildTool... [C:/Program Files/Epic Games/UE_4.22/Engine/Binaries/DotNET/UnrealBuildTool.exe  -ModuleWithSuffix=BookPractice,7806 Win64 Development -TargetType=Editor -Project="C:/Users/wonji/Desktop/UnrealProjects/UnrealBook/BookPractice/BookPractice.uproject" "C:/Users/wonji/Desktop/UnrealProjects/UnrealBook/BookPractice/BookPractice.uproject"  -IgnoreJunk]
[2020.02.24-07.56.24:106][787]Warning: Starting HotReload took  0.3s.
[2020.02.24-07.56.56:906][254]CompilerResultsLog: New page: 컴파일 - 2020. 2. 25. 오전 1:56:56
[2020.02.24-07.56.56:907][254]CompilerResultsLog: Using 'git status' to determine working set for adaptive non-unity build (C:\Users\wonji\Desktop\UnrealProjects\UnrealBook).
[2020.02.24-07.56.56:907][254]CompilerResultsLog: Creating makefile for BookPracticeEditor (ini files are newer than makefile)
[2020.02.24-07.56.56:908][254]CompilerResultsLog: Parsing headers for BookPracticeEditor
[2020.02.24-07.56.56:908][254]CompilerResultsLog:   Running UnrealHeaderTool "C:\Users\wonji\Desktop\UnrealProjects\UnrealBook\BookPractice\BookPractice.uproject" "C:\Users\wonji\Desktop\UnrealProjects\UnrealBook\BookPractice\Intermediate\Build\Win64\BookPracticeEditor\Development\BookPracticeEditor.uhtmanifest" -LogCmds="loginit warning, logexit warning, logdatabase error" -Unattended -WarningsAsErrors -installed
[2020.02.24-07.56.56:909][254]CompilerResultsLog: Reflection code generated for BookPracticeEditor in 17.5729296 seconds
[2020.02.24-07.56.56:909][254]CompilerResultsLog: Using Visual Studio 2019 14.24.28314 toolchain (C:\Program Files (x86)\Microsoft Visual Studio\2019\Community\VC\Tools\MSVC\14.24.28314) and Windows 10.0.18362.0 SDK (C:\Program Files (x86)\Windows Kits\10).
[2020.02.24-07.56.56:910][254]CompilerResultsLog: Building 14 actions with 12 processes...
[2020.02.24-07.56.56:910][254]CompilerResultsLog:   [1/14] ABGameInstance.gen.cpp
[2020.02.24-07.56.56:910][254]CompilerResultsLog:   [2/14] ABGameInstance.cpp
[2020.02.24-07.56.56:910][254]CompilerResultsLog:   [3/14] ABGameMode.cpp
[2020.02.24-07.56.56:910][254]CompilerResultsLog:   [4/14] ABCharacter.gen.cpp
[2020.02.24-07.56.56:911][254]CompilerResultsLog:   [5/14] ABCharacterStatComponent.cpp
[2020.02.24-07.56.56:911][254]CompilerResultsLog:   [6/14] ABItemBox.cpp
[2020.02.24-07.56.56:911][254]CompilerResultsLog:   [7/14] BTTask_Attack.cpp
[2020.02.24-07.56.56:911][254]CompilerResultsLog:   [8/14] BTDecorator_IsInAttackRange.cpp
[2020.02.24-07.56.56:911][254]CompilerResultsLog:   [9/14] BTTask_TurnToTarget.cpp
[2020.02.24-07.56.56:912][254]CompilerResultsLog:   [10/14] BTService_Detect.cpp
[2020.02.24-07.56.56:912][254]CompilerResultsLog:   [11/14] ABCharacter.cpp
[2020.02.24-07.56.56:912][254]CompilerResultsLog:   [12/14] UE4Editor-BookPractice-7806.lib
[2020.02.24-07.56.56:912][254]CompilerResultsLog:      C:\Users\wonji\Desktop\UnrealProjects\UnrealBook\BookPractice\Intermediate\Build\Win64\UE4Editor\Development\BookPractice\UE4Editor-BookPractice-7806.lib ???̺귯?? ?? C:\Users\wonji\Desktop\UnrealProjects\UnrealBook\BookPractice\Intermediate\Build\Win64\UE4Editor\Development\BookPractice\UE4Editor-BookPractice-7806.exp ??ü?? ?????ϰ? ?ֽ??ϴ?.
[2020.02.24-07.56.56:964][254]LogSlate: Took 0.032849 seconds to synchronously load lazily loaded font '../../../Engine/Content/Slate/Fonts/DroidSansFallback.ttf' (3848K)
[2020.02.24-07.56.56:965][254]LogSlate: Warning: Legacy localized fallback font '../../../Engine/Content/Slate/Fonts/../../Editor/Slate/Fonts/NanumGothic.ttf' was requested. Font: '../../../Engine/Content/Slate/Fonts/DroidSansFallback.ttf', Character: 'ϰ (U+03f0)'
Legacy localized fallback fonts were deprecated in 4.22 and will be removed in a future version!
Please update your composite fonts to use localized sub-font families: https://docs.unrealengine.com/en-US/Engine/UMG/UserGuide/Fonts/Overview
[2020.02.24-07.56.56:972][254]LogSlate: Took 0.006483 seconds to synchronously load lazily loaded font '../../../Engine/Content/Slate/Fonts/../../Editor/Slate/Fonts/NanumGothic.ttf' (4243K)
[2020.02.24-07.56.56:972][254]LogSlate: Last resort fallback font was requested. Font: '../../../Engine/Content/Slate/Fonts/DroidSansFallback.ttf', Character: 'ϰ (U+03f0)'
[2020.02.24-07.56.56:985][254]LogSlate: Took 0.011041 seconds to synchronously load lazily loaded font '../../../Engine/Content/SlateDebug/Fonts/LastResort.ttf' (5269K)
[2020.02.24-07.56.56:988][254]CompilerResultsLog:   [13/14] UE4Editor-BookPractice-7806.dll
[2020.02.24-07.56.56:988][254]CompilerResultsLog:      C:\Users\wonji\Desktop\UnrealProjects\UnrealBook\BookPractice\Intermediate\Build\Win64\UE4Editor\Development\BookPractice\UE4Editor-BookPractice-7806.suppressed.lib ???̺귯?? ?? C:\Users\wonji\Desktop\UnrealProjects\UnrealBook\BookPractice\Intermediate\Build\Win64\UE4Editor\Development\BookPractice\UE4Editor-BookPractice-7806.suppressed.exp ??ü?? ?????ϰ? ?ֽ??ϴ?.
[2020.02.24-07.56.56:989][254]CompilerResultsLog:   [14/14] BookPracticeEditor.target
[2020.02.24-07.56.56:989][254]CompilerResultsLog: Total time in Parallel executor: 11.58 seconds
[2020.02.24-07.56.56:989][254]CompilerResultsLog: Total execution time: 32.57 seconds
[2020.02.24-07.56.56:989][254]LogMainFrame: MainFrame: Module compiling took 32.892 seconds
[2020.02.24-07.56.57:018][254]LogUObjectHash: Compacting FUObjectHashTables data took   0.74ms
[2020.02.24-07.56.57:037][254]LogClass: Could not find existing class ABCharacter in package /Script/BookPractice for HotReload, assuming new class
[2020.02.24-07.56.57:037][254]LogClass: Function OnAttackMontageEnded is new.
[2020.02.24-07.56.57:038][254]LogClass: Could not find existing class ABGameInstance in package /Script/BookPractice for HotReload, assuming new class
[2020.02.24-07.56.57:044][254]LogClass: ABCharacterData HotReload.
[2020.02.24-07.56.57:050][254]LogHotReload: Re-instancing ABCharacter after hot-reload.
[2020.02.24-07.56.57:135][254]LogHotReload: Re-instancing ABGameInstance after hot-reload.
[2020.02.24-07.56.57:221][254]LogContentBrowser: Native class hierarchy updated for 'BookPractice' in 0.0005 seconds. Added 19 classes and 2 folders.
[2020.02.24-07.56.57:223][254]Display: HotReload successful (4 functions remapped  1 scriptstructs remapped)
[2020.02.24-07.56.57:400][254]LogUObjectHash: Compacting FUObjectHashTables data took   1.42ms
[2020.02.24-07.56.57:412][254]LogContentBrowser: Native class hierarchy populated in 0.0074 seconds. Added 2753 classes and 666 folders.
[2020.02.24-07.56.57:413][254]Display: HotReload took 33.6s.
[2020.02.24-07.57.31:036][448]LogSlate: FSceneViewport::OnFocusLost() reason 0
[2020.02.24-07.57.31:103][452]LogTemp: Repeating last play command: 선택된 뷰포트
[2020.02.24-07.57.31:131][452]LogBlueprintUserMessages: Early PlayInEditor Detection: Level '/Game/ThirdPersonCPP/Maps/step3.step3:PersistentLevel' has LevelScriptBlueprint '/Game/ThirdPersonCPP/Maps/step3.step3:PersistentLevel.step3' with GeneratedClass '/Game/ThirdPersonCPP/Maps/step3.step3_C' with ClassGeneratedBy '/Game/ThirdPersonCPP/Maps/step3.step3:PersistentLevel.step3'
[2020.02.24-07.57.31:131][452]LogPlayLevel: PlayLevel: No blueprints needed recompiling
[2020.02.24-07.57.31:132][452]PIE: New page: PIE 세션: step3 (2020. 2. 25. 오전 1:57:31)
[2020.02.24-07.57.31:132][452]LogPlayLevel: Creating play world package: /Game/ThirdPersonCPP/Maps/UEDPIE_0_step3
[2020.02.24-07.57.31:140][452]LogPlayLevel: PIE: StaticDuplicateObject took: (0.007793s)
[2020.02.24-07.57.31:141][452]LogAIModule: Creating AISystem for world step3
[2020.02.24-07.57.31:141][452]LogPlayLevel: PIE: World Init took: (0.000802s)
[2020.02.24-07.57.31:141][452]LogPlayLevel: PIE: Created PIE world by copying editor world from /Game/ThirdPersonCPP/Maps/step3.step3 to /Game/ThirdPersonCPP/Maps/UEDPIE_0_step3.step3 (0.008973s)
[2020.02.24-07.57.31:169][452]LogUObjectHash: Compacting FUObjectHashTables data took   1.40ms
[2020.02.24-07.57.31:171][452]BookPractice: Warning: UABGameInstance::Init(17)DropExp of Level 20 ABCharacter : 105
[2020.02.24-07.57.31:178][452]LogInit: XAudio2 using 'Speakers(Realtek(R) Audio)' : 2 channels at 48 kHz using 32 bits per sample (channel mask 0x3)
[2020.02.24-07.57.31:191][452]LogInit: FAudioDevice initialized.
[2020.02.24-07.57.31:221][452]LogLoad: Game class is 'ABGameMode'
[2020.02.24-07.57.31:222][452]LogWorld: Bringing World /Game/ThirdPersonCPP/Maps/UEDPIE_0_step3.step3 up for play (max tick rate 60) at 2020.02.24-16.57.31
[2020.02.24-07.57.31:223][452]BookPractice: Warning: AFountain::PostInitializeComponents(72)
[2020.02.24-07.57.31:223][452]LogWorld: Bringing up level for play took: 0.001716
[2020.02.24-07.57.31:235][452]BookPractice: Warning: AABPlayerController::PostInitializeComponents(9)
[2020.02.24-07.57.31:235][452]BookPractice: Warning: AABGameMode::PostLogin(14)PostLogin Begin
[2020.02.24-07.57.31:236][452]BookPractice: Warning: AABPlayerController::OnPossess(13)
[2020.02.24-07.57.31:236][452]BookPractice: Warning: AABGameMode::PostLogin(16)PostLogin End
[2020.02.24-07.57.31:236][452]BookPractice: Warning: AFountain::BeginPlay(52)
[2020.02.24-07.57.31:236][452]BookPractice: Warning: AFountain::BeginPlay(53)ActorName : Fountain1, ID : 0, Location X : 100.000
[2020.02.24-07.57.31:237][452]LogOutputDevice: Warning: 

Script Stack (0 frames):

[2020.02.24-07.57.31:237][452]LogWindows: Windows GetLastError: 작업을 완료했습니다. (0)
[2020.02.24-07.57.43:289][452]LogWindows: Error: === Critical error: ===
[2020.02.24-07.57.43:289][452]LogWindows: Error: 
[2020.02.24-07.57.43:289][452]LogWindows: Error: Assertion failed: (Index >= 0) & (Index < ArrayNum) [File:C:\Program Files\Epic Games\UE_4.22\Engine\Source\Runtime\Core\Public\Containers/Array.h] [Line: 611] 
[2020.02.24-07.57.43:289][452]LogWindows: Error: Array index out of bounds: 0 from an array of size 0
[2020.02.24-07.57.43:289][452]LogWindows: Error: 
[2020.02.24-07.57.43:289][452]LogWindows: Error: 
[2020.02.24-07.57.43:289][452]LogWindows: Error: [Callstack] 0x00007ffc5584a839 KERNELBASE.dll!UnknownFunction []
[2020.02.24-07.57.43:289][452]LogWindows: Error: [Callstack] 0x00007ffbfc7e1f37 UE4Editor-Core.dll!ReportAssert() [d:\build\++ue4\sync\engine\source\runtime\core\private\windows\windowsplatformcrashcontext.cpp:553]
[2020.02.24-07.57.43:289][452]LogWindows: Error: [Callstack] 0x00007ffbfc7e46e7 UE4Editor-Core.dll!FWindowsErrorOutputDevice::Serialize() [d:\build\++ue4\sync\engine\source\runtime\core\private\windows\windowserroroutputdevice.cpp:79]
[2020.02.24-07.57.43:289][452]LogWindows: Error: [Callstack] 0x00007ffbfc5f7d1a UE4Editor-Core.dll!FOutputDevice::LogfImpl() [d:\build\++ue4\sync\engine\source\runtime\core\private\misc\outputdevice.cpp:71]
[2020.02.24-07.57.43:289][452]LogWindows: Error: [Callstack] 0x00007ffbfc57fe33 UE4Editor-Core.dll!AssertFailedImplV() [d:\build\++ue4\sync\engine\source\runtime\core\private\misc\assertionmacros.cpp:101]
[2020.02.24-07.57.43:290][452]LogWindows: Error: [Callstack] 0x00007ffbfc5804d0 UE4Editor-Core.dll!FDebug::CheckVerifyFailedImpl() [d:\build\++ue4\sync\engine\source\runtime\core\private\misc\assertionmacros.cpp:439]
[2020.02.24-07.57.43:290][452]LogWindows: Error: [Callstack] 0x00007ffc3ce9e3e8 UE4Editor-BookPractice-7806.dll!DispatchCheckVerify<void,<lambda_41f2787e0759d3ae36997c8ef9651f74> >() [C:\Program Files\Epic Games\UE_4.22\Engine\Source\Runtime\Core\Public\Misc\AssertionMacros.h:162]
[2020.02.24-07.57.43:290][452]LogWindows: Error: [Callstack] 0x00007ffc3ce7ce26 UE4Editor-BookPractice-7806.dll!AABCharacter::BeginPlay() [C:\Users\wonji\Desktop\UnrealProjects\UnrealBook\BookPractice\Source\BookPractice\private\ABCharacter.cpp:88]
[2020.02.24-07.57.43:290][452]LogWindows: Error: [Callstack] 0x00007ffbf12b1af6 UE4Editor-Engine.dll!AActor::DispatchBeginPlay() [d:\build\++ue4\sync\engine\source\runtime\engine\private\actor.cpp:3343]
[2020.02.24-07.57.43:290][452]LogWindows: Error: [Callstack] 0x00007ffbf23ccb99 UE4Editor-Engine.dll!AWorldSettings::NotifyBeginPlay() [d:\build\++ue4\sync\engine\source\runtime\engine\private\worldsettings.cpp:253]
[2020.02.24-07.57.43:290][452]LogWindows: Error: [Callstack] 0x00007ffbf1932911 UE4Editor-Engine.dll!AGameStateBase::HandleBeginPlay() [d:\build\++ue4\sync\engine\source\runtime\engine\private\gamestatebase.cpp:177]
[2020.02.24-07.57.43:290][452]LogWindows: Error: [Callstack] 0x00007ffbf238754e UE4Editor-Engine.dll!UWorld::BeginPlay() [d:\build\++ue4\sync\engine\source\runtime\engine\private\world.cpp:3948]
[2020.02.24-07.57.43:290][452]LogWindows: Error: [Callstack] 0x00007ffbf18f99af UE4Editor-Engine.dll!UGameInstance::StartPlayInEditorGameInstance() [d:\build\++ue4\sync\engine\source\runtime\engine\private\gameinstance.cpp:413]
[2020.02.24-07.57.43:290][452]LogWindows: Error: [Callstack] 0x00007ffbf032be44 UE4Editor-UnrealEd.dll!UEditorEngine::CreatePIEGameInstance() [d:\build\++ue4\sync\engine\source\editor\unrealed\private\playlevel.cpp:3341]
[2020.02.24-07.57.43:290][452]LogWindows: Error: [Callstack] 0x00007ffbf034b044 UE4Editor-UnrealEd.dll!UEditorEngine::PlayInEditor() [d:\build\++ue4\sync\engine\source\editor\unrealed\private\playlevel.cpp:2466]
[2020.02.24-07.57.43:290][452]LogWindows: Error: [Callstack] 0x00007ffbf036319f UE4Editor-UnrealEd.dll!UEditorEngine::StartQueuedPlayMapRequest() [d:\build\++ue4\sync\engine\source\editor\unrealed\private\playlevel.cpp:1280]
[2020.02.24-07.57.43:290][452]LogWindows: Error: [Callstack] 0x00007ffbefe3fc4a UE4Editor-UnrealEd.dll!UEditorEngine::Tick() [d:\build\++ue4\sync\engine\source\editor\unrealed\private\editorengine.cpp:1532]
[2020.02.24-07.57.43:290][452]LogWindows: Error: [Callstack] 0x00007ffbf065d396 UE4Editor-UnrealEd.dll!UUnrealEdEngine::Tick() [d:\build\++ue4\sync\engine\source\editor\unrealed\private\unrealedengine.cpp:403]
[2020.02.24-07.57.43:290][452]LogWindows: Error: [Callstack] 0x00007ff6767e6bb1 UE4Editor.exe!FEngineLoop::Tick() [d:\build\++ue4\sync\engine\source\runtime\launch\private\launchengineloop.cpp:3967]
[2020.02.24-07.57.43:290][452]LogWindows: Error: [Callstack] 0x00007ff6767f554c UE4Editor.exe!GuardedMain() [d:\build\++ue4\sync\engine\source\runtime\launch\private\launch.cpp:168]
[2020.02.24-07.57.43:290][452]LogWindows: Error: [Callstack] 0x00007ff6767f55ca UE4Editor.exe!GuardedMainWrapper() [d:\build\++ue4\sync\engine\source\runtime\launch\private\windows\launchwindows.cpp:145]
[2020.02.24-07.57.43:290][452]LogWindows: Error: [Callstack] 0x00007ff67680316c UE4Editor.exe!WinMain() [d:\build\++ue4\sync\engine\source\runtime\launch\private\windows\launchwindows.cpp:275]
[2020.02.24-07.57.43:290][452]LogWindows: Error: [Callstack] 0x00007ff676805b8e UE4Editor.exe!__scrt_common_main_seh() [d:\agent\_work\3\s\src\vctools\crt\vcstartup\src\startup\exe_common.inl:288]
[2020.02.24-07.57.43:290][452]LogWindows: Error: [Callstack] 0x00007ffc57887bd4 KERNEL32.DLL!UnknownFunction []
[2020.02.24-07.57.43:290][452]LogWindows: Error: [Callstack] 0x00007ffc57b0ced1 ntdll.dll!UnknownFunction []
[2020.02.24-07.57.43:290][452]LogWindows: Error: 
[2020.02.24-07.57.43:304][452]LogExit: Executing StaticShutdownAfterError
[2020.02.24-07.57.43:313][452]LogWindows: FPlatformMisc::RequestExit(1)
[2020.02.24-07.57.43:315][452]Log file closed, 02/24/20 16:57:43
