Log file open, 02/03/20 15:37:47
LogWindows: Failed to load 'aqProf.dll' (GetLastError=126)
LogWindows: File 'aqProf.dll' does not exist
LogWindows: Failed to load 'VtuneApi.dll' (GetLastError=126)
LogWindows: File 'VtuneApi.dll' does not exist
LogWindows: Failed to load 'VtuneApi32e.dll' (GetLastError=126)
LogWindows: File 'VtuneApi32e.dll' does not exist
LogConsoleResponse: Display: Failed to find resolution value strings in scalability ini. Falling back to default.
LogInit: Display: Running engine for game: BookPractice
LogPakFile: Registered encryption key '00000000000000000000000000000000': 0 pak files mounted, 0 remain pending
LogPlatformFile: Not using cached read wrapper
LogTaskGraph: Started task graph with 5 named threads and 35 total threads with 3 sets of task threads.
LogStats: Stats thread started at 0.438363
LogD3D11RHI: Loaded GFSDK_Aftermath_Lib.x64.dll
LogICUInternationalization: ICU TimeZone Detection - Raw Offset: +9:00, Platform Override: ''
LogPluginManager: Mounting plugin Paper2D
LogPluginManager: Mounting plugin AISupport
LogPluginManager: Mounting plugin LightPropagationVolume
LogPluginManager: Mounting plugin ActorLayerUtilities
LogPluginManager: Mounting plugin AnimationSharing
LogPluginManager: Mounting plugin CLionSourceCodeAccess
LogPluginManager: Mounting plugin CodeLiteSourceCodeAccess
LogPluginManager: Mounting plugin GitSourceControl
LogPluginManager: Mounting plugin KDevelopSourceCodeAccess
LogPluginManager: Mounting plugin NullSourceCodeAccess
LogPluginManager: Mounting plugin PerforceSourceControl
LogPluginManager: Mounting plugin SubversionSourceControl
LogPluginManager: Mounting plugin UObjectPlugin
LogPluginManager: Mounting plugin VisualStudioCodeSourceCodeAccess
LogPluginManager: Mounting plugin VisualStudioSourceCodeAccess
LogPluginManager: Mounting plugin XCodeSourceCodeAccess
LogPluginManager: Mounting plugin AssetManagerEditor
LogPluginManager: Mounting plugin CryptoKeys
LogPluginManager: Mounting plugin DataValidation
LogPluginManager: Mounting plugin FacialAnimation
LogPluginManager: Mounting plugin GameplayTagsEditor
LogPluginManager: Mounting plugin MacGraphicsSwitching
LogPluginManager: Mounting plugin MaterialAnalyzer
LogPluginManager: Mounting plugin MobileLauncherProfileWizard
LogPluginManager: Mounting plugin PluginBrowser
LogPluginManager: Mounting plugin SpeedTreeImporter
LogPluginManager: Mounting plugin DatasmithContent
LogPluginManager: Mounting plugin VariantManagerContent
LogPluginManager: Mounting plugin AlembicImporter
LogPluginManager: Mounting plugin AppleImageUtils
LogPluginManager: Mounting plugin AppleVision
LogPluginManager: Mounting plugin BackChannel
LogPluginManager: Mounting plugin CharacterAI
LogPluginManager: Mounting plugin GeometryCache
LogPluginManager: Mounting plugin HTML5Networking
LogPluginManager: Mounting plugin ProxyLODPlugin
LogPluginManager: Mounting plugin SkeletalReduction
LogPluginManager: Mounting plugin MagicLeap
LogPluginManager: Mounting plugin MagicLeapMedia
LogPluginManager: Mounting plugin AndroidMedia
LogPluginManager: Mounting plugin AvfMedia
LogPluginManager: Mounting plugin ImgMedia
LogPluginManager: Mounting plugin LinearTimecode
LogPluginManager: Mounting plugin MediaCompositing
LogPluginManager: Mounting plugin MediaPlayerEditor
LogPluginManager: Mounting plugin WebMMedia
LogPluginManager: Mounting plugin WmfMedia
LogPluginManager: Mounting plugin TcpMessaging
LogPluginManager: Mounting plugin UdpMessaging
LogPluginManager: Mounting plugin ActorSequence
LogPluginManager: Mounting plugin LevelSequenceEditor
LogPluginManager: Mounting plugin MatineeToLevelSequence
LogPluginManager: Mounting plugin NetcodeUnitTest
LogPluginManager: Mounting plugin NUTUnrealEngine4
LogPluginManager: Mounting plugin OnlineSubsystemGooglePlay
LogPluginManager: Mounting plugin OnlineSubsystemIOS
LogPluginManager: Mounting plugin OnlineSubsystem
LogPluginManager: Mounting plugin OnlineSubsystemNull
LogPluginManager: Mounting plugin OnlineSubsystemUtils
LogPluginManager: Mounting plugin LauncherChunkInstaller
LogPluginManager: Mounting plugin AndroidDeviceProfileSelector
LogPluginManager: Mounting plugin AndroidMoviePlayer
LogPluginManager: Mounting plugin AndroidPermission
LogPluginManager: Mounting plugin AppleMoviePlayer
LogPluginManager: Mounting plugin ArchVisCharacter
LogPluginManager: Mounting plugin AudioCapture
LogPluginManager: Mounting plugin CableComponent
LogPluginManager: Mounting plugin CustomMeshComponent
LogPluginManager: Mounting plugin EditableMesh
LogPluginManager: Mounting plugin ExampleDeviceProfileSelector
LogPluginManager: Mounting plugin Firebase
LogPluginManager: Mounting plugin GoogleCloudMessaging
LogPluginManager: Mounting plugin IOSDeviceProfileSelector
LogPluginManager: Mounting plugin LinuxDeviceProfileSelector
LogPluginManager: Mounting plugin LocationServicesBPLibrary
LogPluginManager: Mounting plugin MobilePatchingUtils
LogPluginManager: Mounting plugin OculusVR
LogPluginManager: Mounting plugin PhysXVehicles
LogPluginManager: Mounting plugin ProceduralMeshComponent
LogPluginManager: Mounting plugin RuntimePhysXCooking
LogPluginManager: Mounting plugin SignificanceManager
LogPluginManager: Mounting plugin SteamVR
LogPluginManager: Mounting plugin WebMMoviePlayer
LogPluginManager: Mounting plugin WindowsMoviePlayer
LogInit: Using libcurl 7.55.1-DEV
LogInit:  - built for x86_64-pc-win32
LogInit:  - supports SSL with OpenSSL/1.1.1
LogInit:  - supports HTTP deflate (compression) using libz 1.2.8
LogInit:  - other features:
LogInit:      CURL_VERSION_SSL
LogInit:      CURL_VERSION_LIBZ
LogInit:      CURL_VERSION_IPV6
LogInit:      CURL_VERSION_ASYNCHDNS
LogInit:      CURL_VERSION_LARGEFILE
LogInit:      CURL_VERSION_IDN
LogInit:  CurlRequestOptions (configurable via config and command line):
LogInit:  - bVerifyPeer = true  - Libcurl will verify peer certificate
LogInit:  - bUseHttpProxy = false  - Libcurl will NOT use HTTP proxy
LogInit:  - bDontReuseConnections = false  - Libcurl will reuse connections
LogInit:  - MaxHostConnections = 16  - Libcurl will limit the number of connections to a host
LogInit:  - LocalHostAddr = Default
LogInit:  - BufferSize = 65536
LogInit: WinSock: version 1.1 (2.2), MaxSocks=32767, MaxUdp=65467
LogInit: Build: ++UE4+Release-4.22-CL-7053642
LogInit: Engine Version: 4.22.3-7053642+++UE4+Release-4.22
LogInit: Compatible Engine Version: 4.22.0-5660361+++UE4+Release-4.22
LogInit: Net CL: 5660361
LogInit: OS: Windows 10 (Release 1903) (), CPU: Intel(R) Core(TM) i7-9750H CPU @ 2.60GHz, GPU: Intel(R) UHD Graphics 630
LogInit: Compiled (64-bit): Jun 18 2019 03:09:11
LogInit: Compiled with Visual C++: 19.16.27025.01
LogInit: Build Configuration: Development
LogInit: Branch Name: ++UE4+Release-4.22
LogInit: Command Line: 
LogInit: Base Directory: C:/Program Files/Epic Games/UE_4.22/Engine/Binaries/Win64/
LogInit: Installed Engine Build: 1
LogDevObjectVersion: Number of dev versions registered: 23
LogDevObjectVersion:   Dev-Blueprints (B0D832E4-1F89-4F0D-ACCF-7EB736FD4AA2): 10
LogDevObjectVersion:   Dev-Build (E1C64328-A22C-4D53-A36C-8E866417BD8C): 0
LogDevObjectVersion:   Dev-Core (375EC13C-06E4-48FB-B500-84F0262A717E): 3
LogDevObjectVersion:   Dev-Editor (E4B068ED-F494-42E9-A231-DA0B2E46BB41): 30
LogDevObjectVersion:   Dev-Framework (CFFC743F-43B0-4480-9391-14DF171D2073): 35
LogDevObjectVersion:   Dev-Mobile (B02B49B5-BB20-44E9-A304-32B752E40360): 2
LogDevObjectVersion:   Dev-Networking (A4E4105C-59A1-49B5-A7C5-40C4547EDFEE): 0
LogDevObjectVersion:   Dev-Online (39C831C9-5AE6-47DC-9A44-9C173E1C8E7C): 0
LogDevObjectVersion:   Dev-Physics (78F01B33-EBEA-4F98-B9B4-84EACCB95AA2): 0
LogDevObjectVersion:   Dev-Platform (6631380F-2D4D-43E0-8009-CF276956A95A): 0
LogDevObjectVersion:   Dev-Rendering (12F88B9F-8875-4AFC-A67C-D90C383ABD29): 28
LogDevObjectVersion:   Dev-Sequencer (7B5AE74C-D270-4C10-A958-57980B212A5A): 11
LogDevObjectVersion:   Dev-VR (D7296918-1DD6-4BDD-9DE2-64A83CC13884): 2
LogDevObjectVersion:   Dev-LoadTimes (C2A15278-BFE7-4AFE-6C17-90FF531DF755): 1
LogDevObjectVersion:   Private-Geometry (6EACA3D4-40EC-4CC1-B786-8BED09428FC5): 3
LogDevObjectVersion:   Dev-AnimPhys (29E575DD-E0A3-4627-9D10-D276232CDCEA): 17
LogDevObjectVersion:   Dev-Anim (AF43A65D-7FD3-4947-9873-3E8ED9C1BB05): 2
LogDevObjectVersion:   Dev-ReflectionCapture (6B266CEC-1EC7-4B8F-A30B-E4D90942FC07): 1
LogDevObjectVersion:   Dev-Automation (0DF73D61-A23F-47EA-B727-89E90C41499A): 1
LogDevObjectVersion:   FortniteMain (601D1886-AC64-4F84-AA16-D3DE0DEAC7D6): 25
LogDevObjectVersion:   Dev-Enterprise (9DFFBCD6-494F-0158-E221-12823C92A888): 6
LogDevObjectVersion:   Dev-Niagara (F2AED0AC-9AFE-416F-8664-AA7FFA26D6FC): 1
LogDevObjectVersion:   Dev-Destruction (174F1F0B-B4C6-45A5-B13F-2EE8D0FB917D): 2
LogInit: Presizing for max 16777216 objects, including 0 objects not considered by GC, pre-allocating 0 bytes for permanent pool.
LogInit: Object subsystem initialized
LogConfig: Setting CVar [[con.DebugEarlyDefault:1]]
LogConfig: Setting CVar [[r.setres:1280x720]]
[2020.02.03-06.37.48:058][  0]LogConfig: Setting CVar [[r.VSync:0]]
[2020.02.03-06.37.48:058][  0]LogConfig: Setting CVar [[r.RHICmdBypass:0]]
[2020.02.03-06.37.48:058][  0]LogConfig: Applying CVar settings from Section [/Script/Engine.RendererSettings] File [C:/Users/wonji/Desktop/UnrealProjects/UnrealBook/BookPractice/Saved/Config/Windows/Engine.ini]
[2020.02.03-06.37.48:058][  0]LogConfig: Setting CVar [[r.GPUCrashDebugging:0]]
[2020.02.03-06.37.48:058][  0]LogConfig: Applying CVar settings from Section [/Script/Engine.RendererOverrideSettings] File [C:/Users/wonji/Desktop/UnrealProjects/UnrealBook/BookPractice/Saved/Config/Windows/Engine.ini]
[2020.02.03-06.37.48:058][  0]LogConfig: Applying CVar settings from Section [/Script/Engine.StreamingSettings] File [C:/Users/wonji/Desktop/UnrealProjects/UnrealBook/BookPractice/Saved/Config/Windows/Engine.ini]
[2020.02.03-06.37.48:058][  0]LogConfig: Setting CVar [[s.MinBulkDataSizeForAsyncLoading:131072]]
[2020.02.03-06.37.48:058][  0]LogConfig: Setting CVar [[s.AsyncLoadingThreadEnabled:0]]
[2020.02.03-06.37.48:058][  0]LogConfig: Setting CVar [[s.EventDrivenLoaderEnabled:1]]
[2020.02.03-06.37.48:058][  0]LogConfig: Setting CVar [[s.WarnIfTimeLimitExceeded:0]]
[2020.02.03-06.37.48:058][  0]LogConfig: Setting CVar [[s.TimeLimitExceededMultiplier:1.5]]
[2020.02.03-06.37.48:058][  0]LogConfig: Setting CVar [[s.TimeLimitExceededMinTime:0.005]]
[2020.02.03-06.37.48:058][  0]LogConfig: Setting CVar [[s.UseBackgroundLevelStreaming:1]]
[2020.02.03-06.37.48:058][  0]LogConfig: Setting CVar [[s.PriorityAsyncLoadingExtraTime:15.0]]
[2020.02.03-06.37.48:058][  0]LogConfig: Setting CVar [[s.LevelStreamingActorsUpdateTimeLimit:5.0]]
[2020.02.03-06.37.48:058][  0]LogConfig: Setting CVar [[s.PriorityLevelStreamingActorsUpdateExtraTime:5.0]]
[2020.02.03-06.37.48:058][  0]LogConfig: Setting CVar [[s.LevelStreamingComponentsRegistrationGranularity:10]]
[2020.02.03-06.37.48:058][  0]LogConfig: Setting CVar [[s.UnregisterComponentsTimeLimit:1.0]]
[2020.02.03-06.37.48:058][  0]LogConfig: Setting CVar [[s.LevelStreamingComponentsUnregistrationGranularity:5]]
[2020.02.03-06.37.48:058][  0]LogConfig: Applying CVar settings from Section [/Script/Engine.GarbageCollectionSettings] File [C:/Users/wonji/Desktop/UnrealProjects/UnrealBook/BookPractice/Saved/Config/Windows/Engine.ini]
[2020.02.03-06.37.48:058][  0]LogConfig: Setting CVar [[gc.MaxObjectsNotConsideredByGC:1]]
[2020.02.03-06.37.48:058][  0]LogConfig: Setting CVar [[gc.SizeOfPermanentObjectPool:0]]
[2020.02.03-06.37.48:058][  0]LogConfig: Setting CVar [[gc.FlushStreamingOnGC:0]]
[2020.02.03-06.37.48:058][  0]LogConfig: Setting CVar [[gc.NumRetriesBeforeForcingGC:10]]
[2020.02.03-06.37.48:058][  0]LogConfig: Setting CVar [[gc.AllowParallelGC:1]]
[2020.02.03-06.37.48:058][  0]LogConfig: Setting CVar [[gc.TimeBetweenPurgingPendingKillObjects:61.1]]
[2020.02.03-06.37.48:058][  0]LogConfig: Setting CVar [[gc.MaxObjectsInEditor:16777216]]
[2020.02.03-06.37.48:058][  0]LogConfig: Setting CVar [[gc.IncrementalBeginDestroyEnabled:1]]
[2020.02.03-06.37.48:058][  0]LogConfig: Setting CVar [[gc.CreateGCClusters:1]]
[2020.02.03-06.37.48:058][  0]LogConfig: Setting CVar [[gc.MinGCClusterSize:5]]
[2020.02.03-06.37.48:058][  0]LogConfig: Setting CVar [[gc.ActorClusteringEnabled:0]]
[2020.02.03-06.37.48:058][  0]LogConfig: Setting CVar [[gc.BlueprintClusteringEnabled:0]]
[2020.02.03-06.37.48:058][  0]LogConfig: Setting CVar [[gc.UseDisregardForGCOnDedicatedServers:0]]
[2020.02.03-06.37.48:058][  0]LogConfig: Applying CVar settings from Section [/Script/Engine.NetworkSettings] File [C:/Users/wonji/Desktop/UnrealProjects/UnrealBook/BookPractice/Saved/Config/Windows/Engine.ini]
[2020.02.03-06.37.48:058][  0]LogConfig: Applying CVar settings from Section [/Script/UnrealEd.CookerSettings] File [C:/Users/wonji/Desktop/UnrealProjects/UnrealBook/BookPractice/Saved/Config/Windows/Engine.ini]
[2020.02.03-06.37.48:061][  0]LogConfig: Applying CVar settings from Section [ViewDistanceQuality@3] File [C:/Users/wonji/Desktop/UnrealProjects/UnrealBook/BookPractice/Saved/Config/Windows/Scalability.ini]
[2020.02.03-06.37.48:061][  0]LogConfig: Setting CVar [[r.SkeletalMeshLODBias:0]]
[2020.02.03-06.37.48:061][  0]LogConfig: Setting CVar [[r.ViewDistanceScale:1.0]]
[2020.02.03-06.37.48:061][  0]LogConfig: Applying CVar settings from Section [AntiAliasingQuality@3] File [C:/Users/wonji/Desktop/UnrealProjects/UnrealBook/BookPractice/Saved/Config/Windows/Scalability.ini]
[2020.02.03-06.37.48:061][  0]LogConfig: Setting CVar [[r.PostProcessAAQuality:4]]
[2020.02.03-06.37.48:061][  0]LogConfig: Applying CVar settings from Section [ShadowQuality@3] File [C:/Users/wonji/Desktop/UnrealProjects/UnrealBook/BookPractice/Saved/Config/Windows/Scalability.ini]
[2020.02.03-06.37.48:061][  0]LogConfig: Setting CVar [[r.LightFunctionQuality:1]]
[2020.02.03-06.37.48:061][  0]LogConfig: Setting CVar [[r.ShadowQuality:5]]
[2020.02.03-06.37.48:061][  0]LogConfig: Setting CVar [[r.Shadow.CSM.MaxCascades:10]]
[2020.02.03-06.37.48:061][  0]LogConfig: Setting CVar [[r.Shadow.MaxResolution:2048]]
[2020.02.03-06.37.48:061][  0]LogConfig: Setting CVar [[r.Shadow.MaxCSMResolution:2048]]
[2020.02.03-06.37.48:061][  0]LogConfig: Setting CVar [[r.Shadow.RadiusThreshold:0.01]]
[2020.02.03-06.37.48:061][  0]LogConfig: Setting CVar [[r.Shadow.DistanceScale:1.0]]
[2020.02.03-06.37.48:061][  0]LogConfig: Setting CVar [[r.Shadow.CSM.TransitionScale:1.0]]
[2020.02.03-06.37.48:061][  0]LogConfig: Setting CVar [[r.Shadow.PreShadowResolutionFactor:1.0]]
[2020.02.03-06.37.48:061][  0]LogConfig: Setting CVar [[r.DistanceFieldShadowing:1]]
[2020.02.03-06.37.48:061][  0]LogConfig: Setting CVar [[r.DistanceFieldAO:1]]
[2020.02.03-06.37.48:061][  0]LogConfig: Setting CVar [[r.AOQuality:2]]
[2020.02.03-06.37.48:061][  0]LogConfig: Setting CVar [[r.VolumetricFog:1]]
[2020.02.03-06.37.48:061][  0]LogConfig: Setting CVar [[r.VolumetricFog.GridPixelSize:8]]
[2020.02.03-06.37.48:061][  0]LogConfig: Setting CVar [[r.VolumetricFog.GridSizeZ:128]]
[2020.02.03-06.37.48:061][  0]LogConfig: Setting CVar [[r.VolumetricFog.HistoryMissSupersampleCount:4]]
[2020.02.03-06.37.48:061][  0]LogConfig: Setting CVar [[r.LightMaxDrawDistanceScale:1]]
[2020.02.03-06.37.48:061][  0]LogConfig: Setting CVar [[r.CapsuleShadows:1]]
[2020.02.03-06.37.48:061][  0]LogConfig: Applying CVar settings from Section [PostProcessQuality@3] File [C:/Users/wonji/Desktop/UnrealProjects/UnrealBook/BookPractice/Saved/Config/Windows/Scalability.ini]
[2020.02.03-06.37.48:061][  0]LogConfig: Setting CVar [[r.MotionBlurQuality:4]]
[2020.02.03-06.37.48:062][  0]LogConfig: Setting CVar [[r.AmbientOcclusionMipLevelFactor:0.4]]
[2020.02.03-06.37.48:062][  0]LogConfig: Setting CVar [[r.AmbientOcclusionMaxQuality:100]]
[2020.02.03-06.37.48:062][  0]LogConfig: Setting CVar [[r.AmbientOcclusionLevels:-1]]
[2020.02.03-06.37.48:062][  0]LogConfig: Setting CVar [[r.AmbientOcclusionRadiusScale:1.0]]
[2020.02.03-06.37.48:062][  0]LogConfig: Setting CVar [[r.DepthOfFieldQuality:2]]
[2020.02.03-06.37.48:062][  0]LogConfig: Setting CVar [[r.RenderTargetPoolMin:400]]
[2020.02.03-06.37.48:062][  0]LogConfig: Setting CVar [[r.LensFlareQuality:2]]
[2020.02.03-06.37.48:062][  0]LogConfig: Setting CVar [[r.SceneColorFringeQuality:1]]
[2020.02.03-06.37.48:062][  0]LogConfig: Setting CVar [[r.EyeAdaptationQuality:2]]
[2020.02.03-06.37.48:062][  0]LogConfig: Setting CVar [[r.BloomQuality:5]]
[2020.02.03-06.37.48:062][  0]LogConfig: Setting CVar [[r.FastBlurThreshold:100]]
[2020.02.03-06.37.48:062][  0]LogConfig: Setting CVar [[r.Upscale.Quality:3]]
[2020.02.03-06.37.48:062][  0]LogConfig: Setting CVar [[r.Tonemapper.GrainQuantization:1]]
[2020.02.03-06.37.48:062][  0]LogConfig: Setting CVar [[r.LightShaftQuality:1]]
[2020.02.03-06.37.48:062][  0]LogConfig: Setting CVar [[r.Filter.SizeScale:1]]
[2020.02.03-06.37.48:062][  0]LogConfig: Setting CVar [[r.Tonemapper.Quality:5]]
[2020.02.03-06.37.48:062][  0]LogConfig: Setting CVar [[r.DOF.Gather.AccumulatorQuality:1        ; higher gathering accumulator quality]]
[2020.02.03-06.37.48:062][  0]LogConfig: Setting CVar [[r.DOF.Gather.PostfilterMethod:1          ; Median3x3 postfilering method]]
[2020.02.03-06.37.48:062][  0]LogConfig: Setting CVar [[r.DOF.Gather.EnableBokehSettings:0       ; no bokeh simulation when gathering]]
[2020.02.03-06.37.48:062][  0]LogConfig: Setting CVar [[r.DOF.Gather.RingCount:4                 ; medium number of samples when gathering]]
[2020.02.03-06.37.48:062][  0]LogConfig: Setting CVar [[r.DOF.Scatter.ForegroundCompositing:1    ; additive foreground scattering]]
[2020.02.03-06.37.48:062][  0]LogConfig: Setting CVar [[r.DOF.Scatter.BackgroundCompositing:2    ; additive background scattering]]
[2020.02.03-06.37.48:062][  0]LogConfig: Setting CVar [[r.DOF.Scatter.EnableBokehSettings:1      ; bokeh simulation when scattering]]
[2020.02.03-06.37.48:062][  0]LogConfig: Setting CVar [[r.DOF.Scatter.MaxSpriteRatio:0.1         ; only a maximum of 10% of scattered bokeh]]
[2020.02.03-06.37.48:062][  0]LogConfig: Setting CVar [[r.DOF.Recombine.Quality:1                ; cheap slight out of focus]]
[2020.02.03-06.37.48:062][  0]LogConfig: Setting CVar [[r.DOF.Recombine.EnableBokehSettings:0    ; no bokeh simulation on slight out of focus]]
[2020.02.03-06.37.48:062][  0]LogConfig: Setting CVar [[r.DOF.TemporalAAQuality:1                ; more stable temporal accumulation]]
[2020.02.03-06.37.48:062][  0]LogConfig: Setting CVar [[r.DOF.Kernel.MaxForegroundRadius:0.025]]
[2020.02.03-06.37.48:062][  0]LogConfig: Setting CVar [[r.DOF.Kernel.MaxBackgroundRadius:0.025]]
[2020.02.03-06.37.48:062][  0]LogConfig: Applying CVar settings from Section [TextureQuality@3] File [C:/Users/wonji/Desktop/UnrealProjects/UnrealBook/BookPractice/Saved/Config/Windows/Scalability.ini]
[2020.02.03-06.37.48:062][  0]LogConfig: Setting CVar [[r.Streaming.MipBias:0]]
[2020.02.03-06.37.48:062][  0]LogConfig: Setting CVar [[r.Streaming.AmortizeCPUToGPUCopy:0]]
[2020.02.03-06.37.48:062][  0]LogConfig: Setting CVar [[r.Streaming.MaxNumTexturesToStreamPerFrame:0]]
[2020.02.03-06.37.48:062][  0]LogConfig: Setting CVar [[r.Streaming.Boost:1]]
[2020.02.03-06.37.48:062][  0]LogConfig: Setting CVar [[r.MaxAnisotropy:8]]
[2020.02.03-06.37.48:062][  0]LogConfig: Setting CVar [[r.Streaming.LimitPoolSizeToVRAM:0]]
[2020.02.03-06.37.48:062][  0]LogConfig: Setting CVar [[r.Streaming.PoolSize:1000]]
[2020.02.03-06.37.48:062][  0]LogConfig: Setting CVar [[r.Streaming.MaxEffectiveScreenSize:0]]
[2020.02.03-06.37.48:062][  0]LogConfig: Applying CVar settings from Section [EffectsQuality@3] File [C:/Users/wonji/Desktop/UnrealProjects/UnrealBook/BookPractice/Saved/Config/Windows/Scalability.ini]
[2020.02.03-06.37.48:062][  0]LogConfig: Setting CVar [[r.TranslucencyLightingVolumeDim:64]]
[2020.02.03-06.37.48:062][  0]LogConfig: Setting CVar [[r.RefractionQuality:2]]
[2020.02.03-06.37.48:062][  0]LogConfig: Setting CVar [[r.SSR.Quality:3]]
[2020.02.03-06.37.48:062][  0]LogConfig: Setting CVar [[r.SceneColorFormat:4]]
[2020.02.03-06.37.48:062][  0]LogConfig: Setting CVar [[r.DetailMode:2]]
[2020.02.03-06.37.48:062][  0]LogConfig: Setting CVar [[r.TranslucencyVolumeBlur:1]]
[2020.02.03-06.37.48:062][  0]LogConfig: Setting CVar [[r.MaterialQualityLevel:1 ; High quality]]
[2020.02.03-06.37.48:062][  0]LogConfig: Setting CVar [[r.SSS.Scale:1]]
[2020.02.03-06.37.48:062][  0]LogConfig: Setting CVar [[r.SSS.SampleSet:2]]
[2020.02.03-06.37.48:062][  0]LogConfig: Setting CVar [[r.SSS.Quality:1]]
[2020.02.03-06.37.48:062][  0]LogConfig: Setting CVar [[r.SSS.HalfRes:1]]
[2020.02.03-06.37.48:062][  0]LogConfig: Setting CVar [[r.EmitterSpawnRateScale:1.0]]
[2020.02.03-06.37.48:062][  0]LogConfig: Setting CVar [[r.ParticleLightQuality:2]]
[2020.02.03-06.37.48:062][  0]LogConfig: Applying CVar settings from Section [FoliageQuality@3] File [C:/Users/wonji/Desktop/UnrealProjects/UnrealBook/BookPractice/Saved/Config/Windows/Scalability.ini]
[2020.02.03-06.37.48:062][  0]LogConfig: Setting CVar [[foliage.DensityScale:1.0]]
[2020.02.03-06.37.48:062][  0]LogConfig: Setting CVar [[grass.DensityScale:1.0]]
[2020.02.03-06.37.48:062][  0]LogInit: Selected Device Profile: [Windows]
[2020.02.03-06.37.48:062][  0]LogInit: Applying CVar settings loaded from the selected device profile: [Windows]
[2020.02.03-06.37.48:078][  0]LogHAL: Display: Platform has ~ 16 GB [17073135616 / 17179869184 / 16], which maps to Larger [LargestMinGB=32, LargerMinGB=12, DefaultMinGB=8, SmallerMinGB=6, SmallestMinGB=0)
[2020.02.03-06.37.48:078][  0]LogConfig: Setting CVar [[r.Vulkan.UseRealUBs:0		; Required until we fix HLR fall-out]]
[2020.02.03-06.37.48:078][  0]LogInit: Going up to parent DeviceProfile []
[2020.02.03-06.37.48:078][  0]LogConfig: Applying CVar settings from Section [ViewDistanceQuality@3] File [C:/Users/wonji/Desktop/UnrealProjects/UnrealBook/BookPractice/Saved/Config/Windows/Scalability.ini]
[2020.02.03-06.37.48:078][  0]LogConfig: Setting CVar [[r.SkeletalMeshLODBias:0]]
[2020.02.03-06.37.48:078][  0]LogConfig: Setting CVar [[r.ViewDistanceScale:1.0]]
[2020.02.03-06.37.48:078][  0]LogConfig: Applying CVar settings from Section [AntiAliasingQuality@3] File [C:/Users/wonji/Desktop/UnrealProjects/UnrealBook/BookPractice/Saved/Config/Windows/Scalability.ini]
[2020.02.03-06.37.48:078][  0]LogConfig: Setting CVar [[r.PostProcessAAQuality:4]]
[2020.02.03-06.37.48:078][  0]LogConfig: Applying CVar settings from Section [ShadowQuality@3] File [C:/Users/wonji/Desktop/UnrealProjects/UnrealBook/BookPractice/Saved/Config/Windows/Scalability.ini]
[2020.02.03-06.37.48:078][  0]LogConfig: Setting CVar [[r.LightFunctionQuality:1]]
[2020.02.03-06.37.48:078][  0]LogConfig: Setting CVar [[r.ShadowQuality:5]]
[2020.02.03-06.37.48:078][  0]LogConfig: Setting CVar [[r.Shadow.CSM.MaxCascades:10]]
[2020.02.03-06.37.48:078][  0]LogConfig: Setting CVar [[r.Shadow.MaxResolution:2048]]
[2020.02.03-06.37.48:078][  0]LogConfig: Setting CVar [[r.Shadow.MaxCSMResolution:2048]]
[2020.02.03-06.37.48:078][  0]LogConfig: Setting CVar [[r.Shadow.RadiusThreshold:0.01]]
[2020.02.03-06.37.48:078][  0]LogConfig: Setting CVar [[r.Shadow.DistanceScale:1.0]]
[2020.02.03-06.37.48:078][  0]LogConfig: Setting CVar [[r.Shadow.CSM.TransitionScale:1.0]]
[2020.02.03-06.37.48:078][  0]LogConfig: Setting CVar [[r.Shadow.PreShadowResolutionFactor:1.0]]
[2020.02.03-06.37.48:078][  0]LogConfig: Setting CVar [[r.DistanceFieldShadowing:1]]
[2020.02.03-06.37.48:078][  0]LogConfig: Setting CVar [[r.DistanceFieldAO:1]]
[2020.02.03-06.37.48:078][  0]LogConfig: Setting CVar [[r.AOQuality:2]]
[2020.02.03-06.37.48:078][  0]LogConfig: Setting CVar [[r.VolumetricFog:1]]
[2020.02.03-06.37.48:078][  0]LogConfig: Setting CVar [[r.VolumetricFog.GridPixelSize:8]]
[2020.02.03-06.37.48:078][  0]LogConfig: Setting CVar [[r.VolumetricFog.GridSizeZ:128]]
[2020.02.03-06.37.48:078][  0]LogConfig: Setting CVar [[r.VolumetricFog.HistoryMissSupersampleCount:4]]
[2020.02.03-06.37.48:078][  0]LogConfig: Setting CVar [[r.LightMaxDrawDistanceScale:1]]
[2020.02.03-06.37.48:078][  0]LogConfig: Setting CVar [[r.CapsuleShadows:1]]
[2020.02.03-06.37.48:078][  0]LogConfig: Applying CVar settings from Section [PostProcessQuality@3] File [C:/Users/wonji/Desktop/UnrealProjects/UnrealBook/BookPractice/Saved/Config/Windows/Scalability.ini]
[2020.02.03-06.37.48:078][  0]LogConfig: Setting CVar [[r.MotionBlurQuality:4]]
[2020.02.03-06.37.48:078][  0]LogConfig: Setting CVar [[r.AmbientOcclusionMipLevelFactor:0.4]]
[2020.02.03-06.37.48:078][  0]LogConfig: Setting CVar [[r.AmbientOcclusionMaxQuality:100]]
[2020.02.03-06.37.48:078][  0]LogConfig: Setting CVar [[r.AmbientOcclusionLevels:-1]]
[2020.02.03-06.37.48:078][  0]LogConfig: Setting CVar [[r.AmbientOcclusionRadiusScale:1.0]]
[2020.02.03-06.37.48:078][  0]LogConfig: Setting CVar [[r.DepthOfFieldQuality:2]]
[2020.02.03-06.37.48:078][  0]LogConfig: Setting CVar [[r.RenderTargetPoolMin:400]]
[2020.02.03-06.37.48:078][  0]LogConfig: Setting CVar [[r.LensFlareQuality:2]]
[2020.02.03-06.37.48:078][  0]LogConfig: Setting CVar [[r.SceneColorFringeQuality:1]]
[2020.02.03-06.37.48:078][  0]LogConfig: Setting CVar [[r.EyeAdaptationQuality:2]]
[2020.02.03-06.37.48:078][  0]LogConfig: Setting CVar [[r.BloomQuality:5]]
[2020.02.03-06.37.48:078][  0]LogConfig: Setting CVar [[r.FastBlurThreshold:100]]
[2020.02.03-06.37.48:078][  0]LogConfig: Setting CVar [[r.Upscale.Quality:3]]
[2020.02.03-06.37.48:078][  0]LogConfig: Setting CVar [[r.Tonemapper.GrainQuantization:1]]
[2020.02.03-06.37.48:079][  0]LogConfig: Setting CVar [[r.LightShaftQuality:1]]
[2020.02.03-06.37.48:079][  0]LogConfig: Setting CVar [[r.Filter.SizeScale:1]]
[2020.02.03-06.37.48:079][  0]LogConfig: Setting CVar [[r.Tonemapper.Quality:5]]
[2020.02.03-06.37.48:079][  0]LogConfig: Setting CVar [[r.DOF.Gather.AccumulatorQuality:1        ; higher gathering accumulator quality]]
[2020.02.03-06.37.48:079][  0]LogConfig: Setting CVar [[r.DOF.Gather.PostfilterMethod:1          ; Median3x3 postfilering method]]
[2020.02.03-06.37.48:079][  0]LogConfig: Setting CVar [[r.DOF.Gather.EnableBokehSettings:0       ; no bokeh simulation when gathering]]
[2020.02.03-06.37.48:079][  0]LogConfig: Setting CVar [[r.DOF.Gather.RingCount:4                 ; medium number of samples when gathering]]
[2020.02.03-06.37.48:079][  0]LogConfig: Setting CVar [[r.DOF.Scatter.ForegroundCompositing:1    ; additive foreground scattering]]
[2020.02.03-06.37.48:079][  0]LogConfig: Setting CVar [[r.DOF.Scatter.BackgroundCompositing:2    ; additive background scattering]]
[2020.02.03-06.37.48:079][  0]LogConfig: Setting CVar [[r.DOF.Scatter.EnableBokehSettings:1      ; bokeh simulation when scattering]]
[2020.02.03-06.37.48:079][  0]LogConfig: Setting CVar [[r.DOF.Scatter.MaxSpriteRatio:0.1         ; only a maximum of 10% of scattered bokeh]]
[2020.02.03-06.37.48:079][  0]LogConfig: Setting CVar [[r.DOF.Recombine.Quality:1                ; cheap slight out of focus]]
[2020.02.03-06.37.48:079][  0]LogConfig: Setting CVar [[r.DOF.Recombine.EnableBokehSettings:0    ; no bokeh simulation on slight out of focus]]
[2020.02.03-06.37.48:079][  0]LogConfig: Setting CVar [[r.DOF.TemporalAAQuality:1                ; more stable temporal accumulation]]
[2020.02.03-06.37.48:079][  0]LogConfig: Setting CVar [[r.DOF.Kernel.MaxForegroundRadius:0.025]]
[2020.02.03-06.37.48:079][  0]LogConfig: Setting CVar [[r.DOF.Kernel.MaxBackgroundRadius:0.025]]
[2020.02.03-06.37.48:079][  0]LogConfig: Applying CVar settings from Section [TextureQuality@3] File [C:/Users/wonji/Desktop/UnrealProjects/UnrealBook/BookPractice/Saved/Config/Windows/Scalability.ini]
[2020.02.03-06.37.48:079][  0]LogConfig: Setting CVar [[r.Streaming.MipBias:0]]
[2020.02.03-06.37.48:079][  0]LogConfig: Setting CVar [[r.Streaming.AmortizeCPUToGPUCopy:0]]
[2020.02.03-06.37.48:079][  0]LogConfig: Setting CVar [[r.Streaming.MaxNumTexturesToStreamPerFrame:0]]
[2020.02.03-06.37.48:079][  0]LogConfig: Setting CVar [[r.Streaming.Boost:1]]
[2020.02.03-06.37.48:079][  0]LogConfig: Setting CVar [[r.MaxAnisotropy:8]]
[2020.02.03-06.37.48:079][  0]LogConfig: Setting CVar [[r.Streaming.LimitPoolSizeToVRAM:0]]
[2020.02.03-06.37.48:079][  0]LogConfig: Setting CVar [[r.Streaming.PoolSize:1000]]
[2020.02.03-06.37.48:079][  0]LogConfig: Setting CVar [[r.Streaming.MaxEffectiveScreenSize:0]]
[2020.02.03-06.37.48:079][  0]LogConfig: Applying CVar settings from Section [EffectsQuality@3] File [C:/Users/wonji/Desktop/UnrealProjects/UnrealBook/BookPractice/Saved/Config/Windows/Scalability.ini]
[2020.02.03-06.37.48:079][  0]LogConfig: Setting CVar [[r.TranslucencyLightingVolumeDim:64]]
[2020.02.03-06.37.48:079][  0]LogConfig: Setting CVar [[r.RefractionQuality:2]]
[2020.02.03-06.37.48:079][  0]LogConfig: Setting CVar [[r.SSR.Quality:3]]
[2020.02.03-06.37.48:079][  0]LogConfig: Setting CVar [[r.SceneColorFormat:4]]
[2020.02.03-06.37.48:079][  0]LogConfig: Setting CVar [[r.DetailMode:2]]
[2020.02.03-06.37.48:079][  0]LogConfig: Setting CVar [[r.TranslucencyVolumeBlur:1]]
[2020.02.03-06.37.48:079][  0]LogConfig: Setting CVar [[r.MaterialQualityLevel:1 ; High quality]]
[2020.02.03-06.37.48:079][  0]LogConfig: Setting CVar [[r.SSS.Scale:1]]
[2020.02.03-06.37.48:079][  0]LogConfig: Setting CVar [[r.SSS.SampleSet:2]]
[2020.02.03-06.37.48:079][  0]LogConfig: Setting CVar [[r.SSS.Quality:1]]
[2020.02.03-06.37.48:079][  0]LogConfig: Setting CVar [[r.SSS.HalfRes:1]]
[2020.02.03-06.37.48:079][  0]LogConfig: Setting CVar [[r.EmitterSpawnRateScale:1.0]]
[2020.02.03-06.37.48:079][  0]LogConfig: Setting CVar [[r.ParticleLightQuality:2]]
[2020.02.03-06.37.48:079][  0]LogConfig: Applying CVar settings from Section [FoliageQuality@3] File [C:/Users/wonji/Desktop/UnrealProjects/UnrealBook/BookPractice/Saved/Config/Windows/Scalability.ini]
[2020.02.03-06.37.48:079][  0]LogConfig: Setting CVar [[foliage.DensityScale:1.0]]
[2020.02.03-06.37.48:079][  0]LogConfig: Setting CVar [[grass.DensityScale:1.0]]
[2020.02.03-06.37.48:079][  0]LogConfig: Applying CVar settings from Section [Startup] File [../../../Engine/Config/ConsoleVariables.ini]
[2020.02.03-06.37.48:079][  0]LogConfig: Setting CVar [[net.UseAdaptiveNetUpdateFrequency:0]]
[2020.02.03-06.37.48:079][  0]LogConfig: Setting CVar [[p.chaos.AllowCreatePhysxBodies:1]]
[2020.02.03-06.37.48:079][  0]LogConfig: Applying CVar settings from Section [ConsoleVariables] File [C:/Users/wonji/Desktop/UnrealProjects/UnrealBook/BookPractice/Saved/Config/Windows/Engine.ini]
[2020.02.03-06.37.48:079][  0]LogInit: Computer: LAPTOP-1UG54T2R
[2020.02.03-06.37.48:079][  0]LogInit: User: wonji
[2020.02.03-06.37.48:079][  0]LogInit: CPU Page size=4096, Cores=6
[2020.02.03-06.37.48:079][  0]LogInit: High frequency timer resolution =10.000000 MHz
[2020.02.03-06.37.48:079][  0]LogMemory: Memory total: Physical=15.9GB (16GB approx)
[2020.02.03-06.37.48:079][  0]LogMemory: Platform Memory Stats for Windows
[2020.02.03-06.37.48:080][  0]LogMemory: Process Physical Memory: 101.59 MB used, 101.59 MB peak
[2020.02.03-06.37.48:080][  0]LogMemory: Process Virtual Memory: 89.77 MB used, 89.77 MB peak
[2020.02.03-06.37.48:080][  0]LogMemory: Physical Memory: 5304.98 MB used,  10977.23 MB free, 16282.21 MB total
[2020.02.03-06.37.48:080][  0]LogMemory: Virtual Memory: 4661.15 MB used,  134213064.00 MB free, 134217728.00 MB total
[2020.02.03-06.37.48:107][  0]LogInit: Using OS detected language (ko-KR).
[2020.02.03-06.37.48:107][  0]LogInit: Using OS detected locale (ko-KR).
[2020.02.03-06.37.48:108][  0]LogTextLocalizationManager: No specific localization for 'ko-KR' exists, so the 'ko' localization will be used.
[2020.02.03-06.37.48:269][  0]LogInit: Setting process to per monitor DPI aware
[2020.02.03-06.37.48:348][  0]LogSlate: New Slate User Created.  User Index 0, Is Virtual User: 0
[2020.02.03-06.37.48:348][  0]LogSlate: Slate User Registered.  User Index 0, Is Virtual User: 0
[2020.02.03-06.37.50:227][  0]LogHMD: Failed to initialize OpenVR with code 110
[2020.02.03-06.37.50:227][  0]LogD3D11RHI: D3D11 adapters:
[2020.02.03-06.37.50:321][  0]LogD3D11RHI:    0. 'NVIDIA GeForce RTX 2080 with Max-Q Design' (Feature Level 11_0)
[2020.02.03-06.37.50:321][  0]LogD3D11RHI:       8010/0/8141 MB DedicatedVideo/DedicatedSystem/SharedSystem, Outputs:2, VendorId:0x10de
[2020.02.03-06.37.50:341][  0]LogD3D11RHI:    1. 'Intel(R) UHD Graphics 630' (Feature Level 11_0)
[2020.02.03-06.37.50:341][  0]LogD3D11RHI:       128/0/8141 MB DedicatedVideo/DedicatedSystem/SharedSystem, Outputs:0, VendorId:0x8086
[2020.02.03-06.37.50:345][  0]LogD3D11RHI:    2. 'Microsoft Basic Render Driver' (Feature Level 11_0)
[2020.02.03-06.37.50:345][  0]LogD3D11RHI:       0/0/8141 MB DedicatedVideo/DedicatedSystem/SharedSystem, Outputs:0, VendorId:0x1414
[2020.02.03-06.37.50:346][  0]LogD3D11RHI: Chosen D3D11 Adapter: 0
[2020.02.03-06.37.50:377][  0]LogD3D11RHI: Creating new Direct3DDevice
[2020.02.03-06.37.50:377][  0]LogD3D11RHI:     GPU DeviceId: 0x1e90 (for the marketing name, search the web for "GPU Device Id")
[2020.02.03-06.37.50:377][  0]LogWindows: EnumDisplayDevices:
[2020.02.03-06.37.50:377][  0]LogWindows:    0. 'Intel(R) UHD Graphics 630' (P:1 D:1)
[2020.02.03-06.37.50:377][  0]LogWindows:    1. 'Intel(R) UHD Graphics 630' (P:0 D:0)
[2020.02.03-06.37.50:377][  0]LogWindows:    2. 'Intel(R) UHD Graphics 630' (P:0 D:0)
[2020.02.03-06.37.50:378][  0]LogWindows:    3. 'NVIDIA GeForce RTX 2080 with Max-Q Design' (P:0 D:1)
[2020.02.03-06.37.50:378][  0]LogWindows:    4. 'NVIDIA GeForce RTX 2080 with Max-Q Design' (P:0 D:0)
[2020.02.03-06.37.50:378][  0]LogWindows:    5. 'NVIDIA GeForce RTX 2080 with Max-Q Design' (P:0 D:0)
[2020.02.03-06.37.50:378][  0]LogWindows:    6. 'NVIDIA GeForce RTX 2080 with Max-Q Design' (P:0 D:0)
[2020.02.03-06.37.50:378][  0]LogWindows: DebugString: PrimaryIsNotTheChoosenAdapter PrimaryIsNotTheChoosenAdapter PrimaryIsNotTheChoosenAdapter FoundDriverCount:4 
[2020.02.03-06.37.50:378][  0]LogD3D11RHI:     Adapter Name: NVIDIA GeForce RTX 2080 with Max-Q Design
[2020.02.03-06.37.50:378][  0]LogD3D11RHI:   Driver Version: 425.45 (internal:25.21.14.2545, unified:425.45)
[2020.02.03-06.37.50:378][  0]LogD3D11RHI:      Driver Date: 4-23-2019
[2020.02.03-06.37.50:378][  0]LogRHI: Texture pool is 5607 MB (70% of 8010 MB)
[2020.02.03-06.37.50:421][  0]LogD3D11RHI: Async texture creation enabled
[2020.02.03-06.37.50:423][  0]LogRendererCore: FGlobalReadBuffer::InitRHI
[2020.02.03-06.37.50:424][  0]LogRendererCore: FGlobalReadBuffer::InitRHI
[2020.02.03-06.37.50:424][  0]LogRendererCore: FGlobalReadBuffer::InitRHI
[2020.02.03-06.37.50:437][  0]LogD3D11RHI: GPU Timing Frequency: 1000.000000 (Debug: 2 2)
[2020.02.03-06.37.50:746][  0]LogTemp: Display: Module 'AllDesktopTargetPlatform' loaded TargetPlatform 'AllDesktop'
[2020.02.03-06.37.50:759][  0]LogTemp: Display: Module 'MacClientTargetPlatform' loaded TargetPlatform 'MacClient'
[2020.02.03-06.37.50:771][  0]LogTemp: Display: Module 'MacNoEditorTargetPlatform' loaded TargetPlatform 'MacNoEditor'
[2020.02.03-06.37.50:783][  0]LogTemp: Display: Module 'MacServerTargetPlatform' loaded TargetPlatform 'MacServer'
[2020.02.03-06.37.50:800][  0]LogTemp: Display: Module 'MacTargetPlatform' loaded TargetPlatform 'Mac'
[2020.02.03-06.37.50:814][  0]LogTemp: Display: Module 'WindowsClientTargetPlatform' loaded TargetPlatform 'WindowsClient'
[2020.02.03-06.37.50:827][  0]LogTemp: Display: Module 'WindowsNoEditorTargetPlatform' loaded TargetPlatform 'WindowsNoEditor'
[2020.02.03-06.37.50:840][  0]LogTemp: Display: Module 'WindowsServerTargetPlatform' loaded TargetPlatform 'WindowsServer'
[2020.02.03-06.37.50:847][  0]LogTemp: Display: Module 'WindowsTargetPlatform' loaded TargetPlatform 'Windows'
[2020.02.03-06.37.50:924][  0]LogTemp: Display: Module 'AndroidTargetPlatform' loaded TargetPlatform 'Android'
[2020.02.03-06.37.50:924][  0]LogTemp: Display: Module 'AndroidTargetPlatform' loaded TargetPlatform 'Android_ASTC'
[2020.02.03-06.37.50:924][  0]LogTemp: Display: Module 'AndroidTargetPlatform' loaded TargetPlatform 'Android_ATC'
[2020.02.03-06.37.50:924][  0]LogTemp: Display: Module 'AndroidTargetPlatform' loaded TargetPlatform 'Android_DXT'
[2020.02.03-06.37.50:924][  0]LogTemp: Display: Module 'AndroidTargetPlatform' loaded TargetPlatform 'Android_ETC1'
[2020.02.03-06.37.50:924][  0]LogTemp: Display: Module 'AndroidTargetPlatform' loaded TargetPlatform 'Android_ETC1a'
[2020.02.03-06.37.50:924][  0]LogTemp: Display: Module 'AndroidTargetPlatform' loaded TargetPlatform 'Android_ETC2'
[2020.02.03-06.37.50:924][  0]LogTemp: Display: Module 'AndroidTargetPlatform' loaded TargetPlatform 'Android_PVRTC'
[2020.02.03-06.37.50:924][  0]LogTemp: Display: Module 'AndroidTargetPlatform' loaded TargetPlatform 'AndroidClient'
[2020.02.03-06.37.50:924][  0]LogTemp: Display: Module 'AndroidTargetPlatform' loaded TargetPlatform 'Android_ASTCClient'
[2020.02.03-06.37.50:924][  0]LogTemp: Display: Module 'AndroidTargetPlatform' loaded TargetPlatform 'Android_ATCClient'
[2020.02.03-06.37.50:924][  0]LogTemp: Display: Module 'AndroidTargetPlatform' loaded TargetPlatform 'Android_DXTClient'
[2020.02.03-06.37.50:924][  0]LogTemp: Display: Module 'AndroidTargetPlatform' loaded TargetPlatform 'Android_ETC1Client'
[2020.02.03-06.37.50:924][  0]LogTemp: Display: Module 'AndroidTargetPlatform' loaded TargetPlatform 'Android_ETC1aClient'
[2020.02.03-06.37.50:924][  0]LogTemp: Display: Module 'AndroidTargetPlatform' loaded TargetPlatform 'Android_ETC2Client'
[2020.02.03-06.37.50:924][  0]LogTemp: Display: Module 'AndroidTargetPlatform' loaded TargetPlatform 'Android_PVRTCClient'
[2020.02.03-06.37.50:924][  0]LogTemp: Display: Module 'AndroidTargetPlatform' loaded TargetPlatform 'Android_Multi'
[2020.02.03-06.37.50:924][  0]LogTemp: Display: Module 'AndroidTargetPlatform' loaded TargetPlatform 'Android_MultiClient'
[2020.02.03-06.37.50:926][  0]LogTemp: Display: Module 'HTML5TargetPlatform' loaded TargetPlatform 'HTML5'
[2020.02.03-06.37.50:981][  0]LogTemp: Display: Module 'IOSTargetPlatform' loaded TargetPlatform 'IOSClient'
[2020.02.03-06.37.50:981][  0]LogTemp: Display: Module 'IOSTargetPlatform' loaded TargetPlatform 'IOS'
[2020.02.03-06.37.51:001][  0]LogTemp: Display: Module 'TVOSTargetPlatform' loaded TargetPlatform 'TVOSClient'
[2020.02.03-06.37.51:001][  0]LogTemp: Display: Module 'TVOSTargetPlatform' loaded TargetPlatform 'TVOS'
[2020.02.03-06.37.51:011][  0]LogTemp: Display: Module 'LinuxClientTargetPlatform' loaded TargetPlatform 'LinuxClient'
[2020.02.03-06.37.51:022][  0]LogTemp: Display: Module 'LinuxNoEditorTargetPlatform' loaded TargetPlatform 'LinuxNoEditor'
[2020.02.03-06.37.51:033][  0]LogTemp: Display: Module 'LinuxServerTargetPlatform' loaded TargetPlatform 'LinuxServer'
[2020.02.03-06.37.51:051][  0]LogTemp: Display: Module 'LinuxTargetPlatform' loaded TargetPlatform 'Linux'
[2020.02.03-06.37.51:091][  0]LogTemp: Display: Module 'LuminTargetPlatform' loaded TargetPlatform 'Lumin'
[2020.02.03-06.37.51:091][  0]LogTemp: Display: Module 'LuminTargetPlatform' loaded TargetPlatform 'LuminClient'
[2020.02.03-06.37.51:092][  0]LogTargetPlatformManager: Display: Building Assets For Windows
[2020.02.03-06.37.51:103][  0]LogAudioDebug: Display: Lib vorbis DLL was dynamically loaded.
[2020.02.03-06.37.51:163][  0]LogShaderCompilers: Guid format shader working directory is -30 characters bigger than the processId version (../../../../../../Users/wonji/Desktop/UnrealProjects/UnrealBook/BookPractice/Intermediate/Shaders/WorkingDirectory/4748/).
[2020.02.03-06.37.51:163][  0]LogShaderCompilers: Cleaned the shader compiler working directory 'C:/Users/wonji/AppData/Local/Temp/UnrealShaderWorkingDir/DEFFA2ED435C252CAAB2CFB9328941DD/'.
[2020.02.03-06.37.51:166][  0]LogXGEController: Cleaning working directory: C:/Users/wonji/AppData/Local/Temp/UnrealXGEWorkingDir/
[2020.02.03-06.37.51:166][  0]LogXGEController: Cannot use XGE Controller as Incredibuild is not installed on this machine.
[2020.02.03-06.37.51:166][  0]LogShaderCompilers: Cannot use XGE Shader Compiler as Incredibuild is not installed on this machine.
[2020.02.03-06.37.51:166][  0]LogShaderCompilers: Display: Using Local Shader Compiler.
[2020.02.03-06.37.53:024][  0]LogDerivedDataCache: Display: Max Cache Size: 512 MB
[2020.02.03-06.37.53:108][  0]LogDerivedDataCache: Loaded boot cache 0.08s 76MB C:/Users/wonji/AppData/Local/UnrealEngine/4.22/DerivedDataCache/Boot.ddc.
[2020.02.03-06.37.53:108][  0]LogDerivedDataCache: Display: Loaded Boot cache: C:/Users/wonji/AppData/Local/UnrealEngine/4.22/DerivedDataCache/Boot.ddc
[2020.02.03-06.37.53:108][  0]LogDerivedDataCache: FDerivedDataBackendGraph:  Pak pak cache file ../../../../../../Users/wonji/Desktop/UnrealProjects/UnrealBook/BookPractice/DerivedDataCache/DDC.ddp not found, will not use a pak cache.
[2020.02.03-06.37.53:108][  0]LogDerivedDataCache: Unable to find inner node Pak for hierarchical cache Hierarchy.
[2020.02.03-06.37.53:108][  0]LogDerivedDataCache: FDerivedDataBackendGraph:  CompressedPak pak cache file ../../../../../../Users/wonji/Desktop/UnrealProjects/UnrealBook/BookPractice/DerivedDataCache/Compressed.ddp not found, will not use a pak cache.
[2020.02.03-06.37.53:108][  0]LogDerivedDataCache: Unable to find inner node CompressedPak for hierarchical cache Hierarchy.
[2020.02.03-06.37.53:118][  0]LogDerivedDataCache: Display: Pak cache opened for reading ../../../Engine/DerivedDataCache/Compressed.ddp.
[2020.02.03-06.37.53:118][  0]LogDerivedDataCache: FDerivedDataBackendGraph:  EnterprisePak pak cache file ../../../Enterprise/DerivedDataCache/Compressed.ddp not found, will not use a pak cache.
[2020.02.03-06.37.53:118][  0]LogDerivedDataCache: Unable to find inner node EnterprisePak for hierarchical cache Hierarchy.
[2020.02.03-06.37.53:130][  0]LogDerivedDataCache: Using Local data cache path C:/Users/wonji/AppData/Local/UnrealEngine/Common/DerivedDataCache: Writable
[2020.02.03-06.37.53:130][  0]LogDerivedDataCache: Shared data cache path not found in *engine.ini, will not use an Shared cache.
[2020.02.03-06.37.53:130][  0]LogDerivedDataCache: Unable to find inner node Shared for hierarchical cache Hierarchy.
[2020.02.03-06.37.53:149][  0]LogMaterial: Verifying Global Shaders for PCD3D_SM5
[2020.02.03-06.37.53:149][  0]LogSlate: Using FreeType 2.6.0
[2020.02.03-06.37.53:157][  0]LogSlate: SlateFontServices - WITH_FREETYPE: 1, WITH_HARFBUZZ: 1
[2020.02.03-06.37.53:368][  0]LogAssetRegistry: FAssetRegistry took 0.0323 seconds to start up
[2020.02.03-06.37.53:641][  0]LogInit: Selected Device Profile: [Windows]
[2020.02.03-06.37.53:768][  0]LogMeshReduction: Using QuadricMeshReduction for automatic static mesh reduction
[2020.02.03-06.37.53:768][  0]LogMeshReduction: Using SimplygonMeshReduction for automatic skeletal mesh reduction
[2020.02.03-06.37.53:768][  0]LogMeshReduction: Using ProxyLODMeshReduction for automatic mesh merging
[2020.02.03-06.37.53:768][  0]LogMeshReduction: No distributed automatic mesh merging module available
[2020.02.03-06.37.53:768][  0]LogMeshMerging: No distributed automatic mesh merging module available
[2020.02.03-06.37.53:781][  0]LogNetVersion: BookPractice 1.0.0, NetCL: 5660361, EngineNetVer: 10, GameNetVer: 0 (Checksum: 3270002839)
[2020.02.03-06.37.54:156][  0]LogPackageLocalizationCache: Processed 10 localized package path(s) for 1 prioritized culture(s) in 0.033228 seconds
[2020.02.03-06.37.54:161][  0]LogUObjectArray: 42205 objects as part of root set at end of initial load.
[2020.02.03-06.37.54:161][  0]LogUObjectAllocator: 7325032 out of 0 bytes used by permanent object pool.
[2020.02.03-06.37.54:161][  0]LogUObjectArray: CloseDisregardForGC: 0/0 objects in disregard for GC pool
[2020.02.03-06.37.56:465][  0]LogTcpMessaging: Initializing TcpMessaging bridge
[2020.02.03-06.37.56:480][  0]LogUdpMessaging: Initializing bridge on interface 0.0.0.0:0 to multicast group 230.0.0.1:6666.
[2020.02.03-06.37.56:624][  0]LogUObjectGlobals: Warning: 'Class /Game/Animations/WarriorAnimBlueprint.WarriorAnimBlueprint' 오브젝트를 찾는 데 실패했습니다.
[2020.02.03-06.37.56:624][  0]Error: CDO Constructor (ABCharacter): Failed to find /Game/Animations/WarriorAnimBlueprint.WarriorAnimBlueprint

[2020.02.03-06.37.56:624][  0]Error: CDO Constructor (ABPawn): Failed to find /Game/Animations/WarriorAnimBlueprint.WarriorAnimBlueprint

[2020.02.03-06.37.56:745][  0]LogUObjectBase: Warning: -------------- Default Property warnings and errors:
[2020.02.03-06.37.56:745][  0]LogUObjectBase: Warning: Error: CDO Constructor (ABCharacter): Failed to find /Game/Animations/WarriorAnimBlueprint.WarriorAnimBlueprint

[2020.02.03-06.37.56:745][  0]LogUObjectBase: Warning: Error: CDO Constructor (ABPawn): Failed to find /Game/Animations/WarriorAnimBlueprint.WarriorAnimBlueprint

[2020.02.03-06.38.28:038][  0]LogWindowsTextInputMethodSystem: Display: IME system now activated using TSF (Microsoft 입력기).
[2020.02.03-06.38.28:078][  0]SourceControl: 소스 컨트롤이 꺼져 있습니다.
[2020.02.03-06.38.28:078][  0]SourceControl: 소스 컨트롤이 꺼져 있습니다.
[2020.02.03-06.38.28:081][  0]SourceControl: 소스 컨트롤이 꺼져 있습니다.
[2020.02.03-06.38.28:083][  0]SourceControl: 소스 컨트롤이 꺼져 있습니다.
[2020.02.03-06.38.28:188][  0]LogAndroidPermission: UAndroidPermissionCallbackProxy::GetInstance
[2020.02.03-06.38.28:269][  0]LogOcInput: OculusInput pre-init called
[2020.02.03-06.38.28:857][  0]LogEngine: Initializing Engine...
[2020.02.03-06.38.28:857][  0]LogHMD: Failed to initialize OpenVR with code 110
[2020.02.03-06.38.28:857][  0]LogStats: UGameplayTagsManager::InitializeManager -  0.000 s
[2020.02.03-06.38.29:024][  0]LogInit: Initializing FReadOnlyCVARCache
[2020.02.03-06.38.29:041][  0]LogAIModule: Creating AISystem for world Untitled
[2020.02.03-06.38.29:097][  0]LogInit: XAudio2 using 'Speakers(Realtek(R) Audio)' : 2 channels at 48 kHz using 32 bits per sample (channel mask 0x3)
[2020.02.03-06.38.29:288][  0]LogInit: FAudioDevice initialized.
[2020.02.03-06.38.29:289][  0]LogNetVersion: Set ProjectVersion to 1.0.0.0. Version Checksum will be recalculated on next use.
[2020.02.03-06.38.29:331][  0]LogDerivedDataCache: Saved boot cache 0.04s 76MB C:/Users/wonji/AppData/Local/UnrealEngine/4.22/DerivedDataCache/Boot.ddc.
[2020.02.03-06.38.29:339][  0]LogInit: Texture streaming: Enabled
[2020.02.03-06.38.29:360][  0]LogEngineSessionManager: EngineSessionManager initialized
[2020.02.03-06.38.29:387][  0]LogInit: Transaction tracking system initialized
[2020.02.03-06.38.29:428][  0]BlueprintLog: New page: 에디터 로드
[2020.02.03-06.38.29:535][  0]LocalizationService: 현지화 서비스가 비활성화되었습니다.
[2020.02.03-06.38.29:796][  0]LogFileCache: Scanning file cache for directory 'C:/Users/wonji/Desktop/UnrealProjects/UnrealBook/BookPractice/Content/' took 0.02s
[2020.02.03-06.38.29:796][  0]LogCook: Display: Max memory allowance for cook 16384mb min free memory 0mb
[2020.02.03-06.38.29:796][  0]LogCook: Display: Mobile HDR setting 1
[2020.02.03-06.38.30:055][  0]SourceControl: 소스 컨트롤이 꺼져 있습니다.
[2020.02.03-06.38.30:055][  0]Cmd: MAP LOAD FILE="../../../../../../Users/wonji/Desktop/UnrealProjects/UnrealBook/BookPractice/Content/ThirdPersonCPP/Maps/step2.umap" TEMPLATE=0 SHOWPROGRESS=1 FEATURELEVEL=3
[2020.02.03-06.38.30:056][  0]LightingResults: New page: 라이팅 빌드
[2020.02.03-06.38.30:060][  0]MapCheck: New page: 맵 체크
[2020.02.03-06.38.30:060][  0]LightingResults: New page: 라이팅 빌드
[2020.02.03-06.38.30:089][  0]LogUObjectHash: Compacting FUObjectHashTables data took   1.75ms
[2020.02.03-06.38.30:223][  0]LogAIModule: Creating AISystem for world step2
[2020.02.03-06.38.30:227][  0]LogEditorServer: Finished looking for orphan Actors (0.000 secs)
[2020.02.03-06.38.30:256][  0]LogUObjectHash: Compacting FUObjectHashTables data took   1.85ms
[2020.02.03-06.38.30:257][  0]Cmd: MAP CHECKDEP NOCLEARLOG
[2020.02.03-06.38.30:257][  0]MapCheck: 맵 체크 완료: 오류 0 회, 경고 0 회, 소요 시간 0.152ms.
[2020.02.03-06.38.30:257][  0]LogFileHelpers: Loading map 'step2' took 0.201
[2020.02.03-06.38.30:362][  0]LogWindowsTextInputMethodSystem: Display: IME system now activated using TSF (Microsoft 입력기).
[2020.02.03-06.38.30:475][  0]LogSlate: Updating window title bar state: overlay mode, drag disabled, window buttons hidden, title bar hidden
[2020.02.03-06.38.30:481][  0]LogSlate: Updating window title bar state: overlay mode, drag disabled, window buttons hidden, title bar hidden
[2020.02.03-06.38.30:487][  0]LogSlate: Updating window title bar state: overlay mode, drag disabled, window buttons hidden, title bar hidden
[2020.02.03-06.38.30:492][  0]LogSlate: Updating window title bar state: overlay mode, drag disabled, window buttons hidden, title bar hidden
[2020.02.03-06.38.30:504][  0]LogCollectionManager: Loaded 0 collections in 0.001944 seconds
[2020.02.03-06.38.30:520][  0]LogFileCache: Scanning file cache for directory 'C:/Users/wonji/Desktop/UnrealProjects/UnrealBook/BookPractice/Saved/Collections/' took 0.01s
[2020.02.03-06.38.30:520][  0]LogFileCache: Scanning file cache for directory 'C:/Users/wonji/Desktop/UnrealProjects/UnrealBook/BookPractice/Content/Developers/wonji/Collections/' took 0.00s
[2020.02.03-06.38.30:521][  0]LogFileCache: Scanning file cache for directory 'C:/Users/wonji/Desktop/UnrealProjects/UnrealBook/BookPractice/Content/Collections/' took 0.00s
[2020.02.03-06.38.30:521][  0]LogCollectionManager: Rebuilt the GUID cache for 0 collections in 0.000001 seconds
[2020.02.03-06.38.30:528][  0]LogContentBrowser: Native class hierarchy populated in 0.0071 seconds. Added 2740 classes and 661 folders.
[2020.02.03-06.38.30:536][  0]LogContentBrowser: Native class hierarchy updated for 'WidgetCarousel' in 0.0004 seconds. Added 0 classes and 0 folders.
[2020.02.03-06.38.30:542][  0]LogPakFile: Registered encryption key '00000000000000000000000000000000': 0 pak files mounted, 0 remain pending
[2020.02.03-06.38.30:547][  0]LogPakFile: Registered encryption key '00000000000000000000000000000000': 0 pak files mounted, 0 remain pending
[2020.02.03-06.38.30:559][  0]LogPakFile: Registered encryption key '00000000000000000000000000000000': 0 pak files mounted, 0 remain pending
[2020.02.03-06.38.30:565][  0]LogPakFile: Registered encryption key '00000000000000000000000000000000': 0 pak files mounted, 0 remain pending
[2020.02.03-06.38.30:571][  0]LogPakFile: Registered encryption key '00000000000000000000000000000000': 0 pak files mounted, 0 remain pending
[2020.02.03-06.38.30:577][  0]LogPakFile: Registered encryption key '00000000000000000000000000000000': 0 pak files mounted, 0 remain pending
[2020.02.03-06.38.30:582][  0]LogPakFile: Registered encryption key '00000000000000000000000000000000': 0 pak files mounted, 0 remain pending
[2020.02.03-06.38.30:588][  0]LogPakFile: Registered encryption key '00000000000000000000000000000000': 0 pak files mounted, 0 remain pending
[2020.02.03-06.38.30:593][  0]LogPakFile: Registered encryption key '00000000000000000000000000000000': 0 pak files mounted, 0 remain pending
[2020.02.03-06.38.30:600][  0]LogPakFile: Registered encryption key '00000000000000000000000000000000': 0 pak files mounted, 0 remain pending
[2020.02.03-06.38.30:605][  0]LogPakFile: Registered encryption key '00000000000000000000000000000000': 0 pak files mounted, 0 remain pending
[2020.02.03-06.38.30:610][  0]LogPakFile: Registered encryption key '00000000000000000000000000000000': 0 pak files mounted, 0 remain pending
[2020.02.03-06.38.30:617][  0]LogPakFile: Registered encryption key '00000000000000000000000000000000': 0 pak files mounted, 0 remain pending
[2020.02.03-06.38.30:622][  0]LogPakFile: Registered encryption key '00000000000000000000000000000000': 0 pak files mounted, 0 remain pending
[2020.02.03-06.38.30:627][  0]LogPakFile: Registered encryption key '00000000000000000000000000000000': 0 pak files mounted, 0 remain pending
[2020.02.03-06.38.30:632][  0]LogPakFile: Registered encryption key '00000000000000000000000000000000': 0 pak files mounted, 0 remain pending
[2020.02.03-06.38.30:655][  0]LogPakFile: Registered encryption key '00000000000000000000000000000000': 0 pak files mounted, 0 remain pending
[2020.02.03-06.38.30:660][  0]LogPakFile: Registered encryption key '00000000000000000000000000000000': 0 pak files mounted, 0 remain pending
[2020.02.03-06.38.30:664][  0]LogPakFile: Registered encryption key '00000000000000000000000000000000': 0 pak files mounted, 0 remain pending
[2020.02.03-06.38.30:668][  0]LogPakFile: Registered encryption key '00000000000000000000000000000000': 0 pak files mounted, 0 remain pending
[2020.02.03-06.38.30:673][  0]LogPakFile: Registered encryption key '00000000000000000000000000000000': 0 pak files mounted, 0 remain pending
[2020.02.03-06.38.30:678][  0]LogPakFile: Registered encryption key '00000000000000000000000000000000': 0 pak files mounted, 0 remain pending
[2020.02.03-06.38.30:682][  0]LogPakFile: Registered encryption key '00000000000000000000000000000000': 0 pak files mounted, 0 remain pending
[2020.02.03-06.38.30:687][  0]LogPakFile: Registered encryption key '00000000000000000000000000000000': 0 pak files mounted, 0 remain pending
[2020.02.03-06.38.30:692][  0]LogPakFile: Registered encryption key '00000000000000000000000000000000': 0 pak files mounted, 0 remain pending
[2020.02.03-06.38.30:696][  0]LogPakFile: Registered encryption key '00000000000000000000000000000000': 0 pak files mounted, 0 remain pending
[2020.02.03-06.38.30:834][  0]LogContentBrowser: Native class hierarchy updated for 'AddContentDialog' in 0.0003 seconds. Added 0 classes and 0 folders.
[2020.02.03-06.38.30:842][  0]LogContentBrowser: Native class hierarchy updated for 'SceneOutliner' in 0.0003 seconds. Added 1 classes and 2 folders.
[2020.02.03-06.38.30:901][  0]LogSlate: Took 0.006631 seconds to synchronously load lazily loaded font '../../../Engine/Content/Slate/Fonts/Roboto-Regular.ttf' (155K)
[2020.02.03-06.38.30:910][  0]LogSlate: Took 0.007632 seconds to synchronously load lazily loaded font '../../../Engine/Content/Editor/Slate/Fonts/NanumGothic.ttf' (4243K)
[2020.02.03-06.38.30:917][  0]LogSlate: Took 0.007457 seconds to synchronously load lazily loaded font '../../../Engine/Content/Editor/Slate/Fonts/NanumGothicBold.ttf' (4188K)
[2020.02.03-06.38.30:922][  0]LogSlate: Took 0.004179 seconds to synchronously load lazily loaded font '../../../Engine/Content/Slate/Fonts/Roboto-Bold.ttf' (160K)
[2020.02.03-06.38.30:930][  0]LogSlate: Took 0.004807 seconds to synchronously load lazily loaded font '../../../Engine/Content/Editor/Slate/Fonts/FontAwesome.ttf' (139K)
[2020.02.03-06.38.31:065][  0]LogRenderer: Reallocating scene render targets to support 1208x572 Format 10 NumSamples 1 (Frame:1).
[2020.02.03-06.38.31:214][  0]LogContentBrowser: Native class hierarchy updated for 'HierarchicalLODOutliner' in 0.0003 seconds. Added 0 classes and 0 folders.
[2020.02.03-06.38.31:214][  0]LogLoad: (Engine Initialization) Total time: 45.13 seconds
[2020.02.03-06.38.31:214][  0]LogLoad: (Engine Initialization) Total Blueprint compile time: 0.00 seconds
[2020.02.03-06.38.31:257][  0]LogAssetRegistry: Asset discovery search completed in 37.9125 seconds
[2020.02.03-06.38.31:259][  0]LogCollectionManager: Rebuilt the object cache for 0 collections in 0.000000 seconds (found 0 objects)
[2020.02.03-06.38.31:259][  0]LogCollectionManager: Fixed up redirectors for 0 collections in 0.000047 seconds (updated 0 objects)
[2020.02.03-06.38.31:260][  0]LogContentStreaming: Texture pool size now 1000 MB
[2020.02.03-06.38.31:410][  0]LogSlate: Took 0.005320 seconds to synchronously load lazily loaded font '../../../Engine/Content/Slate/Fonts/Roboto-Light.ttf' (167K)
[2020.02.03-06.38.33:350][112]LogSlate: FSceneViewport::OnFocusLost() reason 0
[2020.02.03-06.38.34:141][159]BookPractice: Warning: AFountain::PostInitializeComponents(72)
[2020.02.03-06.38.34:160][160]BookPractice: Warning: AABPawn::PostInitializeComponents(75)
[2020.02.03-06.38.35:671][251]LogSlate: Took 0.000146 seconds to synchronously load lazily loaded font '../../../Engine/Content/Slate/Fonts/Roboto-Light.ttf' (167K)
[2020.02.03-06.38.35:678][251]LogAssetEditorManager: Opening Asset editor for Class /Script/BookPractice.ABPawn
[2020.02.03-06.43.08:474][ 50]LogHotReload: New module detected: UE4Editor-BookPractice-0056.dll
[2020.02.03-06.43.09:166][ 53]LogHotReload: Starting Hot-Reload from IDE
[2020.02.03-06.43.09:245][ 53]LogUObjectHash: Compacting FUObjectHashTables data took   1.17ms
[2020.02.03-06.43.09:273][ 53]LogHotReload: Re-instancing ABCharacter after hot-reload.
[2020.02.03-06.43.09:348][ 53]Error: CDO Constructor (ABPawn): Failed to find /Game/Animations/WarriorAnimBlueprint.WarriorAnimBlueprint

[2020.02.03-06.43.09:360][ 53]LogContentBrowser: Native class hierarchy updated for 'BookPractice' in 0.0005 seconds. Added 8 classes and 2 folders.
[2020.02.03-06.43.09:360][ 53]Warning: Some classes could not be reloaded:
Error: CDO Constructor (ABPawn): Failed to find /Game/Animations/WarriorAnimBlueprint.WarriorAnimBlueprint


[2020.02.03-06.43.09:362][ 53]Display: HotReload successful (0 functions remapped  0 scriptstructs remapped)
[2020.02.03-06.43.09:567][ 53]LogUObjectHash: Compacting FUObjectHashTables data took   1.03ms
[2020.02.03-06.43.09:579][ 53]LogContentBrowser: Native class hierarchy populated in 0.0080 seconds. Added 2741 classes and 663 folders.
[2020.02.03-06.43.09:581][ 53]Display: HotReload took  0.4s.
[2020.02.03-06.43.12:257][ 61]LogTemp: Repeating last play command: 선택된 뷰포트
[2020.02.03-06.43.12:276][ 61]LogBlueprintUserMessages: Early PlayInEditor Detection: Level '/Game/ThirdPersonCPP/Maps/step2.step2:PersistentLevel' has LevelScriptBlueprint '/Game/ThirdPersonCPP/Maps/step2.step2:PersistentLevel.step2' with GeneratedClass '/Game/ThirdPersonCPP/Maps/step2.step2_C' with ClassGeneratedBy '/Game/ThirdPersonCPP/Maps/step2.step2:PersistentLevel.step2'
[2020.02.03-06.43.12:276][ 61]LogPlayLevel: PlayLevel: No blueprints needed recompiling
[2020.02.03-06.43.12:276][ 61]PIE: New page: PIE 세션: step2 (2020. 2. 4. 오전 12:43:12)
[2020.02.03-06.43.12:289][ 61]LogPlayLevel: Creating play world package: /Game/ThirdPersonCPP/Maps/UEDPIE_0_step2
[2020.02.03-06.43.12:292][ 61]LogPlayLevel: PIE: StaticDuplicateObject took: (0.002515s)
[2020.02.03-06.43.12:292][ 61]LogAIModule: Creating AISystem for world step2
[2020.02.03-06.43.12:292][ 61]LogPlayLevel: PIE: World Init took: (0.000627s)
[2020.02.03-06.43.12:292][ 61]LogPlayLevel: PIE: Created PIE world by copying editor world from /Game/ThirdPersonCPP/Maps/step2.step2 to /Game/ThirdPersonCPP/Maps/UEDPIE_0_step2.step2 (0.003425s)
[2020.02.03-06.43.12:318][ 61]LogUObjectHash: Compacting FUObjectHashTables data took   0.96ms
[2020.02.03-06.43.12:324][ 61]LogInit: XAudio2 using 'Speakers(Realtek(R) Audio)' : 2 channels at 48 kHz using 32 bits per sample (channel mask 0x3)
[2020.02.03-06.43.12:338][ 61]LogInit: FAudioDevice initialized.
[2020.02.03-06.43.12:376][ 61]LogLoad: Game class is 'ABGameMode'
[2020.02.03-06.43.12:378][ 61]LogWorld: Bringing World /Game/ThirdPersonCPP/Maps/UEDPIE_0_step2.step2 up for play (max tick rate 60) at 2020.02.03-15.43.12
[2020.02.03-06.43.12:378][ 61]BookPractice: Warning: AFountain::PostInitializeComponents(72)
[2020.02.03-06.43.12:378][ 61]LogWorld: Bringing up level for play took: 0.000808
[2020.02.03-06.43.12:390][ 61]BookPractice: Warning: AABPlayerController::PostInitializeComponents(9)
[2020.02.03-06.43.12:390][ 61]BookPractice: Warning: AABGameMode::PostLogin(14)PostLogin Begin
[2020.02.03-06.43.12:419][ 61]LogContentBrowser: Native class hierarchy updated for 'MovieSceneCapture' in 0.0003 seconds. Added 20 classes and 0 folders.
[2020.02.03-06.43.12:419][ 61]BookPractice: Warning: AABPlayerController::OnPossess(13)
[2020.02.03-06.43.12:420][ 61]BookPractice: Warning: AABGameMode::PostLogin(16)PostLogin End
[2020.02.03-06.43.12:420][ 61]BookPractice: Warning: AFountain::BeginPlay(52)
[2020.02.03-06.43.12:420][ 61]BookPractice: Warning: AFountain::BeginPlay(53)ActorName : Fountain1, ID : 0, Location X : 100.000
[2020.02.03-06.43.12:420][ 61]PIE: /Game/ThirdPersonCPP/Maps/UEDPIE_0_step2 에 대한 에디터에서 플레이 시작 시간: -0.58
[2020.02.03-06.43.12:420][ 61]LogBlueprintUserMessages: Late PlayInEditor Detection: Level '/Game/ThirdPersonCPP/Maps/step2.step2:PersistentLevel' has LevelScriptBlueprint '/Game/ThirdPersonCPP/Maps/step2.step2:PersistentLevel.step2' with GeneratedClass '/Game/ThirdPersonCPP/Maps/step2.step2_C' with ClassGeneratedBy '/Game/ThirdPersonCPP/Maps/step2.step2:PersistentLevel.step2'
[2020.02.03-06.43.56:001][672]LogBlueprintUserMessages: Early EndPlayMap Detection: Level '/Game/ThirdPersonCPP/Maps/step2.step2:PersistentLevel' has LevelScriptBlueprint '/Game/ThirdPersonCPP/Maps/step2.step2:PersistentLevel.step2' with GeneratedClass '/Game/ThirdPersonCPP/Maps/step2.step2_C' with ClassGeneratedBy '/Game/ThirdPersonCPP/Maps/step2.step2:PersistentLevel.step2'
[2020.02.03-06.43.56:002][672]LogSlate: Updating window title bar state: overlay mode, drag disabled, window buttons hidden, title bar hidden
[2020.02.03-06.43.56:002][672]BookPractice: Warning: AFountain::EndPlay(67)
[2020.02.03-06.43.56:037][672]LogPlayLevel: Display: Shutting down PIE online subsystems
[2020.02.03-06.43.56:038][672]LogBlueprintUserMessages: Late EndPlayMap Detection: Level '/Game/ThirdPersonCPP/Maps/step2.step2:PersistentLevel' has LevelScriptBlueprint '/Game/ThirdPersonCPP/Maps/step2.step2:PersistentLevel.step2' with GeneratedClass '/Game/ThirdPersonCPP/Maps/step2.step2_C' with ClassGeneratedBy '/Game/ThirdPersonCPP/Maps/step2.step2:PersistentLevel.step2'
[2020.02.03-06.43.56:088][672]LogSlate: Updating window title bar state: overlay mode, drag disabled, window buttons hidden, title bar hidden
[2020.02.03-06.43.56:091][672]LogUObjectHash: Compacting FUObjectHashTables data took   1.36ms
[2020.02.03-06.43.56:107][673]LogPlayLevel: Display: Destroying online subsystem :Context_6
[2020.02.03-06.43.58:237][800]LogSlate: FSceneViewport::OnFocusLost() reason 0
[2020.02.03-06.43.58:268][802]LogTemp: Repeating last play command: 선택된 뷰포트
[2020.02.03-06.43.58:282][802]LogBlueprintUserMessages: Early PlayInEditor Detection: Level '/Game/ThirdPersonCPP/Maps/step2.step2:PersistentLevel' has LevelScriptBlueprint '/Game/ThirdPersonCPP/Maps/step2.step2:PersistentLevel.step2' with GeneratedClass '/Game/ThirdPersonCPP/Maps/step2.step2_C' with ClassGeneratedBy '/Game/ThirdPersonCPP/Maps/step2.step2:PersistentLevel.step2'
[2020.02.03-06.43.58:282][802]LogPlayLevel: PlayLevel: No blueprints needed recompiling
[2020.02.03-06.43.58:282][802]PIE: New page: PIE 세션: step2 (2020. 2. 4. 오전 12:43:58)
[2020.02.03-06.43.58:282][802]LogPlayLevel: Creating play world package: /Game/ThirdPersonCPP/Maps/UEDPIE_0_step2
[2020.02.03-06.43.58:284][802]LogPlayLevel: PIE: StaticDuplicateObject took: (0.002139s)
[2020.02.03-06.43.58:284][802]LogAIModule: Creating AISystem for world step2
[2020.02.03-06.43.58:285][802]LogPlayLevel: PIE: World Init took: (0.000668s)
[2020.02.03-06.43.58:285][802]LogPlayLevel: PIE: Created PIE world by copying editor world from /Game/ThirdPersonCPP/Maps/step2.step2 to /Game/ThirdPersonCPP/Maps/UEDPIE_0_step2.step2 (0.002927s)
[2020.02.03-06.43.58:306][802]LogUObjectHash: Compacting FUObjectHashTables data took   0.89ms
[2020.02.03-06.43.58:311][802]LogInit: XAudio2 using 'Speakers(Realtek(R) Audio)' : 2 channels at 48 kHz using 32 bits per sample (channel mask 0x3)
[2020.02.03-06.43.58:321][802]LogInit: FAudioDevice initialized.
[2020.02.03-06.43.58:351][802]LogLoad: Game class is 'ABGameMode'
[2020.02.03-06.43.58:352][802]LogWorld: Bringing World /Game/ThirdPersonCPP/Maps/UEDPIE_0_step2.step2 up for play (max tick rate 60) at 2020.02.03-15.43.58
[2020.02.03-06.43.58:352][802]BookPractice: Warning: AFountain::PostInitializeComponents(72)
[2020.02.03-06.43.58:352][802]LogWorld: Bringing up level for play took: 0.000639
[2020.02.03-06.43.58:365][802]BookPractice: Warning: AABPlayerController::PostInitializeComponents(9)
[2020.02.03-06.43.58:366][802]BookPractice: Warning: AABGameMode::PostLogin(14)PostLogin Begin
[2020.02.03-06.43.58:367][802]BookPractice: Warning: AABPlayerController::OnPossess(13)
[2020.02.03-06.43.58:367][802]BookPractice: Warning: AABGameMode::PostLogin(16)PostLogin End
[2020.02.03-06.43.58:367][802]BookPractice: Warning: AFountain::BeginPlay(52)
[2020.02.03-06.43.58:368][802]BookPractice: Warning: AFountain::BeginPlay(53)ActorName : Fountain1, ID : 0, Location X : 100.000
[2020.02.03-06.43.58:368][802]PIE: /Game/ThirdPersonCPP/Maps/UEDPIE_0_step2 에 대한 에디터에서 플레이 시작 시간: -0.632
[2020.02.03-06.43.58:368][802]LogBlueprintUserMessages: Late PlayInEditor Detection: Level '/Game/ThirdPersonCPP/Maps/step2.step2:PersistentLevel' has LevelScriptBlueprint '/Game/ThirdPersonCPP/Maps/step2.step2:PersistentLevel.step2' with GeneratedClass '/Game/ThirdPersonCPP/Maps/step2.step2_C' with ClassGeneratedBy '/Game/ThirdPersonCPP/Maps/step2.step2:PersistentLevel.step2'
[2020.02.03-06.43.59:106][844]LogBlueprintUserMessages: Early EndPlayMap Detection: Level '/Game/ThirdPersonCPP/Maps/step2.step2:PersistentLevel' has LevelScriptBlueprint '/Game/ThirdPersonCPP/Maps/step2.step2:PersistentLevel.step2' with GeneratedClass '/Game/ThirdPersonCPP/Maps/step2.step2_C' with ClassGeneratedBy '/Game/ThirdPersonCPP/Maps/step2.step2:PersistentLevel.step2'
[2020.02.03-06.43.59:107][844]LogSlate: Updating window title bar state: overlay mode, drag disabled, window buttons hidden, title bar hidden
[2020.02.03-06.43.59:107][844]BookPractice: Warning: AFountain::EndPlay(67)
[2020.02.03-06.43.59:143][844]LogPlayLevel: Display: Shutting down PIE online subsystems
[2020.02.03-06.43.59:143][844]LogBlueprintUserMessages: Late EndPlayMap Detection: Level '/Game/ThirdPersonCPP/Maps/step2.step2:PersistentLevel' has LevelScriptBlueprint '/Game/ThirdPersonCPP/Maps/step2.step2:PersistentLevel.step2' with GeneratedClass '/Game/ThirdPersonCPP/Maps/step2.step2_C' with ClassGeneratedBy '/Game/ThirdPersonCPP/Maps/step2.step2:PersistentLevel.step2'
[2020.02.03-06.43.59:207][844]LogSlate: Updating window title bar state: overlay mode, drag disabled, window buttons hidden, title bar hidden
[2020.02.03-06.43.59:210][844]LogUObjectHash: Compacting FUObjectHashTables data took   1.05ms
[2020.02.03-06.43.59:223][845]LogPlayLevel: Display: Destroying online subsystem :Context_7
[2020.02.03-06.44.01:991][ 11]LogSlate: FSceneViewport::OnFocusLost() reason 0
[2020.02.03-06.44.02:058][ 15]LogTemp: Repeating last play command: 선택된 뷰포트
[2020.02.03-06.44.02:074][ 15]LogBlueprintUserMessages: Early PlayInEditor Detection: Level '/Game/ThirdPersonCPP/Maps/step2.step2:PersistentLevel' has LevelScriptBlueprint '/Game/ThirdPersonCPP/Maps/step2.step2:PersistentLevel.step2' with GeneratedClass '/Game/ThirdPersonCPP/Maps/step2.step2_C' with ClassGeneratedBy '/Game/ThirdPersonCPP/Maps/step2.step2:PersistentLevel.step2'
[2020.02.03-06.44.02:074][ 15]LogPlayLevel: PlayLevel: No blueprints needed recompiling
[2020.02.03-06.44.02:074][ 15]PIE: New page: PIE 세션: step2 (2020. 2. 4. 오전 12:44:02)
[2020.02.03-06.44.02:074][ 15]LogPlayLevel: Creating play world package: /Game/ThirdPersonCPP/Maps/UEDPIE_0_step2
[2020.02.03-06.44.02:076][ 15]LogPlayLevel: PIE: StaticDuplicateObject took: (0.001892s)
[2020.02.03-06.44.02:077][ 15]LogAIModule: Creating AISystem for world step2
[2020.02.03-06.44.02:077][ 15]LogPlayLevel: PIE: World Init took: (0.000499s)
[2020.02.03-06.44.02:077][ 15]LogPlayLevel: PIE: Created PIE world by copying editor world from /Game/ThirdPersonCPP/Maps/step2.step2 to /Game/ThirdPersonCPP/Maps/UEDPIE_0_step2.step2 (0.002517s)
[2020.02.03-06.44.02:102][ 15]LogUObjectHash: Compacting FUObjectHashTables data took   1.24ms
[2020.02.03-06.44.02:107][ 15]LogInit: XAudio2 using 'Speakers(Realtek(R) Audio)' : 2 channels at 48 kHz using 32 bits per sample (channel mask 0x3)
[2020.02.03-06.44.02:119][ 15]LogInit: FAudioDevice initialized.
[2020.02.03-06.44.02:147][ 15]LogLoad: Game class is 'ABGameMode'
[2020.02.03-06.44.02:148][ 15]LogWorld: Bringing World /Game/ThirdPersonCPP/Maps/UEDPIE_0_step2.step2 up for play (max tick rate 60) at 2020.02.03-15.44.02
[2020.02.03-06.44.02:148][ 15]BookPractice: Warning: AFountain::PostInitializeComponents(72)
[2020.02.03-06.44.02:148][ 15]LogWorld: Bringing up level for play took: 0.000610
[2020.02.03-06.44.02:160][ 15]BookPractice: Warning: AABPlayerController::PostInitializeComponents(9)
[2020.02.03-06.44.02:160][ 15]BookPractice: Warning: AABGameMode::PostLogin(14)PostLogin Begin
[2020.02.03-06.44.02:161][ 15]BookPractice: Warning: AABPlayerController::OnPossess(13)
[2020.02.03-06.44.02:161][ 15]BookPractice: Warning: AABGameMode::PostLogin(16)PostLogin End
[2020.02.03-06.44.02:161][ 15]BookPractice: Warning: AFountain::BeginPlay(52)
[2020.02.03-06.44.02:161][ 15]BookPractice: Warning: AFountain::BeginPlay(53)ActorName : Fountain1, ID : 0, Location X : 100.000
[2020.02.03-06.44.02:161][ 15]PIE: /Game/ThirdPersonCPP/Maps/UEDPIE_0_step2 에 대한 에디터에서 플레이 시작 시간: -0.839
[2020.02.03-06.44.02:161][ 15]LogBlueprintUserMessages: Late PlayInEditor Detection: Level '/Game/ThirdPersonCPP/Maps/step2.step2:PersistentLevel' has LevelScriptBlueprint '/Game/ThirdPersonCPP/Maps/step2.step2:PersistentLevel.step2' with GeneratedClass '/Game/ThirdPersonCPP/Maps/step2.step2_C' with ClassGeneratedBy '/Game/ThirdPersonCPP/Maps/step2.step2:PersistentLevel.step2'
[2020.02.03-06.44.06:693][286]LogBlueprintUserMessages: Early EndPlayMap Detection: Level '/Game/ThirdPersonCPP/Maps/step2.step2:PersistentLevel' has LevelScriptBlueprint '/Game/ThirdPersonCPP/Maps/step2.step2:PersistentLevel.step2' with GeneratedClass '/Game/ThirdPersonCPP/Maps/step2.step2_C' with ClassGeneratedBy '/Game/ThirdPersonCPP/Maps/step2.step2:PersistentLevel.step2'
[2020.02.03-06.44.06:693][286]LogSlate: Updating window title bar state: overlay mode, drag disabled, window buttons hidden, title bar hidden
[2020.02.03-06.44.06:693][286]BookPractice: Warning: AFountain::EndPlay(67)
[2020.02.03-06.44.06:725][286]LogPlayLevel: Display: Shutting down PIE online subsystems
[2020.02.03-06.44.06:725][286]LogBlueprintUserMessages: Late EndPlayMap Detection: Level '/Game/ThirdPersonCPP/Maps/step2.step2:PersistentLevel' has LevelScriptBlueprint '/Game/ThirdPersonCPP/Maps/step2.step2:PersistentLevel.step2' with GeneratedClass '/Game/ThirdPersonCPP/Maps/step2.step2_C' with ClassGeneratedBy '/Game/ThirdPersonCPP/Maps/step2.step2:PersistentLevel.step2'
[2020.02.03-06.44.06:772][286]LogSlate: Updating window title bar state: overlay mode, drag disabled, window buttons hidden, title bar hidden
[2020.02.03-06.44.06:774][286]LogUObjectHash: Compacting FUObjectHashTables data took   0.99ms
[2020.02.03-06.44.06:791][287]LogPlayLevel: Display: Destroying online subsystem :Context_8
[2020.02.03-07.11.59:309][356]LogSlate: FSceneViewport::OnFocusLost() reason 0
[2020.02.03-07.11.59:372][356]LogTemp: Repeating last play command: 선택된 뷰포트
[2020.02.03-07.11.59:388][356]LogBlueprintUserMessages: Early PlayInEditor Detection: Level '/Game/ThirdPersonCPP/Maps/step2.step2:PersistentLevel' has LevelScriptBlueprint '/Game/ThirdPersonCPP/Maps/step2.step2:PersistentLevel.step2' with GeneratedClass '/Game/ThirdPersonCPP/Maps/step2.step2_C' with ClassGeneratedBy '/Game/ThirdPersonCPP/Maps/step2.step2:PersistentLevel.step2'
[2020.02.03-07.11.59:388][356]LogPlayLevel: PlayLevel: No blueprints needed recompiling
[2020.02.03-07.11.59:388][356]PIE: New page: PIE 세션: step2 (2020. 2. 4. 오전 1:11:59)
[2020.02.03-07.11.59:388][356]LogPlayLevel: Creating play world package: /Game/ThirdPersonCPP/Maps/UEDPIE_0_step2
[2020.02.03-07.11.59:390][356]LogPlayLevel: PIE: StaticDuplicateObject took: (0.002331s)
[2020.02.03-07.11.59:391][356]LogAIModule: Creating AISystem for world step2
[2020.02.03-07.11.59:391][356]LogPlayLevel: PIE: World Init took: (0.000622s)
[2020.02.03-07.11.59:391][356]LogPlayLevel: PIE: Created PIE world by copying editor world from /Game/ThirdPersonCPP/Maps/step2.step2 to /Game/ThirdPersonCPP/Maps/UEDPIE_0_step2.step2 (0.003095s)
[2020.02.03-07.11.59:419][356]LogUObjectHash: Compacting FUObjectHashTables data took   1.45ms
[2020.02.03-07.11.59:424][356]LogInit: XAudio2 using 'Speakers(Realtek(R) Audio)' : 2 channels at 48 kHz using 32 bits per sample (channel mask 0x3)
[2020.02.03-07.11.59:436][356]LogInit: FAudioDevice initialized.
[2020.02.03-07.11.59:466][356]LogLoad: Game class is 'ABGameMode'
[2020.02.03-07.11.59:467][356]LogWorld: Bringing World /Game/ThirdPersonCPP/Maps/UEDPIE_0_step2.step2 up for play (max tick rate 60) at 2020.02.03-16.11.59
[2020.02.03-07.11.59:467][356]BookPractice: Warning: AFountain::PostInitializeComponents(72)
[2020.02.03-07.11.59:468][356]LogWorld: Bringing up level for play took: 0.000746
[2020.02.03-07.11.59:479][356]BookPractice: Warning: AABPlayerController::PostInitializeComponents(9)
[2020.02.03-07.11.59:479][356]BookPractice: Warning: AABGameMode::PostLogin(14)PostLogin Begin
[2020.02.03-07.11.59:483][356]BookPractice: Warning: AABPlayerController::OnPossess(13)
[2020.02.03-07.11.59:483][356]BookPractice: Warning: AABGameMode::PostLogin(16)PostLogin End
[2020.02.03-07.11.59:483][356]BookPractice: Warning: AFountain::BeginPlay(52)
[2020.02.03-07.11.59:483][356]BookPractice: Warning: AFountain::BeginPlay(53)ActorName : Fountain1, ID : 0, Location X : 100.000
[2020.02.03-07.11.59:483][356]PIE: /Game/ThirdPersonCPP/Maps/UEDPIE_0_step2 에 대한 에디터에서 플레이 시작 시간: 0.483
[2020.02.03-07.11.59:483][356]LogBlueprintUserMessages: Late PlayInEditor Detection: Level '/Game/ThirdPersonCPP/Maps/step2.step2:PersistentLevel' has LevelScriptBlueprint '/Game/ThirdPersonCPP/Maps/step2.step2:PersistentLevel.step2' with GeneratedClass '/Game/ThirdPersonCPP/Maps/step2.step2_C' with ClassGeneratedBy '/Game/ThirdPersonCPP/Maps/step2.step2:PersistentLevel.step2'
[2020.02.03-07.13.11:180][653]Set new viewmode: Wireframe
[2020.02.03-07.13.15:440][908]Set new viewmode: Wireframe
[2020.02.03-07.13.16:756][987]Set new viewmode: Wireframe
[2020.02.03-07.13.17:390][ 25]LogBlueprintUserMessages: Early EndPlayMap Detection: Level '/Game/ThirdPersonCPP/Maps/step2.step2:PersistentLevel' has LevelScriptBlueprint '/Game/ThirdPersonCPP/Maps/step2.step2:PersistentLevel.step2' with GeneratedClass '/Game/ThirdPersonCPP/Maps/step2.step2_C' with ClassGeneratedBy '/Game/ThirdPersonCPP/Maps/step2.step2:PersistentLevel.step2'
[2020.02.03-07.13.17:391][ 25]LogSlate: Updating window title bar state: overlay mode, drag disabled, window buttons hidden, title bar hidden
[2020.02.03-07.13.17:391][ 25]BookPractice: Warning: AFountain::EndPlay(67)
[2020.02.03-07.13.17:422][ 25]LogPlayLevel: Display: Shutting down PIE online subsystems
[2020.02.03-07.13.17:422][ 25]LogBlueprintUserMessages: Late EndPlayMap Detection: Level '/Game/ThirdPersonCPP/Maps/step2.step2:PersistentLevel' has LevelScriptBlueprint '/Game/ThirdPersonCPP/Maps/step2.step2:PersistentLevel.step2' with GeneratedClass '/Game/ThirdPersonCPP/Maps/step2.step2_C' with ClassGeneratedBy '/Game/ThirdPersonCPP/Maps/step2.step2:PersistentLevel.step2'
[2020.02.03-07.13.17:461][ 25]LogSlate: Updating window title bar state: overlay mode, drag disabled, window buttons hidden, title bar hidden
[2020.02.03-07.13.17:463][ 25]LogUObjectHash: Compacting FUObjectHashTables data took   1.32ms
[2020.02.03-07.13.17:519][ 27]LogPlayLevel: Display: Destroying online subsystem :Context_9
[2020.02.03-07.13.19:637][154]LogSlate: FSceneViewport::OnFocusLost() reason 0
[2020.02.03-07.13.19:703][158]LogTemp: Repeating last play command: 선택된 뷰포트
[2020.02.03-07.13.19:718][158]LogBlueprintUserMessages: Early PlayInEditor Detection: Level '/Game/ThirdPersonCPP/Maps/step2.step2:PersistentLevel' has LevelScriptBlueprint '/Game/ThirdPersonCPP/Maps/step2.step2:PersistentLevel.step2' with GeneratedClass '/Game/ThirdPersonCPP/Maps/step2.step2_C' with ClassGeneratedBy '/Game/ThirdPersonCPP/Maps/step2.step2:PersistentLevel.step2'
[2020.02.03-07.13.19:718][158]LogPlayLevel: PlayLevel: No blueprints needed recompiling
[2020.02.03-07.13.19:718][158]PIE: New page: PIE 세션: step2 (2020. 2. 4. 오전 1:13:19)
[2020.02.03-07.13.19:720][158]LogPlayLevel: Creating play world package: /Game/ThirdPersonCPP/Maps/UEDPIE_0_step2
[2020.02.03-07.13.19:721][158]LogPlayLevel: PIE: StaticDuplicateObject took: (0.002144s)
[2020.02.03-07.13.19:721][158]LogAIModule: Creating AISystem for world step2
[2020.02.03-07.13.19:722][158]LogPlayLevel: PIE: World Init took: (0.000688s)
[2020.02.03-07.13.19:722][158]LogPlayLevel: PIE: Created PIE world by copying editor world from /Game/ThirdPersonCPP/Maps/step2.step2 to /Game/ThirdPersonCPP/Maps/UEDPIE_0_step2.step2 (0.002996s)
[2020.02.03-07.13.19:746][158]LogUObjectHash: Compacting FUObjectHashTables data took   0.98ms
[2020.02.03-07.13.19:752][158]LogInit: XAudio2 using 'Speakers(Realtek(R) Audio)' : 2 channels at 48 kHz using 32 bits per sample (channel mask 0x3)
[2020.02.03-07.13.19:762][158]LogInit: FAudioDevice initialized.
[2020.02.03-07.13.19:791][158]LogLoad: Game class is 'ABGameMode'
[2020.02.03-07.13.19:792][158]LogWorld: Bringing World /Game/ThirdPersonCPP/Maps/UEDPIE_0_step2.step2 up for play (max tick rate 60) at 2020.02.03-16.13.19
[2020.02.03-07.13.19:793][158]BookPractice: Warning: AFountain::PostInitializeComponents(72)
[2020.02.03-07.13.19:793][158]LogWorld: Bringing up level for play took: 0.000646
[2020.02.03-07.13.19:804][158]BookPractice: Warning: AABPlayerController::PostInitializeComponents(9)
[2020.02.03-07.13.19:804][158]BookPractice: Warning: AABGameMode::PostLogin(14)PostLogin Begin
[2020.02.03-07.13.19:805][158]BookPractice: Warning: AABPlayerController::OnPossess(13)
[2020.02.03-07.13.19:805][158]BookPractice: Warning: AABGameMode::PostLogin(16)PostLogin End
[2020.02.03-07.13.19:805][158]BookPractice: Warning: AFountain::BeginPlay(52)
[2020.02.03-07.13.19:805][158]BookPractice: Warning: AFountain::BeginPlay(53)ActorName : Fountain1, ID : 0, Location X : 100.000
[2020.02.03-07.13.19:805][158]PIE: /Game/ThirdPersonCPP/Maps/UEDPIE_0_step2 에 대한 에디터에서 플레이 시작 시간: 0.805
[2020.02.03-07.13.19:805][158]LogBlueprintUserMessages: Late PlayInEditor Detection: Level '/Game/ThirdPersonCPP/Maps/step2.step2:PersistentLevel' has LevelScriptBlueprint '/Game/ThirdPersonCPP/Maps/step2.step2:PersistentLevel.step2' with GeneratedClass '/Game/ThirdPersonCPP/Maps/step2.step2_C' with ClassGeneratedBy '/Game/ThirdPersonCPP/Maps/step2.step2:PersistentLevel.step2'
[2020.02.03-07.13.23:666][389]LogSlate: FSceneViewport::OnFocusLost() reason 2
[2020.02.03-07.13.31:249][844]LogSlate: FSceneViewport::OnFocusLost() reason 2
[2020.02.03-07.14.19:274][ 41]LogBlueprintUserMessages: Early EndPlayMap Detection: Level '/Game/ThirdPersonCPP/Maps/step2.step2:PersistentLevel' has LevelScriptBlueprint '/Game/ThirdPersonCPP/Maps/step2.step2:PersistentLevel.step2' with GeneratedClass '/Game/ThirdPersonCPP/Maps/step2.step2_C' with ClassGeneratedBy '/Game/ThirdPersonCPP/Maps/step2.step2:PersistentLevel.step2'
[2020.02.03-07.14.19:274][ 41]LogSlate: Updating window title bar state: overlay mode, drag disabled, window buttons hidden, title bar hidden
[2020.02.03-07.14.19:274][ 41]BookPractice: Warning: AFountain::EndPlay(67)
[2020.02.03-07.14.19:305][ 41]LogPlayLevel: Display: Shutting down PIE online subsystems
[2020.02.03-07.14.19:305][ 41]LogBlueprintUserMessages: Late EndPlayMap Detection: Level '/Game/ThirdPersonCPP/Maps/step2.step2:PersistentLevel' has LevelScriptBlueprint '/Game/ThirdPersonCPP/Maps/step2.step2:PersistentLevel.step2' with GeneratedClass '/Game/ThirdPersonCPP/Maps/step2.step2_C' with ClassGeneratedBy '/Game/ThirdPersonCPP/Maps/step2.step2:PersistentLevel.step2'
[2020.02.03-07.14.19:341][ 41]LogSlate: Updating window title bar state: overlay mode, drag disabled, window buttons hidden, title bar hidden
[2020.02.03-07.14.19:343][ 41]LogUObjectHash: Compacting FUObjectHashTables data took   0.92ms
[2020.02.03-07.14.19:376][ 43]LogPlayLevel: Display: Destroying online subsystem :Context_10
[2020.02.03-07.29.51:561][707]LogHotReload: New module detected: UE4Editor-BookPractice-0057.dll
[2020.02.03-07.29.52:207][746]LogHotReload: Starting Hot-Reload from IDE
[2020.02.03-07.29.52:212][746]LogSlate: FSceneViewport::OnFocusLost() reason 2
[2020.02.03-07.29.52:252][746]LogUObjectHash: Compacting FUObjectHashTables data took   0.73ms
[2020.02.03-07.29.52:296][746]LogHotReload: Re-instancing ABCharacter after hot-reload.
[2020.02.03-07.29.52:364][746]Error: CDO Constructor (ABPawn): Failed to find /Game/Animations/WarriorAnimBlueprint.WarriorAnimBlueprint

[2020.02.03-07.29.52:370][746]LogContentBrowser: Native class hierarchy updated for 'BookPractice' in 0.0004 seconds. Added 8 classes and 2 folders.
[2020.02.03-07.29.52:370][746]Warning: Some classes could not be reloaded:
Error: CDO Constructor (ABPawn): Failed to find /Game/Animations/WarriorAnimBlueprint.WarriorAnimBlueprint


[2020.02.03-07.29.52:373][746]Display: HotReload successful (0 functions remapped  0 scriptstructs remapped)
[2020.02.03-07.29.52:425][746]LogUObjectHash: Compacting FUObjectHashTables data took   1.47ms
[2020.02.03-07.29.52:438][746]LogContentBrowser: Native class hierarchy populated in 0.0090 seconds. Added 2741 classes and 663 folders.
[2020.02.03-07.29.52:439][746]Display: HotReload took  0.2s.
[2020.02.03-07.29.54:345][860]LogSlate: FSceneViewport::OnFocusLost() reason 0
[2020.02.03-07.29.54:412][864]LogTemp: Repeating last play command: 선택된 뷰포트
[2020.02.03-07.29.54:433][864]LogBlueprintUserMessages: Early PlayInEditor Detection: Level '/Game/ThirdPersonCPP/Maps/step2.step2:PersistentLevel' has LevelScriptBlueprint '/Game/ThirdPersonCPP/Maps/step2.step2:PersistentLevel.step2' with GeneratedClass '/Game/ThirdPersonCPP/Maps/step2.step2_C' with ClassGeneratedBy '/Game/ThirdPersonCPP/Maps/step2.step2:PersistentLevel.step2'
[2020.02.03-07.29.54:433][864]LogPlayLevel: PlayLevel: No blueprints needed recompiling
[2020.02.03-07.29.54:433][864]PIE: New page: PIE 세션: step2 (2020. 2. 4. 오전 1:29:54)
[2020.02.03-07.29.54:433][864]LogPlayLevel: Creating play world package: /Game/ThirdPersonCPP/Maps/UEDPIE_0_step2
[2020.02.03-07.29.54:435][864]LogPlayLevel: PIE: StaticDuplicateObject took: (0.002174s)
[2020.02.03-07.29.54:436][864]LogAIModule: Creating AISystem for world step2
[2020.02.03-07.29.54:436][864]LogPlayLevel: PIE: World Init took: (0.000614s)
[2020.02.03-07.29.54:436][864]LogPlayLevel: PIE: Created PIE world by copying editor world from /Game/ThirdPersonCPP/Maps/step2.step2 to /Game/ThirdPersonCPP/Maps/UEDPIE_0_step2.step2 (0.002929s)
[2020.02.03-07.29.54:460][864]LogUObjectHash: Compacting FUObjectHashTables data took   1.24ms
[2020.02.03-07.29.54:466][864]LogInit: XAudio2 using 'Speakers(Realtek(R) Audio)' : 2 channels at 48 kHz using 32 bits per sample (channel mask 0x3)
[2020.02.03-07.29.54:481][864]LogInit: FAudioDevice initialized.
[2020.02.03-07.29.54:510][864]LogLoad: Game class is 'ABGameMode'
[2020.02.03-07.29.54:511][864]LogWorld: Bringing World /Game/ThirdPersonCPP/Maps/UEDPIE_0_step2.step2 up for play (max tick rate 60) at 2020.02.03-16.29.54
[2020.02.03-07.29.54:512][864]BookPractice: Warning: AFountain::PostInitializeComponents(72)
[2020.02.03-07.29.54:512][864]LogWorld: Bringing up level for play took: 0.000682
[2020.02.03-07.29.54:524][864]BookPractice: Warning: AABPlayerController::PostInitializeComponents(9)
[2020.02.03-07.29.54:525][864]BookPractice: Warning: AABGameMode::PostLogin(14)PostLogin Begin
[2020.02.03-07.29.54:526][864]BookPractice: Warning: AABPlayerController::OnPossess(13)
[2020.02.03-07.29.54:526][864]BookPractice: Warning: AABGameMode::PostLogin(16)PostLogin End
[2020.02.03-07.29.54:526][864]BookPractice: Warning: AFountain::BeginPlay(52)
[2020.02.03-07.29.54:527][864]BookPractice: Warning: AFountain::BeginPlay(53)ActorName : Fountain1, ID : 0, Location X : 100.000
[2020.02.03-07.29.54:527][864]PIE: /Game/ThirdPersonCPP/Maps/UEDPIE_0_step2 에 대한 에디터에서 플레이 시작 시간: -0.473
[2020.02.03-07.29.54:528][864]LogBlueprintUserMessages: Late PlayInEditor Detection: Level '/Game/ThirdPersonCPP/Maps/step2.step2:PersistentLevel' has LevelScriptBlueprint '/Game/ThirdPersonCPP/Maps/step2.step2:PersistentLevel.step2' with GeneratedClass '/Game/ThirdPersonCPP/Maps/step2.step2_C' with ClassGeneratedBy '/Game/ThirdPersonCPP/Maps/step2.step2:PersistentLevel.step2'
[2020.02.03-07.30.05:510][520]LogBlueprintUserMessages: Early EndPlayMap Detection: Level '/Game/ThirdPersonCPP/Maps/step2.step2:PersistentLevel' has LevelScriptBlueprint '/Game/ThirdPersonCPP/Maps/step2.step2:PersistentLevel.step2' with GeneratedClass '/Game/ThirdPersonCPP/Maps/step2.step2_C' with ClassGeneratedBy '/Game/ThirdPersonCPP/Maps/step2.step2:PersistentLevel.step2'
[2020.02.03-07.30.05:511][520]LogSlate: Updating window title bar state: overlay mode, drag disabled, window buttons hidden, title bar hidden
[2020.02.03-07.30.05:511][520]BookPractice: Warning: AFountain::EndPlay(67)
[2020.02.03-07.30.05:549][520]LogPlayLevel: Display: Shutting down PIE online subsystems
[2020.02.03-07.30.05:550][520]LogBlueprintUserMessages: Late EndPlayMap Detection: Level '/Game/ThirdPersonCPP/Maps/step2.step2:PersistentLevel' has LevelScriptBlueprint '/Game/ThirdPersonCPP/Maps/step2.step2:PersistentLevel.step2' with GeneratedClass '/Game/ThirdPersonCPP/Maps/step2.step2_C' with ClassGeneratedBy '/Game/ThirdPersonCPP/Maps/step2.step2:PersistentLevel.step2'
[2020.02.03-07.30.05:618][520]LogSlate: Updating window title bar state: overlay mode, drag disabled, window buttons hidden, title bar hidden
[2020.02.03-07.30.05:622][520]LogUObjectHash: Compacting FUObjectHashTables data took   1.56ms
[2020.02.03-07.30.05:637][521]LogPlayLevel: Display: Destroying online subsystem :Context_11
[2020.02.03-07.30.17:987][261]LogSlate: FSceneViewport::OnFocusLost() reason 0
