Log file open, 02/24/20 17:10:35
LogWindows: Failed to load 'aqProf.dll' (GetLastError=126)
LogWindows: File 'aqProf.dll' does not exist
LogWindows: Failed to load 'VtuneApi.dll' (GetLastError=126)
LogWindows: File 'VtuneApi.dll' does not exist
LogWindows: Failed to load 'VtuneApi32e.dll' (GetLastError=126)
LogWindows: File 'VtuneApi32e.dll' does not exist
LogConsoleResponse: Display: Failed to find resolution value strings in scalability ini. Falling back to default.
LogInit: Display: Running engine for game: BookPractice
LogPakFile: Registered encryption key '00000000000000000000000000000000': 0 pak files mounted, 0 remain pending
LogPlatformFile: Not using cached read wrapper
LogTaskGraph: Started task graph with 5 named threads and 35 total threads with 3 sets of task threads.
LogStats: Stats thread started at 0.396389
LogD3D11RHI: Loaded GFSDK_Aftermath_Lib.x64.dll
LogICUInternationalization: ICU TimeZone Detection - Raw Offset: +9:00, Platform Override: ''
LogPluginManager: Mounting plugin Paper2D
LogPluginManager: Mounting plugin AISupport
LogPluginManager: Mounting plugin LightPropagationVolume
LogPluginManager: Mounting plugin ActorLayerUtilities
LogPluginManager: Mounting plugin AnimationSharing
LogPluginManager: Mounting plugin CLionSourceCodeAccess
LogPluginManager: Mounting plugin CodeLiteSourceCodeAccess
LogPluginManager: Mounting plugin GitSourceControl
LogPluginManager: Mounting plugin KDevelopSourceCodeAccess
LogPluginManager: Mounting plugin NullSourceCodeAccess
LogPluginManager: Mounting plugin PerforceSourceControl
LogPluginManager: Mounting plugin SubversionSourceControl
LogPluginManager: Mounting plugin UObjectPlugin
LogPluginManager: Mounting plugin VisualStudioCodeSourceCodeAccess
LogPluginManager: Mounting plugin VisualStudioSourceCodeAccess
LogPluginManager: Mounting plugin XCodeSourceCodeAccess
LogPluginManager: Mounting plugin AssetManagerEditor
LogPluginManager: Mounting plugin CryptoKeys
LogPluginManager: Mounting plugin DataValidation
LogPluginManager: Mounting plugin FacialAnimation
LogPluginManager: Mounting plugin GameplayTagsEditor
LogPluginManager: Mounting plugin MacGraphicsSwitching
LogPluginManager: Mounting plugin MaterialAnalyzer
LogPluginManager: Mounting plugin MobileLauncherProfileWizard
LogPluginManager: Mounting plugin PluginBrowser
LogPluginManager: Mounting plugin SpeedTreeImporter
LogPluginManager: Mounting plugin DatasmithContent
LogPluginManager: Mounting plugin VariantManagerContent
LogPluginManager: Mounting plugin AlembicImporter
LogPluginManager: Mounting plugin AppleImageUtils
LogPluginManager: Mounting plugin AppleVision
LogPluginManager: Mounting plugin BackChannel
LogPluginManager: Mounting plugin CharacterAI
LogPluginManager: Mounting plugin GeometryCache
LogPluginManager: Mounting plugin HTML5Networking
LogPluginManager: Mounting plugin ProxyLODPlugin
LogPluginManager: Mounting plugin SkeletalReduction
LogPluginManager: Mounting plugin MagicLeap
LogPluginManager: Mounting plugin MagicLeapMedia
LogPluginManager: Mounting plugin AndroidMedia
LogPluginManager: Mounting plugin AvfMedia
LogPluginManager: Mounting plugin ImgMedia
LogPluginManager: Mounting plugin LinearTimecode
LogPluginManager: Mounting plugin MediaCompositing
LogPluginManager: Mounting plugin MediaPlayerEditor
LogPluginManager: Mounting plugin WebMMedia
LogPluginManager: Mounting plugin WmfMedia
LogPluginManager: Mounting plugin TcpMessaging
LogPluginManager: Mounting plugin UdpMessaging
LogPluginManager: Mounting plugin ActorSequence
LogPluginManager: Mounting plugin LevelSequenceEditor
LogPluginManager: Mounting plugin MatineeToLevelSequence
LogPluginManager: Mounting plugin NetcodeUnitTest
LogPluginManager: Mounting plugin NUTUnrealEngine4
LogPluginManager: Mounting plugin OnlineSubsystemGooglePlay
LogPluginManager: Mounting plugin OnlineSubsystemIOS
LogPluginManager: Mounting plugin OnlineSubsystem
LogPluginManager: Mounting plugin OnlineSubsystemNull
LogPluginManager: Mounting plugin OnlineSubsystemUtils
LogPluginManager: Mounting plugin LauncherChunkInstaller
LogPluginManager: Mounting plugin AndroidDeviceProfileSelector
LogPluginManager: Mounting plugin AndroidMoviePlayer
LogPluginManager: Mounting plugin AndroidPermission
LogPluginManager: Mounting plugin AppleMoviePlayer
LogPluginManager: Mounting plugin ArchVisCharacter
LogPluginManager: Mounting plugin AudioCapture
LogPluginManager: Mounting plugin CableComponent
LogPluginManager: Mounting plugin CustomMeshComponent
LogPluginManager: Mounting plugin EditableMesh
LogPluginManager: Mounting plugin ExampleDeviceProfileSelector
LogPluginManager: Mounting plugin Firebase
LogPluginManager: Mounting plugin GoogleCloudMessaging
LogPluginManager: Mounting plugin IOSDeviceProfileSelector
LogPluginManager: Mounting plugin LinuxDeviceProfileSelector
LogPluginManager: Mounting plugin LocationServicesBPLibrary
LogPluginManager: Mounting plugin MobilePatchingUtils
LogPluginManager: Mounting plugin OculusVR
LogPluginManager: Mounting plugin PhysXVehicles
LogPluginManager: Mounting plugin ProceduralMeshComponent
LogPluginManager: Mounting plugin RuntimePhysXCooking
LogPluginManager: Mounting plugin SignificanceManager
LogPluginManager: Mounting plugin SteamVR
LogPluginManager: Mounting plugin WebMMoviePlayer
LogPluginManager: Mounting plugin WindowsMoviePlayer
LogInit: Using libcurl 7.55.1-DEV
LogInit:  - built for x86_64-pc-win32
LogInit:  - supports SSL with OpenSSL/1.1.1
LogInit:  - supports HTTP deflate (compression) using libz 1.2.8
LogInit:  - other features:
LogInit:      CURL_VERSION_SSL
LogInit:      CURL_VERSION_LIBZ
LogInit:      CURL_VERSION_IPV6
LogInit:      CURL_VERSION_ASYNCHDNS
LogInit:      CURL_VERSION_LARGEFILE
LogInit:      CURL_VERSION_IDN
LogInit:  CurlRequestOptions (configurable via config and command line):
LogInit:  - bVerifyPeer = true  - Libcurl will verify peer certificate
LogInit:  - bUseHttpProxy = false  - Libcurl will NOT use HTTP proxy
LogInit:  - bDontReuseConnections = false  - Libcurl will reuse connections
LogInit:  - MaxHostConnections = 16  - Libcurl will limit the number of connections to a host
LogInit:  - LocalHostAddr = Default
LogInit:  - BufferSize = 65536
LogInit: WinSock: version 1.1 (2.2), MaxSocks=32767, MaxUdp=65467
LogInit: Build: ++UE4+Release-4.22-CL-7053642
LogInit: Engine Version: 4.22.3-7053642+++UE4+Release-4.22
LogInit: Compatible Engine Version: 4.22.0-5660361+++UE4+Release-4.22
LogInit: Net CL: 5660361
LogInit: OS: Windows 10 (Release 1903) (), CPU: Intel(R) Core(TM) i7-9750H CPU @ 2.60GHz, GPU: Intel(R) UHD Graphics 630
LogInit: Compiled (64-bit): Jun 18 2019 03:09:11
LogInit: Compiled with Visual C++: 19.16.27025.01
LogInit: Build Configuration: Development
LogInit: Branch Name: ++UE4+Release-4.22
LogInit: Command Line: 
LogInit: Base Directory: C:/Program Files/Epic Games/UE_4.22/Engine/Binaries/Win64/
LogInit: Installed Engine Build: 1
LogDevObjectVersion: Number of dev versions registered: 23
LogDevObjectVersion:   Dev-Blueprints (B0D832E4-1F89-4F0D-ACCF-7EB736FD4AA2): 10
LogDevObjectVersion:   Dev-Build (E1C64328-A22C-4D53-A36C-8E866417BD8C): 0
LogDevObjectVersion:   Dev-Core (375EC13C-06E4-48FB-B500-84F0262A717E): 3
LogDevObjectVersion:   Dev-Editor (E4B068ED-F494-42E9-A231-DA0B2E46BB41): 30
LogDevObjectVersion:   Dev-Framework (CFFC743F-43B0-4480-9391-14DF171D2073): 35
LogDevObjectVersion:   Dev-Mobile (B02B49B5-BB20-44E9-A304-32B752E40360): 2
LogDevObjectVersion:   Dev-Networking (A4E4105C-59A1-49B5-A7C5-40C4547EDFEE): 0
LogDevObjectVersion:   Dev-Online (39C831C9-5AE6-47DC-9A44-9C173E1C8E7C): 0
LogDevObjectVersion:   Dev-Physics (78F01B33-EBEA-4F98-B9B4-84EACCB95AA2): 0
LogDevObjectVersion:   Dev-Platform (6631380F-2D4D-43E0-8009-CF276956A95A): 0
LogDevObjectVersion:   Dev-Rendering (12F88B9F-8875-4AFC-A67C-D90C383ABD29): 28
LogDevObjectVersion:   Dev-Sequencer (7B5AE74C-D270-4C10-A958-57980B212A5A): 11
LogDevObjectVersion:   Dev-VR (D7296918-1DD6-4BDD-9DE2-64A83CC13884): 2
LogDevObjectVersion:   Dev-LoadTimes (C2A15278-BFE7-4AFE-6C17-90FF531DF755): 1
LogDevObjectVersion:   Private-Geometry (6EACA3D4-40EC-4CC1-B786-8BED09428FC5): 3
LogDevObjectVersion:   Dev-AnimPhys (29E575DD-E0A3-4627-9D10-D276232CDCEA): 17
LogDevObjectVersion:   Dev-Anim (AF43A65D-7FD3-4947-9873-3E8ED9C1BB05): 2
LogDevObjectVersion:   Dev-ReflectionCapture (6B266CEC-1EC7-4B8F-A30B-E4D90942FC07): 1
LogDevObjectVersion:   Dev-Automation (0DF73D61-A23F-47EA-B727-89E90C41499A): 1
LogDevObjectVersion:   FortniteMain (601D1886-AC64-4F84-AA16-D3DE0DEAC7D6): 25
LogDevObjectVersion:   Dev-Enterprise (9DFFBCD6-494F-0158-E221-12823C92A888): 6
LogDevObjectVersion:   Dev-Niagara (F2AED0AC-9AFE-416F-8664-AA7FFA26D6FC): 1
LogDevObjectVersion:   Dev-Destruction (174F1F0B-B4C6-45A5-B13F-2EE8D0FB917D): 2
LogInit: Presizing for max 16777216 objects, including 0 objects not considered by GC, pre-allocating 0 bytes for permanent pool.
LogInit: Object subsystem initialized
LogConfig: Setting CVar [[con.DebugEarlyDefault:1]]
LogConfig: Setting CVar [[r.setres:1280x720]]
[2020.02.24-08.10.35:783][  0]LogConfig: Setting CVar [[r.VSync:0]]
[2020.02.24-08.10.35:783][  0]LogConfig: Setting CVar [[r.RHICmdBypass:0]]
[2020.02.24-08.10.35:783][  0]LogConfig: Applying CVar settings from Section [/Script/Engine.RendererSettings] File [C:/Users/wonji/Desktop/UnrealProjects/UnrealBook/BookPractice/Saved/Config/Windows/Engine.ini]
[2020.02.24-08.10.35:783][  0]LogConfig: Setting CVar [[r.GPUCrashDebugging:0]]
[2020.02.24-08.10.35:783][  0]LogConfig: Applying CVar settings from Section [/Script/Engine.RendererOverrideSettings] File [C:/Users/wonji/Desktop/UnrealProjects/UnrealBook/BookPractice/Saved/Config/Windows/Engine.ini]
[2020.02.24-08.10.35:783][  0]LogConfig: Applying CVar settings from Section [/Script/Engine.StreamingSettings] File [C:/Users/wonji/Desktop/UnrealProjects/UnrealBook/BookPractice/Saved/Config/Windows/Engine.ini]
[2020.02.24-08.10.35:783][  0]LogConfig: Setting CVar [[s.MinBulkDataSizeForAsyncLoading:131072]]
[2020.02.24-08.10.35:783][  0]LogConfig: Setting CVar [[s.AsyncLoadingThreadEnabled:0]]
[2020.02.24-08.10.35:783][  0]LogConfig: Setting CVar [[s.EventDrivenLoaderEnabled:1]]
[2020.02.24-08.10.35:783][  0]LogConfig: Setting CVar [[s.WarnIfTimeLimitExceeded:0]]
[2020.02.24-08.10.35:783][  0]LogConfig: Setting CVar [[s.TimeLimitExceededMultiplier:1.5]]
[2020.02.24-08.10.35:783][  0]LogConfig: Setting CVar [[s.TimeLimitExceededMinTime:0.005]]
[2020.02.24-08.10.35:783][  0]LogConfig: Setting CVar [[s.UseBackgroundLevelStreaming:1]]
[2020.02.24-08.10.35:783][  0]LogConfig: Setting CVar [[s.PriorityAsyncLoadingExtraTime:15.0]]
[2020.02.24-08.10.35:783][  0]LogConfig: Setting CVar [[s.LevelStreamingActorsUpdateTimeLimit:5.0]]
[2020.02.24-08.10.35:783][  0]LogConfig: Setting CVar [[s.PriorityLevelStreamingActorsUpdateExtraTime:5.0]]
[2020.02.24-08.10.35:783][  0]LogConfig: Setting CVar [[s.LevelStreamingComponentsRegistrationGranularity:10]]
[2020.02.24-08.10.35:783][  0]LogConfig: Setting CVar [[s.UnregisterComponentsTimeLimit:1.0]]
[2020.02.24-08.10.35:783][  0]LogConfig: Setting CVar [[s.LevelStreamingComponentsUnregistrationGranularity:5]]
[2020.02.24-08.10.35:783][  0]LogConfig: Applying CVar settings from Section [/Script/Engine.GarbageCollectionSettings] File [C:/Users/wonji/Desktop/UnrealProjects/UnrealBook/BookPractice/Saved/Config/Windows/Engine.ini]
[2020.02.24-08.10.35:783][  0]LogConfig: Setting CVar [[gc.MaxObjectsNotConsideredByGC:1]]
[2020.02.24-08.10.35:783][  0]LogConfig: Setting CVar [[gc.SizeOfPermanentObjectPool:0]]
[2020.02.24-08.10.35:783][  0]LogConfig: Setting CVar [[gc.FlushStreamingOnGC:0]]
[2020.02.24-08.10.35:783][  0]LogConfig: Setting CVar [[gc.NumRetriesBeforeForcingGC:10]]
[2020.02.24-08.10.35:783][  0]LogConfig: Setting CVar [[gc.AllowParallelGC:1]]
[2020.02.24-08.10.35:783][  0]LogConfig: Setting CVar [[gc.TimeBetweenPurgingPendingKillObjects:61.1]]
[2020.02.24-08.10.35:783][  0]LogConfig: Setting CVar [[gc.MaxObjectsInEditor:16777216]]
[2020.02.24-08.10.35:783][  0]LogConfig: Setting CVar [[gc.IncrementalBeginDestroyEnabled:1]]
[2020.02.24-08.10.35:783][  0]LogConfig: Setting CVar [[gc.CreateGCClusters:1]]
[2020.02.24-08.10.35:783][  0]LogConfig: Setting CVar [[gc.MinGCClusterSize:5]]
[2020.02.24-08.10.35:783][  0]LogConfig: Setting CVar [[gc.ActorClusteringEnabled:0]]
[2020.02.24-08.10.35:783][  0]LogConfig: Setting CVar [[gc.BlueprintClusteringEnabled:0]]
[2020.02.24-08.10.35:783][  0]LogConfig: Setting CVar [[gc.UseDisregardForGCOnDedicatedServers:0]]
[2020.02.24-08.10.35:783][  0]LogConfig: Applying CVar settings from Section [/Script/Engine.NetworkSettings] File [C:/Users/wonji/Desktop/UnrealProjects/UnrealBook/BookPractice/Saved/Config/Windows/Engine.ini]
[2020.02.24-08.10.35:783][  0]LogConfig: Applying CVar settings from Section [/Script/UnrealEd.CookerSettings] File [C:/Users/wonji/Desktop/UnrealProjects/UnrealBook/BookPractice/Saved/Config/Windows/Engine.ini]
[2020.02.24-08.10.35:787][  0]LogConfig: Applying CVar settings from Section [ViewDistanceQuality@3] File [C:/Users/wonji/Desktop/UnrealProjects/UnrealBook/BookPractice/Saved/Config/Windows/Scalability.ini]
[2020.02.24-08.10.35:787][  0]LogConfig: Setting CVar [[r.SkeletalMeshLODBias:0]]
[2020.02.24-08.10.35:787][  0]LogConfig: Setting CVar [[r.ViewDistanceScale:1.0]]
[2020.02.24-08.10.35:787][  0]LogConfig: Applying CVar settings from Section [AntiAliasingQuality@3] File [C:/Users/wonji/Desktop/UnrealProjects/UnrealBook/BookPractice/Saved/Config/Windows/Scalability.ini]
[2020.02.24-08.10.35:787][  0]LogConfig: Setting CVar [[r.PostProcessAAQuality:4]]
[2020.02.24-08.10.35:787][  0]LogConfig: Applying CVar settings from Section [ShadowQuality@3] File [C:/Users/wonji/Desktop/UnrealProjects/UnrealBook/BookPractice/Saved/Config/Windows/Scalability.ini]
[2020.02.24-08.10.35:787][  0]LogConfig: Setting CVar [[r.LightFunctionQuality:1]]
[2020.02.24-08.10.35:787][  0]LogConfig: Setting CVar [[r.ShadowQuality:5]]
[2020.02.24-08.10.35:787][  0]LogConfig: Setting CVar [[r.Shadow.CSM.MaxCascades:10]]
[2020.02.24-08.10.35:787][  0]LogConfig: Setting CVar [[r.Shadow.MaxResolution:2048]]
[2020.02.24-08.10.35:787][  0]LogConfig: Setting CVar [[r.Shadow.MaxCSMResolution:2048]]
[2020.02.24-08.10.35:787][  0]LogConfig: Setting CVar [[r.Shadow.RadiusThreshold:0.01]]
[2020.02.24-08.10.35:787][  0]LogConfig: Setting CVar [[r.Shadow.DistanceScale:1.0]]
[2020.02.24-08.10.35:787][  0]LogConfig: Setting CVar [[r.Shadow.CSM.TransitionScale:1.0]]
[2020.02.24-08.10.35:787][  0]LogConfig: Setting CVar [[r.Shadow.PreShadowResolutionFactor:1.0]]
[2020.02.24-08.10.35:787][  0]LogConfig: Setting CVar [[r.DistanceFieldShadowing:1]]
[2020.02.24-08.10.35:787][  0]LogConfig: Setting CVar [[r.DistanceFieldAO:1]]
[2020.02.24-08.10.35:787][  0]LogConfig: Setting CVar [[r.AOQuality:2]]
[2020.02.24-08.10.35:787][  0]LogConfig: Setting CVar [[r.VolumetricFog:1]]
[2020.02.24-08.10.35:787][  0]LogConfig: Setting CVar [[r.VolumetricFog.GridPixelSize:8]]
[2020.02.24-08.10.35:787][  0]LogConfig: Setting CVar [[r.VolumetricFog.GridSizeZ:128]]
[2020.02.24-08.10.35:787][  0]LogConfig: Setting CVar [[r.VolumetricFog.HistoryMissSupersampleCount:4]]
[2020.02.24-08.10.35:787][  0]LogConfig: Setting CVar [[r.LightMaxDrawDistanceScale:1]]
[2020.02.24-08.10.35:787][  0]LogConfig: Setting CVar [[r.CapsuleShadows:1]]
[2020.02.24-08.10.35:787][  0]LogConfig: Applying CVar settings from Section [PostProcessQuality@3] File [C:/Users/wonji/Desktop/UnrealProjects/UnrealBook/BookPractice/Saved/Config/Windows/Scalability.ini]
[2020.02.24-08.10.35:787][  0]LogConfig: Setting CVar [[r.MotionBlurQuality:4]]
[2020.02.24-08.10.35:787][  0]LogConfig: Setting CVar [[r.AmbientOcclusionMipLevelFactor:0.4]]
[2020.02.24-08.10.35:787][  0]LogConfig: Setting CVar [[r.AmbientOcclusionMaxQuality:100]]
[2020.02.24-08.10.35:787][  0]LogConfig: Setting CVar [[r.AmbientOcclusionLevels:-1]]
[2020.02.24-08.10.35:787][  0]LogConfig: Setting CVar [[r.AmbientOcclusionRadiusScale:1.0]]
[2020.02.24-08.10.35:787][  0]LogConfig: Setting CVar [[r.DepthOfFieldQuality:2]]
[2020.02.24-08.10.35:787][  0]LogConfig: Setting CVar [[r.RenderTargetPoolMin:400]]
[2020.02.24-08.10.35:787][  0]LogConfig: Setting CVar [[r.LensFlareQuality:2]]
[2020.02.24-08.10.35:787][  0]LogConfig: Setting CVar [[r.SceneColorFringeQuality:1]]
[2020.02.24-08.10.35:787][  0]LogConfig: Setting CVar [[r.EyeAdaptationQuality:2]]
[2020.02.24-08.10.35:787][  0]LogConfig: Setting CVar [[r.BloomQuality:5]]
[2020.02.24-08.10.35:787][  0]LogConfig: Setting CVar [[r.FastBlurThreshold:100]]
[2020.02.24-08.10.35:787][  0]LogConfig: Setting CVar [[r.Upscale.Quality:3]]
[2020.02.24-08.10.35:787][  0]LogConfig: Setting CVar [[r.Tonemapper.GrainQuantization:1]]
[2020.02.24-08.10.35:787][  0]LogConfig: Setting CVar [[r.LightShaftQuality:1]]
[2020.02.24-08.10.35:787][  0]LogConfig: Setting CVar [[r.Filter.SizeScale:1]]
[2020.02.24-08.10.35:787][  0]LogConfig: Setting CVar [[r.Tonemapper.Quality:5]]
[2020.02.24-08.10.35:787][  0]LogConfig: Setting CVar [[r.DOF.Gather.AccumulatorQuality:1        ; higher gathering accumulator quality]]
[2020.02.24-08.10.35:787][  0]LogConfig: Setting CVar [[r.DOF.Gather.PostfilterMethod:1          ; Median3x3 postfilering method]]
[2020.02.24-08.10.35:787][  0]LogConfig: Setting CVar [[r.DOF.Gather.EnableBokehSettings:0       ; no bokeh simulation when gathering]]
[2020.02.24-08.10.35:787][  0]LogConfig: Setting CVar [[r.DOF.Gather.RingCount:4                 ; medium number of samples when gathering]]
[2020.02.24-08.10.35:787][  0]LogConfig: Setting CVar [[r.DOF.Scatter.ForegroundCompositing:1    ; additive foreground scattering]]
[2020.02.24-08.10.35:787][  0]LogConfig: Setting CVar [[r.DOF.Scatter.BackgroundCompositing:2    ; additive background scattering]]
[2020.02.24-08.10.35:787][  0]LogConfig: Setting CVar [[r.DOF.Scatter.EnableBokehSettings:1      ; bokeh simulation when scattering]]
[2020.02.24-08.10.35:787][  0]LogConfig: Setting CVar [[r.DOF.Scatter.MaxSpriteRatio:0.1         ; only a maximum of 10% of scattered bokeh]]
[2020.02.24-08.10.35:787][  0]LogConfig: Setting CVar [[r.DOF.Recombine.Quality:1                ; cheap slight out of focus]]
[2020.02.24-08.10.35:787][  0]LogConfig: Setting CVar [[r.DOF.Recombine.EnableBokehSettings:0    ; no bokeh simulation on slight out of focus]]
[2020.02.24-08.10.35:787][  0]LogConfig: Setting CVar [[r.DOF.TemporalAAQuality:1                ; more stable temporal accumulation]]
[2020.02.24-08.10.35:787][  0]LogConfig: Setting CVar [[r.DOF.Kernel.MaxForegroundRadius:0.025]]
[2020.02.24-08.10.35:787][  0]LogConfig: Setting CVar [[r.DOF.Kernel.MaxBackgroundRadius:0.025]]
[2020.02.24-08.10.35:787][  0]LogConfig: Applying CVar settings from Section [TextureQuality@3] File [C:/Users/wonji/Desktop/UnrealProjects/UnrealBook/BookPractice/Saved/Config/Windows/Scalability.ini]
[2020.02.24-08.10.35:787][  0]LogConfig: Setting CVar [[r.Streaming.MipBias:0]]
[2020.02.24-08.10.35:788][  0]LogConfig: Setting CVar [[r.Streaming.AmortizeCPUToGPUCopy:0]]
[2020.02.24-08.10.35:788][  0]LogConfig: Setting CVar [[r.Streaming.MaxNumTexturesToStreamPerFrame:0]]
[2020.02.24-08.10.35:788][  0]LogConfig: Setting CVar [[r.Streaming.Boost:1]]
[2020.02.24-08.10.35:788][  0]LogConfig: Setting CVar [[r.MaxAnisotropy:8]]
[2020.02.24-08.10.35:788][  0]LogConfig: Setting CVar [[r.Streaming.LimitPoolSizeToVRAM:0]]
[2020.02.24-08.10.35:788][  0]LogConfig: Setting CVar [[r.Streaming.PoolSize:1000]]
[2020.02.24-08.10.35:788][  0]LogConfig: Setting CVar [[r.Streaming.MaxEffectiveScreenSize:0]]
[2020.02.24-08.10.35:788][  0]LogConfig: Applying CVar settings from Section [EffectsQuality@3] File [C:/Users/wonji/Desktop/UnrealProjects/UnrealBook/BookPractice/Saved/Config/Windows/Scalability.ini]
[2020.02.24-08.10.35:788][  0]LogConfig: Setting CVar [[r.TranslucencyLightingVolumeDim:64]]
[2020.02.24-08.10.35:788][  0]LogConfig: Setting CVar [[r.RefractionQuality:2]]
[2020.02.24-08.10.35:788][  0]LogConfig: Setting CVar [[r.SSR.Quality:3]]
[2020.02.24-08.10.35:788][  0]LogConfig: Setting CVar [[r.SceneColorFormat:4]]
[2020.02.24-08.10.35:788][  0]LogConfig: Setting CVar [[r.DetailMode:2]]
[2020.02.24-08.10.35:788][  0]LogConfig: Setting CVar [[r.TranslucencyVolumeBlur:1]]
[2020.02.24-08.10.35:788][  0]LogConfig: Setting CVar [[r.MaterialQualityLevel:1 ; High quality]]
[2020.02.24-08.10.35:788][  0]LogConfig: Setting CVar [[r.SSS.Scale:1]]
[2020.02.24-08.10.35:788][  0]LogConfig: Setting CVar [[r.SSS.SampleSet:2]]
[2020.02.24-08.10.35:788][  0]LogConfig: Setting CVar [[r.SSS.Quality:1]]
[2020.02.24-08.10.35:788][  0]LogConfig: Setting CVar [[r.SSS.HalfRes:1]]
[2020.02.24-08.10.35:788][  0]LogConfig: Setting CVar [[r.EmitterSpawnRateScale:1.0]]
[2020.02.24-08.10.35:788][  0]LogConfig: Setting CVar [[r.ParticleLightQuality:2]]
[2020.02.24-08.10.35:788][  0]LogConfig: Applying CVar settings from Section [FoliageQuality@3] File [C:/Users/wonji/Desktop/UnrealProjects/UnrealBook/BookPractice/Saved/Config/Windows/Scalability.ini]
[2020.02.24-08.10.35:788][  0]LogConfig: Setting CVar [[foliage.DensityScale:1.0]]
[2020.02.24-08.10.35:788][  0]LogConfig: Setting CVar [[grass.DensityScale:1.0]]
[2020.02.24-08.10.35:788][  0]LogInit: Selected Device Profile: [Windows]
[2020.02.24-08.10.35:788][  0]LogInit: Applying CVar settings loaded from the selected device profile: [Windows]
[2020.02.24-08.10.35:801][  0]LogHAL: Display: Platform has ~ 16 GB [17073135616 / 17179869184 / 16], which maps to Larger [LargestMinGB=32, LargerMinGB=12, DefaultMinGB=8, SmallerMinGB=6, SmallestMinGB=0)
[2020.02.24-08.10.35:802][  0]LogConfig: Setting CVar [[r.Vulkan.UseRealUBs:0		; Required until we fix HLR fall-out]]
[2020.02.24-08.10.35:802][  0]LogInit: Going up to parent DeviceProfile []
[2020.02.24-08.10.35:802][  0]LogConfig: Applying CVar settings from Section [ViewDistanceQuality@3] File [C:/Users/wonji/Desktop/UnrealProjects/UnrealBook/BookPractice/Saved/Config/Windows/Scalability.ini]
[2020.02.24-08.10.35:802][  0]LogConfig: Setting CVar [[r.SkeletalMeshLODBias:0]]
[2020.02.24-08.10.35:802][  0]LogConfig: Setting CVar [[r.ViewDistanceScale:1.0]]
[2020.02.24-08.10.35:802][  0]LogConfig: Applying CVar settings from Section [AntiAliasingQuality@3] File [C:/Users/wonji/Desktop/UnrealProjects/UnrealBook/BookPractice/Saved/Config/Windows/Scalability.ini]
[2020.02.24-08.10.35:802][  0]LogConfig: Setting CVar [[r.PostProcessAAQuality:4]]
[2020.02.24-08.10.35:802][  0]LogConfig: Applying CVar settings from Section [ShadowQuality@3] File [C:/Users/wonji/Desktop/UnrealProjects/UnrealBook/BookPractice/Saved/Config/Windows/Scalability.ini]
[2020.02.24-08.10.35:802][  0]LogConfig: Setting CVar [[r.LightFunctionQuality:1]]
[2020.02.24-08.10.35:802][  0]LogConfig: Setting CVar [[r.ShadowQuality:5]]
[2020.02.24-08.10.35:802][  0]LogConfig: Setting CVar [[r.Shadow.CSM.MaxCascades:10]]
[2020.02.24-08.10.35:802][  0]LogConfig: Setting CVar [[r.Shadow.MaxResolution:2048]]
[2020.02.24-08.10.35:802][  0]LogConfig: Setting CVar [[r.Shadow.MaxCSMResolution:2048]]
[2020.02.24-08.10.35:802][  0]LogConfig: Setting CVar [[r.Shadow.RadiusThreshold:0.01]]
[2020.02.24-08.10.35:802][  0]LogConfig: Setting CVar [[r.Shadow.DistanceScale:1.0]]
[2020.02.24-08.10.35:802][  0]LogConfig: Setting CVar [[r.Shadow.CSM.TransitionScale:1.0]]
[2020.02.24-08.10.35:802][  0]LogConfig: Setting CVar [[r.Shadow.PreShadowResolutionFactor:1.0]]
[2020.02.24-08.10.35:802][  0]LogConfig: Setting CVar [[r.DistanceFieldShadowing:1]]
[2020.02.24-08.10.35:802][  0]LogConfig: Setting CVar [[r.DistanceFieldAO:1]]
[2020.02.24-08.10.35:802][  0]LogConfig: Setting CVar [[r.AOQuality:2]]
[2020.02.24-08.10.35:802][  0]LogConfig: Setting CVar [[r.VolumetricFog:1]]
[2020.02.24-08.10.35:802][  0]LogConfig: Setting CVar [[r.VolumetricFog.GridPixelSize:8]]
[2020.02.24-08.10.35:802][  0]LogConfig: Setting CVar [[r.VolumetricFog.GridSizeZ:128]]
[2020.02.24-08.10.35:802][  0]LogConfig: Setting CVar [[r.VolumetricFog.HistoryMissSupersampleCount:4]]
[2020.02.24-08.10.35:802][  0]LogConfig: Setting CVar [[r.LightMaxDrawDistanceScale:1]]
[2020.02.24-08.10.35:802][  0]LogConfig: Setting CVar [[r.CapsuleShadows:1]]
[2020.02.24-08.10.35:802][  0]LogConfig: Applying CVar settings from Section [PostProcessQuality@3] File [C:/Users/wonji/Desktop/UnrealProjects/UnrealBook/BookPractice/Saved/Config/Windows/Scalability.ini]
[2020.02.24-08.10.35:802][  0]LogConfig: Setting CVar [[r.MotionBlurQuality:4]]
[2020.02.24-08.10.35:802][  0]LogConfig: Setting CVar [[r.AmbientOcclusionMipLevelFactor:0.4]]
[2020.02.24-08.10.35:802][  0]LogConfig: Setting CVar [[r.AmbientOcclusionMaxQuality:100]]
[2020.02.24-08.10.35:802][  0]LogConfig: Setting CVar [[r.AmbientOcclusionLevels:-1]]
[2020.02.24-08.10.35:802][  0]LogConfig: Setting CVar [[r.AmbientOcclusionRadiusScale:1.0]]
[2020.02.24-08.10.35:802][  0]LogConfig: Setting CVar [[r.DepthOfFieldQuality:2]]
[2020.02.24-08.10.35:802][  0]LogConfig: Setting CVar [[r.RenderTargetPoolMin:400]]
[2020.02.24-08.10.35:802][  0]LogConfig: Setting CVar [[r.LensFlareQuality:2]]
[2020.02.24-08.10.35:802][  0]LogConfig: Setting CVar [[r.SceneColorFringeQuality:1]]
[2020.02.24-08.10.35:802][  0]LogConfig: Setting CVar [[r.EyeAdaptationQuality:2]]
[2020.02.24-08.10.35:802][  0]LogConfig: Setting CVar [[r.BloomQuality:5]]
[2020.02.24-08.10.35:802][  0]LogConfig: Setting CVar [[r.FastBlurThreshold:100]]
[2020.02.24-08.10.35:802][  0]LogConfig: Setting CVar [[r.Upscale.Quality:3]]
[2020.02.24-08.10.35:802][  0]LogConfig: Setting CVar [[r.Tonemapper.GrainQuantization:1]]
[2020.02.24-08.10.35:802][  0]LogConfig: Setting CVar [[r.LightShaftQuality:1]]
[2020.02.24-08.10.35:802][  0]LogConfig: Setting CVar [[r.Filter.SizeScale:1]]
[2020.02.24-08.10.35:802][  0]LogConfig: Setting CVar [[r.Tonemapper.Quality:5]]
[2020.02.24-08.10.35:802][  0]LogConfig: Setting CVar [[r.DOF.Gather.AccumulatorQuality:1        ; higher gathering accumulator quality]]
[2020.02.24-08.10.35:802][  0]LogConfig: Setting CVar [[r.DOF.Gather.PostfilterMethod:1          ; Median3x3 postfilering method]]
[2020.02.24-08.10.35:802][  0]LogConfig: Setting CVar [[r.DOF.Gather.EnableBokehSettings:0       ; no bokeh simulation when gathering]]
[2020.02.24-08.10.35:802][  0]LogConfig: Setting CVar [[r.DOF.Gather.RingCount:4                 ; medium number of samples when gathering]]
[2020.02.24-08.10.35:802][  0]LogConfig: Setting CVar [[r.DOF.Scatter.ForegroundCompositing:1    ; additive foreground scattering]]
[2020.02.24-08.10.35:802][  0]LogConfig: Setting CVar [[r.DOF.Scatter.BackgroundCompositing:2    ; additive background scattering]]
[2020.02.24-08.10.35:802][  0]LogConfig: Setting CVar [[r.DOF.Scatter.EnableBokehSettings:1      ; bokeh simulation when scattering]]
[2020.02.24-08.10.35:802][  0]LogConfig: Setting CVar [[r.DOF.Scatter.MaxSpriteRatio:0.1         ; only a maximum of 10% of scattered bokeh]]
[2020.02.24-08.10.35:802][  0]LogConfig: Setting CVar [[r.DOF.Recombine.Quality:1                ; cheap slight out of focus]]
[2020.02.24-08.10.35:802][  0]LogConfig: Setting CVar [[r.DOF.Recombine.EnableBokehSettings:0    ; no bokeh simulation on slight out of focus]]
[2020.02.24-08.10.35:802][  0]LogConfig: Setting CVar [[r.DOF.TemporalAAQuality:1                ; more stable temporal accumulation]]
[2020.02.24-08.10.35:802][  0]LogConfig: Setting CVar [[r.DOF.Kernel.MaxForegroundRadius:0.025]]
[2020.02.24-08.10.35:802][  0]LogConfig: Setting CVar [[r.DOF.Kernel.MaxBackgroundRadius:0.025]]
[2020.02.24-08.10.35:802][  0]LogConfig: Applying CVar settings from Section [TextureQuality@3] File [C:/Users/wonji/Desktop/UnrealProjects/UnrealBook/BookPractice/Saved/Config/Windows/Scalability.ini]
[2020.02.24-08.10.35:802][  0]LogConfig: Setting CVar [[r.Streaming.MipBias:0]]
[2020.02.24-08.10.35:802][  0]LogConfig: Setting CVar [[r.Streaming.AmortizeCPUToGPUCopy:0]]
[2020.02.24-08.10.35:802][  0]LogConfig: Setting CVar [[r.Streaming.MaxNumTexturesToStreamPerFrame:0]]
[2020.02.24-08.10.35:802][  0]LogConfig: Setting CVar [[r.Streaming.Boost:1]]
[2020.02.24-08.10.35:802][  0]LogConfig: Setting CVar [[r.MaxAnisotropy:8]]
[2020.02.24-08.10.35:802][  0]LogConfig: Setting CVar [[r.Streaming.LimitPoolSizeToVRAM:0]]
[2020.02.24-08.10.35:802][  0]LogConfig: Setting CVar [[r.Streaming.PoolSize:1000]]
[2020.02.24-08.10.35:802][  0]LogConfig: Setting CVar [[r.Streaming.MaxEffectiveScreenSize:0]]
[2020.02.24-08.10.35:802][  0]LogConfig: Applying CVar settings from Section [EffectsQuality@3] File [C:/Users/wonji/Desktop/UnrealProjects/UnrealBook/BookPractice/Saved/Config/Windows/Scalability.ini]
[2020.02.24-08.10.35:802][  0]LogConfig: Setting CVar [[r.TranslucencyLightingVolumeDim:64]]
[2020.02.24-08.10.35:802][  0]LogConfig: Setting CVar [[r.RefractionQuality:2]]
[2020.02.24-08.10.35:802][  0]LogConfig: Setting CVar [[r.SSR.Quality:3]]
[2020.02.24-08.10.35:802][  0]LogConfig: Setting CVar [[r.SceneColorFormat:4]]
[2020.02.24-08.10.35:802][  0]LogConfig: Setting CVar [[r.DetailMode:2]]
[2020.02.24-08.10.35:802][  0]LogConfig: Setting CVar [[r.TranslucencyVolumeBlur:1]]
[2020.02.24-08.10.35:802][  0]LogConfig: Setting CVar [[r.MaterialQualityLevel:1 ; High quality]]
[2020.02.24-08.10.35:802][  0]LogConfig: Setting CVar [[r.SSS.Scale:1]]
[2020.02.24-08.10.35:803][  0]LogConfig: Setting CVar [[r.SSS.SampleSet:2]]
[2020.02.24-08.10.35:803][  0]LogConfig: Setting CVar [[r.SSS.Quality:1]]
[2020.02.24-08.10.35:803][  0]LogConfig: Setting CVar [[r.SSS.HalfRes:1]]
[2020.02.24-08.10.35:803][  0]LogConfig: Setting CVar [[r.EmitterSpawnRateScale:1.0]]
[2020.02.24-08.10.35:803][  0]LogConfig: Setting CVar [[r.ParticleLightQuality:2]]
[2020.02.24-08.10.35:803][  0]LogConfig: Applying CVar settings from Section [FoliageQuality@3] File [C:/Users/wonji/Desktop/UnrealProjects/UnrealBook/BookPractice/Saved/Config/Windows/Scalability.ini]
[2020.02.24-08.10.35:803][  0]LogConfig: Setting CVar [[foliage.DensityScale:1.0]]
[2020.02.24-08.10.35:803][  0]LogConfig: Setting CVar [[grass.DensityScale:1.0]]
[2020.02.24-08.10.35:803][  0]LogConfig: Applying CVar settings from Section [Startup] File [../../../Engine/Config/ConsoleVariables.ini]
[2020.02.24-08.10.35:803][  0]LogConfig: Setting CVar [[net.UseAdaptiveNetUpdateFrequency:0]]
[2020.02.24-08.10.35:803][  0]LogConfig: Setting CVar [[p.chaos.AllowCreatePhysxBodies:1]]
[2020.02.24-08.10.35:803][  0]LogConfig: Applying CVar settings from Section [ConsoleVariables] File [C:/Users/wonji/Desktop/UnrealProjects/UnrealBook/BookPractice/Saved/Config/Windows/Engine.ini]
[2020.02.24-08.10.35:803][  0]LogInit: Computer: LAPTOP-1UG54T2R
[2020.02.24-08.10.35:803][  0]LogInit: User: wonji
[2020.02.24-08.10.35:803][  0]LogInit: CPU Page size=4096, Cores=6
[2020.02.24-08.10.35:803][  0]LogInit: High frequency timer resolution =10.000000 MHz
[2020.02.24-08.10.35:803][  0]LogMemory: Memory total: Physical=15.9GB (16GB approx)
[2020.02.24-08.10.35:803][  0]LogMemory: Platform Memory Stats for Windows
[2020.02.24-08.10.35:803][  0]LogMemory: Process Physical Memory: 97.91 MB used, 97.92 MB peak
[2020.02.24-08.10.35:803][  0]LogMemory: Process Virtual Memory: 93.65 MB used, 93.65 MB peak
[2020.02.24-08.10.35:803][  0]LogMemory: Physical Memory: 6842.39 MB used,  9439.82 MB free, 16282.21 MB total
[2020.02.24-08.10.35:803][  0]LogMemory: Virtual Memory: 4664.21 MB used,  134213064.00 MB free, 134217728.00 MB total
[2020.02.24-08.10.35:823][  0]LogInit: Using OS detected language (ko-KR).
[2020.02.24-08.10.35:823][  0]LogInit: Using OS detected locale (ko-KR).
[2020.02.24-08.10.35:823][  0]LogTextLocalizationManager: No specific localization for 'ko-KR' exists, so the 'ko' localization will be used.
[2020.02.24-08.10.35:889][  0]LogInit: Setting process to per monitor DPI aware
[2020.02.24-08.10.35:941][  0]LogSlate: New Slate User Created.  User Index 0, Is Virtual User: 0
[2020.02.24-08.10.35:941][  0]LogSlate: Slate User Registered.  User Index 0, Is Virtual User: 0
[2020.02.24-08.10.36:126][  0]LogHMD: Failed to initialize OpenVR with code 110
[2020.02.24-08.10.36:126][  0]LogD3D11RHI: D3D11 adapters:
[2020.02.24-08.10.36:191][  0]LogD3D11RHI:    0. 'NVIDIA GeForce RTX 2080 with Max-Q Design' (Feature Level 11_0)
[2020.02.24-08.10.36:192][  0]LogD3D11RHI:       8010/0/8141 MB DedicatedVideo/DedicatedSystem/SharedSystem, Outputs:2, VendorId:0x10de
[2020.02.24-08.10.36:212][  0]LogD3D11RHI:    1. 'Intel(R) UHD Graphics 630' (Feature Level 11_0)
[2020.02.24-08.10.36:212][  0]LogD3D11RHI:       128/0/8141 MB DedicatedVideo/DedicatedSystem/SharedSystem, Outputs:0, VendorId:0x8086
[2020.02.24-08.10.36:213][  0]LogD3D11RHI:    2. 'Microsoft Basic Render Driver' (Feature Level 11_0)
[2020.02.24-08.10.36:213][  0]LogD3D11RHI:       0/0/8141 MB DedicatedVideo/DedicatedSystem/SharedSystem, Outputs:0, VendorId:0x1414
[2020.02.24-08.10.36:213][  0]LogD3D11RHI: Chosen D3D11 Adapter: 0
[2020.02.24-08.10.36:244][  0]LogD3D11RHI: Creating new Direct3DDevice
[2020.02.24-08.10.36:244][  0]LogD3D11RHI:     GPU DeviceId: 0x1e90 (for the marketing name, search the web for "GPU Device Id")
[2020.02.24-08.10.36:244][  0]LogWindows: EnumDisplayDevices:
[2020.02.24-08.10.36:244][  0]LogWindows:    0. 'Intel(R) UHD Graphics 630' (P:1 D:1)
[2020.02.24-08.10.36:245][  0]LogWindows:    1. 'Intel(R) UHD Graphics 630' (P:0 D:0)
[2020.02.24-08.10.36:245][  0]LogWindows:    2. 'Intel(R) UHD Graphics 630' (P:0 D:0)
[2020.02.24-08.10.36:245][  0]LogWindows:    3. 'NVIDIA GeForce RTX 2080 with Max-Q Design' (P:0 D:1)
[2020.02.24-08.10.36:245][  0]LogWindows:    4. 'NVIDIA GeForce RTX 2080 with Max-Q Design' (P:0 D:0)
[2020.02.24-08.10.36:246][  0]LogWindows:    5. 'NVIDIA GeForce RTX 2080 with Max-Q Design' (P:0 D:0)
[2020.02.24-08.10.36:246][  0]LogWindows:    6. 'NVIDIA GeForce RTX 2080 with Max-Q Design' (P:0 D:0)
[2020.02.24-08.10.36:246][  0]LogWindows: DebugString: PrimaryIsNotTheChoosenAdapter PrimaryIsNotTheChoosenAdapter PrimaryIsNotTheChoosenAdapter FoundDriverCount:4 
[2020.02.24-08.10.36:246][  0]LogD3D11RHI:     Adapter Name: NVIDIA GeForce RTX 2080 with Max-Q Design
[2020.02.24-08.10.36:246][  0]LogD3D11RHI:   Driver Version: 425.45 (internal:25.21.14.2545, unified:425.45)
[2020.02.24-08.10.36:246][  0]LogD3D11RHI:      Driver Date: 4-23-2019
[2020.02.24-08.10.36:246][  0]LogRHI: Texture pool is 5607 MB (70% of 8010 MB)
[2020.02.24-08.10.36:290][  0]LogD3D11RHI: Async texture creation enabled
[2020.02.24-08.10.36:292][  0]LogRendererCore: FGlobalReadBuffer::InitRHI
[2020.02.24-08.10.36:292][  0]LogRendererCore: FGlobalReadBuffer::InitRHI
[2020.02.24-08.10.36:292][  0]LogRendererCore: FGlobalReadBuffer::InitRHI
[2020.02.24-08.10.36:299][  0]LogD3D11RHI: GPU Timing Frequency: 1000.000000 (Debug: 2 1)
[2020.02.24-08.10.36:640][  0]LogTemp: Display: Module 'AllDesktopTargetPlatform' loaded TargetPlatform 'AllDesktop'
[2020.02.24-08.10.36:652][  0]LogTemp: Display: Module 'MacClientTargetPlatform' loaded TargetPlatform 'MacClient'
[2020.02.24-08.10.36:665][  0]LogTemp: Display: Module 'MacNoEditorTargetPlatform' loaded TargetPlatform 'MacNoEditor'
[2020.02.24-08.10.36:679][  0]LogTemp: Display: Module 'MacServerTargetPlatform' loaded TargetPlatform 'MacServer'
[2020.02.24-08.10.36:692][  0]LogTemp: Display: Module 'MacTargetPlatform' loaded TargetPlatform 'Mac'
[2020.02.24-08.10.36:710][  0]LogTemp: Display: Module 'WindowsClientTargetPlatform' loaded TargetPlatform 'WindowsClient'
[2020.02.24-08.10.36:723][  0]LogTemp: Display: Module 'WindowsNoEditorTargetPlatform' loaded TargetPlatform 'WindowsNoEditor'
[2020.02.24-08.10.36:737][  0]LogTemp: Display: Module 'WindowsServerTargetPlatform' loaded TargetPlatform 'WindowsServer'
[2020.02.24-08.10.36:744][  0]LogTemp: Display: Module 'WindowsTargetPlatform' loaded TargetPlatform 'Windows'
[2020.02.24-08.10.36:813][  0]LogTemp: Display: Module 'AndroidTargetPlatform' loaded TargetPlatform 'Android'
[2020.02.24-08.10.36:813][  0]LogTemp: Display: Module 'AndroidTargetPlatform' loaded TargetPlatform 'Android_ASTC'
[2020.02.24-08.10.36:813][  0]LogTemp: Display: Module 'AndroidTargetPlatform' loaded TargetPlatform 'Android_ATC'
[2020.02.24-08.10.36:813][  0]LogTemp: Display: Module 'AndroidTargetPlatform' loaded TargetPlatform 'Android_DXT'
[2020.02.24-08.10.36:813][  0]LogTemp: Display: Module 'AndroidTargetPlatform' loaded TargetPlatform 'Android_ETC1'
[2020.02.24-08.10.36:813][  0]LogTemp: Display: Module 'AndroidTargetPlatform' loaded TargetPlatform 'Android_ETC1a'
[2020.02.24-08.10.36:813][  0]LogTemp: Display: Module 'AndroidTargetPlatform' loaded TargetPlatform 'Android_ETC2'
[2020.02.24-08.10.36:813][  0]LogTemp: Display: Module 'AndroidTargetPlatform' loaded TargetPlatform 'Android_PVRTC'
[2020.02.24-08.10.36:813][  0]LogTemp: Display: Module 'AndroidTargetPlatform' loaded TargetPlatform 'AndroidClient'
[2020.02.24-08.10.36:813][  0]LogTemp: Display: Module 'AndroidTargetPlatform' loaded TargetPlatform 'Android_ASTCClient'
[2020.02.24-08.10.36:813][  0]LogTemp: Display: Module 'AndroidTargetPlatform' loaded TargetPlatform 'Android_ATCClient'
[2020.02.24-08.10.36:813][  0]LogTemp: Display: Module 'AndroidTargetPlatform' loaded TargetPlatform 'Android_DXTClient'
[2020.02.24-08.10.36:813][  0]LogTemp: Display: Module 'AndroidTargetPlatform' loaded TargetPlatform 'Android_ETC1Client'
[2020.02.24-08.10.36:813][  0]LogTemp: Display: Module 'AndroidTargetPlatform' loaded TargetPlatform 'Android_ETC1aClient'
[2020.02.24-08.10.36:813][  0]LogTemp: Display: Module 'AndroidTargetPlatform' loaded TargetPlatform 'Android_ETC2Client'
[2020.02.24-08.10.36:813][  0]LogTemp: Display: Module 'AndroidTargetPlatform' loaded TargetPlatform 'Android_PVRTCClient'
[2020.02.24-08.10.36:813][  0]LogTemp: Display: Module 'AndroidTargetPlatform' loaded TargetPlatform 'Android_Multi'
[2020.02.24-08.10.36:813][  0]LogTemp: Display: Module 'AndroidTargetPlatform' loaded TargetPlatform 'Android_MultiClient'
[2020.02.24-08.10.36:815][  0]LogTemp: Display: Module 'HTML5TargetPlatform' loaded TargetPlatform 'HTML5'
[2020.02.24-08.10.36:862][  0]LogTemp: Display: Module 'IOSTargetPlatform' loaded TargetPlatform 'IOSClient'
[2020.02.24-08.10.36:862][  0]LogTemp: Display: Module 'IOSTargetPlatform' loaded TargetPlatform 'IOS'
[2020.02.24-08.10.36:901][  0]LogTemp: Display: Module 'TVOSTargetPlatform' loaded TargetPlatform 'TVOSClient'
[2020.02.24-08.10.36:901][  0]LogTemp: Display: Module 'TVOSTargetPlatform' loaded TargetPlatform 'TVOS'
[2020.02.24-08.10.36:913][  0]LogTemp: Display: Module 'LinuxClientTargetPlatform' loaded TargetPlatform 'LinuxClient'
[2020.02.24-08.10.36:923][  0]LogTemp: Display: Module 'LinuxNoEditorTargetPlatform' loaded TargetPlatform 'LinuxNoEditor'
[2020.02.24-08.10.36:933][  0]LogTemp: Display: Module 'LinuxServerTargetPlatform' loaded TargetPlatform 'LinuxServer'
[2020.02.24-08.10.36:945][  0]LogTemp: Display: Module 'LinuxTargetPlatform' loaded TargetPlatform 'Linux'
[2020.02.24-08.10.36:983][  0]LogTemp: Display: Module 'LuminTargetPlatform' loaded TargetPlatform 'Lumin'
[2020.02.24-08.10.36:983][  0]LogTemp: Display: Module 'LuminTargetPlatform' loaded TargetPlatform 'LuminClient'
[2020.02.24-08.10.36:983][  0]LogTargetPlatformManager: Display: Building Assets For Windows
[2020.02.24-08.10.36:992][  0]LogAudioDebug: Display: Lib vorbis DLL was dynamically loaded.
[2020.02.24-08.10.37:041][  0]LogShaderCompilers: Guid format shader working directory is -30 characters bigger than the processId version (../../../../../../Users/wonji/Desktop/UnrealProjects/UnrealBook/BookPractice/Intermediate/Shaders/WorkingDirectory/9292/).
[2020.02.24-08.10.37:041][  0]LogShaderCompilers: Cleaned the shader compiler working directory 'C:/Users/wonji/AppData/Local/Temp/UnrealShaderWorkingDir/77A4D3444D9EB06227CCC8BC99966781/'.
[2020.02.24-08.10.37:043][  0]LogXGEController: Cleaning working directory: C:/Users/wonji/AppData/Local/Temp/UnrealXGEWorkingDir/
[2020.02.24-08.10.37:044][  0]LogXGEController: Cannot use XGE Controller as Incredibuild is not installed on this machine.
[2020.02.24-08.10.37:044][  0]LogShaderCompilers: Cannot use XGE Shader Compiler as Incredibuild is not installed on this machine.
[2020.02.24-08.10.37:044][  0]LogShaderCompilers: Display: Using Local Shader Compiler.
[2020.02.24-08.10.37:501][  0]LogDerivedDataCache: Display: Max Cache Size: 512 MB
[2020.02.24-08.10.37:545][  0]LogDerivedDataCache: Loaded boot cache 0.04s 77MB C:/Users/wonji/AppData/Local/UnrealEngine/4.22/DerivedDataCache/Boot.ddc.
[2020.02.24-08.10.37:545][  0]LogDerivedDataCache: Display: Loaded Boot cache: C:/Users/wonji/AppData/Local/UnrealEngine/4.22/DerivedDataCache/Boot.ddc
[2020.02.24-08.10.37:546][  0]LogDerivedDataCache: FDerivedDataBackendGraph:  Pak pak cache file ../../../../../../Users/wonji/Desktop/UnrealProjects/UnrealBook/BookPractice/DerivedDataCache/DDC.ddp not found, will not use a pak cache.
[2020.02.24-08.10.37:546][  0]LogDerivedDataCache: Unable to find inner node Pak for hierarchical cache Hierarchy.
[2020.02.24-08.10.37:546][  0]LogDerivedDataCache: FDerivedDataBackendGraph:  CompressedPak pak cache file ../../../../../../Users/wonji/Desktop/UnrealProjects/UnrealBook/BookPractice/DerivedDataCache/Compressed.ddp not found, will not use a pak cache.
[2020.02.24-08.10.37:546][  0]LogDerivedDataCache: Unable to find inner node CompressedPak for hierarchical cache Hierarchy.
[2020.02.24-08.10.37:556][  0]LogDerivedDataCache: Display: Pak cache opened for reading ../../../Engine/DerivedDataCache/Compressed.ddp.
[2020.02.24-08.10.37:557][  0]LogDerivedDataCache: FDerivedDataBackendGraph:  EnterprisePak pak cache file ../../../Enterprise/DerivedDataCache/Compressed.ddp not found, will not use a pak cache.
[2020.02.24-08.10.37:557][  0]LogDerivedDataCache: Unable to find inner node EnterprisePak for hierarchical cache Hierarchy.
[2020.02.24-08.10.37:568][  0]LogDerivedDataCache: Using Local data cache path C:/Users/wonji/AppData/Local/UnrealEngine/Common/DerivedDataCache: Writable
[2020.02.24-08.10.37:568][  0]LogDerivedDataCache: Shared data cache path not found in *engine.ini, will not use an Shared cache.
[2020.02.24-08.10.37:568][  0]LogDerivedDataCache: Unable to find inner node Shared for hierarchical cache Hierarchy.
[2020.02.24-08.10.37:588][  0]LogMaterial: Verifying Global Shaders for PCD3D_SM5
[2020.02.24-08.10.37:589][  0]LogSlate: Using FreeType 2.6.0
[2020.02.24-08.10.37:589][  0]LogSlate: SlateFontServices - WITH_FREETYPE: 1, WITH_HARFBUZZ: 1
[2020.02.24-08.10.37:661][  0]LogAssetRegistry: FAssetRegistry took 0.0322 seconds to start up
[2020.02.24-08.10.37:958][  0]LogFileManager: Warning: DeleteFile was unable to delete '../../../../../../Users/wonji/Desktop/UnrealProjects/UnrealBook/BookPractice/Intermediate/CachedAssetRegistry.bin', retrying in .5s...
[2020.02.24-08.10.37:958][  0]LogInit: Selected Device Profile: [Windows]
[2020.02.24-08.10.38:074][  0]LogMeshReduction: Using QuadricMeshReduction for automatic static mesh reduction
[2020.02.24-08.10.38:074][  0]LogMeshReduction: Using SimplygonMeshReduction for automatic skeletal mesh reduction
[2020.02.24-08.10.38:074][  0]LogMeshReduction: Using ProxyLODMeshReduction for automatic mesh merging
[2020.02.24-08.10.38:074][  0]LogMeshReduction: No distributed automatic mesh merging module available
[2020.02.24-08.10.38:074][  0]LogMeshMerging: No distributed automatic mesh merging module available
[2020.02.24-08.10.38:083][  0]LogNetVersion: BookPractice 1.0.0, NetCL: 5660361, EngineNetVer: 10, GameNetVer: 0 (Checksum: 3270002839)
[2020.02.24-08.10.38:407][  0]LogFileManager: Warning: DeleteFile recovered during retry!
[2020.02.24-08.10.38:408][  0]LogPackageLocalizationCache: Processed 10 localized package path(s) for 1 prioritized culture(s) in 0.041531 seconds
[2020.02.24-08.10.38:413][  0]LogUObjectArray: 42205 objects as part of root set at end of initial load.
[2020.02.24-08.10.38:413][  0]LogUObjectAllocator: 7325032 out of 0 bytes used by permanent object pool.
[2020.02.24-08.10.38:413][  0]LogUObjectArray: CloseDisregardForGC: 0/0 objects in disregard for GC pool
[2020.02.24-08.10.39:107][  0]LogTcpMessaging: Initializing TcpMessaging bridge
[2020.02.24-08.10.39:121][  0]LogUdpMessaging: Initializing bridge on interface 0.0.0.0:0 to multicast group 230.0.0.1:6666.
[2020.02.24-08.10.39:465][  0]SourceControl: 소스 컨트롤이 꺼져 있습니다.
[2020.02.24-08.10.39:465][  0]SourceControl: 소스 컨트롤이 꺼져 있습니다.
[2020.02.24-08.10.39:467][  0]SourceControl: 소스 컨트롤이 꺼져 있습니다.
[2020.02.24-08.10.39:468][  0]SourceControl: 소스 컨트롤이 꺼져 있습니다.
[2020.02.24-08.10.39:533][  0]LogAndroidPermission: UAndroidPermissionCallbackProxy::GetInstance
[2020.02.24-08.10.39:593][  0]LogOcInput: OculusInput pre-init called
[2020.02.24-08.10.40:171][  0]LogEngine: Initializing Engine...
[2020.02.24-08.10.40:172][  0]LogHMD: Failed to initialize OpenVR with code 110
[2020.02.24-08.10.40:173][  0]LogStats: UGameplayTagsManager::InitializeManager -  0.000 s
[2020.02.24-08.10.40:350][  0]LogInit: Initializing FReadOnlyCVARCache
[2020.02.24-08.10.40:365][  0]LogAIModule: Creating AISystem for world Untitled
[2020.02.24-08.10.40:423][  0]LogInit: XAudio2 using 'Speakers(Realtek(R) Audio)' : 2 channels at 48 kHz using 32 bits per sample (channel mask 0x3)
[2020.02.24-08.10.40:549][  0]LogInit: FAudioDevice initialized.
[2020.02.24-08.10.40:549][  0]LogNetVersion: Set ProjectVersion to 1.0.0.0. Version Checksum will be recalculated on next use.
[2020.02.24-08.10.40:596][  0]LogDerivedDataCache: Saved boot cache 0.05s 77MB C:/Users/wonji/AppData/Local/UnrealEngine/4.22/DerivedDataCache/Boot.ddc.
[2020.02.24-08.10.40:605][  0]LogInit: Texture streaming: Enabled
[2020.02.24-08.10.40:623][  0]LogEngineSessionManager: EngineSessionManager initialized
[2020.02.24-08.10.40:623][  0]LogEngineSessionManager: EngineSessionManager sent abnormal shutdown report. Type=Crashed, SessionId={A9BB32DE-4DAF-D545-282F-FD9CC33A1A53}
[2020.02.24-08.10.40:643][  0]LogInit: Transaction tracking system initialized
[2020.02.24-08.10.40:672][  0]BlueprintLog: New page: 에디터 로드
[2020.02.24-08.10.40:754][  0]LocalizationService: 현지화 서비스가 비활성화되었습니다.
[2020.02.24-08.10.41:009][  0]LogCook: Display: Max memory allowance for cook 16384mb min free memory 0mb
[2020.02.24-08.10.41:009][  0]LogCook: Display: Mobile HDR setting 1
[2020.02.24-08.10.41:155][  0]LogFileCache: Scanning file cache for directory 'C:/Users/wonji/Desktop/UnrealProjects/UnrealBook/BookPractice/Content/' took 0.03s
[2020.02.24-08.10.41:155][  0]SourceControl: 소스 컨트롤이 꺼져 있습니다.
[2020.02.24-08.10.41:155][  0]Cmd: MAP LOAD FILE="../../../../../../Users/wonji/Desktop/UnrealProjects/UnrealBook/BookPractice/Content/ThirdPersonCPP/Maps/step3.umap" TEMPLATE=0 SHOWPROGRESS=1 FEATURELEVEL=3
[2020.02.24-08.10.41:155][  0]LightingResults: New page: 라이팅 빌드
[2020.02.24-08.10.41:158][  0]MapCheck: New page: 맵 체크
[2020.02.24-08.10.41:158][  0]LightingResults: New page: 라이팅 빌드
[2020.02.24-08.10.41:188][  0]LogUObjectHash: Compacting FUObjectHashTables data took   1.70ms
[2020.02.24-08.10.41:293][  0]LogAIModule: Creating AISystem for world step3
[2020.02.24-08.10.41:298][  0]LogEditorServer: Finished looking for orphan Actors (0.000 secs)
[2020.02.24-08.10.41:328][  0]LogUObjectHash: Compacting FUObjectHashTables data took   1.90ms
[2020.02.24-08.10.41:328][  0]Cmd: MAP CHECKDEP NOCLEARLOG
[2020.02.24-08.10.41:328][  0]MapCheck: 맵 체크 완료: 오류 0 회, 경고 0 회, 소요 시간 0.121ms.
[2020.02.24-08.10.41:328][  0]LogFileHelpers: Loading map 'step3' took 0.174
[2020.02.24-08.10.41:444][  0]LogSlate: Updating window title bar state: overlay mode, drag disabled, window buttons hidden, title bar hidden
[2020.02.24-08.10.41:450][  0]LogSlate: Updating window title bar state: overlay mode, drag disabled, window buttons hidden, title bar hidden
[2020.02.24-08.10.41:457][  0]LogSlate: Updating window title bar state: overlay mode, drag disabled, window buttons hidden, title bar hidden
[2020.02.24-08.10.41:463][  0]LogSlate: Updating window title bar state: overlay mode, drag disabled, window buttons hidden, title bar hidden
[2020.02.24-08.10.41:471][  0]LogCollectionManager: Loaded 0 collections in 0.002112 seconds
[2020.02.24-08.10.41:488][  0]LogFileCache: Scanning file cache for directory 'C:/Users/wonji/Desktop/UnrealProjects/UnrealBook/BookPractice/Saved/Collections/' took 0.01s
[2020.02.24-08.10.41:488][  0]LogFileCache: Scanning file cache for directory 'C:/Users/wonji/Desktop/UnrealProjects/UnrealBook/BookPractice/Content/Developers/wonji/Collections/' took 0.00s
[2020.02.24-08.10.41:488][  0]LogFileCache: Scanning file cache for directory 'C:/Users/wonji/Desktop/UnrealProjects/UnrealBook/BookPractice/Content/Collections/' took 0.00s
[2020.02.24-08.10.41:488][  0]LogCollectionManager: Rebuilt the GUID cache for 0 collections in 0.000000 seconds
[2020.02.24-08.10.41:496][  0]LogContentBrowser: Native class hierarchy populated in 0.0074 seconds. Added 2752 classes and 664 folders.
[2020.02.24-08.10.41:502][  0]LogContentBrowser: Native class hierarchy updated for 'WidgetCarousel' in 0.0003 seconds. Added 0 classes and 0 folders.
[2020.02.24-08.10.41:503][  0]LogPakFile: Registered encryption key '00000000000000000000000000000000': 0 pak files mounted, 0 remain pending
[2020.02.24-08.10.41:504][  0]LogPakFile: Registered encryption key '00000000000000000000000000000000': 0 pak files mounted, 0 remain pending
[2020.02.24-08.10.41:504][  0]LogPakFile: Registered encryption key '00000000000000000000000000000000': 0 pak files mounted, 0 remain pending
[2020.02.24-08.10.41:505][  0]LogPakFile: Registered encryption key '00000000000000000000000000000000': 0 pak files mounted, 0 remain pending
[2020.02.24-08.10.41:505][  0]LogPakFile: Registered encryption key '00000000000000000000000000000000': 0 pak files mounted, 0 remain pending
[2020.02.24-08.10.41:505][  0]LogPakFile: Registered encryption key '00000000000000000000000000000000': 0 pak files mounted, 0 remain pending
[2020.02.24-08.10.41:506][  0]LogPakFile: Registered encryption key '00000000000000000000000000000000': 0 pak files mounted, 0 remain pending
[2020.02.24-08.10.41:506][  0]LogPakFile: Registered encryption key '00000000000000000000000000000000': 0 pak files mounted, 0 remain pending
[2020.02.24-08.10.41:506][  0]LogPakFile: Registered encryption key '00000000000000000000000000000000': 0 pak files mounted, 0 remain pending
[2020.02.24-08.10.41:507][  0]LogPakFile: Registered encryption key '00000000000000000000000000000000': 0 pak files mounted, 0 remain pending
[2020.02.24-08.10.41:507][  0]LogPakFile: Registered encryption key '00000000000000000000000000000000': 0 pak files mounted, 0 remain pending
[2020.02.24-08.10.41:507][  0]LogPakFile: Registered encryption key '00000000000000000000000000000000': 0 pak files mounted, 0 remain pending
[2020.02.24-08.10.41:508][  0]LogPakFile: Registered encryption key '00000000000000000000000000000000': 0 pak files mounted, 0 remain pending
[2020.02.24-08.10.41:508][  0]LogPakFile: Registered encryption key '00000000000000000000000000000000': 0 pak files mounted, 0 remain pending
[2020.02.24-08.10.41:508][  0]LogPakFile: Registered encryption key '00000000000000000000000000000000': 0 pak files mounted, 0 remain pending
[2020.02.24-08.10.41:509][  0]LogPakFile: Registered encryption key '00000000000000000000000000000000': 0 pak files mounted, 0 remain pending
[2020.02.24-08.10.41:509][  0]LogPakFile: Registered encryption key '00000000000000000000000000000000': 0 pak files mounted, 0 remain pending
[2020.02.24-08.10.41:509][  0]LogPakFile: Registered encryption key '00000000000000000000000000000000': 0 pak files mounted, 0 remain pending
[2020.02.24-08.10.41:510][  0]LogPakFile: Registered encryption key '00000000000000000000000000000000': 0 pak files mounted, 0 remain pending
[2020.02.24-08.10.41:510][  0]LogPakFile: Registered encryption key '00000000000000000000000000000000': 0 pak files mounted, 0 remain pending
[2020.02.24-08.10.41:510][  0]LogPakFile: Registered encryption key '00000000000000000000000000000000': 0 pak files mounted, 0 remain pending
[2020.02.24-08.10.41:511][  0]LogPakFile: Registered encryption key '00000000000000000000000000000000': 0 pak files mounted, 0 remain pending
[2020.02.24-08.10.41:511][  0]LogPakFile: Registered encryption key '00000000000000000000000000000000': 0 pak files mounted, 0 remain pending
[2020.02.24-08.10.41:512][  0]LogPakFile: Registered encryption key '00000000000000000000000000000000': 0 pak files mounted, 0 remain pending
[2020.02.24-08.10.41:512][  0]LogPakFile: Registered encryption key '00000000000000000000000000000000': 0 pak files mounted, 0 remain pending
[2020.02.24-08.10.41:512][  0]LogPakFile: Registered encryption key '00000000000000000000000000000000': 0 pak files mounted, 0 remain pending
[2020.02.24-08.10.41:533][  0]LogContentBrowser: Native class hierarchy updated for 'AddContentDialog' in 0.0003 seconds. Added 0 classes and 0 folders.
[2020.02.24-08.10.41:540][  0]LogContentBrowser: Native class hierarchy updated for 'SceneOutliner' in 0.0004 seconds. Added 1 classes and 2 folders.
[2020.02.24-08.10.41:589][  0]LogSlate: Took 0.000137 seconds to synchronously load lazily loaded font '../../../Engine/Content/Slate/Fonts/Roboto-Regular.ttf' (155K)
[2020.02.24-08.10.41:592][  0]LogSlate: Took 0.002074 seconds to synchronously load lazily loaded font '../../../Engine/Content/Editor/Slate/Fonts/NanumGothic.ttf' (4243K)
[2020.02.24-08.10.41:595][  0]LogSlate: Took 0.002690 seconds to synchronously load lazily loaded font '../../../Engine/Content/Editor/Slate/Fonts/NanumGothicBold.ttf' (4188K)
[2020.02.24-08.10.41:596][  0]LogSlate: Took 0.000143 seconds to synchronously load lazily loaded font '../../../Engine/Content/Slate/Fonts/Roboto-Bold.ttf' (160K)
[2020.02.24-08.10.41:599][  0]LogSlate: Took 0.000137 seconds to synchronously load lazily loaded font '../../../Engine/Content/Editor/Slate/Fonts/FontAwesome.ttf' (139K)
[2020.02.24-08.10.41:599][  0]LogSlate: Took 0.000077 seconds to synchronously load lazily loaded font '../../../Engine/Content/Slate/Fonts/DroidSansMono.ttf' (77K)
[2020.02.24-08.10.41:633][  0]LogSlate: Took 0.001795 seconds to synchronously load lazily loaded font '../../../Engine/Content/Editor/Slate/Fonts/NanumGothicExtraBold.ttf' (4074K)
[2020.02.24-08.10.41:692][  0]LogRenderer: Reallocating scene render targets to support 1208x572 Format 10 NumSamples 1 (Frame:1).
[2020.02.24-08.10.41:852][  0]LogContentBrowser: Native class hierarchy updated for 'HierarchicalLODOutliner' in 0.0003 seconds. Added 0 classes and 0 folders.
[2020.02.24-08.10.41:852][  0]LogLoad: (Engine Initialization) Total time: 7.75 seconds
[2020.02.24-08.10.41:852][  0]LogLoad: (Engine Initialization) Total Blueprint compile time: 0.00 seconds
[2020.02.24-08.10.41:905][  0]LogAssetRegistry: Asset discovery search completed in 4.2664 seconds
[2020.02.24-08.10.41:907][  0]LogCollectionManager: Rebuilt the object cache for 0 collections in 0.000000 seconds (found 0 objects)
[2020.02.24-08.10.41:907][  0]LogCollectionManager: Fixed up redirectors for 0 collections in 0.000143 seconds (updated 0 objects)
[2020.02.24-08.10.41:909][  0]LogContentStreaming: Texture pool size now 1000 MB
[2020.02.24-08.11.22:636][155]LogSlate: FSceneViewport::OnFocusLost() reason 0
[2020.02.24-08.11.22:760][155]LogTemp: Repeating last play command: 선택된 뷰포트
[2020.02.24-08.11.22:788][155]LogBlueprintUserMessages: Early PlayInEditor Detection: Level '/Game/ThirdPersonCPP/Maps/step3.step3:PersistentLevel' has LevelScriptBlueprint '/Game/ThirdPersonCPP/Maps/step3.step3:PersistentLevel.step3' with GeneratedClass '/Game/ThirdPersonCPP/Maps/step3.step3_C' with ClassGeneratedBy '/Game/ThirdPersonCPP/Maps/step3.step3:PersistentLevel.step3'
[2020.02.24-08.11.22:788][155]LogPlayLevel: PlayLevel: No blueprints needed recompiling
[2020.02.24-08.11.22:789][155]PIE: New page: PIE 세션: step3 (2020. 2. 25. 오전 2:11:22)
[2020.02.24-08.11.22:801][155]LogPlayLevel: Creating play world package: /Game/ThirdPersonCPP/Maps/UEDPIE_0_step3
[2020.02.24-08.11.22:804][155]LogPlayLevel: PIE: StaticDuplicateObject took: (0.003095s)
[2020.02.24-08.11.22:805][155]LogAIModule: Creating AISystem for world step3
[2020.02.24-08.11.22:805][155]LogPlayLevel: PIE: World Init took: (0.000607s)
[2020.02.24-08.11.22:805][155]LogPlayLevel: PIE: Created PIE world by copying editor world from /Game/ThirdPersonCPP/Maps/step3.step3 to /Game/ThirdPersonCPP/Maps/UEDPIE_0_step3.step3 (0.004202s)
[2020.02.24-08.11.22:830][155]LogUObjectHash: Compacting FUObjectHashTables data took   0.93ms
[2020.02.24-08.11.22:831][155]BookPractice: Warning: UABGameInstance::Init(17)DropExp of Level 20 ABCharacter : 105
[2020.02.24-08.11.22:835][155]LogInit: XAudio2 using 'Speakers(Realtek(R) Audio)' : 2 channels at 48 kHz using 32 bits per sample (channel mask 0x3)
[2020.02.24-08.11.22:847][155]LogInit: FAudioDevice initialized.
[2020.02.24-08.11.22:887][155]LogLoad: Game class is 'ABGameMode'
[2020.02.24-08.11.22:889][155]LogWorld: Bringing World /Game/ThirdPersonCPP/Maps/UEDPIE_0_step3.step3 up for play (max tick rate 60) at 2020.02.24-17.11.22
[2020.02.24-08.11.22:889][155]BookPractice: Warning: AFountain::PostInitializeComponents(72)
[2020.02.24-08.11.22:890][155]LogWorld: Bringing up level for play took: 0.002060
[2020.02.24-08.11.22:902][155]BookPractice: Warning: AABPlayerController::PostInitializeComponents(9)
[2020.02.24-08.11.22:903][155]BookPractice: Warning: AABGameMode::PostLogin(14)PostLogin Begin
[2020.02.24-08.11.22:908][155]LogContentBrowser: Native class hierarchy updated for 'MovieSceneCapture' in 0.0004 seconds. Added 20 classes and 0 folders.
[2020.02.24-08.11.22:909][155]BookPractice: Warning: AABPlayerController::OnPossess(13)
[2020.02.24-08.11.22:909][155]BookPractice: Warning: AABGameMode::PostLogin(16)PostLogin End
[2020.02.24-08.11.22:909][155]BookPractice: Warning: AFountain::BeginPlay(52)
[2020.02.24-08.11.22:909][155]BookPractice: Warning: AFountain::BeginPlay(53)ActorName : Fountain1, ID : 0, Location X : 100.000
[2020.02.24-08.11.22:910][155]LogOutputDevice: Warning: 

Script Stack (0 frames):

[2020.02.24-08.11.22:910][155]LogWindows: Windows GetLastError: 작업을 완료했습니다. (0)
[2020.02.24-08.11.26:188][155]LogWindows: Error: === Critical error: ===
[2020.02.24-08.11.26:188][155]LogWindows: Error: 
[2020.02.24-08.11.26:188][155]LogWindows: Error: Assertion failed: (Index >= 0) & (Index < ArrayNum) [File:C:\Program Files\Epic Games\UE_4.22\Engine\Source\Runtime\Core\Public\Containers/Array.h] [Line: 611] 
[2020.02.24-08.11.26:188][155]LogWindows: Error: Array index out of bounds: 0 from an array of size 0
[2020.02.24-08.11.26:188][155]LogWindows: Error: 
[2020.02.24-08.11.26:188][155]LogWindows: Error: 
[2020.02.24-08.11.26:188][155]LogWindows: Error: [Callstack] 0x00007ffc5584a839 KERNELBASE.dll!UnknownFunction []
[2020.02.24-08.11.26:188][155]LogWindows: Error: [Callstack] 0x00007ffbfc451f37 UE4Editor-Core.dll!ReportAssert() [d:\build\++ue4\sync\engine\source\runtime\core\private\windows\windowsplatformcrashcontext.cpp:553]
[2020.02.24-08.11.26:188][155]LogWindows: Error: [Callstack] 0x00007ffbfc4546e7 UE4Editor-Core.dll!FWindowsErrorOutputDevice::Serialize() [d:\build\++ue4\sync\engine\source\runtime\core\private\windows\windowserroroutputdevice.cpp:79]
[2020.02.24-08.11.26:188][155]LogWindows: Error: [Callstack] 0x00007ffbfc267d1a UE4Editor-Core.dll!FOutputDevice::LogfImpl() [d:\build\++ue4\sync\engine\source\runtime\core\private\misc\outputdevice.cpp:71]
[2020.02.24-08.11.26:188][155]LogWindows: Error: [Callstack] 0x00007ffbfc1efe33 UE4Editor-Core.dll!AssertFailedImplV() [d:\build\++ue4\sync\engine\source\runtime\core\private\misc\assertionmacros.cpp:101]
[2020.02.24-08.11.26:188][155]LogWindows: Error: [Callstack] 0x00007ffbfc1f04d0 UE4Editor-Core.dll!FDebug::CheckVerifyFailedImpl() [d:\build\++ue4\sync\engine\source\runtime\core\private\misc\assertionmacros.cpp:439]
[2020.02.24-08.11.26:188][155]LogWindows: Error: [Callstack] 0x00007ffbd209d3e8 UE4Editor-BookPractice-9914.dll!DispatchCheckVerify<void,<lambda_41f2787e0759d3ae36997c8ef9651f74> >() [C:\Program Files\Epic Games\UE_4.22\Engine\Source\Runtime\Core\Public\Misc\AssertionMacros.h:162]
[2020.02.24-08.11.26:188][155]LogWindows: Error: [Callstack] 0x00007ffbd207c976 UE4Editor-BookPractice-9914.dll!AABCharacter::BeginPlay() [C:\Users\wonji\Desktop\UnrealProjects\UnrealBook\BookPractice\Source\BookPractice\private\ABCharacter.cpp:80]
[2020.02.24-08.11.26:188][155]LogWindows: Error: [Callstack] 0x00007ffbec631af6 UE4Editor-Engine.dll!AActor::DispatchBeginPlay() [d:\build\++ue4\sync\engine\source\runtime\engine\private\actor.cpp:3343]
[2020.02.24-08.11.26:188][155]LogWindows: Error: [Callstack] 0x00007ffbed74cb99 UE4Editor-Engine.dll!AWorldSettings::NotifyBeginPlay() [d:\build\++ue4\sync\engine\source\runtime\engine\private\worldsettings.cpp:253]
[2020.02.24-08.11.26:188][155]LogWindows: Error: [Callstack] 0x00007ffbeccb2911 UE4Editor-Engine.dll!AGameStateBase::HandleBeginPlay() [d:\build\++ue4\sync\engine\source\runtime\engine\private\gamestatebase.cpp:177]
[2020.02.24-08.11.26:188][155]LogWindows: Error: [Callstack] 0x00007ffbed70754e UE4Editor-Engine.dll!UWorld::BeginPlay() [d:\build\++ue4\sync\engine\source\runtime\engine\private\world.cpp:3948]
[2020.02.24-08.11.26:188][155]LogWindows: Error: [Callstack] 0x00007ffbecc799af UE4Editor-Engine.dll!UGameInstance::StartPlayInEditorGameInstance() [d:\build\++ue4\sync\engine\source\runtime\engine\private\gameinstance.cpp:413]
[2020.02.24-08.11.26:188][155]LogWindows: Error: [Callstack] 0x00007ffbeaedbe44 UE4Editor-UnrealEd.dll!UEditorEngine::CreatePIEGameInstance() [d:\build\++ue4\sync\engine\source\editor\unrealed\private\playlevel.cpp:3341]
[2020.02.24-08.11.26:188][155]LogWindows: Error: [Callstack] 0x00007ffbeaefb044 UE4Editor-UnrealEd.dll!UEditorEngine::PlayInEditor() [d:\build\++ue4\sync\engine\source\editor\unrealed\private\playlevel.cpp:2466]
[2020.02.24-08.11.26:188][155]LogWindows: Error: [Callstack] 0x00007ffbeaf1319f UE4Editor-UnrealEd.dll!UEditorEngine::StartQueuedPlayMapRequest() [d:\build\++ue4\sync\engine\source\editor\unrealed\private\playlevel.cpp:1280]
[2020.02.24-08.11.26:188][155]LogWindows: Error: [Callstack] 0x00007ffbea9efc4a UE4Editor-UnrealEd.dll!UEditorEngine::Tick() [d:\build\++ue4\sync\engine\source\editor\unrealed\private\editorengine.cpp:1532]
[2020.02.24-08.11.26:188][155]LogWindows: Error: [Callstack] 0x00007ffbeb20d396 UE4Editor-UnrealEd.dll!UUnrealEdEngine::Tick() [d:\build\++ue4\sync\engine\source\editor\unrealed\private\unrealedengine.cpp:403]
[2020.02.24-08.11.26:188][155]LogWindows: Error: [Callstack] 0x00007ff6767e6bb1 UE4Editor.exe!FEngineLoop::Tick() [d:\build\++ue4\sync\engine\source\runtime\launch\private\launchengineloop.cpp:3967]
[2020.02.24-08.11.26:188][155]LogWindows: Error: [Callstack] 0x00007ff6767f554c UE4Editor.exe!GuardedMain() [d:\build\++ue4\sync\engine\source\runtime\launch\private\launch.cpp:168]
[2020.02.24-08.11.26:188][155]LogWindows: Error: [Callstack] 0x00007ff6767f55ca UE4Editor.exe!GuardedMainWrapper() [d:\build\++ue4\sync\engine\source\runtime\launch\private\windows\launchwindows.cpp:145]
[2020.02.24-08.11.26:188][155]LogWindows: Error: [Callstack] 0x00007ff67680316c UE4Editor.exe!WinMain() [d:\build\++ue4\sync\engine\source\runtime\launch\private\windows\launchwindows.cpp:275]
[2020.02.24-08.11.26:188][155]LogWindows: Error: [Callstack] 0x00007ff676805b8e UE4Editor.exe!__scrt_common_main_seh() [d:\agent\_work\3\s\src\vctools\crt\vcstartup\src\startup\exe_common.inl:288]
[2020.02.24-08.11.26:188][155]LogWindows: Error: [Callstack] 0x00007ffc57887bd4 KERNEL32.DLL!UnknownFunction []
[2020.02.24-08.11.26:188][155]LogWindows: Error: [Callstack] 0x00007ffc57b0ced1 ntdll.dll!UnknownFunction []
[2020.02.24-08.11.26:188][155]LogWindows: Error: 
[2020.02.24-08.11.26:199][155]LogExit: Executing StaticShutdownAfterError
[2020.02.24-08.11.26:201][155]LogWindows: FPlatformMisc::RequestExit(1)
[2020.02.24-08.11.26:207][155]Log file closed, 02/24/20 17:11:26
