Log file open, 02/10/20 11:05:27
LogWindows: Failed to load 'aqProf.dll' (GetLastError=126)
LogWindows: File 'aqProf.dll' does not exist
LogWindows: Failed to load 'VtuneApi.dll' (GetLastError=126)
LogWindows: File 'VtuneApi.dll' does not exist
LogWindows: Failed to load 'VtuneApi32e.dll' (GetLastError=126)
LogWindows: File 'VtuneApi32e.dll' does not exist
LogConsoleResponse: Display: Failed to find resolution value strings in scalability ini. Falling back to default.
LogInit: Display: Running engine for game: BookPractice
LogPakFile: Registered encryption key '00000000000000000000000000000000': 0 pak files mounted, 0 remain pending
LogPlatformFile: Not using cached read wrapper
LogTaskGraph: Started task graph with 5 named threads and 35 total threads with 3 sets of task threads.
LogStats: Stats thread started at 0.762082
LogD3D11RHI: Loaded GFSDK_Aftermath_Lib.x64.dll
LogICUInternationalization: ICU TimeZone Detection - Raw Offset: +9:00, Platform Override: ''
LogPluginManager: Mounting plugin Paper2D
LogPluginManager: Mounting plugin AISupport
LogPluginManager: Mounting plugin LightPropagationVolume
LogPluginManager: Mounting plugin ActorLayerUtilities
LogPluginManager: Mounting plugin AnimationSharing
LogPluginManager: Mounting plugin CLionSourceCodeAccess
LogPluginManager: Mounting plugin CodeLiteSourceCodeAccess
LogPluginManager: Mounting plugin GitSourceControl
LogPluginManager: Mounting plugin KDevelopSourceCodeAccess
LogPluginManager: Mounting plugin NullSourceCodeAccess
LogPluginManager: Mounting plugin PerforceSourceControl
LogPluginManager: Mounting plugin SubversionSourceControl
LogPluginManager: Mounting plugin UObjectPlugin
LogPluginManager: Mounting plugin VisualStudioCodeSourceCodeAccess
LogPluginManager: Mounting plugin VisualStudioSourceCodeAccess
LogPluginManager: Mounting plugin XCodeSourceCodeAccess
LogPluginManager: Mounting plugin AssetManagerEditor
LogPluginManager: Mounting plugin CryptoKeys
LogPluginManager: Mounting plugin DataValidation
LogPluginManager: Mounting plugin FacialAnimation
LogPluginManager: Mounting plugin GameplayTagsEditor
LogPluginManager: Mounting plugin MacGraphicsSwitching
LogPluginManager: Mounting plugin MaterialAnalyzer
LogPluginManager: Mounting plugin MobileLauncherProfileWizard
LogPluginManager: Mounting plugin PluginBrowser
LogPluginManager: Mounting plugin SpeedTreeImporter
LogPluginManager: Mounting plugin DatasmithContent
LogPluginManager: Mounting plugin VariantManagerContent
LogPluginManager: Mounting plugin AlembicImporter
LogPluginManager: Mounting plugin AppleImageUtils
LogPluginManager: Mounting plugin AppleVision
LogPluginManager: Mounting plugin BackChannel
LogPluginManager: Mounting plugin CharacterAI
LogPluginManager: Mounting plugin GeometryCache
LogPluginManager: Mounting plugin HTML5Networking
LogPluginManager: Mounting plugin ProxyLODPlugin
LogPluginManager: Mounting plugin SkeletalReduction
LogPluginManager: Mounting plugin MagicLeap
LogPluginManager: Mounting plugin MagicLeapMedia
LogPluginManager: Mounting plugin AndroidMedia
LogPluginManager: Mounting plugin AvfMedia
LogPluginManager: Mounting plugin ImgMedia
LogPluginManager: Mounting plugin LinearTimecode
LogPluginManager: Mounting plugin MediaCompositing
LogPluginManager: Mounting plugin MediaPlayerEditor
LogPluginManager: Mounting plugin WebMMedia
LogPluginManager: Mounting plugin WmfMedia
LogPluginManager: Mounting plugin TcpMessaging
LogPluginManager: Mounting plugin UdpMessaging
LogPluginManager: Mounting plugin ActorSequence
LogPluginManager: Mounting plugin LevelSequenceEditor
LogPluginManager: Mounting plugin MatineeToLevelSequence
LogPluginManager: Mounting plugin NetcodeUnitTest
LogPluginManager: Mounting plugin NUTUnrealEngine4
LogPluginManager: Mounting plugin OnlineSubsystemGooglePlay
LogPluginManager: Mounting plugin OnlineSubsystemIOS
LogPluginManager: Mounting plugin OnlineSubsystem
LogPluginManager: Mounting plugin OnlineSubsystemNull
LogPluginManager: Mounting plugin OnlineSubsystemUtils
LogPluginManager: Mounting plugin LauncherChunkInstaller
LogPluginManager: Mounting plugin AndroidDeviceProfileSelector
LogPluginManager: Mounting plugin AndroidMoviePlayer
LogPluginManager: Mounting plugin AndroidPermission
LogPluginManager: Mounting plugin AppleMoviePlayer
LogPluginManager: Mounting plugin ArchVisCharacter
LogPluginManager: Mounting plugin AudioCapture
LogPluginManager: Mounting plugin CableComponent
LogPluginManager: Mounting plugin CustomMeshComponent
LogPluginManager: Mounting plugin EditableMesh
LogPluginManager: Mounting plugin ExampleDeviceProfileSelector
LogPluginManager: Mounting plugin Firebase
LogPluginManager: Mounting plugin GoogleCloudMessaging
LogPluginManager: Mounting plugin IOSDeviceProfileSelector
LogPluginManager: Mounting plugin LinuxDeviceProfileSelector
LogPluginManager: Mounting plugin LocationServicesBPLibrary
LogPluginManager: Mounting plugin MobilePatchingUtils
LogPluginManager: Mounting plugin OculusVR
LogPluginManager: Mounting plugin PhysXVehicles
LogPluginManager: Mounting plugin ProceduralMeshComponent
LogPluginManager: Mounting plugin RuntimePhysXCooking
LogPluginManager: Mounting plugin SignificanceManager
LogPluginManager: Mounting plugin SteamVR
LogPluginManager: Mounting plugin WebMMoviePlayer
LogPluginManager: Mounting plugin WindowsMoviePlayer
LogInit: Using libcurl 7.55.1-DEV
LogInit:  - built for x86_64-pc-win32
LogInit:  - supports SSL with OpenSSL/1.1.1
LogInit:  - supports HTTP deflate (compression) using libz 1.2.8
LogInit:  - other features:
LogInit:      CURL_VERSION_SSL
LogInit:      CURL_VERSION_LIBZ
LogInit:      CURL_VERSION_IPV6
LogInit:      CURL_VERSION_ASYNCHDNS
LogInit:      CURL_VERSION_LARGEFILE
LogInit:      CURL_VERSION_IDN
LogInit:  CurlRequestOptions (configurable via config and command line):
LogInit:  - bVerifyPeer = true  - Libcurl will verify peer certificate
LogInit:  - bUseHttpProxy = false  - Libcurl will NOT use HTTP proxy
LogInit:  - bDontReuseConnections = false  - Libcurl will reuse connections
LogInit:  - MaxHostConnections = 16  - Libcurl will limit the number of connections to a host
LogInit:  - LocalHostAddr = Default
LogInit:  - BufferSize = 65536
LogInit: WinSock: version 1.1 (2.2), MaxSocks=32767, MaxUdp=65467
LogInit: Build: ++UE4+Release-4.22-CL-7053642
LogInit: Engine Version: 4.22.3-7053642+++UE4+Release-4.22
LogInit: Compatible Engine Version: 4.22.0-5660361+++UE4+Release-4.22
LogInit: Net CL: 5660361
LogInit: OS: Windows 10 (Release 1903) (), CPU: Intel(R) Core(TM) i7-9750H CPU @ 2.60GHz, GPU: Intel(R) UHD Graphics 630
LogInit: Compiled (64-bit): Jun 18 2019 03:09:11
LogInit: Compiled with Visual C++: 19.16.27025.01
LogInit: Build Configuration: Development
LogInit: Branch Name: ++UE4+Release-4.22
LogInit: Command Line: 
LogInit: Base Directory: C:/Program Files/Epic Games/UE_4.22/Engine/Binaries/Win64/
LogInit: Installed Engine Build: 1
LogDevObjectVersion: Number of dev versions registered: 23
LogDevObjectVersion:   Dev-Blueprints (B0D832E4-1F89-4F0D-ACCF-7EB736FD4AA2): 10
LogDevObjectVersion:   Dev-Build (E1C64328-A22C-4D53-A36C-8E866417BD8C): 0
LogDevObjectVersion:   Dev-Core (375EC13C-06E4-48FB-B500-84F0262A717E): 3
LogDevObjectVersion:   Dev-Editor (E4B068ED-F494-42E9-A231-DA0B2E46BB41): 30
LogDevObjectVersion:   Dev-Framework (CFFC743F-43B0-4480-9391-14DF171D2073): 35
LogDevObjectVersion:   Dev-Mobile (B02B49B5-BB20-44E9-A304-32B752E40360): 2
LogDevObjectVersion:   Dev-Networking (A4E4105C-59A1-49B5-A7C5-40C4547EDFEE): 0
LogDevObjectVersion:   Dev-Online (39C831C9-5AE6-47DC-9A44-9C173E1C8E7C): 0
LogDevObjectVersion:   Dev-Physics (78F01B33-EBEA-4F98-B9B4-84EACCB95AA2): 0
LogDevObjectVersion:   Dev-Platform (6631380F-2D4D-43E0-8009-CF276956A95A): 0
LogDevObjectVersion:   Dev-Rendering (12F88B9F-8875-4AFC-A67C-D90C383ABD29): 28
LogDevObjectVersion:   Dev-Sequencer (7B5AE74C-D270-4C10-A958-57980B212A5A): 11
LogDevObjectVersion:   Dev-VR (D7296918-1DD6-4BDD-9DE2-64A83CC13884): 2
LogDevObjectVersion:   Dev-LoadTimes (C2A15278-BFE7-4AFE-6C17-90FF531DF755): 1
LogDevObjectVersion:   Private-Geometry (6EACA3D4-40EC-4CC1-B786-8BED09428FC5): 3
LogDevObjectVersion:   Dev-AnimPhys (29E575DD-E0A3-4627-9D10-D276232CDCEA): 17
LogDevObjectVersion:   Dev-Anim (AF43A65D-7FD3-4947-9873-3E8ED9C1BB05): 2
LogDevObjectVersion:   Dev-ReflectionCapture (6B266CEC-1EC7-4B8F-A30B-E4D90942FC07): 1
LogDevObjectVersion:   Dev-Automation (0DF73D61-A23F-47EA-B727-89E90C41499A): 1
LogDevObjectVersion:   FortniteMain (601D1886-AC64-4F84-AA16-D3DE0DEAC7D6): 25
LogDevObjectVersion:   Dev-Enterprise (9DFFBCD6-494F-0158-E221-12823C92A888): 6
LogDevObjectVersion:   Dev-Niagara (F2AED0AC-9AFE-416F-8664-AA7FFA26D6FC): 1
LogDevObjectVersion:   Dev-Destruction (174F1F0B-B4C6-45A5-B13F-2EE8D0FB917D): 2
LogInit: Presizing for max 16777216 objects, including 0 objects not considered by GC, pre-allocating 0 bytes for permanent pool.
LogInit: Object subsystem initialized
LogConfig: Setting CVar [[con.DebugEarlyDefault:1]]
LogConfig: Setting CVar [[r.setres:1280x720]]
[2020.02.10-02.05.28:400][  0]LogConfig: Setting CVar [[r.VSync:0]]
[2020.02.10-02.05.28:400][  0]LogConfig: Setting CVar [[r.RHICmdBypass:0]]
[2020.02.10-02.05.28:400][  0]LogConfig: Applying CVar settings from Section [/Script/Engine.RendererSettings] File [C:/Users/wonji/Desktop/UnrealProjects/UnrealBook/BookPractice/Saved/Config/Windows/Engine.ini]
[2020.02.10-02.05.28:400][  0]LogConfig: Setting CVar [[r.GPUCrashDebugging:0]]
[2020.02.10-02.05.28:400][  0]LogConfig: Applying CVar settings from Section [/Script/Engine.RendererOverrideSettings] File [C:/Users/wonji/Desktop/UnrealProjects/UnrealBook/BookPractice/Saved/Config/Windows/Engine.ini]
[2020.02.10-02.05.28:400][  0]LogConfig: Applying CVar settings from Section [/Script/Engine.StreamingSettings] File [C:/Users/wonji/Desktop/UnrealProjects/UnrealBook/BookPractice/Saved/Config/Windows/Engine.ini]
[2020.02.10-02.05.28:400][  0]LogConfig: Setting CVar [[s.MinBulkDataSizeForAsyncLoading:131072]]
[2020.02.10-02.05.28:400][  0]LogConfig: Setting CVar [[s.AsyncLoadingThreadEnabled:0]]
[2020.02.10-02.05.28:400][  0]LogConfig: Setting CVar [[s.EventDrivenLoaderEnabled:1]]
[2020.02.10-02.05.28:400][  0]LogConfig: Setting CVar [[s.WarnIfTimeLimitExceeded:0]]
[2020.02.10-02.05.28:400][  0]LogConfig: Setting CVar [[s.TimeLimitExceededMultiplier:1.5]]
[2020.02.10-02.05.28:400][  0]LogConfig: Setting CVar [[s.TimeLimitExceededMinTime:0.005]]
[2020.02.10-02.05.28:400][  0]LogConfig: Setting CVar [[s.UseBackgroundLevelStreaming:1]]
[2020.02.10-02.05.28:400][  0]LogConfig: Setting CVar [[s.PriorityAsyncLoadingExtraTime:15.0]]
[2020.02.10-02.05.28:400][  0]LogConfig: Setting CVar [[s.LevelStreamingActorsUpdateTimeLimit:5.0]]
[2020.02.10-02.05.28:400][  0]LogConfig: Setting CVar [[s.PriorityLevelStreamingActorsUpdateExtraTime:5.0]]
[2020.02.10-02.05.28:400][  0]LogConfig: Setting CVar [[s.LevelStreamingComponentsRegistrationGranularity:10]]
[2020.02.10-02.05.28:400][  0]LogConfig: Setting CVar [[s.UnregisterComponentsTimeLimit:1.0]]
[2020.02.10-02.05.28:400][  0]LogConfig: Setting CVar [[s.LevelStreamingComponentsUnregistrationGranularity:5]]
[2020.02.10-02.05.28:400][  0]LogConfig: Applying CVar settings from Section [/Script/Engine.GarbageCollectionSettings] File [C:/Users/wonji/Desktop/UnrealProjects/UnrealBook/BookPractice/Saved/Config/Windows/Engine.ini]
[2020.02.10-02.05.28:400][  0]LogConfig: Setting CVar [[gc.MaxObjectsNotConsideredByGC:1]]
[2020.02.10-02.05.28:400][  0]LogConfig: Setting CVar [[gc.SizeOfPermanentObjectPool:0]]
[2020.02.10-02.05.28:400][  0]LogConfig: Setting CVar [[gc.FlushStreamingOnGC:0]]
[2020.02.10-02.05.28:400][  0]LogConfig: Setting CVar [[gc.NumRetriesBeforeForcingGC:10]]
[2020.02.10-02.05.28:400][  0]LogConfig: Setting CVar [[gc.AllowParallelGC:1]]
[2020.02.10-02.05.28:400][  0]LogConfig: Setting CVar [[gc.TimeBetweenPurgingPendingKillObjects:61.1]]
[2020.02.10-02.05.28:400][  0]LogConfig: Setting CVar [[gc.MaxObjectsInEditor:16777216]]
[2020.02.10-02.05.28:400][  0]LogConfig: Setting CVar [[gc.IncrementalBeginDestroyEnabled:1]]
[2020.02.10-02.05.28:400][  0]LogConfig: Setting CVar [[gc.CreateGCClusters:1]]
[2020.02.10-02.05.28:400][  0]LogConfig: Setting CVar [[gc.MinGCClusterSize:5]]
[2020.02.10-02.05.28:400][  0]LogConfig: Setting CVar [[gc.ActorClusteringEnabled:0]]
[2020.02.10-02.05.28:400][  0]LogConfig: Setting CVar [[gc.BlueprintClusteringEnabled:0]]
[2020.02.10-02.05.28:400][  0]LogConfig: Setting CVar [[gc.UseDisregardForGCOnDedicatedServers:0]]
[2020.02.10-02.05.28:400][  0]LogConfig: Applying CVar settings from Section [/Script/Engine.NetworkSettings] File [C:/Users/wonji/Desktop/UnrealProjects/UnrealBook/BookPractice/Saved/Config/Windows/Engine.ini]
[2020.02.10-02.05.28:400][  0]LogConfig: Applying CVar settings from Section [/Script/UnrealEd.CookerSettings] File [C:/Users/wonji/Desktop/UnrealProjects/UnrealBook/BookPractice/Saved/Config/Windows/Engine.ini]
[2020.02.10-02.05.28:406][  0]LogConfig: Applying CVar settings from Section [ViewDistanceQuality@3] File [C:/Users/wonji/Desktop/UnrealProjects/UnrealBook/BookPractice/Saved/Config/Windows/Scalability.ini]
[2020.02.10-02.05.28:406][  0]LogConfig: Setting CVar [[r.SkeletalMeshLODBias:0]]
[2020.02.10-02.05.28:406][  0]LogConfig: Setting CVar [[r.ViewDistanceScale:1.0]]
[2020.02.10-02.05.28:406][  0]LogConfig: Applying CVar settings from Section [AntiAliasingQuality@3] File [C:/Users/wonji/Desktop/UnrealProjects/UnrealBook/BookPractice/Saved/Config/Windows/Scalability.ini]
[2020.02.10-02.05.28:406][  0]LogConfig: Setting CVar [[r.PostProcessAAQuality:4]]
[2020.02.10-02.05.28:406][  0]LogConfig: Applying CVar settings from Section [ShadowQuality@3] File [C:/Users/wonji/Desktop/UnrealProjects/UnrealBook/BookPractice/Saved/Config/Windows/Scalability.ini]
[2020.02.10-02.05.28:406][  0]LogConfig: Setting CVar [[r.LightFunctionQuality:1]]
[2020.02.10-02.05.28:406][  0]LogConfig: Setting CVar [[r.ShadowQuality:5]]
[2020.02.10-02.05.28:406][  0]LogConfig: Setting CVar [[r.Shadow.CSM.MaxCascades:10]]
[2020.02.10-02.05.28:406][  0]LogConfig: Setting CVar [[r.Shadow.MaxResolution:2048]]
[2020.02.10-02.05.28:406][  0]LogConfig: Setting CVar [[r.Shadow.MaxCSMResolution:2048]]
[2020.02.10-02.05.28:406][  0]LogConfig: Setting CVar [[r.Shadow.RadiusThreshold:0.01]]
[2020.02.10-02.05.28:407][  0]LogConfig: Setting CVar [[r.Shadow.DistanceScale:1.0]]
[2020.02.10-02.05.28:407][  0]LogConfig: Setting CVar [[r.Shadow.CSM.TransitionScale:1.0]]
[2020.02.10-02.05.28:407][  0]LogConfig: Setting CVar [[r.Shadow.PreShadowResolutionFactor:1.0]]
[2020.02.10-02.05.28:407][  0]LogConfig: Setting CVar [[r.DistanceFieldShadowing:1]]
[2020.02.10-02.05.28:407][  0]LogConfig: Setting CVar [[r.DistanceFieldAO:1]]
[2020.02.10-02.05.28:407][  0]LogConfig: Setting CVar [[r.AOQuality:2]]
[2020.02.10-02.05.28:407][  0]LogConfig: Setting CVar [[r.VolumetricFog:1]]
[2020.02.10-02.05.28:407][  0]LogConfig: Setting CVar [[r.VolumetricFog.GridPixelSize:8]]
[2020.02.10-02.05.28:407][  0]LogConfig: Setting CVar [[r.VolumetricFog.GridSizeZ:128]]
[2020.02.10-02.05.28:407][  0]LogConfig: Setting CVar [[r.VolumetricFog.HistoryMissSupersampleCount:4]]
[2020.02.10-02.05.28:407][  0]LogConfig: Setting CVar [[r.LightMaxDrawDistanceScale:1]]
[2020.02.10-02.05.28:407][  0]LogConfig: Setting CVar [[r.CapsuleShadows:1]]
[2020.02.10-02.05.28:407][  0]LogConfig: Applying CVar settings from Section [PostProcessQuality@3] File [C:/Users/wonji/Desktop/UnrealProjects/UnrealBook/BookPractice/Saved/Config/Windows/Scalability.ini]
[2020.02.10-02.05.28:407][  0]LogConfig: Setting CVar [[r.MotionBlurQuality:4]]
[2020.02.10-02.05.28:407][  0]LogConfig: Setting CVar [[r.AmbientOcclusionMipLevelFactor:0.4]]
[2020.02.10-02.05.28:407][  0]LogConfig: Setting CVar [[r.AmbientOcclusionMaxQuality:100]]
[2020.02.10-02.05.28:407][  0]LogConfig: Setting CVar [[r.AmbientOcclusionLevels:-1]]
[2020.02.10-02.05.28:407][  0]LogConfig: Setting CVar [[r.AmbientOcclusionRadiusScale:1.0]]
[2020.02.10-02.05.28:407][  0]LogConfig: Setting CVar [[r.DepthOfFieldQuality:2]]
[2020.02.10-02.05.28:407][  0]LogConfig: Setting CVar [[r.RenderTargetPoolMin:400]]
[2020.02.10-02.05.28:407][  0]LogConfig: Setting CVar [[r.LensFlareQuality:2]]
[2020.02.10-02.05.28:407][  0]LogConfig: Setting CVar [[r.SceneColorFringeQuality:1]]
[2020.02.10-02.05.28:407][  0]LogConfig: Setting CVar [[r.EyeAdaptationQuality:2]]
[2020.02.10-02.05.28:407][  0]LogConfig: Setting CVar [[r.BloomQuality:5]]
[2020.02.10-02.05.28:407][  0]LogConfig: Setting CVar [[r.FastBlurThreshold:100]]
[2020.02.10-02.05.28:407][  0]LogConfig: Setting CVar [[r.Upscale.Quality:3]]
[2020.02.10-02.05.28:407][  0]LogConfig: Setting CVar [[r.Tonemapper.GrainQuantization:1]]
[2020.02.10-02.05.28:407][  0]LogConfig: Setting CVar [[r.LightShaftQuality:1]]
[2020.02.10-02.05.28:407][  0]LogConfig: Setting CVar [[r.Filter.SizeScale:1]]
[2020.02.10-02.05.28:407][  0]LogConfig: Setting CVar [[r.Tonemapper.Quality:5]]
[2020.02.10-02.05.28:407][  0]LogConfig: Setting CVar [[r.DOF.Gather.AccumulatorQuality:1        ; higher gathering accumulator quality]]
[2020.02.10-02.05.28:407][  0]LogConfig: Setting CVar [[r.DOF.Gather.PostfilterMethod:1          ; Median3x3 postfilering method]]
[2020.02.10-02.05.28:407][  0]LogConfig: Setting CVar [[r.DOF.Gather.EnableBokehSettings:0       ; no bokeh simulation when gathering]]
[2020.02.10-02.05.28:407][  0]LogConfig: Setting CVar [[r.DOF.Gather.RingCount:4                 ; medium number of samples when gathering]]
[2020.02.10-02.05.28:407][  0]LogConfig: Setting CVar [[r.DOF.Scatter.ForegroundCompositing:1    ; additive foreground scattering]]
[2020.02.10-02.05.28:407][  0]LogConfig: Setting CVar [[r.DOF.Scatter.BackgroundCompositing:2    ; additive background scattering]]
[2020.02.10-02.05.28:407][  0]LogConfig: Setting CVar [[r.DOF.Scatter.EnableBokehSettings:1      ; bokeh simulation when scattering]]
[2020.02.10-02.05.28:407][  0]LogConfig: Setting CVar [[r.DOF.Scatter.MaxSpriteRatio:0.1         ; only a maximum of 10% of scattered bokeh]]
[2020.02.10-02.05.28:407][  0]LogConfig: Setting CVar [[r.DOF.Recombine.Quality:1                ; cheap slight out of focus]]
[2020.02.10-02.05.28:407][  0]LogConfig: Setting CVar [[r.DOF.Recombine.EnableBokehSettings:0    ; no bokeh simulation on slight out of focus]]
[2020.02.10-02.05.28:407][  0]LogConfig: Setting CVar [[r.DOF.TemporalAAQuality:1                ; more stable temporal accumulation]]
[2020.02.10-02.05.28:407][  0]LogConfig: Setting CVar [[r.DOF.Kernel.MaxForegroundRadius:0.025]]
[2020.02.10-02.05.28:407][  0]LogConfig: Setting CVar [[r.DOF.Kernel.MaxBackgroundRadius:0.025]]
[2020.02.10-02.05.28:407][  0]LogConfig: Applying CVar settings from Section [TextureQuality@3] File [C:/Users/wonji/Desktop/UnrealProjects/UnrealBook/BookPractice/Saved/Config/Windows/Scalability.ini]
[2020.02.10-02.05.28:407][  0]LogConfig: Setting CVar [[r.Streaming.MipBias:0]]
[2020.02.10-02.05.28:407][  0]LogConfig: Setting CVar [[r.Streaming.AmortizeCPUToGPUCopy:0]]
[2020.02.10-02.05.28:407][  0]LogConfig: Setting CVar [[r.Streaming.MaxNumTexturesToStreamPerFrame:0]]
[2020.02.10-02.05.28:407][  0]LogConfig: Setting CVar [[r.Streaming.Boost:1]]
[2020.02.10-02.05.28:407][  0]LogConfig: Setting CVar [[r.MaxAnisotropy:8]]
[2020.02.10-02.05.28:407][  0]LogConfig: Setting CVar [[r.Streaming.LimitPoolSizeToVRAM:0]]
[2020.02.10-02.05.28:407][  0]LogConfig: Setting CVar [[r.Streaming.PoolSize:1000]]
[2020.02.10-02.05.28:407][  0]LogConfig: Setting CVar [[r.Streaming.MaxEffectiveScreenSize:0]]
[2020.02.10-02.05.28:407][  0]LogConfig: Applying CVar settings from Section [EffectsQuality@3] File [C:/Users/wonji/Desktop/UnrealProjects/UnrealBook/BookPractice/Saved/Config/Windows/Scalability.ini]
[2020.02.10-02.05.28:407][  0]LogConfig: Setting CVar [[r.TranslucencyLightingVolumeDim:64]]
[2020.02.10-02.05.28:407][  0]LogConfig: Setting CVar [[r.RefractionQuality:2]]
[2020.02.10-02.05.28:407][  0]LogConfig: Setting CVar [[r.SSR.Quality:3]]
[2020.02.10-02.05.28:407][  0]LogConfig: Setting CVar [[r.SceneColorFormat:4]]
[2020.02.10-02.05.28:407][  0]LogConfig: Setting CVar [[r.DetailMode:2]]
[2020.02.10-02.05.28:407][  0]LogConfig: Setting CVar [[r.TranslucencyVolumeBlur:1]]
[2020.02.10-02.05.28:407][  0]LogConfig: Setting CVar [[r.MaterialQualityLevel:1 ; High quality]]
[2020.02.10-02.05.28:407][  0]LogConfig: Setting CVar [[r.SSS.Scale:1]]
[2020.02.10-02.05.28:407][  0]LogConfig: Setting CVar [[r.SSS.SampleSet:2]]
[2020.02.10-02.05.28:407][  0]LogConfig: Setting CVar [[r.SSS.Quality:1]]
[2020.02.10-02.05.28:407][  0]LogConfig: Setting CVar [[r.SSS.HalfRes:1]]
[2020.02.10-02.05.28:407][  0]LogConfig: Setting CVar [[r.EmitterSpawnRateScale:1.0]]
[2020.02.10-02.05.28:407][  0]LogConfig: Setting CVar [[r.ParticleLightQuality:2]]
[2020.02.10-02.05.28:407][  0]LogConfig: Applying CVar settings from Section [FoliageQuality@3] File [C:/Users/wonji/Desktop/UnrealProjects/UnrealBook/BookPractice/Saved/Config/Windows/Scalability.ini]
[2020.02.10-02.05.28:407][  0]LogConfig: Setting CVar [[foliage.DensityScale:1.0]]
[2020.02.10-02.05.28:407][  0]LogConfig: Setting CVar [[grass.DensityScale:1.0]]
[2020.02.10-02.05.28:408][  0]LogInit: Selected Device Profile: [Windows]
[2020.02.10-02.05.28:408][  0]LogInit: Applying CVar settings loaded from the selected device profile: [Windows]
[2020.02.10-02.05.28:433][  0]LogHAL: Display: Platform has ~ 16 GB [17073135616 / 17179869184 / 16], which maps to Larger [LargestMinGB=32, LargerMinGB=12, DefaultMinGB=8, SmallerMinGB=6, SmallestMinGB=0)
[2020.02.10-02.05.28:433][  0]LogConfig: Setting CVar [[r.Vulkan.UseRealUBs:0		; Required until we fix HLR fall-out]]
[2020.02.10-02.05.28:433][  0]LogInit: Going up to parent DeviceProfile []
[2020.02.10-02.05.28:434][  0]LogConfig: Applying CVar settings from Section [ViewDistanceQuality@3] File [C:/Users/wonji/Desktop/UnrealProjects/UnrealBook/BookPractice/Saved/Config/Windows/Scalability.ini]
[2020.02.10-02.05.28:434][  0]LogConfig: Setting CVar [[r.SkeletalMeshLODBias:0]]
[2020.02.10-02.05.28:434][  0]LogConfig: Setting CVar [[r.ViewDistanceScale:1.0]]
[2020.02.10-02.05.28:434][  0]LogConfig: Applying CVar settings from Section [AntiAliasingQuality@3] File [C:/Users/wonji/Desktop/UnrealProjects/UnrealBook/BookPractice/Saved/Config/Windows/Scalability.ini]
[2020.02.10-02.05.28:434][  0]LogConfig: Setting CVar [[r.PostProcessAAQuality:4]]
[2020.02.10-02.05.28:434][  0]LogConfig: Applying CVar settings from Section [ShadowQuality@3] File [C:/Users/wonji/Desktop/UnrealProjects/UnrealBook/BookPractice/Saved/Config/Windows/Scalability.ini]
[2020.02.10-02.05.28:434][  0]LogConfig: Setting CVar [[r.LightFunctionQuality:1]]
[2020.02.10-02.05.28:434][  0]LogConfig: Setting CVar [[r.ShadowQuality:5]]
[2020.02.10-02.05.28:434][  0]LogConfig: Setting CVar [[r.Shadow.CSM.MaxCascades:10]]
[2020.02.10-02.05.28:434][  0]LogConfig: Setting CVar [[r.Shadow.MaxResolution:2048]]
[2020.02.10-02.05.28:434][  0]LogConfig: Setting CVar [[r.Shadow.MaxCSMResolution:2048]]
[2020.02.10-02.05.28:434][  0]LogConfig: Setting CVar [[r.Shadow.RadiusThreshold:0.01]]
[2020.02.10-02.05.28:434][  0]LogConfig: Setting CVar [[r.Shadow.DistanceScale:1.0]]
[2020.02.10-02.05.28:434][  0]LogConfig: Setting CVar [[r.Shadow.CSM.TransitionScale:1.0]]
[2020.02.10-02.05.28:434][  0]LogConfig: Setting CVar [[r.Shadow.PreShadowResolutionFactor:1.0]]
[2020.02.10-02.05.28:434][  0]LogConfig: Setting CVar [[r.DistanceFieldShadowing:1]]
[2020.02.10-02.05.28:434][  0]LogConfig: Setting CVar [[r.DistanceFieldAO:1]]
[2020.02.10-02.05.28:434][  0]LogConfig: Setting CVar [[r.AOQuality:2]]
[2020.02.10-02.05.28:434][  0]LogConfig: Setting CVar [[r.VolumetricFog:1]]
[2020.02.10-02.05.28:434][  0]LogConfig: Setting CVar [[r.VolumetricFog.GridPixelSize:8]]
[2020.02.10-02.05.28:434][  0]LogConfig: Setting CVar [[r.VolumetricFog.GridSizeZ:128]]
[2020.02.10-02.05.28:434][  0]LogConfig: Setting CVar [[r.VolumetricFog.HistoryMissSupersampleCount:4]]
[2020.02.10-02.05.28:434][  0]LogConfig: Setting CVar [[r.LightMaxDrawDistanceScale:1]]
[2020.02.10-02.05.28:434][  0]LogConfig: Setting CVar [[r.CapsuleShadows:1]]
[2020.02.10-02.05.28:434][  0]LogConfig: Applying CVar settings from Section [PostProcessQuality@3] File [C:/Users/wonji/Desktop/UnrealProjects/UnrealBook/BookPractice/Saved/Config/Windows/Scalability.ini]
[2020.02.10-02.05.28:434][  0]LogConfig: Setting CVar [[r.MotionBlurQuality:4]]
[2020.02.10-02.05.28:434][  0]LogConfig: Setting CVar [[r.AmbientOcclusionMipLevelFactor:0.4]]
[2020.02.10-02.05.28:434][  0]LogConfig: Setting CVar [[r.AmbientOcclusionMaxQuality:100]]
[2020.02.10-02.05.28:434][  0]LogConfig: Setting CVar [[r.AmbientOcclusionLevels:-1]]
[2020.02.10-02.05.28:434][  0]LogConfig: Setting CVar [[r.AmbientOcclusionRadiusScale:1.0]]
[2020.02.10-02.05.28:434][  0]LogConfig: Setting CVar [[r.DepthOfFieldQuality:2]]
[2020.02.10-02.05.28:434][  0]LogConfig: Setting CVar [[r.RenderTargetPoolMin:400]]
[2020.02.10-02.05.28:434][  0]LogConfig: Setting CVar [[r.LensFlareQuality:2]]
[2020.02.10-02.05.28:434][  0]LogConfig: Setting CVar [[r.SceneColorFringeQuality:1]]
[2020.02.10-02.05.28:434][  0]LogConfig: Setting CVar [[r.EyeAdaptationQuality:2]]
[2020.02.10-02.05.28:434][  0]LogConfig: Setting CVar [[r.BloomQuality:5]]
[2020.02.10-02.05.28:434][  0]LogConfig: Setting CVar [[r.FastBlurThreshold:100]]
[2020.02.10-02.05.28:434][  0]LogConfig: Setting CVar [[r.Upscale.Quality:3]]
[2020.02.10-02.05.28:434][  0]LogConfig: Setting CVar [[r.Tonemapper.GrainQuantization:1]]
[2020.02.10-02.05.28:434][  0]LogConfig: Setting CVar [[r.LightShaftQuality:1]]
[2020.02.10-02.05.28:434][  0]LogConfig: Setting CVar [[r.Filter.SizeScale:1]]
[2020.02.10-02.05.28:434][  0]LogConfig: Setting CVar [[r.Tonemapper.Quality:5]]
[2020.02.10-02.05.28:434][  0]LogConfig: Setting CVar [[r.DOF.Gather.AccumulatorQuality:1        ; higher gathering accumulator quality]]
[2020.02.10-02.05.28:434][  0]LogConfig: Setting CVar [[r.DOF.Gather.PostfilterMethod:1          ; Median3x3 postfilering method]]
[2020.02.10-02.05.28:434][  0]LogConfig: Setting CVar [[r.DOF.Gather.EnableBokehSettings:0       ; no bokeh simulation when gathering]]
[2020.02.10-02.05.28:434][  0]LogConfig: Setting CVar [[r.DOF.Gather.RingCount:4                 ; medium number of samples when gathering]]
[2020.02.10-02.05.28:434][  0]LogConfig: Setting CVar [[r.DOF.Scatter.ForegroundCompositing:1    ; additive foreground scattering]]
[2020.02.10-02.05.28:434][  0]LogConfig: Setting CVar [[r.DOF.Scatter.BackgroundCompositing:2    ; additive background scattering]]
[2020.02.10-02.05.28:434][  0]LogConfig: Setting CVar [[r.DOF.Scatter.EnableBokehSettings:1      ; bokeh simulation when scattering]]
[2020.02.10-02.05.28:434][  0]LogConfig: Setting CVar [[r.DOF.Scatter.MaxSpriteRatio:0.1         ; only a maximum of 10% of scattered bokeh]]
[2020.02.10-02.05.28:434][  0]LogConfig: Setting CVar [[r.DOF.Recombine.Quality:1                ; cheap slight out of focus]]
[2020.02.10-02.05.28:434][  0]LogConfig: Setting CVar [[r.DOF.Recombine.EnableBokehSettings:0    ; no bokeh simulation on slight out of focus]]
[2020.02.10-02.05.28:434][  0]LogConfig: Setting CVar [[r.DOF.TemporalAAQuality:1                ; more stable temporal accumulation]]
[2020.02.10-02.05.28:434][  0]LogConfig: Setting CVar [[r.DOF.Kernel.MaxForegroundRadius:0.025]]
[2020.02.10-02.05.28:434][  0]LogConfig: Setting CVar [[r.DOF.Kernel.MaxBackgroundRadius:0.025]]
[2020.02.10-02.05.28:434][  0]LogConfig: Applying CVar settings from Section [TextureQuality@3] File [C:/Users/wonji/Desktop/UnrealProjects/UnrealBook/BookPractice/Saved/Config/Windows/Scalability.ini]
[2020.02.10-02.05.28:434][  0]LogConfig: Setting CVar [[r.Streaming.MipBias:0]]
[2020.02.10-02.05.28:434][  0]LogConfig: Setting CVar [[r.Streaming.AmortizeCPUToGPUCopy:0]]
[2020.02.10-02.05.28:434][  0]LogConfig: Setting CVar [[r.Streaming.MaxNumTexturesToStreamPerFrame:0]]
[2020.02.10-02.05.28:434][  0]LogConfig: Setting CVar [[r.Streaming.Boost:1]]
[2020.02.10-02.05.28:434][  0]LogConfig: Setting CVar [[r.MaxAnisotropy:8]]
[2020.02.10-02.05.28:434][  0]LogConfig: Setting CVar [[r.Streaming.LimitPoolSizeToVRAM:0]]
[2020.02.10-02.05.28:434][  0]LogConfig: Setting CVar [[r.Streaming.PoolSize:1000]]
[2020.02.10-02.05.28:434][  0]LogConfig: Setting CVar [[r.Streaming.MaxEffectiveScreenSize:0]]
[2020.02.10-02.05.28:434][  0]LogConfig: Applying CVar settings from Section [EffectsQuality@3] File [C:/Users/wonji/Desktop/UnrealProjects/UnrealBook/BookPractice/Saved/Config/Windows/Scalability.ini]
[2020.02.10-02.05.28:434][  0]LogConfig: Setting CVar [[r.TranslucencyLightingVolumeDim:64]]
[2020.02.10-02.05.28:434][  0]LogConfig: Setting CVar [[r.RefractionQuality:2]]
[2020.02.10-02.05.28:435][  0]LogConfig: Setting CVar [[r.SSR.Quality:3]]
[2020.02.10-02.05.28:435][  0]LogConfig: Setting CVar [[r.SceneColorFormat:4]]
[2020.02.10-02.05.28:435][  0]LogConfig: Setting CVar [[r.DetailMode:2]]
[2020.02.10-02.05.28:435][  0]LogConfig: Setting CVar [[r.TranslucencyVolumeBlur:1]]
[2020.02.10-02.05.28:435][  0]LogConfig: Setting CVar [[r.MaterialQualityLevel:1 ; High quality]]
[2020.02.10-02.05.28:435][  0]LogConfig: Setting CVar [[r.SSS.Scale:1]]
[2020.02.10-02.05.28:435][  0]LogConfig: Setting CVar [[r.SSS.SampleSet:2]]
[2020.02.10-02.05.28:435][  0]LogConfig: Setting CVar [[r.SSS.Quality:1]]
[2020.02.10-02.05.28:435][  0]LogConfig: Setting CVar [[r.SSS.HalfRes:1]]
[2020.02.10-02.05.28:435][  0]LogConfig: Setting CVar [[r.EmitterSpawnRateScale:1.0]]
[2020.02.10-02.05.28:435][  0]LogConfig: Setting CVar [[r.ParticleLightQuality:2]]
[2020.02.10-02.05.28:435][  0]LogConfig: Applying CVar settings from Section [FoliageQuality@3] File [C:/Users/wonji/Desktop/UnrealProjects/UnrealBook/BookPractice/Saved/Config/Windows/Scalability.ini]
[2020.02.10-02.05.28:435][  0]LogConfig: Setting CVar [[foliage.DensityScale:1.0]]
[2020.02.10-02.05.28:435][  0]LogConfig: Setting CVar [[grass.DensityScale:1.0]]
[2020.02.10-02.05.28:435][  0]LogConfig: Applying CVar settings from Section [Startup] File [../../../Engine/Config/ConsoleVariables.ini]
[2020.02.10-02.05.28:440][  0]LogConfig: Setting CVar [[net.UseAdaptiveNetUpdateFrequency:0]]
[2020.02.10-02.05.28:440][  0]LogConfig: Setting CVar [[p.chaos.AllowCreatePhysxBodies:1]]
[2020.02.10-02.05.28:440][  0]LogConfig: Applying CVar settings from Section [ConsoleVariables] File [C:/Users/wonji/Desktop/UnrealProjects/UnrealBook/BookPractice/Saved/Config/Windows/Engine.ini]
[2020.02.10-02.05.28:440][  0]LogInit: Computer: LAPTOP-1UG54T2R
[2020.02.10-02.05.28:440][  0]LogInit: User: wonji
[2020.02.10-02.05.28:440][  0]LogInit: CPU Page size=4096, Cores=6
[2020.02.10-02.05.28:440][  0]LogInit: High frequency timer resolution =10.000000 MHz
[2020.02.10-02.05.28:441][  0]LogMemory: Memory total: Physical=15.9GB (16GB approx)
[2020.02.10-02.05.28:441][  0]LogMemory: Platform Memory Stats for Windows
[2020.02.10-02.05.28:441][  0]LogMemory: Process Physical Memory: 98.50 MB used, 98.50 MB peak
[2020.02.10-02.05.28:441][  0]LogMemory: Process Virtual Memory: 89.69 MB used, 89.69 MB peak
[2020.02.10-02.05.28:441][  0]LogMemory: Physical Memory: 5827.08 MB used,  10455.13 MB free, 16282.21 MB total
[2020.02.10-02.05.28:441][  0]LogMemory: Virtual Memory: 4660.59 MB used,  134213064.00 MB free, 134217728.00 MB total
[2020.02.10-02.05.28:647][  0]LogInit: Using OS detected language (ko-KR).
[2020.02.10-02.05.28:647][  0]LogInit: Using OS detected locale (ko-KR).
[2020.02.10-02.05.28:648][  0]LogTextLocalizationManager: No specific localization for 'ko-KR' exists, so the 'ko' localization will be used.
[2020.02.10-02.05.28:832][  0]LogInit: Setting process to per monitor DPI aware
[2020.02.10-02.05.28:936][  0]LogSlate: New Slate User Created.  User Index 0, Is Virtual User: 0
[2020.02.10-02.05.28:936][  0]LogSlate: Slate User Registered.  User Index 0, Is Virtual User: 0
[2020.02.10-02.05.31:167][  0]LogHMD: Failed to initialize OpenVR with code 110
[2020.02.10-02.05.31:167][  0]LogD3D11RHI: D3D11 adapters:
[2020.02.10-02.05.31:238][  0]LogD3D11RHI:    0. 'NVIDIA GeForce RTX 2080 with Max-Q Design' (Feature Level 11_0)
[2020.02.10-02.05.31:238][  0]LogD3D11RHI:       8010/0/8141 MB DedicatedVideo/DedicatedSystem/SharedSystem, Outputs:2, VendorId:0x10de
[2020.02.10-02.05.31:257][  0]LogD3D11RHI:    1. 'Intel(R) UHD Graphics 630' (Feature Level 11_0)
[2020.02.10-02.05.31:257][  0]LogD3D11RHI:       128/0/8141 MB DedicatedVideo/DedicatedSystem/SharedSystem, Outputs:0, VendorId:0x8086
[2020.02.10-02.05.31:259][  0]LogD3D11RHI:    2. 'Microsoft Basic Render Driver' (Feature Level 11_0)
[2020.02.10-02.05.31:259][  0]LogD3D11RHI:       0/0/8141 MB DedicatedVideo/DedicatedSystem/SharedSystem, Outputs:0, VendorId:0x1414
[2020.02.10-02.05.31:259][  0]LogD3D11RHI: Chosen D3D11 Adapter: 0
[2020.02.10-02.05.31:294][  0]LogD3D11RHI: Creating new Direct3DDevice
[2020.02.10-02.05.31:294][  0]LogD3D11RHI:     GPU DeviceId: 0x1e90 (for the marketing name, search the web for "GPU Device Id")
[2020.02.10-02.05.31:294][  0]LogWindows: EnumDisplayDevices:
[2020.02.10-02.05.31:294][  0]LogWindows:    0. 'Intel(R) UHD Graphics 630' (P:1 D:1)
[2020.02.10-02.05.31:294][  0]LogWindows:    1. 'Intel(R) UHD Graphics 630' (P:0 D:0)
[2020.02.10-02.05.31:294][  0]LogWindows:    2. 'Intel(R) UHD Graphics 630' (P:0 D:0)
[2020.02.10-02.05.31:295][  0]LogWindows:    3. 'NVIDIA GeForce RTX 2080 with Max-Q Design' (P:0 D:1)
[2020.02.10-02.05.31:295][  0]LogWindows:    4. 'NVIDIA GeForce RTX 2080 with Max-Q Design' (P:0 D:0)
[2020.02.10-02.05.31:295][  0]LogWindows:    5. 'NVIDIA GeForce RTX 2080 with Max-Q Design' (P:0 D:0)
[2020.02.10-02.05.31:295][  0]LogWindows:    6. 'NVIDIA GeForce RTX 2080 with Max-Q Design' (P:0 D:0)
[2020.02.10-02.05.31:296][  0]LogWindows: DebugString: PrimaryIsNotTheChoosenAdapter PrimaryIsNotTheChoosenAdapter PrimaryIsNotTheChoosenAdapter FoundDriverCount:4 
[2020.02.10-02.05.31:296][  0]LogD3D11RHI:     Adapter Name: NVIDIA GeForce RTX 2080 with Max-Q Design
[2020.02.10-02.05.31:296][  0]LogD3D11RHI:   Driver Version: 425.45 (internal:25.21.14.2545, unified:425.45)
[2020.02.10-02.05.31:296][  0]LogD3D11RHI:      Driver Date: 4-23-2019
[2020.02.10-02.05.31:296][  0]LogRHI: Texture pool is 5607 MB (70% of 8010 MB)
[2020.02.10-02.05.31:337][  0]LogD3D11RHI: Async texture creation enabled
[2020.02.10-02.05.31:344][  0]LogRendererCore: FGlobalReadBuffer::InitRHI
[2020.02.10-02.05.31:345][  0]LogRendererCore: FGlobalReadBuffer::InitRHI
[2020.02.10-02.05.31:345][  0]LogRendererCore: FGlobalReadBuffer::InitRHI
[2020.02.10-02.05.31:360][  0]LogD3D11RHI: GPU Timing Frequency: 1000.000000 (Debug: 2 2)
[2020.02.10-02.05.31:773][  0]LogTemp: Display: Module 'AllDesktopTargetPlatform' loaded TargetPlatform 'AllDesktop'
[2020.02.10-02.05.31:787][  0]LogTemp: Display: Module 'MacClientTargetPlatform' loaded TargetPlatform 'MacClient'
[2020.02.10-02.05.31:800][  0]LogTemp: Display: Module 'MacNoEditorTargetPlatform' loaded TargetPlatform 'MacNoEditor'
[2020.02.10-02.05.31:814][  0]LogTemp: Display: Module 'MacServerTargetPlatform' loaded TargetPlatform 'MacServer'
[2020.02.10-02.05.31:832][  0]LogTemp: Display: Module 'MacTargetPlatform' loaded TargetPlatform 'Mac'
[2020.02.10-02.05.31:846][  0]LogTemp: Display: Module 'WindowsClientTargetPlatform' loaded TargetPlatform 'WindowsClient'
[2020.02.10-02.05.31:860][  0]LogTemp: Display: Module 'WindowsNoEditorTargetPlatform' loaded TargetPlatform 'WindowsNoEditor'
[2020.02.10-02.05.31:875][  0]LogTemp: Display: Module 'WindowsServerTargetPlatform' loaded TargetPlatform 'WindowsServer'
[2020.02.10-02.05.31:883][  0]LogTemp: Display: Module 'WindowsTargetPlatform' loaded TargetPlatform 'Windows'
[2020.02.10-02.05.31:968][  0]LogTemp: Display: Module 'AndroidTargetPlatform' loaded TargetPlatform 'Android'
[2020.02.10-02.05.31:968][  0]LogTemp: Display: Module 'AndroidTargetPlatform' loaded TargetPlatform 'Android_ASTC'
[2020.02.10-02.05.31:968][  0]LogTemp: Display: Module 'AndroidTargetPlatform' loaded TargetPlatform 'Android_ATC'
[2020.02.10-02.05.31:968][  0]LogTemp: Display: Module 'AndroidTargetPlatform' loaded TargetPlatform 'Android_DXT'
[2020.02.10-02.05.31:968][  0]LogTemp: Display: Module 'AndroidTargetPlatform' loaded TargetPlatform 'Android_ETC1'
[2020.02.10-02.05.31:968][  0]LogTemp: Display: Module 'AndroidTargetPlatform' loaded TargetPlatform 'Android_ETC1a'
[2020.02.10-02.05.31:968][  0]LogTemp: Display: Module 'AndroidTargetPlatform' loaded TargetPlatform 'Android_ETC2'
[2020.02.10-02.05.31:968][  0]LogTemp: Display: Module 'AndroidTargetPlatform' loaded TargetPlatform 'Android_PVRTC'
[2020.02.10-02.05.31:968][  0]LogTemp: Display: Module 'AndroidTargetPlatform' loaded TargetPlatform 'AndroidClient'
[2020.02.10-02.05.31:968][  0]LogTemp: Display: Module 'AndroidTargetPlatform' loaded TargetPlatform 'Android_ASTCClient'
[2020.02.10-02.05.31:968][  0]LogTemp: Display: Module 'AndroidTargetPlatform' loaded TargetPlatform 'Android_ATCClient'
[2020.02.10-02.05.31:968][  0]LogTemp: Display: Module 'AndroidTargetPlatform' loaded TargetPlatform 'Android_DXTClient'
[2020.02.10-02.05.31:968][  0]LogTemp: Display: Module 'AndroidTargetPlatform' loaded TargetPlatform 'Android_ETC1Client'
[2020.02.10-02.05.31:968][  0]LogTemp: Display: Module 'AndroidTargetPlatform' loaded TargetPlatform 'Android_ETC1aClient'
[2020.02.10-02.05.31:968][  0]LogTemp: Display: Module 'AndroidTargetPlatform' loaded TargetPlatform 'Android_ETC2Client'
[2020.02.10-02.05.31:968][  0]LogTemp: Display: Module 'AndroidTargetPlatform' loaded TargetPlatform 'Android_PVRTCClient'
[2020.02.10-02.05.31:968][  0]LogTemp: Display: Module 'AndroidTargetPlatform' loaded TargetPlatform 'Android_Multi'
[2020.02.10-02.05.31:968][  0]LogTemp: Display: Module 'AndroidTargetPlatform' loaded TargetPlatform 'Android_MultiClient'
[2020.02.10-02.05.31:971][  0]LogTemp: Display: Module 'HTML5TargetPlatform' loaded TargetPlatform 'HTML5'
[2020.02.10-02.05.32:032][  0]LogTemp: Display: Module 'IOSTargetPlatform' loaded TargetPlatform 'IOSClient'
[2020.02.10-02.05.32:032][  0]LogTemp: Display: Module 'IOSTargetPlatform' loaded TargetPlatform 'IOS'
[2020.02.10-02.05.32:057][  0]LogTemp: Display: Module 'TVOSTargetPlatform' loaded TargetPlatform 'TVOSClient'
[2020.02.10-02.05.32:057][  0]LogTemp: Display: Module 'TVOSTargetPlatform' loaded TargetPlatform 'TVOS'
[2020.02.10-02.05.32:069][  0]LogTemp: Display: Module 'LinuxClientTargetPlatform' loaded TargetPlatform 'LinuxClient'
[2020.02.10-02.05.32:084][  0]LogTemp: Display: Module 'LinuxNoEditorTargetPlatform' loaded TargetPlatform 'LinuxNoEditor'
[2020.02.10-02.05.32:096][  0]LogTemp: Display: Module 'LinuxServerTargetPlatform' loaded TargetPlatform 'LinuxServer'
[2020.02.10-02.05.32:116][  0]LogTemp: Display: Module 'LinuxTargetPlatform' loaded TargetPlatform 'Linux'
[2020.02.10-02.05.32:158][  0]LogTemp: Display: Module 'LuminTargetPlatform' loaded TargetPlatform 'Lumin'
[2020.02.10-02.05.32:158][  0]LogTemp: Display: Module 'LuminTargetPlatform' loaded TargetPlatform 'LuminClient'
[2020.02.10-02.05.32:159][  0]LogTargetPlatformManager: Display: Building Assets For Windows
[2020.02.10-02.05.32:199][  0]LogAudioDebug: Display: Lib vorbis DLL was dynamically loaded.
[2020.02.10-02.05.32:300][  0]LogShaderCompilers: Guid format shader working directory is -31 characters bigger than the processId version (../../../../../../Users/wonji/Desktop/UnrealProjects/UnrealBook/BookPractice/Intermediate/Shaders/WorkingDirectory/18028/).
[2020.02.10-02.05.32:300][  0]LogShaderCompilers: Cleaned the shader compiler working directory 'C:/Users/wonji/AppData/Local/Temp/UnrealShaderWorkingDir/13EAD7CF46756B73FB1338AC897C3238/'.
[2020.02.10-02.05.32:303][  0]LogXGEController: Cleaning working directory: C:/Users/wonji/AppData/Local/Temp/UnrealXGEWorkingDir/
[2020.02.10-02.05.32:303][  0]LogXGEController: Cannot use XGE Controller as Incredibuild is not installed on this machine.
[2020.02.10-02.05.32:304][  0]LogShaderCompilers: Cannot use XGE Shader Compiler as Incredibuild is not installed on this machine.
[2020.02.10-02.05.32:304][  0]LogShaderCompilers: Display: Using Local Shader Compiler.
[2020.02.10-02.05.34:395][  0]LogDerivedDataCache: Display: Max Cache Size: 512 MB
[2020.02.10-02.05.34:488][  0]LogDerivedDataCache: Loaded boot cache 0.09s 76MB C:/Users/wonji/AppData/Local/UnrealEngine/4.22/DerivedDataCache/Boot.ddc.
[2020.02.10-02.05.34:488][  0]LogDerivedDataCache: Display: Loaded Boot cache: C:/Users/wonji/AppData/Local/UnrealEngine/4.22/DerivedDataCache/Boot.ddc
[2020.02.10-02.05.34:488][  0]LogDerivedDataCache: FDerivedDataBackendGraph:  Pak pak cache file ../../../../../../Users/wonji/Desktop/UnrealProjects/UnrealBook/BookPractice/DerivedDataCache/DDC.ddp not found, will not use a pak cache.
[2020.02.10-02.05.34:488][  0]LogDerivedDataCache: Unable to find inner node Pak for hierarchical cache Hierarchy.
[2020.02.10-02.05.34:488][  0]LogDerivedDataCache: FDerivedDataBackendGraph:  CompressedPak pak cache file ../../../../../../Users/wonji/Desktop/UnrealProjects/UnrealBook/BookPractice/DerivedDataCache/Compressed.ddp not found, will not use a pak cache.
[2020.02.10-02.05.34:488][  0]LogDerivedDataCache: Unable to find inner node CompressedPak for hierarchical cache Hierarchy.
[2020.02.10-02.05.34:508][  0]LogDerivedDataCache: Display: Pak cache opened for reading ../../../Engine/DerivedDataCache/Compressed.ddp.
[2020.02.10-02.05.34:509][  0]LogDerivedDataCache: FDerivedDataBackendGraph:  EnterprisePak pak cache file ../../../Enterprise/DerivedDataCache/Compressed.ddp not found, will not use a pak cache.
[2020.02.10-02.05.34:509][  0]LogDerivedDataCache: Unable to find inner node EnterprisePak for hierarchical cache Hierarchy.
[2020.02.10-02.05.34:521][  0]LogDerivedDataCache: Using Local data cache path C:/Users/wonji/AppData/Local/UnrealEngine/Common/DerivedDataCache: Writable
[2020.02.10-02.05.34:521][  0]LogDerivedDataCache: Shared data cache path not found in *engine.ini, will not use an Shared cache.
[2020.02.10-02.05.34:521][  0]LogDerivedDataCache: Unable to find inner node Shared for hierarchical cache Hierarchy.
[2020.02.10-02.05.34:540][  0]LogMaterial: Verifying Global Shaders for PCD3D_SM5
[2020.02.10-02.05.34:545][  0]LogSlate: Using FreeType 2.6.0
[2020.02.10-02.05.34:555][  0]LogSlate: SlateFontServices - WITH_FREETYPE: 1, WITH_HARFBUZZ: 1
[2020.02.10-02.05.34:795][  0]LogAssetRegistry: FAssetRegistry took 0.0336 seconds to start up
[2020.02.10-02.05.35:160][  0]LogInit: Selected Device Profile: [Windows]
[2020.02.10-02.05.35:428][  0]LogMeshReduction: Using QuadricMeshReduction for automatic static mesh reduction
[2020.02.10-02.05.35:428][  0]LogMeshReduction: Using SimplygonMeshReduction for automatic skeletal mesh reduction
[2020.02.10-02.05.35:428][  0]LogMeshReduction: Using ProxyLODMeshReduction for automatic mesh merging
[2020.02.10-02.05.35:428][  0]LogMeshReduction: No distributed automatic mesh merging module available
[2020.02.10-02.05.35:428][  0]LogMeshMerging: No distributed automatic mesh merging module available
[2020.02.10-02.05.35:474][  0]LogNetVersion: BookPractice 1.0.0, NetCL: 5660361, EngineNetVer: 10, GameNetVer: 0 (Checksum: 3270002839)
[2020.02.10-02.05.36:504][  0]LogPackageLocalizationCache: Processed 10 localized package path(s) for 1 prioritized culture(s) in 0.051325 seconds
[2020.02.10-02.05.36:512][  0]LogUObjectArray: 42205 objects as part of root set at end of initial load.
[2020.02.10-02.05.36:512][  0]LogUObjectAllocator: 7325032 out of 0 bytes used by permanent object pool.
[2020.02.10-02.05.36:512][  0]LogUObjectArray: CloseDisregardForGC: 0/0 objects in disregard for GC pool
[2020.02.10-02.05.39:466][  0]LogTcpMessaging: Initializing TcpMessaging bridge
[2020.02.10-02.05.39:482][  0]LogUdpMessaging: Initializing bridge on interface 0.0.0.0:0 to multicast group 230.0.0.1:6666.
[2020.02.10-02.05.40:265][  0]SourceControl: 소스 컨트롤이 꺼져 있습니다.
[2020.02.10-02.05.40:265][  0]SourceControl: 소스 컨트롤이 꺼져 있습니다.
[2020.02.10-02.05.40:274][  0]SourceControl: 소스 컨트롤이 꺼져 있습니다.
[2020.02.10-02.05.40:277][  0]SourceControl: 소스 컨트롤이 꺼져 있습니다.
[2020.02.10-02.05.40:467][  0]LogAndroidPermission: UAndroidPermissionCallbackProxy::GetInstance
[2020.02.10-02.05.40:575][  0]LogOcInput: OculusInput pre-init called
[2020.02.10-02.05.41:292][  0]LogEngine: Initializing Engine...
[2020.02.10-02.05.41:294][  0]LogHMD: Failed to initialize OpenVR with code 110
[2020.02.10-02.05.41:295][  0]LogStats: UGameplayTagsManager::InitializeManager -  0.001 s
[2020.02.10-02.05.41:661][  0]LogInit: Initializing FReadOnlyCVARCache
[2020.02.10-02.05.41:697][  0]LogAIModule: Creating AISystem for world Untitled
[2020.02.10-02.05.41:719][  0]LogInit: XAudio2 using 'Speakers(Realtek(R) Audio)' : 2 channels at 48 kHz using 32 bits per sample (channel mask 0x3)
[2020.02.10-02.05.41:841][  0]LogInit: FAudioDevice initialized.
[2020.02.10-02.05.41:841][  0]LogNetVersion: Set ProjectVersion to 1.0.0.0. Version Checksum will be recalculated on next use.
[2020.02.10-02.05.41:882][  0]LogDerivedDataCache: Saved boot cache 0.04s 76MB C:/Users/wonji/AppData/Local/UnrealEngine/4.22/DerivedDataCache/Boot.ddc.
[2020.02.10-02.05.41:889][  0]LogInit: Texture streaming: Enabled
[2020.02.10-02.05.41:914][  0]LogEngineSessionManager: EngineSessionManager initialized
[2020.02.10-02.05.41:946][  0]LogInit: Transaction tracking system initialized
[2020.02.10-02.05.42:002][  0]BlueprintLog: New page: 에디터 로드
[2020.02.10-02.05.42:182][  0]LocalizationService: 현지화 서비스가 비활성화되었습니다.
[2020.02.10-02.05.42:747][  0]LogCook: Display: Max memory allowance for cook 16384mb min free memory 0mb
[2020.02.10-02.05.42:747][  0]LogCook: Display: Mobile HDR setting 1
[2020.02.10-02.05.43:183][  0]LogFileCache: Scanning file cache for directory 'C:/Users/wonji/Desktop/UnrealProjects/UnrealBook/BookPractice/Content/' took 0.03s
[2020.02.10-02.05.43:183][  0]SourceControl: 소스 컨트롤이 꺼져 있습니다.
[2020.02.10-02.05.43:184][  0]Cmd: MAP LOAD FILE="../../../../../../Users/wonji/Desktop/UnrealProjects/UnrealBook/BookPractice/Content/ThirdPersonCPP/Maps/step2.umap" TEMPLATE=0 SHOWPROGRESS=1 FEATURELEVEL=3
[2020.02.10-02.05.43:184][  0]LightingResults: New page: 라이팅 빌드
[2020.02.10-02.05.43:191][  0]MapCheck: New page: 맵 체크
[2020.02.10-02.05.43:192][  0]LightingResults: New page: 라이팅 빌드
[2020.02.10-02.05.43:221][  0]LogUObjectHash: Compacting FUObjectHashTables data took   1.98ms
[2020.02.10-02.05.43:463][  0]LogAIModule: Creating AISystem for world step2
[2020.02.10-02.05.43:487][  0]LogEditorServer: Finished looking for orphan Actors (0.000 secs)
[2020.02.10-02.05.43:515][  0]LogUObjectHash: Compacting FUObjectHashTables data took   1.67ms
[2020.02.10-02.05.43:515][  0]Cmd: MAP CHECKDEP NOCLEARLOG
[2020.02.10-02.05.43:515][  0]MapCheck: 맵 체크 완료: 오류 0 회, 경고 0 회, 소요 시간 0.109ms.
[2020.02.10-02.05.43:515][  0]LogFileHelpers: Loading map 'step2' took 0.332
[2020.02.10-02.05.43:695][  0]LogSlate: Updating window title bar state: overlay mode, drag disabled, window buttons hidden, title bar hidden
[2020.02.10-02.05.43:701][  0]LogSlate: Updating window title bar state: overlay mode, drag disabled, window buttons hidden, title bar hidden
[2020.02.10-02.05.43:708][  0]LogSlate: Updating window title bar state: overlay mode, drag disabled, window buttons hidden, title bar hidden
[2020.02.10-02.05.43:714][  0]LogSlate: Updating window title bar state: overlay mode, drag disabled, window buttons hidden, title bar hidden
[2020.02.10-02.05.43:732][  0]LogCollectionManager: Loaded 0 collections in 0.001853 seconds
[2020.02.10-02.05.43:783][  0]LogFileCache: Scanning file cache for directory 'C:/Users/wonji/Desktop/UnrealProjects/UnrealBook/BookPractice/Saved/Collections/' took 0.01s
[2020.02.10-02.05.43:783][  0]LogFileCache: Scanning file cache for directory 'C:/Users/wonji/Desktop/UnrealProjects/UnrealBook/BookPractice/Content/Developers/wonji/Collections/' took 0.01s
[2020.02.10-02.05.43:783][  0]LogFileCache: Scanning file cache for directory 'C:/Users/wonji/Desktop/UnrealProjects/UnrealBook/BookPractice/Content/Collections/' took 0.01s
[2020.02.10-02.05.43:783][  0]LogCollectionManager: Rebuilt the GUID cache for 0 collections in 0.000000 seconds
[2020.02.10-02.05.43:793][  0]LogContentBrowser: Native class hierarchy populated in 0.0086 seconds. Added 2740 classes and 661 folders.
[2020.02.10-02.05.43:807][  0]LogContentBrowser: Native class hierarchy updated for 'WidgetCarousel' in 0.0003 seconds. Added 0 classes and 0 folders.
[2020.02.10-02.05.43:816][  0]LogPakFile: Registered encryption key '00000000000000000000000000000000': 0 pak files mounted, 0 remain pending
[2020.02.10-02.05.43:824][  0]LogPakFile: Registered encryption key '00000000000000000000000000000000': 0 pak files mounted, 0 remain pending
[2020.02.10-02.05.43:838][  0]LogPakFile: Registered encryption key '00000000000000000000000000000000': 0 pak files mounted, 0 remain pending
[2020.02.10-02.05.43:844][  0]LogPakFile: Registered encryption key '00000000000000000000000000000000': 0 pak files mounted, 0 remain pending
[2020.02.10-02.05.43:849][  0]LogPakFile: Registered encryption key '00000000000000000000000000000000': 0 pak files mounted, 0 remain pending
[2020.02.10-02.05.43:855][  0]LogPakFile: Registered encryption key '00000000000000000000000000000000': 0 pak files mounted, 0 remain pending
[2020.02.10-02.05.43:861][  0]LogPakFile: Registered encryption key '00000000000000000000000000000000': 0 pak files mounted, 0 remain pending
[2020.02.10-02.05.43:867][  0]LogPakFile: Registered encryption key '00000000000000000000000000000000': 0 pak files mounted, 0 remain pending
[2020.02.10-02.05.43:873][  0]LogPakFile: Registered encryption key '00000000000000000000000000000000': 0 pak files mounted, 0 remain pending
[2020.02.10-02.05.43:880][  0]LogPakFile: Registered encryption key '00000000000000000000000000000000': 0 pak files mounted, 0 remain pending
[2020.02.10-02.05.43:885][  0]LogPakFile: Registered encryption key '00000000000000000000000000000000': 0 pak files mounted, 0 remain pending
[2020.02.10-02.05.43:891][  0]LogPakFile: Registered encryption key '00000000000000000000000000000000': 0 pak files mounted, 0 remain pending
[2020.02.10-02.05.43:897][  0]LogPakFile: Registered encryption key '00000000000000000000000000000000': 0 pak files mounted, 0 remain pending
[2020.02.10-02.05.43:903][  0]LogPakFile: Registered encryption key '00000000000000000000000000000000': 0 pak files mounted, 0 remain pending
[2020.02.10-02.05.43:908][  0]LogPakFile: Registered encryption key '00000000000000000000000000000000': 0 pak files mounted, 0 remain pending
[2020.02.10-02.05.43:913][  0]LogPakFile: Registered encryption key '00000000000000000000000000000000': 0 pak files mounted, 0 remain pending
[2020.02.10-02.05.43:938][  0]LogPakFile: Registered encryption key '00000000000000000000000000000000': 0 pak files mounted, 0 remain pending
[2020.02.10-02.05.43:944][  0]LogPakFile: Registered encryption key '00000000000000000000000000000000': 0 pak files mounted, 0 remain pending
[2020.02.10-02.05.43:950][  0]LogPakFile: Registered encryption key '00000000000000000000000000000000': 0 pak files mounted, 0 remain pending
[2020.02.10-02.05.43:957][  0]LogPakFile: Registered encryption key '00000000000000000000000000000000': 0 pak files mounted, 0 remain pending
[2020.02.10-02.05.43:963][  0]LogPakFile: Registered encryption key '00000000000000000000000000000000': 0 pak files mounted, 0 remain pending
[2020.02.10-02.05.43:969][  0]LogPakFile: Registered encryption key '00000000000000000000000000000000': 0 pak files mounted, 0 remain pending
[2020.02.10-02.05.43:975][  0]LogPakFile: Registered encryption key '00000000000000000000000000000000': 0 pak files mounted, 0 remain pending
[2020.02.10-02.05.43:982][  0]LogPakFile: Registered encryption key '00000000000000000000000000000000': 0 pak files mounted, 0 remain pending
[2020.02.10-02.05.43:988][  0]LogPakFile: Registered encryption key '00000000000000000000000000000000': 0 pak files mounted, 0 remain pending
[2020.02.10-02.05.43:994][  0]LogPakFile: Registered encryption key '00000000000000000000000000000000': 0 pak files mounted, 0 remain pending
[2020.02.10-02.05.44:153][  0]LogContentBrowser: Native class hierarchy updated for 'AddContentDialog' in 0.0003 seconds. Added 0 classes and 0 folders.
[2020.02.10-02.05.44:167][  0]LogContentBrowser: Native class hierarchy updated for 'SceneOutliner' in 0.0003 seconds. Added 1 classes and 2 folders.
[2020.02.10-02.05.44:295][  0]LogSlate: Took 0.007968 seconds to synchronously load lazily loaded font '../../../Engine/Content/Slate/Fonts/Roboto-Regular.ttf' (155K)
[2020.02.10-02.05.44:306][  0]LogSlate: Took 0.010008 seconds to synchronously load lazily loaded font '../../../Engine/Content/Editor/Slate/Fonts/NanumGothic.ttf' (4243K)
[2020.02.10-02.05.44:315][  0]LogSlate: Took 0.008558 seconds to synchronously load lazily loaded font '../../../Engine/Content/Editor/Slate/Fonts/NanumGothicBold.ttf' (4188K)
[2020.02.10-02.05.44:320][  0]LogSlate: Took 0.005080 seconds to synchronously load lazily loaded font '../../../Engine/Content/Slate/Fonts/Roboto-Bold.ttf' (160K)
[2020.02.10-02.05.44:329][  0]LogSlate: Took 0.005493 seconds to synchronously load lazily loaded font '../../../Engine/Content/Editor/Slate/Fonts/FontAwesome.ttf' (139K)
[2020.02.10-02.05.44:507][  0]LogRenderer: Reallocating scene render targets to support 1208x572 Format 10 NumSamples 1 (Frame:1).
[2020.02.10-02.05.44:566][  0]LogSlate: Took 0.005614 seconds to synchronously load lazily loaded font '../../../Engine/Content/Slate/Fonts/Roboto-Light.ttf' (167K)
[2020.02.10-02.05.44:657][  0]LogContentBrowser: Native class hierarchy updated for 'HierarchicalLODOutliner' in 0.0003 seconds. Added 0 classes and 0 folders.
[2020.02.10-02.05.44:657][  0]LogLoad: (Engine Initialization) Total time: 20.26 seconds
[2020.02.10-02.05.44:657][  0]LogLoad: (Engine Initialization) Total Blueprint compile time: 0.00 seconds
[2020.02.10-02.05.44:718][  0]BookPractice: Warning: AFountain::PostInitializeComponents(72)
[2020.02.10-02.05.44:757][  0]LogAssetRegistry: Asset discovery search completed in 9.9848 seconds
[2020.02.10-02.05.44:761][  0]LogCollectionManager: Rebuilt the object cache for 0 collections in 0.000000 seconds (found 0 objects)
[2020.02.10-02.05.44:761][  0]LogCollectionManager: Fixed up redirectors for 0 collections in 0.000077 seconds (updated 0 objects)
[2020.02.10-02.05.44:763][  0]LogContentStreaming: Texture pool size now 1000 MB
[2020.02.10-02.05.44:814][  1]BookPractice: Warning: AABPawn::PostInitializeComponents(75)
[2020.02.10-02.06.42:963][486]LogSlate: FSceneViewport::OnFocusLost() reason 0
[2020.02.10-02.07.46:452][280]LogSlate: Took 0.004723 seconds to synchronously load lazily loaded font '../../../Engine/Content/Slate/Fonts/Roboto-Italic.ttf' (157K)
[2020.02.10-02.08.13:236][876]LogSlate: Took 0.000167 seconds to synchronously load lazily loaded font '../../../Engine/Content/Slate/Fonts/Roboto-Light.ttf' (167K)
[2020.02.10-02.08.13:244][876]LogAssetEditorManager: Opening Asset editor for SkeletalMesh /Game/InfinityBladeWarriors/Character/CompleteCharacters/SK_CharM_Cardboard.SK_CharM_Cardboard
[2020.02.10-02.08.13:258][876]LogContentBrowser: Native class hierarchy updated for 'SkeletonEditor' in 0.0003 seconds. Added 1 classes and 2 folders.
[2020.02.10-02.08.13:471][876]LogActorComponent: RegisterComponentWithWorld: (/Engine/Transient.World_5:PersistentLevel.AnimationEditorPreviewActor_0.DebugSkelMeshComponent_0) Already registered. Aborting.
[2020.02.10-02.08.13:478][876]LogContentBrowser: Native class hierarchy updated for 'PinnedCommandList' in 0.0003 seconds. Added 1 classes and 0 folders.
[2020.02.10-02.08.14:006][876]LogRenderer: Reallocating scene render targets to support 1208x884 Format 10 NumSamples 1 (Frame:1).
[2020.02.10-02.08.23:928][461]LogAssetEditorManager: Opening Asset editor for Skeleton /Game/InfinityBladeWarriors/Character/CompleteCharacters/SK_Mannequin_Skeleton.SK_Mannequin_Skeleton
[2020.02.10-02.08.23:942][461]LogActorComponent: RegisterComponentWithWorld: (/Engine/Transient.World_8:PersistentLevel.AnimationEditorPreviewActor_0.DebugSkelMeshComponent_0) Already registered. Aborting.
[2020.02.10-02.09.45:853][344]LogTexture: Display: 텍스처 빌드: T_Blade_BlackKnight_Sword1_M (AutoDXT, 256X256)
[2020.02.10-02.09.45:853][344]LogTexture: Display: 텍스처 빌드: T_Blade_BlackKnight_Sword2_M (AutoDXT, 256X256)
[2020.02.10-02.09.45:853][344]LogTexture: Display: 텍스처 빌드: T_Blade_BlackKnight_Sword2_N (BC5, 256X256)
[2020.02.10-02.09.45:853][344]LogTexture: Display: 텍스처 빌드: T_Blade_BlackKnight_Sword1_D (AutoDXT, 256X256)
[2020.02.10-02.09.45:853][344]LogTexture: Display: 텍스처 빌드: T_Blade_BlackKnight_Sword1_N (BC5, 256X256)
[2020.02.10-02.09.45:853][344]LogTexture: Display: 텍스처 빌드: T_Blade_BlackKnight_Sword2_D (AutoDXT, 256X256)
[2020.02.10-02.09.45:853][344]LogSkeletalMesh: Building Skeletal Mesh SK_Blade_BlackKnight...
[2020.02.10-02.09.45:855][344]LogSkeletalMesh: Built Skeletal Mesh [0.00s] /Game/InfinityBladeWeapons/Weapons/Blade/Swords/Blade_BlackKnight/SK_Blade_BlackKnight.SK_Blade_BlackKnight
[2020.02.10-02.09.45:911][344]LogMaterial: Display: Missing cached shader map for material M_Blade_BlackKnight, compiling. 
[2020.02.10-02.09.45:981][344]LogShaderCompilers: Display: Shaders left to compile 60
[2020.02.10-02.09.45:981][344]LogShaderCompilers: Display: Shaders left to compile 50
[2020.02.10-02.09.45:981][344]LogShaderCompilers: Display: Shaders left to compile 40
[2020.02.10-02.09.45:981][344]LogShaderCompilers: Display: Shaders left to compile 30
[2020.02.10-02.09.45:981][344]LogShaderCompilers: Display: Shaders left to compile 20
[2020.02.10-02.09.45:981][344]LogShaderCompilers: Display: Shaders left to compile 10
[2020.02.10-02.09.45:981][344]LogSlate: Warning: Legacy localized fallback font '../../../Engine/Content/Slate/Fonts/../../Editor/Slate/Fonts/NanumGothic.ttf' was requested. Font: '/Engine/EngineFonts/Faces/RobotoRegular.RobotoRegular', Character: '셰 (U+c170)'
Legacy localized fallback fonts were deprecated in 4.22 and will be removed in a future version!
Please update your composite fonts to use localized sub-font families: https://docs.unrealengine.com/en-US/Engine/UMG/UserGuide/Fonts/Overview
[2020.02.10-02.09.45:983][344]LogSlate: Took 0.001530 seconds to synchronously load lazily loaded font '../../../Engine/Content/Slate/Fonts/../../Editor/Slate/Fonts/NanumGothic.ttf' (4243K)
[2020.02.10-02.16.15:687][504]LogAssetEditorManager: Opening Asset editor for Class /Script/BookPractice.ABCharacter
[2020.02.10-02.16.41:337][566]LogUObjectHash: Compacting FUObjectHashTables data took   1.69ms
[2020.02.10-02.16.41:337][566]LogFileHelpers: Editor autosave (incl. sublevels) for '/Game/ThirdPersonCPP/Maps/step2' took 0.030
[2020.02.10-02.16.41:339][566]OBJ SavePackage: Generating thumbnails for [0] asset(s) in package [/Game/InfinityBladeWarriors/Character/CompleteCharacters/SK_Mannequin_Skeleton] ([1] browsable assets)...
[2020.02.10-02.16.41:339][566]OBJ SavePackage: Finished generating thumbnails for package [/Game/InfinityBladeWarriors/Character/CompleteCharacters/SK_Mannequin_Skeleton]
[2020.02.10-02.16.41:368][566]LogSavePackage: Moving '../../../../../../Users/wonji/Desktop/UnrealProjects/UnrealBook/BookPractice/Saved/SK_Mannequin_Skeleton_Auto1154A32A34F46E4DDF2BC74A0AB95507E.tmp' to '../../../../../../Users/wonji/Desktop/UnrealProjects/UnrealBook/BookPractice/Saved/Autosaves/Game/InfinityBladeWarriors/Character/CompleteCharacters/SK_Mannequin_Skeleton_Auto1.uasset'
[2020.02.10-02.16.41:371][566]LogFileHelpers: Auto-saving content packages took 0.032
[2020.02.10-02.22.31:163][822]LogSlate: Window 'SK_Mannequin_Skeleton' being destroyed
[2020.02.10-02.22.31:166][822]LogSlate: Window 'SK_Mannequin_Skeleton' being destroyed
[2020.02.10-02.22.33:188][923]Candidate modules for hot reload:
[2020.02.10-02.22.33:188][923]  BookPractice
[2020.02.10-02.22.33:188][923]Launching UnrealBuildTool... [C:/Program Files/Epic Games/UE_4.22/Engine/Binaries/DotNET/UnrealBuildTool.exe  -ModuleWithSuffix=BookPractice,2307 Win64 Development -TargetType=Editor -Project="C:/Users/wonji/Desktop/UnrealProjects/UnrealBook/BookPractice/BookPractice.uproject" "C:/Users/wonji/Desktop/UnrealProjects/UnrealBook/BookPractice/BookPractice.uproject"  -IgnoreJunk]
[2020.02.10-02.22.33:190][923]Warning: Starting HotReload took  0.1s.
[2020.02.10-02.23.00:930][583]CompilerResultsLog: New page: 컴파일 - 2020. 2. 10. 오후 8:23:00
[2020.02.10-02.23.00:930][583]CompilerResultsLog: Using 'git status' to determine working set for adaptive non-unity build (C:\Users\wonji\Desktop\UnrealProjects\UnrealBook).
[2020.02.10-02.23.00:930][583]CompilerResultsLog: Creating makefile for BookPracticeEditor (ini files are newer than makefile)
[2020.02.10-02.23.00:930][583]CompilerResultsLog: Parsing headers for BookPracticeEditor
[2020.02.10-02.23.00:930][583]CompilerResultsLog:   Running UnrealHeaderTool "C:\Users\wonji\Desktop\UnrealProjects\UnrealBook\BookPractice\BookPractice.uproject" "C:\Users\wonji\Desktop\UnrealProjects\UnrealBook\BookPractice\Intermediate\Build\Win64\BookPracticeEditor\Development\BookPracticeEditor.uhtmanifest" -LogCmds="loginit warning, logexit warning, logdatabase error" -Unattended -WarningsAsErrors -installed
[2020.02.10-02.23.00:930][583]CompilerResultsLog: Reflection code generated for BookPracticeEditor in 19.1308797 seconds
[2020.02.10-02.23.00:930][583]CompilerResultsLog: Using Visual Studio 2019 14.24.28314 toolchain (C:\Program Files (x86)\Microsoft Visual Studio\2019\Community\VC\Tools\MSVC\14.24.28314) and Windows 10.0.18362.0 SDK (C:\Program Files (x86)\Windows Kits\10).
[2020.02.10-02.23.00:930][583]CompilerResultsLog: Building 7 actions with 12 processes...
[2020.02.10-02.23.00:930][583]CompilerResultsLog:   [1/7] BookPractice.init.gen.cpp
[2020.02.10-02.23.00:930][583]CompilerResultsLog:   [2/7] ABGameMode.cpp
[2020.02.10-02.23.00:930][583]CompilerResultsLog:   [3/7] ABCharacter.gen.cpp
[2020.02.10-02.23.00:930][583]CompilerResultsLog:   [4/7] ABCharacter.cpp
[2020.02.10-02.23.00:931][583]CompilerResultsLog:   [5/7] UE4Editor-BookPractice-2307.lib
[2020.02.10-02.23.00:931][583]CompilerResultsLog:      C:\Users\wonji\Desktop\UnrealProjects\UnrealBook\BookPractice\Intermediate\Build\Win64\UE4Editor\Development\BookPractice\UE4Editor-BookPractice-2307.lib ???̺귯?? ?? C:\Users\wonji\Desktop\UnrealProjects\UnrealBook\BookPractice\Intermediate\Build\Win64\UE4Editor\Development\BookPractice\UE4Editor-BookPractice-2307.exp ??ü?? ?????ϰ? ?ֽ??ϴ?.
[2020.02.10-02.23.00:931][583]CompilerResultsLog:   [6/7] UE4Editor-BookPractice-2307.dll
[2020.02.10-02.23.00:931][583]CompilerResultsLog:      C:\Users\wonji\Desktop\UnrealProjects\UnrealBook\BookPractice\Intermediate\Build\Win64\UE4Editor\Development\BookPractice\UE4Editor-BookPractice-2307.suppressed.lib ???̺귯?? ?? C:\Users\wonji\Desktop\UnrealProjects\UnrealBook\BookPractice\Intermediate\Build\Win64\UE4Editor\Development\BookPractice\UE4Editor-BookPractice-2307.suppressed.exp ??ü?? ?????ϰ? ?ֽ??ϴ?.
[2020.02.10-02.23.00:931][583]CompilerResultsLog:   [7/7] BookPracticeEditor.target
[2020.02.10-02.23.00:931][583]CompilerResultsLog: Total time in Parallel executor: 6.04 seconds
[2020.02.10-02.23.00:931][583]CompilerResultsLog: Total execution time: 27.65 seconds
[2020.02.10-02.23.00:931][583]LogMainFrame: MainFrame: Module compiling took 27.745 seconds
[2020.02.10-02.23.00:963][583]LogUObjectHash: Compacting FUObjectHashTables data took   1.93ms
[2020.02.10-02.23.00:981][583]LogClass: Could not find existing class ABCharacter in package /Script/BookPractice for HotReload, assuming new class
[2020.02.10-02.23.00:981][583]LogClass: Function OnAttackMontageEnded is new.
[2020.02.10-02.23.00:992][583]LogHotReload: Re-instancing ABCharacter after hot-reload.
[2020.02.10-02.23.01:234][583]LogContentBrowser: Native class hierarchy updated for 'BookPractice' in 0.0003 seconds. Added 8 classes and 2 folders.
[2020.02.10-02.23.01:236][583]Display: HotReload successful (2 functions remapped  0 scriptstructs remapped)
[2020.02.10-02.23.01:435][583]LogUObjectHash: Compacting FUObjectHashTables data took   1.29ms
[2020.02.10-02.23.01:445][583]LogContentBrowser: Native class hierarchy populated in 0.0066 seconds. Added 2742 classes and 665 folders.
[2020.02.10-02.23.01:445][583]Display: HotReload took 28.3s.
[2020.02.10-02.23.04:513][761]LogSlate: FSceneViewport::OnFocusLost() reason 0
[2020.02.10-02.23.04:596][766]LogTemp: Repeating last play command: 선택된 뷰포트
[2020.02.10-02.23.04:614][766]LogBlueprintUserMessages: Early PlayInEditor Detection: Level '/Game/ThirdPersonCPP/Maps/step2.step2:PersistentLevel' has LevelScriptBlueprint '/Game/ThirdPersonCPP/Maps/step2.step2:PersistentLevel.step2' with GeneratedClass '/Game/ThirdPersonCPP/Maps/step2.step2_C' with ClassGeneratedBy '/Game/ThirdPersonCPP/Maps/step2.step2:PersistentLevel.step2'
[2020.02.10-02.23.04:615][766]LogPlayLevel: PlayLevel: No blueprints needed recompiling
[2020.02.10-02.23.04:615][766]PIE: New page: PIE 세션: step2 (2020. 2. 10. 오후 8:23:04)
[2020.02.10-02.23.04:627][766]LogPlayLevel: Creating play world package: /Game/ThirdPersonCPP/Maps/UEDPIE_0_step2
[2020.02.10-02.23.04:630][766]LogPlayLevel: PIE: StaticDuplicateObject took: (0.002393s)
[2020.02.10-02.23.04:630][766]LogAIModule: Creating AISystem for world step2
[2020.02.10-02.23.04:630][766]LogPlayLevel: PIE: World Init took: (0.000551s)
[2020.02.10-02.23.04:630][766]LogPlayLevel: PIE: Created PIE world by copying editor world from /Game/ThirdPersonCPP/Maps/step2.step2 to /Game/ThirdPersonCPP/Maps/UEDPIE_0_step2.step2 (0.003227s)
[2020.02.10-02.23.04:655][766]LogUObjectHash: Compacting FUObjectHashTables data took   0.86ms
[2020.02.10-02.23.04:661][766]LogInit: XAudio2 using 'Speakers(Realtek(R) Audio)' : 2 channels at 48 kHz using 32 bits per sample (channel mask 0x3)
[2020.02.10-02.23.04:672][766]LogInit: FAudioDevice initialized.
[2020.02.10-02.23.04:709][766]LogLoad: Game class is 'ABGameMode'
[2020.02.10-02.23.04:710][766]LogWorld: Bringing World /Game/ThirdPersonCPP/Maps/UEDPIE_0_step2.step2 up for play (max tick rate 60) at 2020.02.10-11.23.04
[2020.02.10-02.23.04:710][766]BookPractice: Warning: AFountain::PostInitializeComponents(72)
[2020.02.10-02.23.04:712][766]LogWorld: Bringing up level for play took: 0.002937
[2020.02.10-02.23.04:724][766]BookPractice: Warning: AABPlayerController::PostInitializeComponents(9)
[2020.02.10-02.23.04:725][766]BookPractice: Warning: AABGameMode::PostLogin(14)PostLogin Begin
[2020.02.10-02.23.04:748][766]LogContentBrowser: Native class hierarchy updated for 'MovieSceneCapture' in 0.0004 seconds. Added 20 classes and 0 folders.
[2020.02.10-02.23.04:750][766]BookPractice: Warning: AABPlayerController::OnPossess(13)
[2020.02.10-02.23.04:751][766]BookPractice: Warning: AABGameMode::PostLogin(16)PostLogin End
[2020.02.10-02.23.04:751][766]BookPractice: Warning: AFountain::BeginPlay(52)
[2020.02.10-02.23.04:751][766]BookPractice: Warning: AFountain::BeginPlay(53)ActorName : Fountain1, ID : 0, Location X : 100.000
[2020.02.10-02.23.04:751][766]PIE: /Game/ThirdPersonCPP/Maps/UEDPIE_0_step2 에 대한 에디터에서 플레이 시작 시간: -0.619
[2020.02.10-02.23.04:751][766]LogBlueprintUserMessages: Late PlayInEditor Detection: Level '/Game/ThirdPersonCPP/Maps/step2.step2:PersistentLevel' has LevelScriptBlueprint '/Game/ThirdPersonCPP/Maps/step2.step2:PersistentLevel.step2' with GeneratedClass '/Game/ThirdPersonCPP/Maps/step2.step2_C' with ClassGeneratedBy '/Game/ThirdPersonCPP/Maps/step2.step2:PersistentLevel.step2'
[2020.02.10-02.23.07:243][912]BookPractice: Warning: AABCharacter::PostInitializeComponents::<lambda_82f921fcacf014becd6108155e09a7a0>::operator ()(223)ONNextAttackCheck
[2020.02.10-02.23.07:593][933]BookPractice: Warning: AABCharacter::PostInitializeComponents::<lambda_82f921fcacf014becd6108155e09a7a0>::operator ()(223)ONNextAttackCheck
[2020.02.10-02.23.08:209][970]BookPractice: Warning: AABCharacter::PostInitializeComponents::<lambda_82f921fcacf014becd6108155e09a7a0>::operator ()(223)ONNextAttackCheck
[2020.02.10-02.23.11:626][175]BookPractice: Warning: AABCharacter::AttackCheck(287)Hit Actor Name: ABCharacter_1
[2020.02.10-02.23.11:626][175]BookPractice: Warning: AABCharacter::TakeDamage(297)Actor : ABCharacter_1 took Damage : 50.000000
[2020.02.10-02.23.11:843][188]BookPractice: Warning: AABCharacter::PostInitializeComponents::<lambda_82f921fcacf014becd6108155e09a7a0>::operator ()(223)ONNextAttackCheck
[2020.02.10-02.23.12:193][209]BookPractice: Warning: AABCharacter::PostInitializeComponents::<lambda_82f921fcacf014becd6108155e09a7a0>::operator ()(223)ONNextAttackCheck
[2020.02.10-02.23.12:810][246]BookPractice: Warning: AABCharacter::PostInitializeComponents::<lambda_82f921fcacf014becd6108155e09a7a0>::operator ()(223)ONNextAttackCheck
[2020.02.10-02.23.15:111][384]BookPractice: Warning: AABCharacter::PostInitializeComponents::<lambda_82f921fcacf014becd6108155e09a7a0>::operator ()(223)ONNextAttackCheck
[2020.02.10-02.23.15:460][405]BookPractice: Warning: AABCharacter::PostInitializeComponents::<lambda_82f921fcacf014becd6108155e09a7a0>::operator ()(223)ONNextAttackCheck
[2020.02.10-02.23.16:076][442]BookPractice: Warning: AABCharacter::PostInitializeComponents::<lambda_82f921fcacf014becd6108155e09a7a0>::operator ()(223)ONNextAttackCheck
[2020.02.10-02.23.18:845][608]LogBlueprintUserMessages: Early EndPlayMap Detection: Level '/Game/ThirdPersonCPP/Maps/step2.step2:PersistentLevel' has LevelScriptBlueprint '/Game/ThirdPersonCPP/Maps/step2.step2:PersistentLevel.step2' with GeneratedClass '/Game/ThirdPersonCPP/Maps/step2.step2_C' with ClassGeneratedBy '/Game/ThirdPersonCPP/Maps/step2.step2:PersistentLevel.step2'
[2020.02.10-02.23.18:845][608]LogSlate: Updating window title bar state: overlay mode, drag disabled, window buttons hidden, title bar hidden
[2020.02.10-02.23.18:845][608]BookPractice: Warning: AFountain::EndPlay(67)
[2020.02.10-02.23.18:877][608]LogPlayLevel: Display: Shutting down PIE online subsystems
[2020.02.10-02.23.18:877][608]LogBlueprintUserMessages: Late EndPlayMap Detection: Level '/Game/ThirdPersonCPP/Maps/step2.step2:PersistentLevel' has LevelScriptBlueprint '/Game/ThirdPersonCPP/Maps/step2.step2:PersistentLevel.step2' with GeneratedClass '/Game/ThirdPersonCPP/Maps/step2.step2_C' with ClassGeneratedBy '/Game/ThirdPersonCPP/Maps/step2.step2:PersistentLevel.step2'
[2020.02.10-02.23.18:933][608]LogSlate: Updating window title bar state: overlay mode, drag disabled, window buttons hidden, title bar hidden
[2020.02.10-02.23.18:936][608]LogUObjectHash: Compacting FUObjectHashTables data took   1.29ms
[2020.02.10-02.23.18:956][609]LogPlayLevel: Display: Destroying online subsystem :Context_10
[2020.02.10-02.23.20:786][718]LogSlate: FSceneViewport::OnFocusLost() reason 0
[2020.02.10-02.23.20:852][722]LogTemp: Repeating last play command: 선택된 뷰포트
[2020.02.10-02.23.20:869][722]LogBlueprintUserMessages: Early PlayInEditor Detection: Level '/Game/ThirdPersonCPP/Maps/step2.step2:PersistentLevel' has LevelScriptBlueprint '/Game/ThirdPersonCPP/Maps/step2.step2:PersistentLevel.step2' with GeneratedClass '/Game/ThirdPersonCPP/Maps/step2.step2_C' with ClassGeneratedBy '/Game/ThirdPersonCPP/Maps/step2.step2:PersistentLevel.step2'
[2020.02.10-02.23.20:869][722]LogPlayLevel: PlayLevel: No blueprints needed recompiling
[2020.02.10-02.23.20:869][722]PIE: New page: PIE 세션: step2 (2020. 2. 10. 오후 8:23:20)
[2020.02.10-02.23.20:869][722]LogPlayLevel: Creating play world package: /Game/ThirdPersonCPP/Maps/UEDPIE_0_step2
[2020.02.10-02.23.20:871][722]LogPlayLevel: PIE: StaticDuplicateObject took: (0.002012s)
[2020.02.10-02.23.20:871][722]LogAIModule: Creating AISystem for world step2
[2020.02.10-02.23.20:872][722]LogPlayLevel: PIE: World Init took: (0.000452s)
[2020.02.10-02.23.20:872][722]LogPlayLevel: PIE: Created PIE world by copying editor world from /Game/ThirdPersonCPP/Maps/step2.step2 to /Game/ThirdPersonCPP/Maps/UEDPIE_0_step2.step2 (0.002575s)
[2020.02.10-02.23.20:893][722]LogUObjectHash: Compacting FUObjectHashTables data took   0.93ms
[2020.02.10-02.23.20:898][722]LogInit: XAudio2 using 'Speakers(Realtek(R) Audio)' : 2 channels at 48 kHz using 32 bits per sample (channel mask 0x3)
[2020.02.10-02.23.20:908][722]LogInit: FAudioDevice initialized.
[2020.02.10-02.23.20:939][722]LogLoad: Game class is 'ABGameMode'
[2020.02.10-02.23.20:944][722]LogWorld: Bringing World /Game/ThirdPersonCPP/Maps/UEDPIE_0_step2.step2 up for play (max tick rate 60) at 2020.02.10-11.23.20
[2020.02.10-02.23.20:945][722]BookPractice: Warning: AFountain::PostInitializeComponents(72)
[2020.02.10-02.23.20:946][722]LogWorld: Bringing up level for play took: 0.003950
[2020.02.10-02.23.20:960][722]BookPractice: Warning: AABPlayerController::PostInitializeComponents(9)
[2020.02.10-02.23.20:961][722]BookPractice: Warning: AABGameMode::PostLogin(14)PostLogin Begin
[2020.02.10-02.23.20:962][722]BookPractice: Warning: AABPlayerController::OnPossess(13)
[2020.02.10-02.23.20:963][722]BookPractice: Warning: AABGameMode::PostLogin(16)PostLogin End
[2020.02.10-02.23.20:963][722]BookPractice: Warning: AFountain::BeginPlay(52)
[2020.02.10-02.23.20:963][722]BookPractice: Warning: AFountain::BeginPlay(53)ActorName : Fountain1, ID : 0, Location X : 100.000
[2020.02.10-02.23.20:964][722]PIE: /Game/ThirdPersonCPP/Maps/UEDPIE_0_step2 에 대한 에디터에서 플레이 시작 시간: -0.407
[2020.02.10-02.23.20:964][722]LogBlueprintUserMessages: Late PlayInEditor Detection: Level '/Game/ThirdPersonCPP/Maps/step2.step2:PersistentLevel' has LevelScriptBlueprint '/Game/ThirdPersonCPP/Maps/step2.step2:PersistentLevel.step2' with GeneratedClass '/Game/ThirdPersonCPP/Maps/step2.step2_C' with ClassGeneratedBy '/Game/ThirdPersonCPP/Maps/step2.step2:PersistentLevel.step2'
[2020.02.10-02.23.24:190][913]BookPractice: Warning: AABCharacter::AttackCheck(287)Hit Actor Name: ABCharacter_1
[2020.02.10-02.23.24:190][913]BookPractice: Warning: AABCharacter::TakeDamage(297)Actor : ABCharacter_1 took Damage : 50.000000
[2020.02.10-02.23.24:406][926]BookPractice: Warning: AABCharacter::PostInitializeComponents::<lambda_82f921fcacf014becd6108155e09a7a0>::operator ()(223)ONNextAttackCheck
[2020.02.10-02.23.25:957][ 19]BookPractice: Warning: AABCharacter::PostInitializeComponents::<lambda_82f921fcacf014becd6108155e09a7a0>::operator ()(223)ONNextAttackCheck
[2020.02.10-02.23.26:307][ 40]BookPractice: Warning: AABCharacter::PostInitializeComponents::<lambda_82f921fcacf014becd6108155e09a7a0>::operator ()(223)ONNextAttackCheck
[2020.02.10-02.23.26:925][ 77]BookPractice: Warning: AABCharacter::PostInitializeComponents::<lambda_82f921fcacf014becd6108155e09a7a0>::operator ()(223)ONNextAttackCheck
[2020.02.10-02.23.29:824][251]BookPractice: Warning: AABCharacter::PostInitializeComponents::<lambda_82f921fcacf014becd6108155e09a7a0>::operator ()(223)ONNextAttackCheck
[2020.02.10-02.23.30:174][272]BookPractice: Warning: AABCharacter::PostInitializeComponents::<lambda_82f921fcacf014becd6108155e09a7a0>::operator ()(223)ONNextAttackCheck
[2020.02.10-02.23.30:791][309]BookPractice: Warning: AABCharacter::PostInitializeComponents::<lambda_82f921fcacf014becd6108155e09a7a0>::operator ()(223)ONNextAttackCheck
[2020.02.10-02.23.33:241][456]BookPractice: Warning: AABCharacter::PostInitializeComponents::<lambda_82f921fcacf014becd6108155e09a7a0>::operator ()(223)ONNextAttackCheck
[2020.02.10-02.23.33:591][477]BookPractice: Warning: AABCharacter::PostInitializeComponents::<lambda_82f921fcacf014becd6108155e09a7a0>::operator ()(223)ONNextAttackCheck
[2020.02.10-02.23.34:207][514]BookPractice: Warning: AABCharacter::PostInitializeComponents::<lambda_82f921fcacf014becd6108155e09a7a0>::operator ()(223)ONNextAttackCheck
[2020.02.10-02.23.36:891][675]BookPractice: Warning: AABCharacter::PostInitializeComponents::<lambda_82f921fcacf014becd6108155e09a7a0>::operator ()(223)ONNextAttackCheck
[2020.02.10-02.23.37:241][696]BookPractice: Warning: AABCharacter::PostInitializeComponents::<lambda_82f921fcacf014becd6108155e09a7a0>::operator ()(223)ONNextAttackCheck
[2020.02.10-02.23.37:858][733]BookPractice: Warning: AABCharacter::PostInitializeComponents::<lambda_82f921fcacf014becd6108155e09a7a0>::operator ()(223)ONNextAttackCheck
[2020.02.10-02.23.40:308][880]BookPractice: Warning: AABCharacter::PostInitializeComponents::<lambda_82f921fcacf014becd6108155e09a7a0>::operator ()(223)ONNextAttackCheck
[2020.02.10-02.23.40:657][901]BookPractice: Warning: AABCharacter::PostInitializeComponents::<lambda_82f921fcacf014becd6108155e09a7a0>::operator ()(223)ONNextAttackCheck
[2020.02.10-02.23.41:275][938]BookPractice: Warning: AABCharacter::PostInitializeComponents::<lambda_82f921fcacf014becd6108155e09a7a0>::operator ()(223)ONNextAttackCheck
[2020.02.10-02.23.43:574][ 76]BookPractice: Warning: AABCharacter::PostInitializeComponents::<lambda_82f921fcacf014becd6108155e09a7a0>::operator ()(223)ONNextAttackCheck
[2020.02.10-02.23.43:924][ 97]BookPractice: Warning: AABCharacter::PostInitializeComponents::<lambda_82f921fcacf014becd6108155e09a7a0>::operator ()(223)ONNextAttackCheck
[2020.02.10-02.23.44:544][134]BookPractice: Warning: AABCharacter::PostInitializeComponents::<lambda_82f921fcacf014becd6108155e09a7a0>::operator ()(223)ONNextAttackCheck
[2020.02.10-02.23.52:242][596]LogBlueprintUserMessages: Early EndPlayMap Detection: Level '/Game/ThirdPersonCPP/Maps/step2.step2:PersistentLevel' has LevelScriptBlueprint '/Game/ThirdPersonCPP/Maps/step2.step2:PersistentLevel.step2' with GeneratedClass '/Game/ThirdPersonCPP/Maps/step2.step2_C' with ClassGeneratedBy '/Game/ThirdPersonCPP/Maps/step2.step2:PersistentLevel.step2'
[2020.02.10-02.23.52:243][596]LogSlate: Updating window title bar state: overlay mode, drag disabled, window buttons hidden, title bar hidden
[2020.02.10-02.23.52:243][596]BookPractice: Warning: AFountain::EndPlay(67)
[2020.02.10-02.23.52:274][596]LogPlayLevel: Display: Shutting down PIE online subsystems
[2020.02.10-02.23.52:274][596]LogBlueprintUserMessages: Late EndPlayMap Detection: Level '/Game/ThirdPersonCPP/Maps/step2.step2:PersistentLevel' has LevelScriptBlueprint '/Game/ThirdPersonCPP/Maps/step2.step2:PersistentLevel.step2' with GeneratedClass '/Game/ThirdPersonCPP/Maps/step2.step2_C' with ClassGeneratedBy '/Game/ThirdPersonCPP/Maps/step2.step2:PersistentLevel.step2'
[2020.02.10-02.23.52:318][596]LogSlate: Updating window title bar state: overlay mode, drag disabled, window buttons hidden, title bar hidden
[2020.02.10-02.23.52:321][596]LogUObjectHash: Compacting FUObjectHashTables data took   1.03ms
[2020.02.10-02.23.52:360][598]LogPlayLevel: Display: Destroying online subsystem :Context_11
[2020.02.10-02.24.39:566][428]LogSlate: FSceneViewport::OnFocusLost() reason 2
[2020.02.10-02.24.40:768][498]LogSlate: FSceneViewport::OnFocusLost() reason 2
[2020.02.10-02.24.40:819][498]LogSlate: FSceneViewport::OnFocusLost() reason 2
[2020.02.10-02.24.40:837][498]LogSlate: Took 0.006448 seconds to synchronously load lazily loaded font '../../../Engine/Content/Slate/Fonts/Roboto-BoldCondensed.ttf' (158K)
[2020.02.10-02.25.11:023][278]Candidate modules for hot reload:
[2020.02.10-02.25.11:023][278]  BookPractice
[2020.02.10-02.25.11:024][278]Launching UnrealBuildTool... [C:/Program Files/Epic Games/UE_4.22/Engine/Binaries/DotNET/UnrealBuildTool.exe  -ModuleWithSuffix=BookPractice,6481 Win64 Development -TargetType=Editor -Project="C:/Users/wonji/Desktop/UnrealProjects/UnrealBook/BookPractice/BookPractice.uproject" "C:/Users/wonji/Desktop/UnrealProjects/UnrealBook/BookPractice/BookPractice.uproject"  -IgnoreJunk]
[2020.02.10-02.25.20:038][278]CompilerResultsLog: New page: 컴파일 - 2020. 2. 10. 오후 8:25:20
[2020.02.10-02.25.20:038][278]CompilerResultsLog: Using 'git status' to determine working set for adaptive non-unity build (C:\Users\wonji\Desktop\UnrealProjects\UnrealBook).
[2020.02.10-02.25.20:038][278]CompilerResultsLog: Creating makefile for BookPracticeEditor (ini files are newer than makefile)
[2020.02.10-02.25.20:038][278]CompilerResultsLog: Parsing headers for BookPracticeEditor
[2020.02.10-02.25.20:038][278]CompilerResultsLog:   Running UnrealHeaderTool "C:\Users\wonji\Desktop\UnrealProjects\UnrealBook\BookPractice\BookPractice.uproject" "C:\Users\wonji\Desktop\UnrealProjects\UnrealBook\BookPractice\Intermediate\Build\Win64\BookPracticeEditor\Development\BookPracticeEditor.uhtmanifest" -LogCmds="loginit warning, logexit warning, logdatabase error" -Unattended -WarningsAsErrors -installed
[2020.02.10-02.25.20:038][278]CompilerResultsLog: Reflection code generated for BookPracticeEditor in 5.642919 seconds
[2020.02.10-02.25.20:038][278]CompilerResultsLog: Using Visual Studio 2019 14.24.28314 toolchain (C:\Program Files (x86)\Microsoft Visual Studio\2019\Community\VC\Tools\MSVC\14.24.28314) and Windows 10.0.18362.0 SDK (C:\Program Files (x86)\Windows Kits\10).
[2020.02.10-02.25.20:038][278]CompilerResultsLog: Building 6 actions with 12 processes...
[2020.02.10-02.25.20:038][278]CompilerResultsLog:   [1/6] BookPractice.init.gen.cpp
[2020.02.10-02.25.20:038][278]CompilerResultsLog:   [2/6] ABWeapon.cpp
[2020.02.10-02.25.20:038][278]CompilerResultsLog:   [3/6] ABWeapon.gen.cpp
[2020.02.10-02.25.20:038][278]CompilerResultsLog:   [4/6] UE4Editor-BookPractice-6481.lib
[2020.02.10-02.25.20:038][278]CompilerResultsLog:      C:\Users\wonji\Desktop\UnrealProjects\UnrealBook\BookPractice\Intermediate\Build\Win64\UE4Editor\Development\BookPractice\UE4Editor-BookPractice-6481.lib ???̺귯?? ?? C:\Users\wonji\Desktop\UnrealProjects\UnrealBook\BookPractice\Intermediate\Build\Win64\UE4Editor\Development\BookPractice\UE4Editor-BookPractice-6481.exp ??ü?? ?????ϰ? ?ֽ??ϴ?.
[2020.02.10-02.25.20:038][278]CompilerResultsLog:   [5/6] UE4Editor-BookPractice-6481.dll
[2020.02.10-02.25.20:038][278]CompilerResultsLog:      C:\Users\wonji\Desktop\UnrealProjects\UnrealBook\BookPractice\Intermediate\Build\Win64\UE4Editor\Development\BookPractice\UE4Editor-BookPractice-6481.suppressed.lib ???̺귯?? ?? C:\Users\wonji\Desktop\UnrealProjects\UnrealBook\BookPractice\Intermediate\Build\Win64\UE4Editor\Development\BookPractice\UE4Editor-BookPractice-6481.suppressed.exp ??ü?? ?????ϰ? ?ֽ??ϴ?.
[2020.02.10-02.25.20:038][278]CompilerResultsLog:   [6/6] BookPracticeEditor.target
[2020.02.10-02.25.20:038][278]CompilerResultsLog: Total time in Parallel executor: 1.51 seconds
[2020.02.10-02.25.20:038][278]CompilerResultsLog: Total execution time: 8.94 seconds
[2020.02.10-02.25.20:038][278]LogMainFrame: MainFrame: Module compiling took 9.020 seconds
[2020.02.10-02.25.20:066][278]LogUObjectHash: Compacting FUObjectHashTables data took   0.62ms
[2020.02.10-02.25.20:090][278]LogClass: Could not find existing class ABWeapon in package /Script/BookPractice for HotReload, assuming new class
[2020.02.10-02.25.20:098][278]LogHotReload: Re-instancing ABCharacter after hot-reload.
[2020.02.10-02.25.20:193][278]LogContentBrowser: Native class hierarchy updated for 'BookPractice' in 0.0003 seconds. Added 9 classes and 2 folders.
[2020.02.10-02.25.20:195][278]Display: HotReload successful (3 functions remapped  0 scriptstructs remapped)
[2020.02.10-02.25.20:244][278]LogUObjectHash: Compacting FUObjectHashTables data took   1.13ms
[2020.02.10-02.25.20:256][278]LogContentBrowser: Native class hierarchy populated in 0.0085 seconds. Added 2743 classes and 665 folders.
[2020.02.10-02.25.20:256][278]Display: HotReload took  9.3s.
[2020.02.10-02.25.20:257][278]Warning: HotReload operation took  9.3s.
[2020.02.10-02.25.20:942][278]LogVSAccessor: Warning: Couldn't goto column number '1' of line '1' in 'C:/Users/wonji/Desktop/UnrealProjects/UnrealBook/BookPractice/Source/BookPractice/ABWeapon.h'
[2020.02.10-02.25.21:111][278]LogVSAccessor: Warning: Couldn't goto line number '1' in 'C:/Users/wonji/Desktop/UnrealProjects/UnrealBook/BookPractice/Source/BookPractice/ABWeapon.cpp'
[2020.02.10-02.25.21:116][278]LogSlate: Window 'C++ 클래스 추가' being destroyed
[2020.02.10-02.25.21:121][278]LogHotReload: New module detected: UE4Editor-BookPractice-6481.dll
[2020.02.10-02.25.21:137][278]LogSlate: FSceneViewport::OnFocusLost() reason 2
[2020.02.10-02.25.21:165][279]LogHotReload: Starting Hot-Reload from IDE
[2020.02.10-02.25.21:219][279]LogUObjectHash: Compacting FUObjectHashTables data took   0.56ms
[2020.02.10-02.25.21:221][279]LogContentBrowser: Native class hierarchy updated for 'BookPractice' in 0.0004 seconds. Added 9 classes and 2 folders.
[2020.02.10-02.25.21:224][279]Display: HotReload successful (0 functions remapped  0 scriptstructs remapped)
[2020.02.10-02.25.21:248][279]LogUObjectHash: Compacting FUObjectHashTables data took   0.53ms
[2020.02.10-02.25.21:259][279]LogContentBrowser: Native class hierarchy populated in 0.0080 seconds. Added 2743 classes and 665 folders.
[2020.02.10-02.25.21:261][279]Display: HotReload took  0.1s.
[2020.02.10-02.30.37:788][663]LogSlate: FSceneViewport::OnFocusLost() reason 0
[2020.02.10-02.30.38:042][663]Candidate modules for hot reload:
[2020.02.10-02.30.38:042][663]  BookPractice
[2020.02.10-02.30.38:042][663]Launching UnrealBuildTool... [C:/Program Files/Epic Games/UE_4.22/Engine/Binaries/DotNET/UnrealBuildTool.exe  -ModuleWithSuffix=BookPractice,8484 Win64 Development -TargetType=Editor -Project="C:/Users/wonji/Desktop/UnrealProjects/UnrealBook/BookPractice/BookPractice.uproject" "C:/Users/wonji/Desktop/UnrealProjects/UnrealBook/BookPractice/BookPractice.uproject"  -IgnoreJunk]
[2020.02.10-02.30.38:043][663]Warning: Starting HotReload took  0.0s.
[2020.02.10-02.30.47:674][236]CompilerResultsLog: New page: 컴파일 - 2020. 2. 10. 오후 8:30:47
[2020.02.10-02.30.47:674][236]CompilerResultsLog: Using 'git status' to determine working set for adaptive non-unity build (C:\Users\wonji\Desktop\UnrealProjects\UnrealBook).
[2020.02.10-02.30.47:674][236]CompilerResultsLog: Parsing headers for BookPracticeEditor
[2020.02.10-02.30.47:674][236]CompilerResultsLog:   Running UnrealHeaderTool "C:\Users\wonji\Desktop\UnrealProjects\UnrealBook\BookPractice\BookPractice.uproject" "C:\Users\wonji\Desktop\UnrealProjects\UnrealBook\BookPractice\Intermediate\Build\Win64\BookPracticeEditor\Development\BookPracticeEditor.uhtmanifest" -LogCmds="loginit warning, logexit warning, logdatabase error" -Unattended -WarningsAsErrors -installed
[2020.02.10-02.30.47:674][236]CompilerResultsLog: Reflection code generated for BookPracticeEditor in 5.3594107 seconds
[2020.02.10-02.30.47:674][236]CompilerResultsLog: Using Visual Studio 2019 14.24.28314 toolchain (C:\Program Files (x86)\Microsoft Visual Studio\2019\Community\VC\Tools\MSVC\14.24.28314) and Windows 10.0.18362.0 SDK (C:\Program Files (x86)\Windows Kits\10).
[2020.02.10-02.30.47:674][236]CompilerResultsLog: Building 6 actions with 12 processes...
[2020.02.10-02.30.47:674][236]CompilerResultsLog:   [1/6] BookPractice.init.gen.cpp
[2020.02.10-02.30.47:674][236]CompilerResultsLog:   [2/6] ABWeapon.cpp
[2020.02.10-02.30.47:674][236]CompilerResultsLog:   [3/6] ABWeapon.gen.cpp
[2020.02.10-02.30.47:674][236]CompilerResultsLog:   [4/6] UE4Editor-BookPractice-8484.lib
[2020.02.10-02.30.47:674][236]CompilerResultsLog:      C:\Users\wonji\Desktop\UnrealProjects\UnrealBook\BookPractice\Intermediate\Build\Win64\UE4Editor\Development\BookPractice\UE4Editor-BookPractice-8484.lib ???̺귯?? ?? C:\Users\wonji\Desktop\UnrealProjects\UnrealBook\BookPractice\Intermediate\Build\Win64\UE4Editor\Development\BookPractice\UE4Editor-BookPractice-8484.exp ??ü?? ?????ϰ? ?ֽ??ϴ?.
[2020.02.10-02.30.47:674][236]CompilerResultsLog:   [5/6] UE4Editor-BookPractice-8484.dll
[2020.02.10-02.30.47:674][236]CompilerResultsLog:      C:\Users\wonji\Desktop\UnrealProjects\UnrealBook\BookPractice\Intermediate\Build\Win64\UE4Editor\Development\BookPractice\UE4Editor-BookPractice-8484.suppressed.lib ???̺귯?? ?? C:\Users\wonji\Desktop\UnrealProjects\UnrealBook\BookPractice\Intermediate\Build\Win64\UE4Editor\Development\BookPractice\UE4Editor-BookPractice-8484.suppressed.exp ??ü?? ?????ϰ? ?ֽ??ϴ?.
[2020.02.10-02.30.47:674][236]CompilerResultsLog:   [6/6] BookPracticeEditor.target
[2020.02.10-02.30.47:674][236]CompilerResultsLog: Total time in Parallel executor: 3.24 seconds
[2020.02.10-02.30.47:674][236]CompilerResultsLog: Total execution time: 9.54 seconds
[2020.02.10-02.30.47:674][236]LogMainFrame: MainFrame: Module compiling took 9.634 seconds
[2020.02.10-02.30.47:702][236]LogUObjectHash: Compacting FUObjectHashTables data took   1.28ms
[2020.02.10-02.30.47:728][236]LogClass: Could not find existing class ABWeapon in package /Script/BookPractice for HotReload, assuming new class
[2020.02.10-02.30.47:733][236]LogHotReload: Re-instancing ABCharacter after hot-reload.
[2020.02.10-02.30.47:799][236]LogHotReload: Re-instancing ABWeapon after hot-reload.
[2020.02.10-02.30.47:920][236]LogContentBrowser: Native class hierarchy updated for 'BookPractice' in 0.0004 seconds. Added 9 classes and 2 folders.
[2020.02.10-02.30.47:922][236]Display: HotReload successful (3 functions remapped  0 scriptstructs remapped)
[2020.02.10-02.30.47:966][236]LogUObjectHash: Compacting FUObjectHashTables data took   1.02ms
[2020.02.10-02.30.47:976][236]LogContentBrowser: Native class hierarchy populated in 0.0069 seconds. Added 2743 classes and 665 folders.
[2020.02.10-02.30.47:976][236]Display: HotReload took  9.9s.
[2020.02.10-02.40.58:662][696]Candidate modules for hot reload:
[2020.02.10-02.40.58:662][696]  BookPractice
[2020.02.10-02.40.58:662][696]Launching UnrealBuildTool... [C:/Program Files/Epic Games/UE_4.22/Engine/Binaries/DotNET/UnrealBuildTool.exe  -ModuleWithSuffix=BookPractice,7338 Win64 Development -TargetType=Editor -Project="C:/Users/wonji/Desktop/UnrealProjects/UnrealBook/BookPractice/BookPractice.uproject" "C:/Users/wonji/Desktop/UnrealProjects/UnrealBook/BookPractice/BookPractice.uproject"  -IgnoreJunk]
[2020.02.10-02.40.58:664][696]Warning: Starting HotReload took  0.0s.
[2020.02.10-02.41.08:685][292]CompilerResultsLog: New page: 컴파일 - 2020. 2. 10. 오후 8:41:08
[2020.02.10-02.41.08:685][292]CompilerResultsLog: Using 'git status' to determine working set for adaptive non-unity build (C:\Users\wonji\Desktop\UnrealProjects\UnrealBook).
[2020.02.10-02.41.08:685][292]CompilerResultsLog: Parsing headers for BookPracticeEditor
[2020.02.10-02.41.08:685][292]CompilerResultsLog:   Running UnrealHeaderTool "C:\Users\wonji\Desktop\UnrealProjects\UnrealBook\BookPractice\BookPractice.uproject" "C:\Users\wonji\Desktop\UnrealProjects\UnrealBook\BookPractice\Intermediate\Build\Win64\BookPracticeEditor\Development\BookPracticeEditor.uhtmanifest" -LogCmds="loginit warning, logexit warning, logdatabase error" -Unattended -WarningsAsErrors -installed
[2020.02.10-02.41.08:685][292]CompilerResultsLog: Reflection code generated for BookPracticeEditor in 5.7210151 seconds
[2020.02.10-02.41.08:685][292]CompilerResultsLog: Using Visual Studio 2019 14.24.28314 toolchain (C:\Program Files (x86)\Microsoft Visual Studio\2019\Community\VC\Tools\MSVC\14.24.28314) and Windows 10.0.18362.0 SDK (C:\Program Files (x86)\Windows Kits\10).
[2020.02.10-02.41.08:685][292]CompilerResultsLog: Building 4 actions with 12 processes...
[2020.02.10-02.41.08:685][292]CompilerResultsLog:   [1/4] ABCharacter.cpp
[2020.02.10-02.41.08:685][292]CompilerResultsLog:   [2/4] UE4Editor-BookPractice-7338.lib
[2020.02.10-02.41.08:685][292]CompilerResultsLog:      C:\Users\wonji\Desktop\UnrealProjects\UnrealBook\BookPractice\Intermediate\Build\Win64\UE4Editor\Development\BookPractice\UE4Editor-BookPractice-7338.lib ???̺귯?? ?? C:\Users\wonji\Desktop\UnrealProjects\UnrealBook\BookPractice\Intermediate\Build\Win64\UE4Editor\Development\BookPractice\UE4Editor-BookPractice-7338.exp ??ü?? ?????ϰ? ?ֽ??ϴ?.
[2020.02.10-02.41.08:685][292]CompilerResultsLog:   [3/4] UE4Editor-BookPractice-7338.dll
[2020.02.10-02.41.08:685][292]CompilerResultsLog:      C:\Users\wonji\Desktop\UnrealProjects\UnrealBook\BookPractice\Intermediate\Build\Win64\UE4Editor\Development\BookPractice\UE4Editor-BookPractice-7338.suppressed.lib ???̺귯?? ?? C:\Users\wonji\Desktop\UnrealProjects\UnrealBook\BookPractice\Intermediate\Build\Win64\UE4Editor\Development\BookPractice\UE4Editor-BookPractice-7338.suppressed.exp ??ü?? ?????ϰ? ?ֽ??ϴ?.
[2020.02.10-02.41.08:685][292]CompilerResultsLog:   [4/4] BookPracticeEditor.target
[2020.02.10-02.41.08:685][292]CompilerResultsLog: Total time in Parallel executor: 3.31 seconds
[2020.02.10-02.41.08:685][292]CompilerResultsLog: Total execution time: 9.94 seconds
[2020.02.10-02.41.08:686][292]LogMainFrame: MainFrame: Module compiling took 10.026 seconds
[2020.02.10-02.41.08:715][292]LogUObjectHash: Compacting FUObjectHashTables data took   1.40ms
[2020.02.10-02.41.19:764][292]LogWindows: Error: === Critical error: ===
[2020.02.10-02.41.19:764][292]LogWindows: Error: 
[2020.02.10-02.41.19:764][292]LogWindows: Error: Fatal error!
[2020.02.10-02.41.19:764][292]LogWindows: Error: 
[2020.02.10-02.41.19:764][292]LogWindows: Error: Unhandled Exception: EXCEPTION_ACCESS_VIOLATION reading address 0x000001a0
[2020.02.10-02.41.19:764][292]LogWindows: Error: 
[2020.02.10-02.41.19:764][292]LogWindows: Error: [Callstack] 0x00007ffc75de2b64 UE4Editor-Engine.dll!UWorld::SpawnActor() [d:\build\++ue4\sync\engine\source\runtime\engine\private\levelactor.cpp:313]
[2020.02.10-02.41.19:764][292]LogWindows: Error: [Callstack] 0x00007ffc75de42e7 UE4Editor-Engine.dll!UWorld::SpawnActor() [d:\build\++ue4\sync\engine\source\runtime\engine\private\levelactor.cpp:302]
[2020.02.10-02.41.19:764][292]LogWindows: Error: [Callstack] 0x00007ffca7fd60c4 UE4Editor-BookPractice-7338.dll!AABCharacter::AABCharacter() [C:\Users\wonji\Desktop\UnrealProjects\UnrealBook\BookPractice\Source\BookPractice\ABCharacter.cpp:46]
[2020.02.10-02.41.19:764][292]LogWindows: Error: [Callstack] 0x00007ffc667f4561 UE4Editor-HotReload.dll!FHotReloadClassReinstancer::RecreateCDOAndSetupOldClassReinstancing() [d:\build\++ue4\sync\engine\source\developer\hotreload\private\hotreloadclassreinstancer.cpp:247]
[2020.02.10-02.41.19:764][292]LogWindows: Error: [Callstack] 0x00007ffc667e5e69 UE4Editor-HotReload.dll!FHotReloadClassReinstancer::FHotReloadClassReinstancer() [d:\build\++ue4\sync\engine\source\developer\hotreload\private\hotreloadclassreinstancer.cpp:322]
[2020.02.10-02.41.19:764][292]LogWindows: Error: [Callstack] 0x00007ffc667ecebd UE4Editor-HotReload.dll!FHotReloadClassReinstancer::Create() [d:\build\++ue4\sync\engine\source\developer\hotreload\private\hotreloadclassreinstancer.h:120]
[2020.02.10-02.41.19:764][292]LogWindows: Error: [Callstack] 0x00007ffc667f6c70 UE4Editor-HotReload.dll!FHotReloadModule::ReinstanceClass() [d:\build\++ue4\sync\engine\source\developer\hotreload\private\hotreload.cpp:1271]
[2020.02.10-02.41.19:764][292]LogWindows: Error: [Callstack] 0x00007ffc667f6f04 UE4Editor-HotReload.dll!FHotReloadModule::ReinstanceClasses() [d:\build\++ue4\sync\engine\source\developer\hotreload\private\hotreload.cpp:1261]
[2020.02.10-02.41.19:764][292]LogWindows: Error: [Callstack] 0x00007ffc667efcf6 UE4Editor-HotReload.dll!TBaseRawMethodDelegateInstance<0,FHotReloadModule,void __cdecl(void)>::ExecuteIfSafe() [d:\build\++ue4\sync\engine\source\runtime\core\public\delegates\delegateinstancesimpl.h:518]
[2020.02.10-02.41.19:764][292]LogWindows: Error: [Callstack] 0x00007ffc83c1e23b UE4Editor-CoreUObject.dll!TBaseMulticastDelegate<void>::Broadcast() [d:\build\++ue4\sync\engine\source\runtime\core\public\delegates\delegatesignatureimpl.inl:977]
[2020.02.10-02.41.19:764][292]LogWindows: Error: [Callstack] 0x00007ffc83ee00d7 UE4Editor-CoreUObject.dll!UClassReplaceHotReloadClasses() [d:\build\++ue4\sync\engine\source\runtime\coreuobject\private\uobject\uobjectbase.cpp:748]
[2020.02.10-02.41.19:764][292]LogWindows: Error: [Callstack] 0x00007ffc83ecedf6 UE4Editor-CoreUObject.dll!ProcessNewlyLoadedUObjects() [d:\build\++ue4\sync\engine\source\runtime\coreuobject\private\uobject\uobjectbase.cpp:874]
[2020.02.10-02.41.19:764][292]LogWindows: Error: [Callstack] 0x00007ffc83caa727 UE4Editor-CoreUObject.dll!TBaseStaticDelegateInstance<void __cdecl(void)>::ExecuteIfSafe() [d:\build\++ue4\sync\engine\source\runtime\core\public\delegates\delegateinstancesimpl.h:813]
[2020.02.10-02.41.19:764][292]LogWindows: Error: [Callstack] 0x00007ffc81904a2b UE4Editor-Core.dll!TBaseMulticastDelegate<void>::Broadcast() [d:\build\++ue4\sync\engine\source\runtime\core\public\delegates\delegatesignatureimpl.inl:977]
[2020.02.10-02.41.19:764][292]LogWindows: Error: [Callstack] 0x00007ffc81ad5cb5 UE4Editor-Core.dll!FModuleManager::LoadModuleWithFailureReason() [d:\build\++ue4\sync\engine\source\runtime\core\private\modules\modulemanager.cpp:530]
[2020.02.10-02.41.19:764][292]LogWindows: Error: [Callstack] 0x00007ffc81ad5053 UE4Editor-Core.dll!FModuleManager::LoadModule() [d:\build\++ue4\sync\engine\source\runtime\core\private\modules\modulemanager.cpp:367]
[2020.02.10-02.41.19:764][292]LogWindows: Error: [Callstack] 0x00007ffc667edf69 UE4Editor-HotReload.dll!FHotReloadModule::DoHotReloadInternal() [d:\build\++ue4\sync\engine\source\developer\hotreload\private\hotreload.cpp:803]
[2020.02.10-02.41.19:764][292]LogWindows: Error: [Callstack] 0x00007ffc667ebe47 UE4Editor-HotReload.dll!UE4Function_Private::TFunctionRefCaller<<lambda_9c48366a887b61ded2fa445a677e9fc1>,void __cdecl(TMap<FName,FString,FDefaultSetAllocator,TDefaultMapHashableKeyFuncs<FName,FString,0> > const &,bool,enum ECompilationResult::Type)>::Call() [d:\build\++ue4\sync\engine\source\runtime\core\public\templates\function.h:487]
[2020.02.10-02.41.19:764][292]LogWindows: Error: [Callstack] 0x00007ffc667ec6bf UE4Editor-HotReload.dll!FHotReloadModule::CheckForFinishedModuleDLLCompile() [d:\build\++ue4\sync\engine\source\developer\hotreload\private\hotreload.cpp:1873]
[2020.02.10-02.41.19:764][292]LogWindows: Error: [Callstack] 0x00007ffc667fc5a5 UE4Editor-HotReload.dll!FHotReloadModule::Tick() [d:\build\++ue4\sync\engine\source\developer\hotreload\private\hotreload.cpp:1432]
[2020.02.10-02.41.19:764][292]LogWindows: Error: [Callstack] 0x00007ffc818a08ba UE4Editor-Core.dll!FTicker::Tick() [d:\build\++ue4\sync\engine\source\runtime\core\private\containers\ticker.cpp:95]
[2020.02.10-02.41.19:764][292]LogWindows: Error: [Callstack] 0x00007ff6915e92d2 UE4Editor.exe!FEngineLoop::Tick() [d:\build\++ue4\sync\engine\source\runtime\launch\private\launchengineloop.cpp:4167]
[2020.02.10-02.41.19:764][292]LogWindows: Error: [Callstack] 0x00007ff6915f554c UE4Editor.exe!GuardedMain() [d:\build\++ue4\sync\engine\source\runtime\launch\private\launch.cpp:168]
[2020.02.10-02.41.19:764][292]LogWindows: Error: [Callstack] 0x00007ff6915f55ca UE4Editor.exe!GuardedMainWrapper() [d:\build\++ue4\sync\engine\source\runtime\launch\private\windows\launchwindows.cpp:145]
[2020.02.10-02.41.19:764][292]LogWindows: Error: [Callstack] 0x00007ff69160316c UE4Editor.exe!WinMain() [d:\build\++ue4\sync\engine\source\runtime\launch\private\windows\launchwindows.cpp:275]
[2020.02.10-02.41.19:764][292]LogWindows: Error: [Callstack] 0x00007ff691605b8e UE4Editor.exe!__scrt_common_main_seh() [d:\agent\_work\3\s\src\vctools\crt\vcstartup\src\startup\exe_common.inl:288]
[2020.02.10-02.41.19:764][292]LogWindows: Error: [Callstack] 0x00007ffccfd07bd4 KERNEL32.DLL!UnknownFunction []
[2020.02.10-02.41.19:764][292]LogWindows: Error: [Callstack] 0x00007ffcd170ced1 ntdll.dll!UnknownFunction []
[2020.02.10-02.41.19:764][292]LogWindows: Error: 
[2020.02.10-02.41.19:781][292]LogExit: Executing StaticShutdownAfterError
[2020.02.10-02.41.19:801][292]LogWindows: FPlatformMisc::RequestExit(1)
[2020.02.10-02.41.19:811][292]Log file closed, 02/10/20 11:41:19
